 line   address	contents
    1                      ; Linked by DLX-LD.
    2                      ; MemSize 24576
    3                      ; Data size: 182
    4                      ; Text size: 4404
    5                      ; Stack size: 8192
    6  00000000          	.text 0x1000
    7  00001000          	.data 0x3000
    8                      ; Compiled by GCC
    9  00003000          	.text
   10  00001000          	.align 2
   11  00001000          	.proc _isspace
   12  00001000          	.global _isspace
   13  00001000          	_isspace:
   14                      ;  Function 'isspace'; 0 bytes of locals, 1 regs to save.
   15  00001000  afbefffc	sw	-4(r29),r30; push fp
   16  00001004  001df020	add	r30,r0,r29; fp = sp
   17  00001008  afbffff8	sw	-8(r29),r31; push ret addr
   18  0000100c  2fbd0010	subui	r29,r29,#16; alloc local storage
   19  00001010  afa20000	sw	0(r29),r2
   20  00001014  83c20003	lb	r2,3(r30)
   21  00001018  201f0000	addi	r31,r0,#0
   22  0000101c  304100ff	andi	r1,r2,#0x00ff
   23  00001020  60210020	seqi	r1,r1,#32
   24  00001024  14200018	bnez	r1,L6_LF0
   25  00001028  54000000	nop; not filled.
   26  0000102c  2041fff7	addi	r1,r2,#-9
   27  00001030  302100ff	andi	r1,r1,#0x00ff
   28  00001034  70210001	sleui	r1,r1,#1
   29  00001038  10200008	beqz	r1,L5_LF0
   30  0000103c  54000000	nop; not filled.
   31  00001040          	L6_LF0:
   32  00001040  201f0001	addi	r31,r0,#1
   33  00001044          	L5_LF0:
   34  00001044  001f0820	add	r1,r0,r31
   35  00001048  8fa20000	lw	r2,0(r29)
   36  0000104c  8fdffff8	lw	r31,-8(r30)
   37  00001050  001ee820	add	r29,r0,r30
   38  00001054  8fdefffc	lw	r30,-4(r30)
   39  00001058  4be00000	jr	r31
   40  0000105c  54000000	nop
   41  00001060          	.endproc _isspace
   42  00001060          	.align 2
   43  00001060          	.proc _isxdigit
   44  00001060          	.global _isxdigit
   45  00001060          	_isxdigit:
   46                      ;  Function 'isxdigit'; 0 bytes of locals, 1 regs to save.
   47  00001060  afbefffc	sw	-4(r29),r30; push fp
   48  00001064  001df020	add	r30,r0,r29; fp = sp
   49  00001068  afbffff8	sw	-8(r29),r31; push ret addr
   50  0000106c  2fbd0010	subui	r29,r29,#16; alloc local storage
   51  00001070  afa20000	sw	0(r29),r2
   52  00001074  83df0003	lb	r31,3(r30)
   53  00001078  20020000	addi	r2,r0,#0
   54  0000107c  23e1ffd0	addi	r1,r31,#-48
   55  00001080  302100ff	andi	r1,r1,#0x00ff
   56  00001084  70210009	sleui	r1,r1,#9
   57  00001088  14200028	bnez	r1,L12_LF0
   58  0000108c  54000000	nop; not filled.
   59  00001090  23e1ff9f	addi	r1,r31,#-97
   60  00001094  302100ff	andi	r1,r1,#0x00ff
   61  00001098  70210005	sleui	r1,r1,#5
   62  0000109c  14200014	bnez	r1,L12_LF0
   63  000010a0  54000000	nop; not filled.
   64  000010a4  33e100ff	andi	r1,r31,#0x00ff
   65  000010a8  64210041	snei	r1,r1,#65
   66  000010ac  14200008	bnez	r1,L11_LF0
   67  000010b0  54000000	nop; not filled.
   68  000010b4          	L12_LF0:
   69  000010b4  20020001	addi	r2,r0,#1
   70  000010b8          	L11_LF0:
   71  000010b8  00020820	add	r1,r0,r2
   72  000010bc  8fa20000	lw	r2,0(r29)
   73  000010c0  8fdffff8	lw	r31,-8(r30)
   74  000010c4  001ee820	add	r29,r0,r30
   75  000010c8  8fdefffc	lw	r30,-4(r30)
   76  000010cc  4be00000	jr	r31
   77  000010d0  54000000	nop
   78  000010d4          	.endproc _isxdigit
   79  000010d4          	.data
   80  00003000          	.align 2
   81  00003000          	LC0_LF0:
   82  00003000  55736167	.ascii "Usage: \000"
   82  00003004  653a2000	
   83  00003008          	.align 2
   84  00003008          	LC1_LF0:
   85  00003008  203c6861	.ascii " <handle_to_shared_memory_page> <handle_to_page_mapped_semaphore>\n\000"
   85  0000300c  6e646c65	
   85  00003010  5f746f5f	
   85  00003014  73686172	
   85  00003018  65645f6d	
   85  0000301c  656d6f72	
   85  00003020  795f7061	
   85  00003024  67653e20	
   85  00003028  3c68616e	
   85  0000302c  646c655f	
   85  00003030  746f5f70	
   85  00003034  6167655f	
   85  00003038  6d617070	
   85  0000303c  65645f73	
   85  00003040  656d6170	
   85  00003044  686f7265	
   85  00003048  3e0a00  	
   86  0000304b          	.align 2
   87  0000304c          	LC2_LF0:
   88  0000304c  534f3420	.ascii "SO4 injected into Radeon atmosphere, PID: %d\n\000"
   88  00003050  696e6a65	
   88  00003054  63746564	
   88  00003058  20696e74	
   88  0000305c  6f205261	
   88  00003060  64656f6e	
   88  00003064  2061746d	
   88  00003068  6f737068	
   88  0000306c  6572652c	
   88  00003070  20504944	
   88  00003074  3a202564	
   88  00003078  0a00    	
   89  0000307a          	.align 2
   90  0000307c          	LC3_LF0:
   91  0000307c  42616420	.ascii "Bad semaphore s_procs_completed (%d) in \000"
   91  00003080  73656d61	
   91  00003084  70686f72	
   91  00003088  6520735f	
   91  0000308c  70726f63	
   91  00003090  735f636f	
   91  00003094  6d706c65	
   91  00003098  74656420	
   91  0000309c  28256429	
   91  000030a0  20696e20	
   91  000030a4  00      	
   92  000030a5          	.align 2
   93  000030a8          	LC4_LF0:
   94  000030a8  2c206578	.ascii ", exiting...\n\000"
   94  000030ac  6974696e	
   94  000030b0  672e2e2e	
   94  000030b4  0a00    	
   95  000030b6          	.text
   96  000010d4          	.align 2
   97  000010d4          	.proc _main
   98  000010d4          	.global _main
   99  000010d4          	_main:
  100                      ;  Function 'main'; 0 bytes of locals, 0 regs to save.
  101  000010d4  afbefffc	sw	-4(r29),r30; push fp
  102  000010d8  001df020	add	r30,r0,r29; fp = sp
  103  000010dc  afbffff8	sw	-8(r29),r31; push ret addr
  104  000010e0  2fbd0008	subui	r29,r29,#8; alloc local storage
  105  000010e4  8fc20000	lw	r2,(r30)
  106  000010e8  8fc50004	lw	r5,4(r30)
  107  000010ec  0c00103c	jal	___main
  108  000010f0  54000000	nop; not filled.
  109  000010f4  64410004	snei	r1,r2,#4
  110  000010f8  1020004c	beqz	r1,L14_LF0
  111  000010fc  54000000	nop; not filled.
  112  00001100  23bdfff8	addi	r29,r29,#-8
  113  00001104  3c070000	lhi	r7,((LC0_LF0)>>16)&0xffff
  114  00001108  24e73000	addui	r7,r7,(LC0_LF0)&0xffff
  115  0000110c  afa70000	sw	(r29),r7
  116  00001110  0c000210	jal	_Printf
  117  00001114  54000000	nop; not filled.
  118  00001118  8ca70000	lw	r7,(r5)
  119  0000111c  afa70000	sw	(r29),r7
  120  00001120  0c000200	jal	_Printf
  121  00001124  54000000	nop; not filled.
  122  00001128  3c070000	lhi	r7,((LC1_LF0)>>16)&0xffff
  123  0000112c  24e73008	addui	r7,r7,(LC1_LF0)&0xffff
  124  00001130  afa70000	sw	(r29),r7
  125  00001134  0c0001ec	jal	_Printf
  126  00001138  54000000	nop; not filled.
  127  0000113c  0c000298	jal	_Exit
  128  00001140  54000000	nop; not filled.
  129  00001144  23bd0008	addi	r29,r29,#8
  130  00001148          	L14_LF0:
  131  00001148  23bdfff0	addi	r29,r29,#-16
  132  0000114c  8ca70004	lw	r7,4(r5)
  133  00001150  afa70000	sw	(r29),r7
  134  00001154  20070000	addi	r7,r0,#0
  135  00001158  afa70004	sw	4(r29),r7
  136  0000115c  2007000a	addi	r7,r0,#10
  137  00001160  afa70008	sw	8(r29),r7
  138  00001164  0c000b1c	jal	_dstrtol
  139  00001168  54000000	nop; not filled.
  140  0000116c  00012020	add	r4,r0,r1
  141  00001170  8ca70008	lw	r7,8(r5)
  142  00001174  afa70000	sw	(r29),r7
  143  00001178  20070000	addi	r7,r0,#0
  144  0000117c  afa70004	sw	4(r29),r7
  145  00001180  2007000a	addi	r7,r0,#10
  146  00001184  afa70008	sw	8(r29),r7
  147  00001188  0c000af8	jal	_dstrtol
  148  0000118c  54000000	nop; not filled.
  149  00001190  00011820	add	r3,r0,r1
  150  00001194  8ca7000c	lw	r7,12(r5)
  151  00001198  afa70000	sw	(r29),r7
  152  0000119c  20070000	addi	r7,r0,#0
  153  000011a0  afa70004	sw	4(r29),r7
  154  000011a4  2007000a	addi	r7,r0,#10
  155  000011a8  afa70008	sw	8(r29),r7
  156  000011ac  0c000ad4	jal	_dstrtol
  157  000011b0  54000000	nop; not filled.
  158  000011b4  00013020	add	r6,r0,r1
  159  000011b8  20020000	addi	r2,r0,#0
  160  000011bc  23bd0010	addi	r29,r29,#16
  161  000011c0  0043082a	slt	r1,r2,r3
  162  000011c4  102000a0	beqz	r1,L16_LF0
  163  000011c8  54000000	nop; not filled.
  164  000011cc          	L18_LF0:
  165  000011cc  0c000160	jal	_getpid
  166  000011d0  54000000	nop; not filled.
  167  000011d4  23bdfff8	addi	r29,r29,#-8
  168  000011d8  3c070000	lhi	r7,((LC2_LF0)>>16)&0xffff
  169  000011dc  24e7304c	addui	r7,r7,(LC2_LF0)&0xffff
  170  000011e0  afa70000	sw	(r29),r7
  171  000011e4  afa10004	sw	4(r29),r1
  172  000011e8  0c000138	jal	_Printf
  173  000011ec  54000000	nop; not filled.
  174  000011f0  afa60000	sw	(r29),r6
  175  000011f4  0c000180	jal	_sem_signal
  176  000011f8  54000000	nop; not filled.
  177  000011fc  23bd0008	addi	r29,r29,#8
  178  00001200  64210001	snei	r1,r1,#1
  179  00001204  10200050	beqz	r1,L17_LF0
  180  00001208  54000000	nop; not filled.
  181  0000120c  23bdfff8	addi	r29,r29,#-8
  182  00001210  3c070000	lhi	r7,((LC3_LF0)>>16)&0xffff
  183  00001214  24e7307c	addui	r7,r7,(LC3_LF0)&0xffff
  184  00001218  afa70000	sw	(r29),r7
  185  0000121c  afa40004	sw	4(r29),r4
  186  00001220  0c000100	jal	_Printf
  187  00001224  54000000	nop; not filled.
  188  00001228  8ca70000	lw	r7,(r5)
  189  0000122c  afa70000	sw	(r29),r7
  190  00001230  0c0000f0	jal	_Printf
  191  00001234  54000000	nop; not filled.
  192  00001238  3c070000	lhi	r7,((LC4_LF0)>>16)&0xffff
  193  0000123c  24e730a8	addui	r7,r7,(LC4_LF0)&0xffff
  194  00001240  afa70000	sw	(r29),r7
  195  00001244  0c0000dc	jal	_Printf
  196  00001248  54000000	nop; not filled.
  197  0000124c  0c000188	jal	_Exit
  198  00001250  54000000	nop; not filled.
  199  00001254  23bd0008	addi	r29,r29,#8
  200  00001258          	L17_LF0:
  201  00001258  20420001	addi	r2,r2,#1
  202  0000125c  0043082a	slt	r1,r2,r3
  203  00001260  1420ff68	bnez	r1,L18_LF0
  204  00001264  54000000	nop; not filled.
  205  00001268          	L16_LF0:
  206  00001268  23bdfff8	addi	r29,r29,#-8
  207  0000126c  afa40000	sw	(r29),r4
  208  00001270  0c000104	jal	_sem_signal
  209  00001274  54000000	nop; not filled.
  210  00001278  23bd0008	addi	r29,r29,#8
  211  0000127c  64210001	snei	r1,r1,#1
  212  00001280  10200050	beqz	r1,L21_LF0
  213  00001284  54000000	nop; not filled.
  214  00001288  23bdfff8	addi	r29,r29,#-8
  215  0000128c  3c070000	lhi	r7,((LC3_LF0)>>16)&0xffff
  216  00001290  24e7307c	addui	r7,r7,(LC3_LF0)&0xffff
  217  00001294  afa70000	sw	(r29),r7
  218  00001298  afa40004	sw	4(r29),r4
  219  0000129c  0c000084	jal	_Printf
  220  000012a0  54000000	nop; not filled.
  221  000012a4  8ca50000	lw	r5,(r5)
  222  000012a8  afa50000	sw	(r29),r5
  223  000012ac  0c000074	jal	_Printf
  224  000012b0  54000000	nop; not filled.
  225  000012b4  3c070000	lhi	r7,((LC4_LF0)>>16)&0xffff
  226  000012b8  24e730a8	addui	r7,r7,(LC4_LF0)&0xffff
  227  000012bc  afa70000	sw	(r29),r7
  228  000012c0  0c000060	jal	_Printf
  229  000012c4  54000000	nop; not filled.
  230  000012c8  0c00010c	jal	_Exit
  231  000012cc  54000000	nop; not filled.
  232  000012d0  23bd0008	addi	r29,r29,#8
  233  000012d4          	L21_LF0:
  234  000012d4  0c000e48	jal	_exit
  235  000012d8  54000000	nop
  236  000012dc          	.endproc _main
  237                      ;;;
  238                      ;;; Stub functions for DLX traps.
  239                      ;;;
  240                      ;;; Ethan L. Miller, 1999.  Released to the public domain.
  241                      ;;;
  242                      ;;; The traps such as Open and Close
  243                      ;;; (note the capital letters) are for use by user programs.  The traps
  244                      ;;; with names such as open and close (lower case) are for use by the OS.
  245                      ;;;
  248  000012dc          	.align 2
  250                      ;;; The following are the traps to be used by user-level programs
  251                      ;;;
  253  000012dc          	.align 2
  254  000012dc          	.proc _Open
  255  000012dc          	.global _Open
  256  000012dc          	_Open:
  257                      ;;; Note that trap #0x213 actually causes a trap vector in the OS of
  258                      ;;; 0x1213.  The same is true for other user traps.  Thus, a user trap
  259                      ;;; with trap #0x240 will result in a trap vector of 0x1240 in the OS.
  260  000012dc  44000213	trap	#0x213
  261  000012e0  4be00000	jr	r31
  262  000012e4  54000000	nop
  263  000012e8          	.endproc _Open
  265  000012e8          	.proc _Close
  266  000012e8          	.global _Close
  267  000012e8          	_Close:
  268  000012e8  44000214	trap	#0x214
  269  000012ec  4be00000	jr	r31
  270  000012f0  54000000	nop
  271  000012f4          	.endproc _Close
  273  000012f4          	.proc _Read
  274  000012f4          	.global _Read
  275  000012f4          	_Read:
  276  000012f4  44000210	trap	#0x210
  277  000012f8  4be00000	jr	r31
  278  000012fc  54000000	nop
  279  00001300          	.endproc _Read
  281  00001300          	.proc _Write
  282  00001300          	.global _Write
  283  00001300          	_Write:
  284  00001300  44000211	trap	#0x211
  285  00001304  4be00000	jr	r31
  286  00001308  54000000	nop
  287  0000130c          	.endproc _Write
  289  0000130c          	.proc _Lseek
  290  0000130c          	.global _Lseek
  291  0000130c          	_Lseek:
  292  0000130c  44000212	trap	#0x212
  293  00001310  4be00000	jr	r31
  294  00001314  54000000	nop
  295  00001318          	.endproc _Lseek
  297  00001318          	.proc _Putchar
  298  00001318          	.global _Putchar
  299  00001318          	_Putchar:
  300  00001318  44000280	trap	#0x280
  301  0000131c  4be00000	jr	r31
  302  00001320  54000000	nop
  303  00001324          	.endproc _Putchar
  305  00001324          	.proc _Printf
  306  00001324          	.global _Printf
  307  00001324          	_Printf:
  308  00001324  44000201	trap	#0x201
  309  00001328  4be00000	jr	r31
  310  0000132c  54000000	nop
  311  00001330          	.endproc _Printf
  313  00001330          	.proc _getpid
  314  00001330          	.global _getpid
  315  00001330          	_getpid:
  316  00001330  44000431	trap	#0x431
  317  00001334  4be00000	jr	r31
  318  00001338  54000000	nop
  319  0000133c          	.endproc _getpid
  321  0000133c          	.proc _process_create
  322  0000133c          	.global _process_create
  323  0000133c          	_process_create:
  324  0000133c  44000432	trap	#0x432
  325  00001340  4be00000	jr	r31
  326  00001344  54000000	nop
  327  00001348          	.endproc _process_create
  329  00001348          	.proc _shmget
  330  00001348          	.global _shmget
  331  00001348          	_shmget:
  332  00001348  44000440	trap	#0x440
  333  0000134c  4be00000	jr	r31
  334  00001350  54000000	nop
  335  00001354          	.endproc _shmget
  337  00001354          	.proc _shmat
  338  00001354          	.global _shmat
  339  00001354          	_shmat:
  340  00001354  44000441	trap	#0x441
  341  00001358  4be00000	jr	r31
  342  0000135c  54000000	nop
  343  00001360          	.endproc _shmat
  345  00001360          	.proc _sem_create
  346  00001360          	.global _sem_create
  347  00001360          	_sem_create:
  348  00001360  44000450	trap	#0x450
  349  00001364  4be00000	jr	r31
  350  00001368  54000000	nop
  351  0000136c          	.endproc _sem_create
  353  0000136c          	.proc _sem_wait
  354  0000136c          	.global _sem_wait
  355  0000136c          	_sem_wait:
  356  0000136c  44000451	trap	#0x451
  357  00001370  4be00000	jr	r31
  358  00001374  54000000	nop
  359  00001378          	.endproc _sem_wait
  361  00001378          	.proc _sem_signal
  362  00001378          	.global _sem_signal
  363  00001378          	_sem_signal:
  364  00001378  44000452	trap	#0x452
  365  0000137c  4be00000	jr	r31
  366  00001380  54000000	nop
  367  00001384          	.endproc _sem_signal
  369  00001384          	.proc _lock_create
  370  00001384          	.global _lock_create
  371  00001384          	_lock_create:
  372  00001384  44000453	trap	#0x453
  373  00001388  4be00000	jr	r31
  374  0000138c  54000000	nop
  375  00001390          	.endproc _lock_create
  377  00001390          	.proc _lock_acquire
  378  00001390          	.global _lock_acquire
  379  00001390          	_lock_acquire:
  380  00001390  44000454	trap	#0x454
  381  00001394  4be00000	jr	r31
  382  00001398  54000000	nop
  383  0000139c          	.endproc _lock_acquire
  385  0000139c          	.proc _lock_release
  386  0000139c          	.global _lock_release
  387  0000139c          	_lock_release:
  388  0000139c  44000455	trap	#0x455
  389  000013a0  4be00000	jr	r31
  390  000013a4  54000000	nop
  391  000013a8          	.endproc _lock_release
  393  000013a8          	.proc _cond_create
  394  000013a8          	.global _cond_create
  395  000013a8          	_cond_create:
  396  000013a8  44000456	trap	#0x456
  397  000013ac  4be00000	jr	r31
  398  000013b0  54000000	nop
  399  000013b4          	.endproc _cond_create
  401  000013b4          	.proc _cond_wait
  402  000013b4          	.global _cond_wait
  403  000013b4          	_cond_wait:
  404  000013b4  44000457	trap	#0x457
  405  000013b8  4be00000	jr	r31
  406  000013bc  54000000	nop
  407  000013c0          	.endproc _cond_wait
  409  000013c0          	.proc _cond_signal
  410  000013c0          	.global _cond_signal
  411  000013c0          	_cond_signal:
  412  000013c0  44000458	trap	#0x458
  413  000013c4  4be00000	jr	r31
  414  000013c8  54000000	nop
  415  000013cc          	.endproc _cond_signal
  417  000013cc          	.proc _cond_broadcast
  418  000013cc          	.global _cond_broadcast
  419  000013cc          	_cond_broadcast:
  420  000013cc  44000459	trap	#0x459
  421  000013d0  4be00000	jr	r31
  422  000013d4  54000000	nop
  423  000013d8          	.endproc _cond_broadcast
  425  000013d8          	.proc _Exit
  426  000013d8          	.global _Exit
  427  000013d8          	_Exit:
  428  000013d8  44000500	trap	#0x500
  429  000013dc  4be00000	jr	r31
  430  000013e0  54000000	nop
  431  000013e4          	.endproc _Exit
  432                      ; Compiled by GCC
  434  000013e4          	.align 2
  435  000013e4          	.proc _isspace
  436  000013e4          	.global _isspace
  437  000013e4          	_isspace:
  438                      ;  Function 'isspace'; 0 bytes of locals, 3 regs to save.
  439  000013e4  afbefffc	sw	-4(r29),r30; push fp
  440  000013e8  001df020	add	r30,r0,r29; fp = sp
  441  000013ec  afbffff8	sw	-8(r29),r31; push ret addr
  442  000013f0  2fbd0018	subui	r29,r29,#24; alloc local storage
  443  000013f4  afa20000	sw	0(r29),r2
  444  000013f8  afa30004	sw	4(r29),r3
  445  000013fc  afa40008	sw	8(r29),r4
  446  00001400  83c20003	lb	r2,3(r30)
  447  00001404  20010000	addi	r1,r0,#0
  448  00001408  304300ff	andi	r3,r2,#0x00ff
  449  0000140c  60640020	seqi	r4,r3,#32
  450  00001410  1480002c	bnez	r4,L3_LF2
  451  00001414  54000000	nop; delay slot nop
  452  00001418  304300ff	andi	r3,r2,#0x00ff
  453  0000141c  60640009	seqi	r4,r3,#9
  454  00001420  1480001c	bnez	r4,L3_LF2
  455  00001424  54000000	nop; delay slot nop
  456  00001428  304300ff	andi	r3,r2,#0x00ff
  457  0000142c  6064000a	seqi	r4,r3,#10
  458  00001430  1480000c	bnez	r4,L3_LF2
  459  00001434  54000000	nop; delay slot nop
  460  00001438  08000008	j	L2_LF2
  461  0000143c  54000000	nop; delay slot nop
  462  00001440          	L3_LF2:
  463  00001440  20010001	addi	r1,r0,#1
  464  00001444          	L2_LF2:
  465  00001444  08000004	j	L1_LF2
  466  00001448  54000000	nop; delay slot nop
  467  0000144c          	L1_LF2:
  468  0000144c  8fa20000	lw	r2,0(r29)
  469  00001450  8fa30004	lw	r3,4(r29)
  470  00001454  8fa40008	lw	r4,8(r29)
  471  00001458  8fdffff8	lw	r31,-8(r30)
  472  0000145c  001ee820	add	r29,r0,r30
  473  00001460  8fdefffc	lw	r30,-4(r30)
  474  00001464  4be00000	jr	r31
  475  00001468  54000000	nop
  476  0000146c          	.endproc _isspace
  477  0000146c          	.align 2
  478  0000146c          	.proc _isxdigit
  479  0000146c          	.global _isxdigit
  480  0000146c          	_isxdigit:
  481                      ;  Function 'isxdigit'; 0 bytes of locals, 3 regs to save.
  482  0000146c  afbefffc	sw	-4(r29),r30; push fp
  483  00001470  001df020	add	r30,r0,r29; fp = sp
  484  00001474  afbffff8	sw	-8(r29),r31; push ret addr
  485  00001478  2fbd0018	subui	r29,r29,#24; alloc local storage
  486  0000147c  afa20000	sw	0(r29),r2
  487  00001480  afa30004	sw	4(r29),r3
  488  00001484  afa40008	sw	8(r29),r4
  489  00001488  83c20003	lb	r2,3(r30)
  490  0000148c  20010000	addi	r1,r0,#0
  491  00001490  304300ff	andi	r3,r2,#0x00ff
  492  00001494  6c64002f	sgtui	r4,r3,#47
  493  00001498  1080001c	beqz	r4,L7_LF2
  494  0000149c  54000000	nop; delay slot nop
  495  000014a0  304300ff	andi	r3,r2,#0x00ff
  496  000014a4  70640039	sleui	r4,r3,#57
  497  000014a8  1480005c	bnez	r4,L6_LF2
  498  000014ac  54000000	nop; delay slot nop
  499  000014b0  08000004	j	L7_LF2
  500  000014b4  54000000	nop; delay slot nop
  501  000014b8          	L7_LF2:
  502  000014b8  304300ff	andi	r3,r2,#0x00ff
  503  000014bc  6c640060	sgtui	r4,r3,#96
  504  000014c0  1080001c	beqz	r4,L8_LF2
  505  000014c4  54000000	nop; delay slot nop
  506  000014c8  304300ff	andi	r3,r2,#0x00ff
  507  000014cc  70640066	sleui	r4,r3,#102
  508  000014d0  14800034	bnez	r4,L6_LF2
  509  000014d4  54000000	nop; delay slot nop
  510  000014d8  08000004	j	L8_LF2
  511  000014dc  54000000	nop; delay slot nop
  512  000014e0          	L8_LF2:
  513  000014e0  304300ff	andi	r3,r2,#0x00ff
  514  000014e4  6c640040	sgtui	r4,r3,#64
  515  000014e8  10800020	beqz	r4,L5_LF2
  516  000014ec  54000000	nop; delay slot nop
  517  000014f0  304300ff	andi	r3,r2,#0x00ff
  518  000014f4  70640041	sleui	r4,r3,#65
  519  000014f8  1480000c	bnez	r4,L6_LF2
  520  000014fc  54000000	nop; delay slot nop
  521  00001500  08000008	j	L5_LF2
  522  00001504  54000000	nop; delay slot nop
  523  00001508          	L6_LF2:
  524  00001508  20010001	addi	r1,r0,#1
  525  0000150c          	L5_LF2:
  526  0000150c  08000004	j	L4_LF2
  527  00001510  54000000	nop; delay slot nop
  528  00001514          	L4_LF2:
  529  00001514  8fa20000	lw	r2,0(r29)
  530  00001518  8fa30004	lw	r3,4(r29)
  531  0000151c  8fa40008	lw	r4,8(r29)
  532  00001520  8fdffff8	lw	r31,-8(r30)
  533  00001524  001ee820	add	r29,r0,r30
  534  00001528  8fdefffc	lw	r30,-4(r30)
  535  0000152c  4be00000	jr	r31
  536  00001530  54000000	nop
  537  00001534          	.endproc _isxdigit
  538  00001534          	.align 2
  539  00001534          	.proc _dstrcpy
  540  00001534          	.global _dstrcpy
  541  00001534          	_dstrcpy:
  542                      ;  Function 'dstrcpy'; 8 bytes of locals, 2 regs to save.
  543  00001534  afbefffc	sw	-4(r29),r30; push fp
  544  00001538  001df020	add	r30,r0,r29; fp = sp
  545  0000153c  afbffff8	sw	-8(r29),r31; push ret addr
  546  00001540  2fbd0018	subui	r29,r29,#24; alloc local storage
  547  00001544  afa20000	sw	0(r29),r2
  548  00001548  afa30004	sw	4(r29),r3
  549  0000154c  8fc10000	lw	r1,(r30)
  550  00001550  afc1fff4	sw	-12(r30),r1
  551  00001554          	L10_LF2:
  552  00001554  8fc10000	lw	r1,(r30)
  553  00001558  20220001	addi	r2,r1,#1
  554  0000155c  afc20000	sw	(r30),r2
  555  00001560  8fc20004	lw	r2,4(r30)
  556  00001564  20430001	addi	r3,r2,#1
  557  00001568  afc30004	sw	4(r30),r3
  558  0000156c  80420000	lb	r2,(r2)
  559  00001570  a0220000	sb	(r1),r2
  560  00001574  a3c2fff3	sb	-13(r30),r2
  561  00001578          	L12_LF2:
  562  00001578  93c1fff3	lbu	r1,-13(r30)
  563  0000157c  64220000	snei	r2,r1,#0
  564  00001580  1440000c	bnez	r2,L13_LF2
  565  00001584  54000000	nop; delay slot nop
  566  00001588  0800000c	j	L11_LF2
  567  0000158c  54000000	nop; delay slot nop
  568  00001590          	L13_LF2:
  569  00001590  0bffffc0	j	L10_LF2
  570  00001594  54000000	nop; delay slot nop
  571  00001598          	L11_LF2:
  572  00001598  8fc1fff4	lw	r1,-12(r30)
  573  0000159c  08000004	j	L9_LF2
  574  000015a0  54000000	nop; delay slot nop
  575  000015a4          	L9_LF2:
  576  000015a4  8fa20000	lw	r2,0(r29)
  577  000015a8  8fa30004	lw	r3,4(r29)
  578  000015ac  8fdffff8	lw	r31,-8(r30)
  579  000015b0  001ee820	add	r29,r0,r30
  580  000015b4  8fdefffc	lw	r30,-4(r30)
  581  000015b8  4be00000	jr	r31
  582  000015bc  54000000	nop
  583  000015c0          	.endproc _dstrcpy
  584  000015c0          	.align 2
  585  000015c0          	.proc _dstrncpy
  586  000015c0          	.global _dstrncpy
  587  000015c0          	_dstrncpy:
  588                      ;  Function 'dstrncpy'; 8 bytes of locals, 2 regs to save.
  589  000015c0  afbefffc	sw	-4(r29),r30; push fp
  590  000015c4  001df020	add	r30,r0,r29; fp = sp
  591  000015c8  afbffff8	sw	-8(r29),r31; push ret addr
  592  000015cc  2fbd0018	subui	r29,r29,#24; alloc local storage
  593  000015d0  afa20000	sw	0(r29),r2
  594  000015d4  afa30004	sw	4(r29),r3
  595  000015d8  8fc10000	lw	r1,(r30)
  596  000015dc  afc1fff4	sw	-12(r30),r1
  597  000015e0          	L15_LF2:
  598  000015e0  8fc10008	lw	r1,8(r30)
  599  000015e4  2022ffff	addi	r2,r1,#-1
  600  000015e8  afc20008	sw	8(r30),r2
  601  000015ec  70210000	slei	r1,r1,#0
  602  000015f0  1020000c	beqz	r1,L18_LF2
  603  000015f4  54000000	nop; delay slot nop
  604  000015f8  08000048	j	L16_LF2
  605  000015fc  54000000	nop; delay slot nop
  606  00001600          	L18_LF2:
  607  00001600  8fc10000	lw	r1,(r30)
  608  00001604  20220001	addi	r2,r1,#1
  609  00001608  afc20000	sw	(r30),r2
  610  0000160c  8fc20004	lw	r2,4(r30)
  611  00001610  20430001	addi	r3,r2,#1
  612  00001614  afc30004	sw	4(r30),r3
  613  00001618  80420000	lb	r2,(r2)
  614  0000161c  a0220000	sb	(r1),r2
  615  00001620  a3c2fff3	sb	-13(r30),r2
  616  00001624          	L17_LF2:
  617  00001624  93c1fff3	lbu	r1,-13(r30)
  618  00001628  64220000	snei	r2,r1,#0
  619  0000162c  1440000c	bnez	r2,L19_LF2
  620  00001630  54000000	nop; delay slot nop
  621  00001634  0800000c	j	L16_LF2
  622  00001638  54000000	nop; delay slot nop
  623  0000163c          	L19_LF2:
  624  0000163c  0bffffa0	j	L15_LF2
  625  00001640  54000000	nop; delay slot nop
  626  00001644          	L16_LF2:
  627  00001644  8fc1fff4	lw	r1,-12(r30)
  628  00001648  08000004	j	L14_LF2
  629  0000164c  54000000	nop; delay slot nop
  630  00001650          	L14_LF2:
  631  00001650  8fa20000	lw	r2,0(r29)
  632  00001654  8fa30004	lw	r3,4(r29)
  633  00001658  8fdffff8	lw	r31,-8(r30)
  634  0000165c  001ee820	add	r29,r0,r30
  635  00001660  8fdefffc	lw	r30,-4(r30)
  636  00001664  4be00000	jr	r31
  637  00001668  54000000	nop
  638  0000166c          	.endproc _dstrncpy
  639  0000166c          	.align 2
  640  0000166c          	.proc _dstrcat
  641  0000166c          	.global _dstrcat
  642  0000166c          	_dstrcat:
  643                      ;  Function 'dstrcat'; 8 bytes of locals, 1 regs to save.
  644  0000166c  afbefffc	sw	-4(r29),r30; push fp
  645  00001670  001df020	add	r30,r0,r29; fp = sp
  646  00001674  afbffff8	sw	-8(r29),r31; push ret addr
  647  00001678  2fbd0018	subui	r29,r29,#24; alloc local storage
  648  0000167c  afa20000	sw	0(r29),r2
  649  00001680  8fc10000	lw	r1,(r30)
  650  00001684  afc1fff4	sw	-12(r30),r1
  651  00001688          	L21_LF2:
  652  00001688  8fc10000	lw	r1,(r30)
  653  0000168c  90220000	lbu	r2,(r1)
  654  00001690  64410000	snei	r1,r2,#0
  655  00001694  1420000c	bnez	r1,L23_LF2
  656  00001698  54000000	nop; delay slot nop
  657  0000169c  0800001c	j	L22_LF2
  658  000016a0  54000000	nop; delay slot nop
  659  000016a4          	L23_LF2:
  660  000016a4  8fc20000	lw	r2,(r30)
  661  000016a8  20410001	addi	r1,r2,#1
  662  000016ac  00011020	add	r2,r0,r1
  663  000016b0  afc20000	sw	(r30),r2
  664  000016b4  0bffffd0	j	L21_LF2
  665  000016b8  54000000	nop; delay slot nop
  666  000016bc          	L22_LF2:
  667  000016bc  23bdfff8	addi	r29,r29,#-8
  668  000016c0  001d0820	add	r1,r0,r29
  669  000016c4  8fc20000	lw	r2,(r30)
  670  000016c8  ac220000	sw	(r1),r2
  671  000016cc  8fc20004	lw	r2,4(r30)
  672  000016d0  ac220004	sw	4(r1),r2
  673  000016d4  0ffffe5c	jal	_dstrcpy
  674  000016d8  54000000	nop; delay slot nop
  675  000016dc  23bd0008	addi	r29,r29,#8
  676  000016e0  8fc1fff4	lw	r1,-12(r30)
  677  000016e4  08000004	j	L20_LF2
  678  000016e8  54000000	nop; delay slot nop
  679  000016ec          	L20_LF2:
  680  000016ec  8fa20000	lw	r2,0(r29)
  681  000016f0  8fdffff8	lw	r31,-8(r30)
  682  000016f4  001ee820	add	r29,r0,r30
  683  000016f8  8fdefffc	lw	r30,-4(r30)
  684  000016fc  4be00000	jr	r31
  685  00001700  54000000	nop
  686  00001704          	.endproc _dstrcat
  687  00001704          	.align 2
  688  00001704          	.proc _dstrncmp
  689  00001704          	.global _dstrncmp
  690  00001704          	_dstrncmp:
  691                      ;  Function 'dstrncmp'; 8 bytes of locals, 2 regs to save.
  692  00001704  afbefffc	sw	-4(r29),r30; push fp
  693  00001708  001df020	add	r30,r0,r29; fp = sp
  694  0000170c  afbffff8	sw	-8(r29),r31; push ret addr
  695  00001710  2fbd0018	subui	r29,r29,#24; alloc local storage
  696  00001714  afa20000	sw	0(r29),r2
  697  00001718  afa30004	sw	4(r29),r3
  698  0000171c  54000000	nop
  699  00001720  20010000	addi	r1,r0,#0
  700  00001724  afc1fff4	sw	-12(r30),r1
  701  00001728          	L25_LF2:
  702  00001728  8fc1fff4	lw	r1,-12(r30)
  703  0000172c  8fc20008	lw	r2,8(r30)
  704  00001730  0022082a	slt	r1,r1,r2
  705  00001734  1420000c	bnez	r1,L28_LF2
  706  00001738  54000000	nop; delay slot nop
  707  0000173c  08000088	j	L26_LF2
  708  00001740  54000000	nop; delay slot nop
  709  00001744          	L28_LF2:
  710  00001744  8fc10004	lw	r1,4(r30)
  711  00001748  90220000	lbu	r2,(r1)
  712  0000174c  64410000	snei	r1,r2,#0
  713  00001750  14200018	bnez	r1,L29_LF2
  714  00001754  54000000	nop; delay slot nop
  715  00001758  20010000	addi	r1,r0,#0
  716  0000175c  080000d8	j	L24_LF2
  717  00001760  54000000	nop; delay slot nop
  718  00001764  08000028	j	L30_LF2
  719  00001768  54000000	nop; delay slot nop
  720  0000176c          	L29_LF2:
  721  0000176c  8fc10000	lw	r1,(r30)
  722  00001770  8fc20004	lw	r2,4(r30)
  723  00001774  90210000	lbu	r1,(r1)
  724  00001778  90420000	lbu	r2,(r2)
  725  0000177c  00220829	sne	r1,r1,r2
  726  00001780  1020000c	beqz	r1,L30_LF2
  727  00001784  54000000	nop; delay slot nop
  728  00001788  0800003c	j	L26_LF2
  729  0000178c  54000000	nop; delay slot nop
  730  00001790          	L31_LF2:
  731  00001790          	L30_LF2:
  732  00001790  8fc20000	lw	r2,(r30)
  733  00001794  20410001	addi	r1,r2,#1
  734  00001798  00011020	add	r2,r0,r1
  735  0000179c  afc20000	sw	(r30),r2
  736  000017a0  8fc20004	lw	r2,4(r30)
  737  000017a4  20410001	addi	r1,r2,#1
  738  000017a8  00011020	add	r2,r0,r1
  739  000017ac  afc20004	sw	4(r30),r2
  740  000017b0          	L27_LF2:
  741  000017b0  8fc2fff4	lw	r2,-12(r30)
  742  000017b4  20410001	addi	r1,r2,#1
  743  000017b8  00011020	add	r2,r0,r1
  744  000017bc  afc2fff4	sw	-12(r30),r2
  745  000017c0  0bffff64	j	L25_LF2
  746  000017c4  54000000	nop; delay slot nop
  747  000017c8          	L26_LF2:
  748  000017c8  8fc1fff4	lw	r1,-12(r30)
  749  000017cc  8fc20008	lw	r2,8(r30)
  750  000017d0  00220828	seq	r1,r1,r2
  751  000017d4  10200018	beqz	r1,L32_LF2
  752  000017d8  54000000	nop; delay slot nop
  753  000017dc  20010000	addi	r1,r0,#0
  754  000017e0  08000054	j	L24_LF2
  755  000017e4  54000000	nop; delay slot nop
  756  000017e8  0800004c	j	L33_LF2
  757  000017ec  54000000	nop; delay slot nop
  758  000017f0          	L32_LF2:
  759  000017f0  8fc20000	lw	r2,(r30)
  760  000017f4  90410000	lbu	r1,(r2)
  761  000017f8  8fc20004	lw	r2,4(r30)
  762  000017fc  90430000	lbu	r3,(r2)
  763  00001800  00230822	sub	r1,r1,r3
  764  00001804  74220000	sgei	r2,r1,#0
  765  00001808  10400020	beqz	r2,L34_LF2
  766  0000180c  54000000	nop; delay slot nop
  767  00001810  8fc10000	lw	r1,(r30)
  768  00001814  8fc20004	lw	r2,4(r30)
  769  00001818  90210000	lbu	r1,(r1)
  770  0000181c  90420000	lbu	r2,(r2)
  771  00001820  00220829	sne	r1,r1,r2
  772  00001824  08000008	j	L35_LF2
  773  00001828  54000000	nop; delay slot nop
  774  0000182c          	L34_LF2:
  775  0000182c  2001ffff	addi	r1,r0,#-1
  776  00001830          	L35_LF2:
  777  00001830  08000004	j	L24_LF2
  778  00001834  54000000	nop; delay slot nop
  779  00001838          	L33_LF2:
  780  00001838          	L24_LF2:
  781  00001838  8fa20000	lw	r2,0(r29)
  782  0000183c  8fa30004	lw	r3,4(r29)
  783  00001840  8fdffff8	lw	r31,-8(r30)
  784  00001844  001ee820	add	r29,r0,r30
  785  00001848  8fdefffc	lw	r30,-4(r30)
  786  0000184c  4be00000	jr	r31
  787  00001850  54000000	nop
  788  00001854          	.endproc _dstrncmp
  789  00001854          	.align 2
  790  00001854          	.proc _dstrlen
  791  00001854          	.global _dstrlen
  792  00001854          	_dstrlen:
  793                      ;  Function 'dstrlen'; 8 bytes of locals, 1 regs to save.
  794  00001854  afbefffc	sw	-4(r29),r30; push fp
  795  00001858  001df020	add	r30,r0,r29; fp = sp
  796  0000185c  afbffff8	sw	-8(r29),r31; push ret addr
  797  00001860  2fbd0018	subui	r29,r29,#24; alloc local storage
  798  00001864  afa20000	sw	0(r29),r2
  799  00001868  20010000	addi	r1,r0,#0
  800  0000186c  afc1fff4	sw	-12(r30),r1
  801  00001870          	L37_LF2:
  802  00001870  8fc10000	lw	r1,(r30)
  803  00001874  20220001	addi	r2,r1,#1
  804  00001878  afc20000	sw	(r30),r2
  805  0000187c  90210000	lbu	r1,(r1)
  806  00001880  64220000	snei	r2,r1,#0
  807  00001884  1440000c	bnez	r2,L39_LF2
  808  00001888  54000000	nop; delay slot nop
  809  0000188c  0800001c	j	L38_LF2
  810  00001890  54000000	nop; delay slot nop
  811  00001894          	L39_LF2:
  812  00001894  8fc2fff4	lw	r2,-12(r30)
  813  00001898  20410001	addi	r1,r2,#1
  814  0000189c  00011020	add	r2,r0,r1
  815  000018a0  afc2fff4	sw	-12(r30),r2
  816  000018a4  0bffffc8	j	L37_LF2
  817  000018a8  54000000	nop; delay slot nop
  818  000018ac          	L38_LF2:
  819  000018ac  8fc1fff4	lw	r1,-12(r30)
  820  000018b0  08000004	j	L36_LF2
  821  000018b4  54000000	nop; delay slot nop
  822  000018b8          	L36_LF2:
  823  000018b8  8fa20000	lw	r2,0(r29)
  824  000018bc  8fdffff8	lw	r31,-8(r30)
  825  000018c0  001ee820	add	r29,r0,r30
  826  000018c4  8fdefffc	lw	r30,-4(r30)
  827  000018c8  4be00000	jr	r31
  828  000018cc  54000000	nop
  829  000018d0          	.endproc _dstrlen
  830  000018d0          	.align 2
  831  000018d0          	.proc _dstrstr
  832  000018d0          	.global _dstrstr
  833  000018d0          	_dstrstr:
  834                      ;  Function 'dstrstr'; 8 bytes of locals, 1 regs to save.
  835  000018d0  afbefffc	sw	-4(r29),r30; push fp
  836  000018d4  001df020	add	r30,r0,r29; fp = sp
  837  000018d8  afbffff8	sw	-8(r29),r31; push ret addr
  838  000018dc  2fbd0018	subui	r29,r29,#24; alloc local storage
  839  000018e0  afa20000	sw	0(r29),r2
  840  000018e4  23bdfff8	addi	r29,r29,#-8
  841  000018e8  001d0820	add	r1,r0,r29
  842  000018ec  8fc20004	lw	r2,4(r30)
  843  000018f0  ac220000	sw	(r1),r2
  844  000018f4  0fffff5c	jal	_dstrlen
  845  000018f8  54000000	nop; delay slot nop
  846  000018fc  23bd0008	addi	r29,r29,#8
  847  00001900  afc1fff4	sw	-12(r30),r1
  848  00001904          	L41_LF2:
  849  00001904  8fc10000	lw	r1,(r30)
  850  00001908  90220000	lbu	r2,(r1)
  851  0000190c  64410000	snei	r1,r2,#0
  852  00001910  1420000c	bnez	r1,L43_LF2
  853  00001914  54000000	nop; delay slot nop
  854  00001918  08000060	j	L42_LF2
  855  0000191c  54000000	nop; delay slot nop
  856  00001920          	L43_LF2:
  857  00001920  23bdfff0	addi	r29,r29,#-16
  858  00001924  001d0820	add	r1,r0,r29
  859  00001928  8fc20000	lw	r2,(r30)
  860  0000192c  ac220000	sw	(r1),r2
  861  00001930  8fc20004	lw	r2,4(r30)
  862  00001934  ac220004	sw	4(r1),r2
  863  00001938  8fc2fff4	lw	r2,-12(r30)
  864  0000193c  ac220008	sw	8(r1),r2
  865  00001940  0ffffdc0	jal	_dstrncmp
  866  00001944  54000000	nop; delay slot nop
  867  00001948  23bd0010	addi	r29,r29,#16
  868  0000194c  64220000	snei	r2,r1,#0
  869  00001950  14400010	bnez	r2,L44_LF2
  870  00001954  54000000	nop; delay slot nop
  871  00001958  8fc10000	lw	r1,(r30)
  872  0000195c  08000028	j	L40_LF2
  873  00001960  54000000	nop; delay slot nop
  874  00001964          	L44_LF2:
  875  00001964  8fc20000	lw	r2,(r30)
  876  00001968  20410001	addi	r1,r2,#1
  877  0000196c  00011020	add	r2,r0,r1
  878  00001970  afc20000	sw	(r30),r2
  879  00001974  0bffff8c	j	L41_LF2
  880  00001978  54000000	nop; delay slot nop
  881  0000197c          	L42_LF2:
  882  0000197c  20010000	addi	r1,r0,#0
  883  00001980  08000004	j	L40_LF2
  884  00001984  54000000	nop; delay slot nop
  885  00001988          	L40_LF2:
  886  00001988  8fa20000	lw	r2,0(r29)
  887  0000198c  8fdffff8	lw	r31,-8(r30)
  888  00001990  001ee820	add	r29,r0,r30
  889  00001994  8fdefffc	lw	r30,-4(r30)
  890  00001998  4be00000	jr	r31
  891  0000199c  54000000	nop
  892  000019a0          	.endproc _dstrstr
  893  000019a0          	.align 2
  894  000019a0          	.proc _dmindex
  895  000019a0          	.global _dmindex
  896  000019a0          	_dmindex:
  897                      ;  Function 'dmindex'; 8 bytes of locals, 1 regs to save.
  898  000019a0  afbefffc	sw	-4(r29),r30; push fp
  899  000019a4  001df020	add	r30,r0,r29; fp = sp
  900  000019a8  afbffff8	sw	-8(r29),r31; push ret addr
  901  000019ac  2fbd0018	subui	r29,r29,#24; alloc local storage
  902  000019b0  afa20000	sw	0(r29),r2
  903  000019b4  54000000	nop
  904  000019b8          	L46_LF2:
  905  000019b8  8fc10000	lw	r1,(r30)
  906  000019bc  90220000	lbu	r2,(r1)
  907  000019c0  64410000	snei	r1,r2,#0
  908  000019c4  1420000c	bnez	r1,L48_LF2
  909  000019c8  54000000	nop; delay slot nop
  910  000019cc  08000070	j	L47_LF2
  911  000019d0  54000000	nop; delay slot nop
  912  000019d4          	L48_LF2:
  913  000019d4  8fc10004	lw	r1,4(r30)
  914  000019d8  afc1fff4	sw	-12(r30),r1
  915  000019dc          	L49_LF2:
  916  000019dc  8fc1fff4	lw	r1,-12(r30)
  917  000019e0  90220000	lbu	r2,(r1)
  918  000019e4  64410000	snei	r1,r2,#0
  919  000019e8  1420000c	bnez	r1,L52_LF2
  920  000019ec  54000000	nop; delay slot nop
  921  000019f0  08000044	j	L50_LF2
  922  000019f4  54000000	nop; delay slot nop
  923  000019f8          	L52_LF2:
  924  000019f8  8fc10000	lw	r1,(r30)
  925  000019fc  8fc2fff4	lw	r2,-12(r30)
  926  00001a00  90210000	lbu	r1,(r1)
  927  00001a04  90420000	lbu	r2,(r2)
  928  00001a08  00220828	seq	r1,r1,r2
  929  00001a0c  10200010	beqz	r1,L51_LF2
  930  00001a10  54000000	nop; delay slot nop
  931  00001a14  8fc10000	lw	r1,(r30)
  932  00001a18  08000030	j	L45_LF2
  933  00001a1c  54000000	nop; delay slot nop
  934  00001a20          	L53_LF2:
  935  00001a20          	L51_LF2:
  936  00001a20  8fc2fff4	lw	r2,-12(r30)
  937  00001a24  20410001	addi	r1,r2,#1
  938  00001a28  00011020	add	r2,r0,r1
  939  00001a2c  afc2fff4	sw	-12(r30),r2
  940  00001a30  0bffffa8	j	L49_LF2
  941  00001a34  54000000	nop; delay slot nop
  942  00001a38          	L50_LF2:
  943  00001a38  0bffff7c	j	L46_LF2
  944  00001a3c  54000000	nop; delay slot nop
  945  00001a40          	L47_LF2:
  946  00001a40  20010000	addi	r1,r0,#0
  947  00001a44  08000004	j	L45_LF2
  948  00001a48  54000000	nop; delay slot nop
  949  00001a4c          	L45_LF2:
  950  00001a4c  8fa20000	lw	r2,0(r29)
  951  00001a50  8fdffff8	lw	r31,-8(r30)
  952  00001a54  001ee820	add	r29,r0,r30
  953  00001a58  8fdefffc	lw	r30,-4(r30)
  954  00001a5c  4be00000	jr	r31
  955  00001a60  54000000	nop
  956  00001a64          	.endproc _dmindex
  957  00001a64          	.align 2
  958  00001a64          	.proc _dindex
  959  00001a64          	.global _dindex
  960  00001a64          	_dindex:
  961                      ;  Function 'dindex'; 0 bytes of locals, 1 regs to save.
  962  00001a64  afbefffc	sw	-4(r29),r30; push fp
  963  00001a68  001df020	add	r30,r0,r29; fp = sp
  964  00001a6c  afbffff8	sw	-8(r29),r31; push ret addr
  965  00001a70  2fbd0010	subui	r29,r29,#16; alloc local storage
  966  00001a74  afa20000	sw	0(r29),r2
  967  00001a78  54000000	nop
  968  00001a7c          	L55_LF2:
  969  00001a7c  8fc10000	lw	r1,(r30)
  970  00001a80  90220000	lbu	r2,(r1)
  971  00001a84  64410000	snei	r1,r2,#0
  972  00001a88  1420000c	bnez	r1,L57_LF2
  973  00001a8c  54000000	nop; delay slot nop
  974  00001a90  08000040	j	L56_LF2
  975  00001a94  54000000	nop; delay slot nop
  976  00001a98          	L57_LF2:
  977  00001a98  8fc10000	lw	r1,(r30)
  978  00001a9c  90220000	lbu	r2,(r1)
  979  00001aa0  8fc10004	lw	r1,4(r30)
  980  00001aa4  00411028	seq	r2,r2,r1
  981  00001aa8  10400010	beqz	r2,L58_LF2
  982  00001aac  54000000	nop; delay slot nop
  983  00001ab0  8fc10000	lw	r1,(r30)
  984  00001ab4  08000028	j	L54_LF2
  985  00001ab8  54000000	nop; delay slot nop
  986  00001abc          	L58_LF2:
  987  00001abc  8fc20000	lw	r2,(r30)
  988  00001ac0  20410001	addi	r1,r2,#1
  989  00001ac4  00011020	add	r2,r0,r1
  990  00001ac8  afc20000	sw	(r30),r2
  991  00001acc  0bffffac	j	L55_LF2
  992  00001ad0  54000000	nop; delay slot nop
  993  00001ad4          	L56_LF2:
  994  00001ad4  20010000	addi	r1,r0,#0
  995  00001ad8  08000004	j	L54_LF2
  996  00001adc  54000000	nop; delay slot nop
  997  00001ae0          	L54_LF2:
  998  00001ae0  8fa20000	lw	r2,0(r29)
  999  00001ae4  8fdffff8	lw	r31,-8(r30)
 1000  00001ae8  001ee820	add	r29,r0,r30
 1001  00001aec  8fdefffc	lw	r30,-4(r30)
 1002  00001af0  4be00000	jr	r31
 1003  00001af4  54000000	nop
 1004  00001af8          	.endproc _dindex
 1005  00001af8          	.align 2
 1006  00001af8          	.proc _ditoa
 1007  00001af8          	.global _ditoa
 1008  00001af8          	_ditoa:
 1009                      ;  Function 'ditoa'; 8 bytes of locals, 2 regs to save.
 1010  00001af8  afbefffc	sw	-4(r29),r30; push fp
 1011  00001afc  001df020	add	r30,r0,r29; fp = sp
 1012  00001b00  afbffff8	sw	-8(r29),r31; push ret addr
 1013  00001b04  2fbd0018	subui	r29,r29,#24; alloc local storage
 1014  00001b08  afa20000	sw	0(r29),r2
 1015  00001b0c  afa30004	sw	4(r29),r3
 1016  00001b10  8fc10000	lw	r1,(r30)
 1017  00001b14  68220000	slti	r2,r1,#0
 1018  00001b18  1040002c	beqz	r2,L60_LF2
 1019  00001b1c  54000000	nop; delay slot nop
 1020  00001b20  8fc10004	lw	r1,4(r30)
 1021  00001b24  20220001	addi	r2,r1,#1
 1022  00001b28  afc20004	sw	4(r30),r2
 1023  00001b2c  2002002d	addi	r2,r0,(#0x2d)&0xff
 1024  00001b30  a0220000	sb	(r1),r2
 1025  00001b34  8fc10000	lw	r1,(r30)
 1026  00001b38  00011022	sub	r2,r0,r1
 1027  00001b3c  afc20000	sw	(r30),r2
 1028  00001b40  08000118	j	L61_LF2
 1029  00001b44  54000000	nop; delay slot nop
 1030  00001b48          	L60_LF2:
 1031  00001b48  8fc10000	lw	r1,(r30)
 1032  00001b4c  64220000	snei	r2,r1,#0
 1033  00001b50  14400020	bnez	r2,L62_LF2
 1034  00001b54  54000000	nop; delay slot nop
 1035  00001b58  8fc10004	lw	r1,4(r30)
 1036  00001b5c  20220001	addi	r2,r1,#1
 1037  00001b60  afc20004	sw	4(r30),r2
 1038  00001b64  20020030	addi	r2,r0,(#0x30)&0xff
 1039  00001b68  a0220000	sb	(r1),r2
 1040  00001b6c  080000ec	j	L61_LF2
 1041  00001b70  54000000	nop; delay slot nop
 1042  00001b74          	L62_LF2:
 1043  00001b74  20010001	addi	r1,r0,#1
 1044  00001b78  afc1fff4	sw	-12(r30),r1
 1045  00001b7c          	L64_LF2:
 1046  00001b7c  8fc1fff4	lw	r1,-12(r30)
 1047  00001b80  8fc20000	lw	r2,(r30)
 1048  00001b84  0022082c	sle	r1,r1,r2
 1049  00001b88  1420000c	bnez	r1,L66_LF2
 1050  00001b8c  54000000	nop; delay slot nop
 1051  00001b90  08000024	j	L65_LF2
 1052  00001b94  54000000	nop; delay slot nop
 1053  00001b98          	L67_LF2:
 1054  00001b98          	L66_LF2:
 1055  00001b98  8fc1fff4	lw	r1,-12(r30)
 1056  00001b9c  00011820	add	r3,r0,r1
 1057  00001ba0  50620002	slli	r2,r3,#0x2
 1058  00001ba4  00411020	add	r2,r2,r1
 1059  00001ba8  50410001	slli	r1,r2,#0x1
 1060  00001bac  afc1fff4	sw	-12(r30),r1
 1061  00001bb0  0bffffc8	j	L64_LF2
 1062  00001bb4  54000000	nop; delay slot nop
 1063  00001bb8          	L65_LF2:
 1064  00001bb8  54000000	nop
 1065  00001bbc          	L68_LF2:
 1066  00001bbc  8fc1fff4	lw	r1,-12(r30)
 1067  00001bc0  2002000a	addi	r2,r0,#10
 1068  00001bc4  00200035	movi2fp	f0,r1
 1069  00001bc8  00400835	movi2fp	f1,r2
 1070  00001bcc  0401000f	div	f0,f0,f1
 1071  00001bd0  00000834	movfp2i	r1,f0
 1072  00001bd4  afc1fff4	sw	-12(r30),r1
 1073  00001bd8  8fc10004	lw	r1,4(r30)
 1074  00001bdc  20220001	addi	r2,r1,#1
 1075  00001be0  afc20004	sw	4(r30),r2
 1076  00001be4  8fc20000	lw	r2,(r30)
 1077  00001be8  8fc3fff4	lw	r3,-12(r30)
 1078  00001bec  00400035	movi2fp	f0,r2
 1079  00001bf0  00600835	movi2fp	f1,r3
 1080  00001bf4  0401000f	div	f0,f0,f1
 1081  00001bf8  00001034	movfp2i	r2,f0
 1082  00001bfc  00021820	add	r3,r0,r2
 1083  00001c00  20620030	addi	r2,r3,#48
 1084  00001c04  a0220000	sb	(r1),r2
 1085  00001c08  8fc10000	lw	r1,(r30)
 1086  00001c0c  8fc3fff4	lw	r3,-12(r30)
 1087  00001c10  00200035	movi2fp	f0,r1
 1088  00001c14  00600835	movi2fp	f1,r3
 1089  00001c18  0401000f	div	f0,f0,f1
 1090  00001c1c  00001034	movfp2i	r2,f0
 1091  00001c20  8fc3fff4	lw	r3,-12(r30)
 1092  00001c24  00400035	movi2fp	f0,r2
 1093  00001c28  00600835	movi2fp	f1,r3
 1094  00001c2c  0401000e	mult	f0,f0,f1
 1095  00001c30  00001034	movfp2i	r2,f0
 1096  00001c34  00220822	sub	r1,r1,r2
 1097  00001c38  afc10000	sw	(r30),r1
 1098  00001c3c          	L70_LF2:
 1099  00001c3c  8fc1fff4	lw	r1,-12(r30)
 1100  00001c40  6c220001	sgti	r2,r1,#1
 1101  00001c44  1440000c	bnez	r2,L71_LF2
 1102  00001c48  54000000	nop; delay slot nop
 1103  00001c4c  0800000c	j	L61_LF2
 1104  00001c50  54000000	nop; delay slot nop
 1105  00001c54          	L71_LF2:
 1106  00001c54  0bffff64	j	L68_LF2
 1107  00001c58  54000000	nop; delay slot nop
 1108  00001c5c          	L69_LF2:
 1109  00001c5c          	L63_LF2:
 1110  00001c5c          	L61_LF2:
 1111  00001c5c  8fc10004	lw	r1,4(r30)
 1112  00001c60  20020000	addi	r2,r0,(#0x0)&0xff
 1113  00001c64  a0220000	sb	(r1),r2
 1114  00001c68          	L59_LF2:
 1115  00001c68  8fa20000	lw	r2,0(r29)
 1116  00001c6c  8fa30004	lw	r3,4(r29)
 1117  00001c70  8fdffff8	lw	r31,-8(r30)
 1118  00001c74  001ee820	add	r29,r0,r30
 1119  00001c78  8fdefffc	lw	r30,-4(r30)
 1120  00001c7c  4be00000	jr	r31
 1121  00001c80  54000000	nop
 1122  00001c84          	.endproc _ditoa
 1123  00001c84          	.align 2
 1124  00001c84          	.proc _dstrtol
 1125  00001c84          	.global _dstrtol
 1126  00001c84          	_dstrtol:
 1127                      ;  Function 'dstrtol'; 16 bytes of locals, 1 regs to save.
 1128  00001c84  afbefffc	sw	-4(r29),r30; push fp
 1129  00001c88  001df020	add	r30,r0,r29; fp = sp
 1130  00001c8c  afbffff8	sw	-8(r29),r31; push ret addr
 1131  00001c90  2fbd0020	subui	r29,r29,#32; alloc local storage
 1132  00001c94  afa20000	sw	0(r29),r2
 1133  00001c98  20010000	addi	r1,r0,#0
 1134  00001c9c  afc1fff4	sw	-12(r30),r1
 1135  00001ca0          	L73_LF2:
 1136  00001ca0  8fc10000	lw	r1,(r30)
 1137  00001ca4  90220000	lbu	r2,(r1)
 1138  00001ca8  60410020	seqi	r1,r2,#32
 1139  00001cac  14200034	bnez	r1,L75_LF2
 1140  00001cb0  54000000	nop; delay slot nop
 1141  00001cb4  8fc10000	lw	r1,(r30)
 1142  00001cb8  90220000	lbu	r2,(r1)
 1143  00001cbc  60410009	seqi	r1,r2,#9
 1144  00001cc0  14200020	bnez	r1,L75_LF2
 1145  00001cc4  54000000	nop; delay slot nop
 1146  00001cc8  8fc10000	lw	r1,(r30)
 1147  00001ccc  90220000	lbu	r2,(r1)
 1148  00001cd0  6041000a	seqi	r1,r2,#10
 1149  00001cd4  1420000c	bnez	r1,L75_LF2
 1150  00001cd8  54000000	nop; delay slot nop
 1151  00001cdc  0800001c	j	L74_LF2
 1152  00001ce0  54000000	nop; delay slot nop
 1153  00001ce4          	L75_LF2:
 1154  00001ce4  8fc20000	lw	r2,(r30)
 1155  00001ce8  20410001	addi	r1,r2,#1
 1156  00001cec  00011020	add	r2,r0,r1
 1157  00001cf0  afc20000	sw	(r30),r2
 1158  00001cf4  0bffffa8	j	L73_LF2
 1159  00001cf8  54000000	nop; delay slot nop
 1160  00001cfc          	L74_LF2:
 1161  00001cfc  8fc10004	lw	r1,4(r30)
 1162  00001d00  64220000	snei	r2,r1,#0
 1163  00001d04  10400010	beqz	r2,L76_LF2
 1164  00001d08  54000000	nop; delay slot nop
 1165  00001d0c  8fc10004	lw	r1,4(r30)
 1166  00001d10  8fc20000	lw	r2,(r30)
 1167  00001d14  ac220000	sw	(r1),r2
 1168  00001d18          	L76_LF2:
 1169  00001d18  8fc10000	lw	r1,(r30)
 1170  00001d1c  90220000	lbu	r2,(r1)
 1171  00001d20  64410000	snei	r1,r2,#0
 1172  00001d24  14200010	bnez	r1,L77_LF2
 1173  00001d28  54000000	nop; delay slot nop
 1174  00001d2c  8fc1fff4	lw	r1,-12(r30)
 1175  00001d30  08000294	j	L72_LF2
 1176  00001d34  54000000	nop; delay slot nop
 1177  00001d38          	L77_LF2:
 1178  00001d38  8fc10000	lw	r1,(r30)
 1179  00001d3c  90220000	lbu	r2,(r1)
 1180  00001d40  6041002d	seqi	r1,r2,#45
 1181  00001d44  10200024	beqz	r1,L78_LF2
 1182  00001d48  54000000	nop; delay slot nop
 1183  00001d4c  2001ffff	addi	r1,r0,#-1
 1184  00001d50  afc1ffec	sw	-20(r30),r1
 1185  00001d54  8fc20000	lw	r2,(r30)
 1186  00001d58  20410001	addi	r1,r2,#1
 1187  00001d5c  00011020	add	r2,r0,r1
 1188  00001d60  afc20000	sw	(r30),r2
 1189  00001d64  0800000c	j	L79_LF2
 1190  00001d68  54000000	nop; delay slot nop
 1191  00001d6c          	L78_LF2:
 1192  00001d6c  20010001	addi	r1,r0,#1
 1193  00001d70  afc1ffec	sw	-20(r30),r1
 1194  00001d74          	L79_LF2:
 1195  00001d74  8fc10008	lw	r1,8(r30)
 1196  00001d78  64220000	snei	r2,r1,#0
 1197  00001d7c  14400090	bnez	r2,L80_LF2
 1198  00001d80  54000000	nop; delay slot nop
 1199  00001d84  8fc10000	lw	r1,(r30)
 1200  00001d88  90220000	lbu	r2,(r1)
 1201  00001d8c  60410030	seqi	r1,r2,#48
 1202  00001d90  10200074	beqz	r1,L81_LF2
 1203  00001d94  54000000	nop; delay slot nop
 1204  00001d98  8fc20000	lw	r2,(r30)
 1205  00001d9c  20410001	addi	r1,r2,#1
 1206  00001da0  00011020	add	r2,r0,r1
 1207  00001da4  afc20000	sw	(r30),r2
 1208  00001da8  8fc10000	lw	r1,(r30)
 1209  00001dac  90220000	lbu	r2,(r1)
 1210  00001db0  60410078	seqi	r1,r2,#120
 1211  00001db4  14200020	bnez	r1,L83_LF2
 1212  00001db8  54000000	nop; delay slot nop
 1213  00001dbc  8fc10000	lw	r1,(r30)
 1214  00001dc0  90220000	lbu	r2,(r1)
 1215  00001dc4  60410058	seqi	r1,r2,#88
 1216  00001dc8  1420000c	bnez	r1,L83_LF2
 1217  00001dcc  54000000	nop; delay slot nop
 1218  00001dd0  08000024	j	L82_LF2
 1219  00001dd4  54000000	nop; delay slot nop
 1220  00001dd8          	L83_LF2:
 1221  00001dd8  20010010	addi	r1,r0,#16
 1222  00001ddc  afc10008	sw	8(r30),r1
 1223  00001de0  8fc20000	lw	r2,(r30)
 1224  00001de4  20410001	addi	r1,r2,#1
 1225  00001de8  00011020	add	r2,r0,r1
 1226  00001dec  afc20000	sw	(r30),r2
 1227  00001df0  0800000c	j	L84_LF2
 1228  00001df4  54000000	nop; delay slot nop
 1229  00001df8          	L82_LF2:
 1230  00001df8  20010008	addi	r1,r0,#8
 1231  00001dfc  afc10008	sw	8(r30),r1
 1232  00001e00          	L84_LF2:
 1233  00001e00  0800000c	j	L80_LF2
 1234  00001e04  54000000	nop; delay slot nop
 1235  00001e08          	L81_LF2:
 1236  00001e08  2001000a	addi	r1,r0,#10
 1237  00001e0c  afc10008	sw	8(r30),r1
 1238  00001e10          	L85_LF2:
 1239  00001e10          	L80_LF2:
 1240  00001e10  8fc10008	lw	r1,8(r30)
 1241  00001e14  70220000	slei	r2,r1,#0
 1242  00001e18  1440001c	bnez	r2,L87_LF2
 1243  00001e1c  54000000	nop; delay slot nop
 1244  00001e20  8fc10008	lw	r1,8(r30)
 1245  00001e24  6c220010	sgti	r2,r1,#16
 1246  00001e28  1440000c	bnez	r2,L87_LF2
 1247  00001e2c  54000000	nop; delay slot nop
 1248  00001e30  08000010	j	L86_LF2
 1249  00001e34  54000000	nop; delay slot nop
 1250  00001e38          	L87_LF2:
 1251  00001e38  8fc1fff4	lw	r1,-12(r30)
 1252  00001e3c  08000188	j	L72_LF2
 1253  00001e40  54000000	nop; delay slot nop
 1254  00001e44          	L86_LF2:
 1255  00001e44  54000000	nop
 1256  00001e48          	L88_LF2:
 1257  00001e48  8fc10000	lw	r1,(r30)
 1258  00001e4c  90220000	lbu	r2,(r1)
 1259  00001e50  6c41002f	sgtui	r1,r2,#47
 1260  00001e54  10200030	beqz	r1,L91_LF2
 1261  00001e58  54000000	nop; delay slot nop
 1262  00001e5c  8fc10000	lw	r1,(r30)
 1263  00001e60  90220000	lbu	r2,(r1)
 1264  00001e64  70410039	sleui	r1,r2,#57
 1265  00001e68  1020001c	beqz	r1,L91_LF2
 1266  00001e6c  54000000	nop; delay slot nop
 1267  00001e70  8fc10000	lw	r1,(r30)
 1268  00001e74  90220000	lbu	r2,(r1)
 1269  00001e78  2041ffd0	addi	r1,r2,#-48
 1270  00001e7c  afc1fff0	sw	-16(r30),r1
 1271  00001e80  0800008c	j	L92_LF2
 1272  00001e84  54000000	nop; delay slot nop
 1273  00001e88          	L91_LF2:
 1274  00001e88  8fc10000	lw	r1,(r30)
 1275  00001e8c  90220000	lbu	r2,(r1)
 1276  00001e90  6c410060	sgtui	r1,r2,#96
 1277  00001e94  10200030	beqz	r1,L93_LF2
 1278  00001e98  54000000	nop; delay slot nop
 1279  00001e9c  8fc10000	lw	r1,(r30)
 1280  00001ea0  90220000	lbu	r2,(r1)
 1281  00001ea4  7041007a	sleui	r1,r2,#122
 1282  00001ea8  1020001c	beqz	r1,L93_LF2
 1283  00001eac  54000000	nop; delay slot nop
 1284  00001eb0  8fc10000	lw	r1,(r30)
 1285  00001eb4  90220000	lbu	r2,(r1)
 1286  00001eb8  2041ffa9	addi	r1,r2,#-87
 1287  00001ebc  afc1fff0	sw	-16(r30),r1
 1288  00001ec0  0800004c	j	L92_LF2
 1289  00001ec4  54000000	nop; delay slot nop
 1290  00001ec8          	L93_LF2:
 1291  00001ec8  8fc10000	lw	r1,(r30)
 1292  00001ecc  90220000	lbu	r2,(r1)
 1293  00001ed0  6c410040	sgtui	r1,r2,#64
 1294  00001ed4  10200030	beqz	r1,L95_LF2
 1295  00001ed8  54000000	nop; delay slot nop
 1296  00001edc  8fc10000	lw	r1,(r30)
 1297  00001ee0  90220000	lbu	r2,(r1)
 1298  00001ee4  7041005a	sleui	r1,r2,#90
 1299  00001ee8  1020001c	beqz	r1,L95_LF2
 1300  00001eec  54000000	nop; delay slot nop
 1301  00001ef0  8fc10000	lw	r1,(r30)
 1302  00001ef4  90220000	lbu	r2,(r1)
 1303  00001ef8  2041ffc9	addi	r1,r2,#-55
 1304  00001efc  afc1fff0	sw	-16(r30),r1
 1305  00001f00  0800000c	j	L92_LF2
 1306  00001f04  54000000	nop; delay slot nop
 1307  00001f08          	L95_LF2:
 1308  00001f08  200103e8	addi	r1,r0,#1000
 1309  00001f0c  afc1fff0	sw	-16(r30),r1
 1310  00001f10          	L96_LF2:
 1311  00001f10          	L94_LF2:
 1312  00001f10          	L92_LF2:
 1313  00001f10  8fc1fff0	lw	r1,-16(r30)
 1314  00001f14  8fc20008	lw	r2,8(r30)
 1315  00001f18  0022082a	slt	r1,r1,r2
 1316  00001f1c  10200040	beqz	r1,L90_LF2
 1317  00001f20  54000000	nop; delay slot nop
 1318  00001f24  8fc1fff4	lw	r1,-12(r30)
 1319  00001f28  8fc20008	lw	r2,8(r30)
 1320  00001f2c  00200035	movi2fp	f0,r1
 1321  00001f30  00400835	movi2fp	f1,r2
 1322  00001f34  0401000e	mult	f0,f0,f1
 1323  00001f38  00000834	movfp2i	r1,f0
 1324  00001f3c  afc1fff4	sw	-12(r30),r1
 1325  00001f40  8fc1fff4	lw	r1,-12(r30)
 1326  00001f44  8fc2fff0	lw	r2,-16(r30)
 1327  00001f48  00220820	add	r1,r1,r2
 1328  00001f4c  afc1fff4	sw	-12(r30),r1
 1329  00001f50  8fc20000	lw	r2,(r30)
 1330  00001f54  20410001	addi	r1,r2,#1
 1331  00001f58  00011020	add	r2,r0,r1
 1332  00001f5c  afc20000	sw	(r30),r2
 1333  00001f60          	L97_LF2:
 1334  00001f60          	L90_LF2:
 1335  00001f60  8fc1fff0	lw	r1,-16(r30)
 1336  00001f64  8fc20008	lw	r2,8(r30)
 1337  00001f68  0022082a	slt	r1,r1,r2
 1338  00001f6c  1420000c	bnez	r1,L98_LF2
 1339  00001f70  54000000	nop; delay slot nop
 1340  00001f74  0800000c	j	L89_LF2
 1341  00001f78  54000000	nop; delay slot nop
 1342  00001f7c          	L98_LF2:
 1343  00001f7c  0bfffec8	j	L88_LF2
 1344  00001f80  54000000	nop; delay slot nop
 1345  00001f84          	L89_LF2:
 1346  00001f84  8fc10004	lw	r1,4(r30)
 1347  00001f88  64220000	snei	r2,r1,#0
 1348  00001f8c  10400010	beqz	r2,L99_LF2
 1349  00001f90  54000000	nop; delay slot nop
 1350  00001f94  8fc10004	lw	r1,4(r30)
 1351  00001f98  8fc20000	lw	r2,(r30)
 1352  00001f9c  ac220000	sw	(r1),r2
 1353  00001fa0          	L99_LF2:
 1354  00001fa0  8fc1fff4	lw	r1,-12(r30)
 1355  00001fa4  8fc2ffec	lw	r2,-20(r30)
 1356  00001fa8  00200035	movi2fp	f0,r1
 1357  00001fac  00400835	movi2fp	f1,r2
 1358  00001fb0  0401000e	mult	f0,f0,f1
 1359  00001fb4  00000834	movfp2i	r1,f0
 1360  00001fb8  afc1fff4	sw	-12(r30),r1
 1361  00001fbc  8fc1fff4	lw	r1,-12(r30)
 1362  00001fc0  08000004	j	L72_LF2
 1363  00001fc4  54000000	nop; delay slot nop
 1364  00001fc8          	L72_LF2:
 1365  00001fc8  8fa20000	lw	r2,0(r29)
 1366  00001fcc  8fdffff8	lw	r31,-8(r30)
 1367  00001fd0  001ee820	add	r29,r0,r30
 1368  00001fd4  8fdefffc	lw	r30,-4(r30)
 1369  00001fd8  4be00000	jr	r31
 1370  00001fdc  54000000	nop
 1371  00001fe0          	.endproc _dstrtol
 1372  00001fe0          	.align 2
 1373  00001fe0          	.proc _bcopy
 1374  00001fe0          	.global _bcopy
 1375  00001fe0          	_bcopy:
 1376                      ;  Function 'bcopy'; 0 bytes of locals, 2 regs to save.
 1377  00001fe0  afbefffc	sw	-4(r29),r30; push fp
 1378  00001fe4  001df020	add	r30,r0,r29; fp = sp
 1379  00001fe8  afbffff8	sw	-8(r29),r31; push ret addr
 1380  00001fec  2fbd0010	subui	r29,r29,#16; alloc local storage
 1381  00001ff0  afa20000	sw	0(r29),r2
 1382  00001ff4  afa30004	sw	4(r29),r3
 1383  00001ff8  54000000	nop
 1384  00001ffc          	L101_LF2:
 1385  00001ffc  8fc10008	lw	r1,8(r30)
 1386  00002000  2022ffff	addi	r2,r1,#-1
 1387  00002004  afc20008	sw	8(r30),r2
 1388  00002008  6c210000	sgti	r1,r1,#0
 1389  0000200c  1420000c	bnez	r1,L103_LF2
 1390  00002010  54000000	nop; delay slot nop
 1391  00002014  0800002c	j	L102_LF2
 1392  00002018  54000000	nop; delay slot nop
 1393  0000201c          	L103_LF2:
 1394  0000201c  8fc10004	lw	r1,4(r30)
 1395  00002020  20220001	addi	r2,r1,#1
 1396  00002024  afc20004	sw	4(r30),r2
 1397  00002028  8fc20000	lw	r2,(r30)
 1398  0000202c  20430001	addi	r3,r2,#1
 1399  00002030  afc30000	sw	(r30),r3
 1400  00002034  80420000	lb	r2,(r2)
 1401  00002038  a0220000	sb	(r1),r2
 1402  0000203c  0bffffbc	j	L101_LF2
 1403  00002040  54000000	nop; delay slot nop
 1404  00002044          	L102_LF2:
 1405  00002044          	L100_LF2:
 1406  00002044  8fa20000	lw	r2,0(r29)
 1407  00002048  8fa30004	lw	r3,4(r29)
 1408  0000204c  8fdffff8	lw	r31,-8(r30)
 1409  00002050  001ee820	add	r29,r0,r30
 1410  00002054  8fdefffc	lw	r30,-4(r30)
 1411  00002058  4be00000	jr	r31
 1412  0000205c  54000000	nop
 1413  00002060          	.endproc _bcopy
 1414  00002060          	.align 2
 1415  00002060          	.proc _bzero
 1416  00002060          	.global _bzero
 1417  00002060          	_bzero:
 1418                      ;  Function 'bzero'; 0 bytes of locals, 1 regs to save.
 1419  00002060  afbefffc	sw	-4(r29),r30; push fp
 1420  00002064  001df020	add	r30,r0,r29; fp = sp
 1421  00002068  afbffff8	sw	-8(r29),r31; push ret addr
 1422  0000206c  2fbd0010	subui	r29,r29,#16; alloc local storage
 1423  00002070  afa20000	sw	0(r29),r2
 1424  00002074  54000000	nop
 1425  00002078          	L105_LF2:
 1426  00002078  8fc10004	lw	r1,4(r30)
 1427  0000207c  2022ffff	addi	r2,r1,#-1
 1428  00002080  afc20004	sw	4(r30),r2
 1429  00002084  6c210000	sgti	r1,r1,#0
 1430  00002088  1420000c	bnez	r1,L107_LF2
 1431  0000208c  54000000	nop; delay slot nop
 1432  00002090  08000020	j	L106_LF2
 1433  00002094  54000000	nop; delay slot nop
 1434  00002098          	L107_LF2:
 1435  00002098  8fc10000	lw	r1,(r30)
 1436  0000209c  20220001	addi	r2,r1,#1
 1437  000020a0  afc20000	sw	(r30),r2
 1438  000020a4  20020000	addi	r2,r0,(#0x0)&0xff
 1439  000020a8  a0220000	sb	(r1),r2
 1440  000020ac  0bffffc8	j	L105_LF2
 1441  000020b0  54000000	nop; delay slot nop
 1442  000020b4          	L106_LF2:
 1443  000020b4          	L104_LF2:
 1444  000020b4  8fa20000	lw	r2,0(r29)
 1445  000020b8  8fdffff8	lw	r31,-8(r30)
 1446  000020bc  001ee820	add	r29,r0,r30
 1447  000020c0  8fdefffc	lw	r30,-4(r30)
 1448  000020c4  4be00000	jr	r31
 1449  000020c8  54000000	nop
 1450  000020cc          	.endproc _bzero
 1451  000020cc          	.align 2
 1452  000020cc          	.proc _min
 1453  000020cc          	.global _min
 1454  000020cc          	_min:
 1455                      ;  Function 'min'; 0 bytes of locals, 2 regs to save.
 1456  000020cc  afbefffc	sw	-4(r29),r30; push fp
 1457  000020d0  001df020	add	r30,r0,r29; fp = sp
 1458  000020d4  afbffff8	sw	-8(r29),r31; push ret addr
 1459  000020d8  2fbd0010	subui	r29,r29,#16; alloc local storage
 1460  000020dc  afa20000	sw	0(r29),r2
 1461  000020e0  afa30004	sw	4(r29),r3
 1462  000020e4  8fc10000	lw	r1,(r30)
 1463  000020e8  8fc20004	lw	r2,4(r30)
 1464  000020ec  0022182c	sle	r3,r1,r2
 1465  000020f0  14600008	bnez	r3,L109_LF2
 1466  000020f4  54000000	nop; delay slot nop
 1467  000020f8  8fc10004	lw	r1,4(r30)
 1468  000020fc          	L109_LF2:
 1469  000020fc  08000004	j	L108_LF2
 1470  00002100  54000000	nop; delay slot nop
 1471  00002104          	L108_LF2:
 1472  00002104  8fa20000	lw	r2,0(r29)
 1473  00002108  8fa30004	lw	r3,4(r29)
 1474  0000210c  8fdffff8	lw	r31,-8(r30)
 1475  00002110  001ee820	add	r29,r0,r30
 1476  00002114  8fdefffc	lw	r30,-4(r30)
 1477  00002118  4be00000	jr	r31
 1478  0000211c  54000000	nop
 1479  00002120          	.endproc _min
 1480                      ;;; Ethan L. Miller, 1999.  Released to the public domain
 1481                      ;;;
 1482                      ;;; Most of the traps are called in files from libtraps.
 1485  00002120          	.align 2
 1486  00002120          	.proc _exit
 1487  00002120          	.global _exit
 1488  00002120          	_exit:
 1489  00002120  44000300	trap	#0x300
 1490  00002124  4be00000	jr	r31
 1491  00002128  54000000	nop
 1492  0000212c          	.endproc _exit
 1494                      ; for the benefit of gcc.
 1495  0000212c          	.proc ___main
 1496  0000212c          	.global ___main
 1497  0000212c          	___main:
 1498  0000212c  4be00000	jr	r31
 1499  00002130  54000000	nop
 1500  00002134          	.endproc ___main
 1501  00002134          	.text
 1502  00002134          	.global _etext
 1503  00002134          	_etext:
 1504  00002134          	.align 3
 1505  00002138          	.data
 1506  000030b6          	.global _edata
 1507  000030b6          	_edata:
