 line   address	contents
    1                      ; Linked by DLX-LD.
    2                      ; MemSize 24576
    3                      ; Data size: 213
    4                      ; Text size: 4580
    5                      ; Stack size: 8192
    6  00000000          	.text 0x1000
    7  00001000          	.data 0x3000
    8                      ; Compiled by GCC
    9  00003000          	.text
   10  00001000          	.align 2
   11  00001000          	.proc _isspace
   12  00001000          	.global _isspace
   13  00001000          	_isspace:
   14                      ;  Function 'isspace'; 0 bytes of locals, 1 regs to save.
   15  00001000  afbefffc	sw	-4(r29),r30; push fp
   16  00001004  001df020	add	r30,r0,r29; fp = sp
   17  00001008  afbffff8	sw	-8(r29),r31; push ret addr
   18  0000100c  2fbd0010	subui	r29,r29,#16; alloc local storage
   19  00001010  afa20000	sw	0(r29),r2
   20  00001014  83c20003	lb	r2,3(r30)
   21  00001018  201f0000	addi	r31,r0,#0
   22  0000101c  304100ff	andi	r1,r2,#0x00ff
   23  00001020  60210020	seqi	r1,r1,#32
   24  00001024  14200018	bnez	r1,L6_LF0
   25  00001028  54000000	nop; not filled.
   26  0000102c  2041fff7	addi	r1,r2,#-9
   27  00001030  302100ff	andi	r1,r1,#0x00ff
   28  00001034  70210001	sleui	r1,r1,#1
   29  00001038  10200008	beqz	r1,L5_LF0
   30  0000103c  54000000	nop; not filled.
   31  00001040          	L6_LF0:
   32  00001040  201f0001	addi	r31,r0,#1
   33  00001044          	L5_LF0:
   34  00001044  001f0820	add	r1,r0,r31
   35  00001048  8fa20000	lw	r2,0(r29)
   36  0000104c  8fdffff8	lw	r31,-8(r30)
   37  00001050  001ee820	add	r29,r0,r30
   38  00001054  8fdefffc	lw	r30,-4(r30)
   39  00001058  4be00000	jr	r31
   40  0000105c  54000000	nop
   41  00001060          	.endproc _isspace
   42  00001060          	.align 2
   43  00001060          	.proc _isxdigit
   44  00001060          	.global _isxdigit
   45  00001060          	_isxdigit:
   46                      ;  Function 'isxdigit'; 0 bytes of locals, 1 regs to save.
   47  00001060  afbefffc	sw	-4(r29),r30; push fp
   48  00001064  001df020	add	r30,r0,r29; fp = sp
   49  00001068  afbffff8	sw	-8(r29),r31; push ret addr
   50  0000106c  2fbd0010	subui	r29,r29,#16; alloc local storage
   51  00001070  afa20000	sw	0(r29),r2
   52  00001074  83df0003	lb	r31,3(r30)
   53  00001078  20020000	addi	r2,r0,#0
   54  0000107c  23e1ffd0	addi	r1,r31,#-48
   55  00001080  302100ff	andi	r1,r1,#0x00ff
   56  00001084  70210009	sleui	r1,r1,#9
   57  00001088  14200028	bnez	r1,L12_LF0
   58  0000108c  54000000	nop; not filled.
   59  00001090  23e1ff9f	addi	r1,r31,#-97
   60  00001094  302100ff	andi	r1,r1,#0x00ff
   61  00001098  70210005	sleui	r1,r1,#5
   62  0000109c  14200014	bnez	r1,L12_LF0
   63  000010a0  54000000	nop; not filled.
   64  000010a4  33e100ff	andi	r1,r31,#0x00ff
   65  000010a8  64210041	snei	r1,r1,#65
   66  000010ac  14200008	bnez	r1,L11_LF0
   67  000010b0  54000000	nop; not filled.
   68  000010b4          	L12_LF0:
   69  000010b4  20020001	addi	r2,r0,#1
   70  000010b8          	L11_LF0:
   71  000010b8  00020820	add	r1,r0,r2
   72  000010bc  8fa20000	lw	r2,0(r29)
   73  000010c0  8fdffff8	lw	r31,-8(r30)
   74  000010c4  001ee820	add	r29,r0,r30
   75  000010c8  8fdefffc	lw	r30,-4(r30)
   76  000010cc  4be00000	jr	r31
   77  000010d0  54000000	nop
   78  000010d4          	.endproc _isxdigit
   79  000010d4          	.data
   80  00003000          	.align 2
   81  00003000          	LC0_LF0:
   82  00003000  55736167	.ascii "Usage: \000"
   82  00003004  653a2000	
   83  00003008          	.align 2
   84  00003008          	LC1_LF0:
   85  00003008  203c6861	.ascii " <handle_to_shared_memory_page> <handle_to_page_mapped_semaphore>\n\000"
   85  0000300c  6e646c65	
   85  00003010  5f746f5f	
   85  00003014  73686172	
   85  00003018  65645f6d	
   85  0000301c  656d6f72	
   85  00003020  795f7061	
   85  00003024  67653e20	
   85  00003028  3c68616e	
   85  0000302c  646c655f	
   85  00003030  746f5f70	
   85  00003034  6167655f	
   85  00003038  6d617070	
   85  0000303c  65645f73	
   85  00003040  656d6170	
   85  00003044  686f7265	
   85  00003048  3e0a00  	
   86  0000304b          	.align 2
   87  0000304c          	LC2_LF0:
   88  0000304c  436f756c	.ascii "Could not map the virtual address to the memory in \000"
   88  00003050  64206e6f	
   88  00003054  74206d61	
   88  00003058  70207468	
   88  0000305c  65207669	
   88  00003060  72747561	
   88  00003064  6c206164	
   88  00003068  64726573	
   88  0000306c  7320746f	
   88  00003070  20746865	
   88  00003074  206d656d	
   88  00003078  6f727920	
   88  0000307c  696e2000	
   89  00003080          	.align 2
   90  00003080          	LC3_LF0:
   91  00003080  2c206578	.ascii ", exiting...\n\000"
   91  00003084  6974696e	
   91  00003088  672e2e2e	
   91  0000308c  0a00    	
   92  0000308e          	.align 2
   93  00003090          	LC4_LF0:
   94  00003090  436f6e73	.ascii "Consumer \000"
   94  00003094  756d6572	
   94  00003098  2000    	
   95  0000309a          	.align 2
   96  0000309c          	LC5_LF0:
   97  0000309c  2072656d	.ascii " removed: \000"
   97  000030a0  6f766564	
   97  000030a4  3a2000  	
   98  000030a7          	.align 2
   99  000030a8          	LC6_LF0:
  100  000030a8  0a00    	.ascii "\n\000"
  101  000030aa          	.align 2
  102  000030ac          	LC7_LF0:
  103  000030ac  42616420	.ascii "Bad semaphore s_procs_completed (%d) in \000"
  103  000030b0  73656d61	
  103  000030b4  70686f72	
  103  000030b8  6520735f	
  103  000030bc  70726f63	
  103  000030c0  735f636f	
  103  000030c4  6d706c65	
  103  000030c8  74656420	
  103  000030cc  28256429	
  103  000030d0  20696e20	
  103  000030d4  00      	
  104  000030d5          	.text
  105  000010d4          	.align 2
  106  000010d4          	.proc _main
  107  000010d4          	.global _main
  108  000010d4          	_main:
  109                      ;  Function 'main'; 8 bytes of locals, 0 regs to save.
  110  000010d4  afbefffc	sw	-4(r29),r30; push fp
  111  000010d8  001df020	add	r30,r0,r29; fp = sp
  112  000010dc  afbffff8	sw	-8(r29),r31; push ret addr
  113  000010e0  2fbd0010	subui	r29,r29,#16; alloc local storage
  114  000010e4  8fc20000	lw	r2,(r30)
  115  000010e8  8fc60004	lw	r6,4(r30)
  116  000010ec  0c0010ec	jal	___main
  117  000010f0  54000000	nop; not filled.
  118  000010f4  64410004	snei	r1,r2,#4
  119  000010f8  1020004c	beqz	r1,L14_LF0
  120  000010fc  54000000	nop; not filled.
  121  00001100  23bdfff8	addi	r29,r29,#-8
  122  00001104  3c0a0000	lhi	r10,((LC0_LF0)>>16)&0xffff
  123  00001108  254a3000	addui	r10,r10,(LC0_LF0)&0xffff
  124  0000110c  afaa0000	sw	(r29),r10
  125  00001110  0c0002c0	jal	_Printf
  126  00001114  54000000	nop; not filled.
  127  00001118  8cca0000	lw	r10,(r6)
  128  0000111c  afaa0000	sw	(r29),r10
  129  00001120  0c0002b0	jal	_Printf
  130  00001124  54000000	nop; not filled.
  131  00001128  3c0a0000	lhi	r10,((LC1_LF0)>>16)&0xffff
  132  0000112c  254a3008	addui	r10,r10,(LC1_LF0)&0xffff
  133  00001130  afaa0000	sw	(r29),r10
  134  00001134  0c00029c	jal	_Printf
  135  00001138  54000000	nop; not filled.
  136  0000113c  0c000348	jal	_Exit
  137  00001140  54000000	nop; not filled.
  138  00001144  23bd0008	addi	r29,r29,#8
  139  00001148          	L14_LF0:
  140  00001148  23bdfff0	addi	r29,r29,#-16
  141  0000114c  8cca0004	lw	r10,4(r6)
  142  00001150  afaa0000	sw	(r29),r10
  143  00001154  200a0000	addi	r10,r0,#0
  144  00001158  afaa0004	sw	4(r29),r10
  145  0000115c  200a000a	addi	r10,r0,#10
  146  00001160  afaa0008	sw	8(r29),r10
  147  00001164  0c000bcc	jal	_dstrtol
  148  00001168  54000000	nop; not filled.
  149  0000116c  00011020	add	r2,r0,r1
  150  00001170  8cca0008	lw	r10,8(r6)
  151  00001174  afaa0000	sw	(r29),r10
  152  00001178  200a0000	addi	r10,r0,#0
  153  0000117c  afaa0004	sw	4(r29),r10
  154  00001180  200a000a	addi	r10,r0,#10
  155  00001184  afaa0008	sw	8(r29),r10
  156  00001188  0c000ba8	jal	_dstrtol
  157  0000118c  54000000	nop; not filled.
  158  00001190  00014020	add	r8,r0,r1
  159  00001194  afa20000	sw	(r29),r2
  160  00001198  0c000268	jal	_shmat
  161  0000119c  54000000	nop; not filled.
  162  000011a0  00012020	add	r4,r0,r1
  163  000011a4  23bd0010	addi	r29,r29,#16
  164  000011a8  64810000	snei	r1,r4,#0
  165  000011ac  1420004c	bnez	r1,L15_LF0
  166  000011b0  54000000	nop; not filled.
  167  000011b4  23bdfff8	addi	r29,r29,#-8
  168  000011b8  3c0a0000	lhi	r10,((LC2_LF0)>>16)&0xffff
  169  000011bc  254a304c	addui	r10,r10,(LC2_LF0)&0xffff
  170  000011c0  afaa0000	sw	(r29),r10
  171  000011c4  0c00020c	jal	_Printf
  172  000011c8  54000000	nop; not filled.
  173  000011cc  8cca0000	lw	r10,(r6)
  174  000011d0  afaa0000	sw	(r29),r10
  175  000011d4  0c0001fc	jal	_Printf
  176  000011d8  54000000	nop; not filled.
  177  000011dc  3c0a0000	lhi	r10,((LC3_LF0)>>16)&0xffff
  178  000011e0  254a3080	addui	r10,r10,(LC3_LF0)&0xffff
  179  000011e4  afaa0000	sw	(r29),r10
  180  000011e8  0c0001e8	jal	_Printf
  181  000011ec  54000000	nop; not filled.
  182  000011f0  0c000294	jal	_Exit
  183  000011f4  54000000	nop; not filled.
  184  000011f8  23bd0008	addi	r29,r29,#8
  185  000011fc          	L15_LF0:
  186  000011fc  20050000	addi	r5,r0,#0
  187  00001200  2009000a	addi	r9,r0,#10
  188  00001204  23c7fff7	addi	r7,r30,#-9
  189  00001208          	L19_LF0:
  190  00001208  23bdfff8	addi	r29,r29,#-8
  191  0000120c  8c8a001c	lw	r10,28(r4)
  192  00001210  afaa0000	sw	(r29),r10
  193  00001214  0c000228	jal	_lock_acquire
  194  00001218  54000000	nop; not filled.
  195  0000121c  8c820004	lw	r2,4(r4)
  196  00001220  8c810000	lw	r1,(r4)
  197  00001224  23bd0008	addi	r29,r29,#8
  198  00001228  00410828	seq	r1,r2,r1
  199  0000122c  1020001c	beqz	r1,L20_LF0
  200  00001230  54000000	nop; not filled.
  201  00001234  23bdfff8	addi	r29,r29,#-8
  202  00001238  8c8a0018	lw	r10,24(r4)
  203  0000123c  afaa0000	sw	(r29),r10
  204  00001240  0c000220	jal	_cond_wait
  205  00001244  54000000	nop; not filled.
  206  00001248  23bd0008	addi	r29,r29,#8
  207  0000124c          	L20_LF0:
  208  0000124c  8c810000	lw	r1,(r4)
  209  00001250  00810820	add	r1,r4,r1
  210  00001254  80210008	lb	r1,8(r1)
  211  00001258  a3c1fff7	sb	-9(r30),r1
  212  0000125c  8c810000	lw	r1,(r4)
  213  00001260  20230001	addi	r3,r1,#1
  214  00001264  00600035	movi2fp	f0,r3
  215  00001268  01200835	movi2fp	f1,r9
  216  0000126c  0401000f	div	f0,f0,f1
  217  00001270  00001034	movfp2i	r2,f0
  218  00001274  50410002	slli	r1,r2,#0x2
  219  00001278  00220820	add	r1,r1,r2
  220  0000127c  50210001	slli	r1,r1,#0x1
  221  00001280  00610822	sub	r1,r3,r1
  222  00001284  ac810000	sw	(r4),r1
  223  00001288  23bdfff8	addi	r29,r29,#-8
  224  0000128c  3c0a0000	lhi	r10,((LC4_LF0)>>16)&0xffff
  225  00001290  254a3090	addui	r10,r10,(LC4_LF0)&0xffff
  226  00001294  afaa0000	sw	(r29),r10
  227  00001298  0c000138	jal	_Printf
  228  0000129c  54000000	nop; not filled.
  229  000012a0  8cca000c	lw	r10,12(r6)
  230  000012a4  afaa0000	sw	(r29),r10
  231  000012a8  0c000128	jal	_Printf
  232  000012ac  54000000	nop; not filled.
  233  000012b0  3c0a0000	lhi	r10,((LC5_LF0)>>16)&0xffff
  234  000012b4  254a309c	addui	r10,r10,(LC5_LF0)&0xffff
  235  000012b8  afaa0000	sw	(r29),r10
  236  000012bc  0c000114	jal	_Printf
  237  000012c0  54000000	nop; not filled.
  238  000012c4  afa70000	sw	(r29),r7
  239  000012c8  0c000108	jal	_Printf
  240  000012cc  54000000	nop; not filled.
  241  000012d0  3c0a0000	lhi	r10,((LC6_LF0)>>16)&0xffff
  242  000012d4  254a30a8	addui	r10,r10,(LC6_LF0)&0xffff
  243  000012d8  afaa0000	sw	(r29),r10
  244  000012dc  0c0000f4	jal	_Printf
  245  000012e0  54000000	nop; not filled.
  246  000012e4  8c8a0014	lw	r10,20(r4)
  247  000012e8  afaa0000	sw	(r29),r10
  248  000012ec  0c00018c	jal	_cond_broadcast
  249  000012f0  54000000	nop; not filled.
  250  000012f4  8c8a001c	lw	r10,28(r4)
  251  000012f8  afaa0000	sw	(r29),r10
  252  000012fc  0c00014c	jal	_lock_release
  253  00001300  54000000	nop; not filled.
  254  00001304  23bd0008	addi	r29,r29,#8
  255  00001308  20a50001	addi	r5,r5,#1
  256  0000130c  70a1000a	slei	r1,r5,#10
  257  00001310  1420fef4	bnez	r1,L19_LF0
  258  00001314  54000000	nop; not filled.
  259  00001318  23bdfff8	addi	r29,r29,#-8
  260  0000131c  afa80000	sw	(r29),r8
  261  00001320  0c000104	jal	_sem_signal
  262  00001324  54000000	nop; not filled.
  263  00001328  23bd0008	addi	r29,r29,#8
  264  0000132c  64210001	snei	r1,r1,#1
  265  00001330  10200050	beqz	r1,L22_LF0
  266  00001334  54000000	nop; not filled.
  267  00001338  23bdfff8	addi	r29,r29,#-8
  268  0000133c  3c0a0000	lhi	r10,((LC7_LF0)>>16)&0xffff
  269  00001340  254a30ac	addui	r10,r10,(LC7_LF0)&0xffff
  270  00001344  afaa0000	sw	(r29),r10
  271  00001348  afa80004	sw	4(r29),r8
  272  0000134c  0c000084	jal	_Printf
  273  00001350  54000000	nop; not filled.
  274  00001354  8cc60000	lw	r6,(r6)
  275  00001358  afa60000	sw	(r29),r6
  276  0000135c  0c000074	jal	_Printf
  277  00001360  54000000	nop; not filled.
  278  00001364  3c0a0000	lhi	r10,((LC3_LF0)>>16)&0xffff
  279  00001368  254a3080	addui	r10,r10,(LC3_LF0)&0xffff
  280  0000136c  afaa0000	sw	(r29),r10
  281  00001370  0c000060	jal	_Printf
  282  00001374  54000000	nop; not filled.
  283  00001378  0c00010c	jal	_Exit
  284  0000137c  54000000	nop; not filled.
  285  00001380  23bd0008	addi	r29,r29,#8
  286  00001384          	L22_LF0:
  287  00001384  0c000e48	jal	_exit
  288  00001388  54000000	nop
  289  0000138c          	.endproc _main
  290                      ;;;
  291                      ;;; Stub functions for DLX traps.
  292                      ;;;
  293                      ;;; Ethan L. Miller, 1999.  Released to the public domain.
  294                      ;;;
  295                      ;;; The traps such as Open and Close
  296                      ;;; (note the capital letters) are for use by user programs.  The traps
  297                      ;;; with names such as open and close (lower case) are for use by the OS.
  298                      ;;;
  301  0000138c          	.align 2
  303                      ;;; The following are the traps to be used by user-level programs
  304                      ;;;
  306  0000138c          	.align 2
  307  0000138c          	.proc _Open
  308  0000138c          	.global _Open
  309  0000138c          	_Open:
  310                      ;;; Note that trap #0x213 actually causes a trap vector in the OS of
  311                      ;;; 0x1213.  The same is true for other user traps.  Thus, a user trap
  312                      ;;; with trap #0x240 will result in a trap vector of 0x1240 in the OS.
  313  0000138c  44000213	trap	#0x213
  314  00001390  4be00000	jr	r31
  315  00001394  54000000	nop
  316  00001398          	.endproc _Open
  318  00001398          	.proc _Close
  319  00001398          	.global _Close
  320  00001398          	_Close:
  321  00001398  44000214	trap	#0x214
  322  0000139c  4be00000	jr	r31
  323  000013a0  54000000	nop
  324  000013a4          	.endproc _Close
  326  000013a4          	.proc _Read
  327  000013a4          	.global _Read
  328  000013a4          	_Read:
  329  000013a4  44000210	trap	#0x210
  330  000013a8  4be00000	jr	r31
  331  000013ac  54000000	nop
  332  000013b0          	.endproc _Read
  334  000013b0          	.proc _Write
  335  000013b0          	.global _Write
  336  000013b0          	_Write:
  337  000013b0  44000211	trap	#0x211
  338  000013b4  4be00000	jr	r31
  339  000013b8  54000000	nop
  340  000013bc          	.endproc _Write
  342  000013bc          	.proc _Lseek
  343  000013bc          	.global _Lseek
  344  000013bc          	_Lseek:
  345  000013bc  44000212	trap	#0x212
  346  000013c0  4be00000	jr	r31
  347  000013c4  54000000	nop
  348  000013c8          	.endproc _Lseek
  350  000013c8          	.proc _Putchar
  351  000013c8          	.global _Putchar
  352  000013c8          	_Putchar:
  353  000013c8  44000280	trap	#0x280
  354  000013cc  4be00000	jr	r31
  355  000013d0  54000000	nop
  356  000013d4          	.endproc _Putchar
  358  000013d4          	.proc _Printf
  359  000013d4          	.global _Printf
  360  000013d4          	_Printf:
  361  000013d4  44000201	trap	#0x201
  362  000013d8  4be00000	jr	r31
  363  000013dc  54000000	nop
  364  000013e0          	.endproc _Printf
  366  000013e0          	.proc _getpid
  367  000013e0          	.global _getpid
  368  000013e0          	_getpid:
  369  000013e0  44000431	trap	#0x431
  370  000013e4  4be00000	jr	r31
  371  000013e8  54000000	nop
  372  000013ec          	.endproc _getpid
  374  000013ec          	.proc _process_create
  375  000013ec          	.global _process_create
  376  000013ec          	_process_create:
  377  000013ec  44000432	trap	#0x432
  378  000013f0  4be00000	jr	r31
  379  000013f4  54000000	nop
  380  000013f8          	.endproc _process_create
  382  000013f8          	.proc _shmget
  383  000013f8          	.global _shmget
  384  000013f8          	_shmget:
  385  000013f8  44000440	trap	#0x440
  386  000013fc  4be00000	jr	r31
  387  00001400  54000000	nop
  388  00001404          	.endproc _shmget
  390  00001404          	.proc _shmat
  391  00001404          	.global _shmat
  392  00001404          	_shmat:
  393  00001404  44000441	trap	#0x441
  394  00001408  4be00000	jr	r31
  395  0000140c  54000000	nop
  396  00001410          	.endproc _shmat
  398  00001410          	.proc _sem_create
  399  00001410          	.global _sem_create
  400  00001410          	_sem_create:
  401  00001410  44000450	trap	#0x450
  402  00001414  4be00000	jr	r31
  403  00001418  54000000	nop
  404  0000141c          	.endproc _sem_create
  406  0000141c          	.proc _sem_wait
  407  0000141c          	.global _sem_wait
  408  0000141c          	_sem_wait:
  409  0000141c  44000451	trap	#0x451
  410  00001420  4be00000	jr	r31
  411  00001424  54000000	nop
  412  00001428          	.endproc _sem_wait
  414  00001428          	.proc _sem_signal
  415  00001428          	.global _sem_signal
  416  00001428          	_sem_signal:
  417  00001428  44000452	trap	#0x452
  418  0000142c  4be00000	jr	r31
  419  00001430  54000000	nop
  420  00001434          	.endproc _sem_signal
  422  00001434          	.proc _lock_create
  423  00001434          	.global _lock_create
  424  00001434          	_lock_create:
  425  00001434  44000453	trap	#0x453
  426  00001438  4be00000	jr	r31
  427  0000143c  54000000	nop
  428  00001440          	.endproc _lock_create
  430  00001440          	.proc _lock_acquire
  431  00001440          	.global _lock_acquire
  432  00001440          	_lock_acquire:
  433  00001440  44000454	trap	#0x454
  434  00001444  4be00000	jr	r31
  435  00001448  54000000	nop
  436  0000144c          	.endproc _lock_acquire
  438  0000144c          	.proc _lock_release
  439  0000144c          	.global _lock_release
  440  0000144c          	_lock_release:
  441  0000144c  44000455	trap	#0x455
  442  00001450  4be00000	jr	r31
  443  00001454  54000000	nop
  444  00001458          	.endproc _lock_release
  446  00001458          	.proc _cond_create
  447  00001458          	.global _cond_create
  448  00001458          	_cond_create:
  449  00001458  44000456	trap	#0x456
  450  0000145c  4be00000	jr	r31
  451  00001460  54000000	nop
  452  00001464          	.endproc _cond_create
  454  00001464          	.proc _cond_wait
  455  00001464          	.global _cond_wait
  456  00001464          	_cond_wait:
  457  00001464  44000457	trap	#0x457
  458  00001468  4be00000	jr	r31
  459  0000146c  54000000	nop
  460  00001470          	.endproc _cond_wait
  462  00001470          	.proc _cond_signal
  463  00001470          	.global _cond_signal
  464  00001470          	_cond_signal:
  465  00001470  44000458	trap	#0x458
  466  00001474  4be00000	jr	r31
  467  00001478  54000000	nop
  468  0000147c          	.endproc _cond_signal
  470  0000147c          	.proc _cond_broadcast
  471  0000147c          	.global _cond_broadcast
  472  0000147c          	_cond_broadcast:
  473  0000147c  44000459	trap	#0x459
  474  00001480  4be00000	jr	r31
  475  00001484  54000000	nop
  476  00001488          	.endproc _cond_broadcast
  478  00001488          	.proc _Exit
  479  00001488          	.global _Exit
  480  00001488          	_Exit:
  481  00001488  44000500	trap	#0x500
  482  0000148c  4be00000	jr	r31
  483  00001490  54000000	nop
  484  00001494          	.endproc _Exit
  485                      ; Compiled by GCC
  487  00001494          	.align 2
  488  00001494          	.proc _isspace
  489  00001494          	.global _isspace
  490  00001494          	_isspace:
  491                      ;  Function 'isspace'; 0 bytes of locals, 3 regs to save.
  492  00001494  afbefffc	sw	-4(r29),r30; push fp
  493  00001498  001df020	add	r30,r0,r29; fp = sp
  494  0000149c  afbffff8	sw	-8(r29),r31; push ret addr
  495  000014a0  2fbd0018	subui	r29,r29,#24; alloc local storage
  496  000014a4  afa20000	sw	0(r29),r2
  497  000014a8  afa30004	sw	4(r29),r3
  498  000014ac  afa40008	sw	8(r29),r4
  499  000014b0  83c20003	lb	r2,3(r30)
  500  000014b4  20010000	addi	r1,r0,#0
  501  000014b8  304300ff	andi	r3,r2,#0x00ff
  502  000014bc  60640020	seqi	r4,r3,#32
  503  000014c0  1480002c	bnez	r4,L3_LF2
  504  000014c4  54000000	nop; delay slot nop
  505  000014c8  304300ff	andi	r3,r2,#0x00ff
  506  000014cc  60640009	seqi	r4,r3,#9
  507  000014d0  1480001c	bnez	r4,L3_LF2
  508  000014d4  54000000	nop; delay slot nop
  509  000014d8  304300ff	andi	r3,r2,#0x00ff
  510  000014dc  6064000a	seqi	r4,r3,#10
  511  000014e0  1480000c	bnez	r4,L3_LF2
  512  000014e4  54000000	nop; delay slot nop
  513  000014e8  08000008	j	L2_LF2
  514  000014ec  54000000	nop; delay slot nop
  515  000014f0          	L3_LF2:
  516  000014f0  20010001	addi	r1,r0,#1
  517  000014f4          	L2_LF2:
  518  000014f4  08000004	j	L1_LF2
  519  000014f8  54000000	nop; delay slot nop
  520  000014fc          	L1_LF2:
  521  000014fc  8fa20000	lw	r2,0(r29)
  522  00001500  8fa30004	lw	r3,4(r29)
  523  00001504  8fa40008	lw	r4,8(r29)
  524  00001508  8fdffff8	lw	r31,-8(r30)
  525  0000150c  001ee820	add	r29,r0,r30
  526  00001510  8fdefffc	lw	r30,-4(r30)
  527  00001514  4be00000	jr	r31
  528  00001518  54000000	nop
  529  0000151c          	.endproc _isspace
  530  0000151c          	.align 2
  531  0000151c          	.proc _isxdigit
  532  0000151c          	.global _isxdigit
  533  0000151c          	_isxdigit:
  534                      ;  Function 'isxdigit'; 0 bytes of locals, 3 regs to save.
  535  0000151c  afbefffc	sw	-4(r29),r30; push fp
  536  00001520  001df020	add	r30,r0,r29; fp = sp
  537  00001524  afbffff8	sw	-8(r29),r31; push ret addr
  538  00001528  2fbd0018	subui	r29,r29,#24; alloc local storage
  539  0000152c  afa20000	sw	0(r29),r2
  540  00001530  afa30004	sw	4(r29),r3
  541  00001534  afa40008	sw	8(r29),r4
  542  00001538  83c20003	lb	r2,3(r30)
  543  0000153c  20010000	addi	r1,r0,#0
  544  00001540  304300ff	andi	r3,r2,#0x00ff
  545  00001544  6c64002f	sgtui	r4,r3,#47
  546  00001548  1080001c	beqz	r4,L7_LF2
  547  0000154c  54000000	nop; delay slot nop
  548  00001550  304300ff	andi	r3,r2,#0x00ff
  549  00001554  70640039	sleui	r4,r3,#57
  550  00001558  1480005c	bnez	r4,L6_LF2
  551  0000155c  54000000	nop; delay slot nop
  552  00001560  08000004	j	L7_LF2
  553  00001564  54000000	nop; delay slot nop
  554  00001568          	L7_LF2:
  555  00001568  304300ff	andi	r3,r2,#0x00ff
  556  0000156c  6c640060	sgtui	r4,r3,#96
  557  00001570  1080001c	beqz	r4,L8_LF2
  558  00001574  54000000	nop; delay slot nop
  559  00001578  304300ff	andi	r3,r2,#0x00ff
  560  0000157c  70640066	sleui	r4,r3,#102
  561  00001580  14800034	bnez	r4,L6_LF2
  562  00001584  54000000	nop; delay slot nop
  563  00001588  08000004	j	L8_LF2
  564  0000158c  54000000	nop; delay slot nop
  565  00001590          	L8_LF2:
  566  00001590  304300ff	andi	r3,r2,#0x00ff
  567  00001594  6c640040	sgtui	r4,r3,#64
  568  00001598  10800020	beqz	r4,L5_LF2
  569  0000159c  54000000	nop; delay slot nop
  570  000015a0  304300ff	andi	r3,r2,#0x00ff
  571  000015a4  70640041	sleui	r4,r3,#65
  572  000015a8  1480000c	bnez	r4,L6_LF2
  573  000015ac  54000000	nop; delay slot nop
  574  000015b0  08000008	j	L5_LF2
  575  000015b4  54000000	nop; delay slot nop
  576  000015b8          	L6_LF2:
  577  000015b8  20010001	addi	r1,r0,#1
  578  000015bc          	L5_LF2:
  579  000015bc  08000004	j	L4_LF2
  580  000015c0  54000000	nop; delay slot nop
  581  000015c4          	L4_LF2:
  582  000015c4  8fa20000	lw	r2,0(r29)
  583  000015c8  8fa30004	lw	r3,4(r29)
  584  000015cc  8fa40008	lw	r4,8(r29)
  585  000015d0  8fdffff8	lw	r31,-8(r30)
  586  000015d4  001ee820	add	r29,r0,r30
  587  000015d8  8fdefffc	lw	r30,-4(r30)
  588  000015dc  4be00000	jr	r31
  589  000015e0  54000000	nop
  590  000015e4          	.endproc _isxdigit
  591  000015e4          	.align 2
  592  000015e4          	.proc _dstrcpy
  593  000015e4          	.global _dstrcpy
  594  000015e4          	_dstrcpy:
  595                      ;  Function 'dstrcpy'; 8 bytes of locals, 2 regs to save.
  596  000015e4  afbefffc	sw	-4(r29),r30; push fp
  597  000015e8  001df020	add	r30,r0,r29; fp = sp
  598  000015ec  afbffff8	sw	-8(r29),r31; push ret addr
  599  000015f0  2fbd0018	subui	r29,r29,#24; alloc local storage
  600  000015f4  afa20000	sw	0(r29),r2
  601  000015f8  afa30004	sw	4(r29),r3
  602  000015fc  8fc10000	lw	r1,(r30)
  603  00001600  afc1fff4	sw	-12(r30),r1
  604  00001604          	L10_LF2:
  605  00001604  8fc10000	lw	r1,(r30)
  606  00001608  20220001	addi	r2,r1,#1
  607  0000160c  afc20000	sw	(r30),r2
  608  00001610  8fc20004	lw	r2,4(r30)
  609  00001614  20430001	addi	r3,r2,#1
  610  00001618  afc30004	sw	4(r30),r3
  611  0000161c  80420000	lb	r2,(r2)
  612  00001620  a0220000	sb	(r1),r2
  613  00001624  a3c2fff3	sb	-13(r30),r2
  614  00001628          	L12_LF2:
  615  00001628  93c1fff3	lbu	r1,-13(r30)
  616  0000162c  64220000	snei	r2,r1,#0
  617  00001630  1440000c	bnez	r2,L13_LF2
  618  00001634  54000000	nop; delay slot nop
  619  00001638  0800000c	j	L11_LF2
  620  0000163c  54000000	nop; delay slot nop
  621  00001640          	L13_LF2:
  622  00001640  0bffffc0	j	L10_LF2
  623  00001644  54000000	nop; delay slot nop
  624  00001648          	L11_LF2:
  625  00001648  8fc1fff4	lw	r1,-12(r30)
  626  0000164c  08000004	j	L9_LF2
  627  00001650  54000000	nop; delay slot nop
  628  00001654          	L9_LF2:
  629  00001654  8fa20000	lw	r2,0(r29)
  630  00001658  8fa30004	lw	r3,4(r29)
  631  0000165c  8fdffff8	lw	r31,-8(r30)
  632  00001660  001ee820	add	r29,r0,r30
  633  00001664  8fdefffc	lw	r30,-4(r30)
  634  00001668  4be00000	jr	r31
  635  0000166c  54000000	nop
  636  00001670          	.endproc _dstrcpy
  637  00001670          	.align 2
  638  00001670          	.proc _dstrncpy
  639  00001670          	.global _dstrncpy
  640  00001670          	_dstrncpy:
  641                      ;  Function 'dstrncpy'; 8 bytes of locals, 2 regs to save.
  642  00001670  afbefffc	sw	-4(r29),r30; push fp
  643  00001674  001df020	add	r30,r0,r29; fp = sp
  644  00001678  afbffff8	sw	-8(r29),r31; push ret addr
  645  0000167c  2fbd0018	subui	r29,r29,#24; alloc local storage
  646  00001680  afa20000	sw	0(r29),r2
  647  00001684  afa30004	sw	4(r29),r3
  648  00001688  8fc10000	lw	r1,(r30)
  649  0000168c  afc1fff4	sw	-12(r30),r1
  650  00001690          	L15_LF2:
  651  00001690  8fc10008	lw	r1,8(r30)
  652  00001694  2022ffff	addi	r2,r1,#-1
  653  00001698  afc20008	sw	8(r30),r2
  654  0000169c  70210000	slei	r1,r1,#0
  655  000016a0  1020000c	beqz	r1,L18_LF2
  656  000016a4  54000000	nop; delay slot nop
  657  000016a8  08000048	j	L16_LF2
  658  000016ac  54000000	nop; delay slot nop
  659  000016b0          	L18_LF2:
  660  000016b0  8fc10000	lw	r1,(r30)
  661  000016b4  20220001	addi	r2,r1,#1
  662  000016b8  afc20000	sw	(r30),r2
  663  000016bc  8fc20004	lw	r2,4(r30)
  664  000016c0  20430001	addi	r3,r2,#1
  665  000016c4  afc30004	sw	4(r30),r3
  666  000016c8  80420000	lb	r2,(r2)
  667  000016cc  a0220000	sb	(r1),r2
  668  000016d0  a3c2fff3	sb	-13(r30),r2
  669  000016d4          	L17_LF2:
  670  000016d4  93c1fff3	lbu	r1,-13(r30)
  671  000016d8  64220000	snei	r2,r1,#0
  672  000016dc  1440000c	bnez	r2,L19_LF2
  673  000016e0  54000000	nop; delay slot nop
  674  000016e4  0800000c	j	L16_LF2
  675  000016e8  54000000	nop; delay slot nop
  676  000016ec          	L19_LF2:
  677  000016ec  0bffffa0	j	L15_LF2
  678  000016f0  54000000	nop; delay slot nop
  679  000016f4          	L16_LF2:
  680  000016f4  8fc1fff4	lw	r1,-12(r30)
  681  000016f8  08000004	j	L14_LF2
  682  000016fc  54000000	nop; delay slot nop
  683  00001700          	L14_LF2:
  684  00001700  8fa20000	lw	r2,0(r29)
  685  00001704  8fa30004	lw	r3,4(r29)
  686  00001708  8fdffff8	lw	r31,-8(r30)
  687  0000170c  001ee820	add	r29,r0,r30
  688  00001710  8fdefffc	lw	r30,-4(r30)
  689  00001714  4be00000	jr	r31
  690  00001718  54000000	nop
  691  0000171c          	.endproc _dstrncpy
  692  0000171c          	.align 2
  693  0000171c          	.proc _dstrcat
  694  0000171c          	.global _dstrcat
  695  0000171c          	_dstrcat:
  696                      ;  Function 'dstrcat'; 8 bytes of locals, 1 regs to save.
  697  0000171c  afbefffc	sw	-4(r29),r30; push fp
  698  00001720  001df020	add	r30,r0,r29; fp = sp
  699  00001724  afbffff8	sw	-8(r29),r31; push ret addr
  700  00001728  2fbd0018	subui	r29,r29,#24; alloc local storage
  701  0000172c  afa20000	sw	0(r29),r2
  702  00001730  8fc10000	lw	r1,(r30)
  703  00001734  afc1fff4	sw	-12(r30),r1
  704  00001738          	L21_LF2:
  705  00001738  8fc10000	lw	r1,(r30)
  706  0000173c  90220000	lbu	r2,(r1)
  707  00001740  64410000	snei	r1,r2,#0
  708  00001744  1420000c	bnez	r1,L23_LF2
  709  00001748  54000000	nop; delay slot nop
  710  0000174c  0800001c	j	L22_LF2
  711  00001750  54000000	nop; delay slot nop
  712  00001754          	L23_LF2:
  713  00001754  8fc20000	lw	r2,(r30)
  714  00001758  20410001	addi	r1,r2,#1
  715  0000175c  00011020	add	r2,r0,r1
  716  00001760  afc20000	sw	(r30),r2
  717  00001764  0bffffd0	j	L21_LF2
  718  00001768  54000000	nop; delay slot nop
  719  0000176c          	L22_LF2:
  720  0000176c  23bdfff8	addi	r29,r29,#-8
  721  00001770  001d0820	add	r1,r0,r29
  722  00001774  8fc20000	lw	r2,(r30)
  723  00001778  ac220000	sw	(r1),r2
  724  0000177c  8fc20004	lw	r2,4(r30)
  725  00001780  ac220004	sw	4(r1),r2
  726  00001784  0ffffe5c	jal	_dstrcpy
  727  00001788  54000000	nop; delay slot nop
  728  0000178c  23bd0008	addi	r29,r29,#8
  729  00001790  8fc1fff4	lw	r1,-12(r30)
  730  00001794  08000004	j	L20_LF2
  731  00001798  54000000	nop; delay slot nop
  732  0000179c          	L20_LF2:
  733  0000179c  8fa20000	lw	r2,0(r29)
  734  000017a0  8fdffff8	lw	r31,-8(r30)
  735  000017a4  001ee820	add	r29,r0,r30
  736  000017a8  8fdefffc	lw	r30,-4(r30)
  737  000017ac  4be00000	jr	r31
  738  000017b0  54000000	nop
  739  000017b4          	.endproc _dstrcat
  740  000017b4          	.align 2
  741  000017b4          	.proc _dstrncmp
  742  000017b4          	.global _dstrncmp
  743  000017b4          	_dstrncmp:
  744                      ;  Function 'dstrncmp'; 8 bytes of locals, 2 regs to save.
  745  000017b4  afbefffc	sw	-4(r29),r30; push fp
  746  000017b8  001df020	add	r30,r0,r29; fp = sp
  747  000017bc  afbffff8	sw	-8(r29),r31; push ret addr
  748  000017c0  2fbd0018	subui	r29,r29,#24; alloc local storage
  749  000017c4  afa20000	sw	0(r29),r2
  750  000017c8  afa30004	sw	4(r29),r3
  751  000017cc  54000000	nop
  752  000017d0  20010000	addi	r1,r0,#0
  753  000017d4  afc1fff4	sw	-12(r30),r1
  754  000017d8          	L25_LF2:
  755  000017d8  8fc1fff4	lw	r1,-12(r30)
  756  000017dc  8fc20008	lw	r2,8(r30)
  757  000017e0  0022082a	slt	r1,r1,r2
  758  000017e4  1420000c	bnez	r1,L28_LF2
  759  000017e8  54000000	nop; delay slot nop
  760  000017ec  08000088	j	L26_LF2
  761  000017f0  54000000	nop; delay slot nop
  762  000017f4          	L28_LF2:
  763  000017f4  8fc10004	lw	r1,4(r30)
  764  000017f8  90220000	lbu	r2,(r1)
  765  000017fc  64410000	snei	r1,r2,#0
  766  00001800  14200018	bnez	r1,L29_LF2
  767  00001804  54000000	nop; delay slot nop
  768  00001808  20010000	addi	r1,r0,#0
  769  0000180c  080000d8	j	L24_LF2
  770  00001810  54000000	nop; delay slot nop
  771  00001814  08000028	j	L30_LF2
  772  00001818  54000000	nop; delay slot nop
  773  0000181c          	L29_LF2:
  774  0000181c  8fc10000	lw	r1,(r30)
  775  00001820  8fc20004	lw	r2,4(r30)
  776  00001824  90210000	lbu	r1,(r1)
  777  00001828  90420000	lbu	r2,(r2)
  778  0000182c  00220829	sne	r1,r1,r2
  779  00001830  1020000c	beqz	r1,L30_LF2
  780  00001834  54000000	nop; delay slot nop
  781  00001838  0800003c	j	L26_LF2
  782  0000183c  54000000	nop; delay slot nop
  783  00001840          	L31_LF2:
  784  00001840          	L30_LF2:
  785  00001840  8fc20000	lw	r2,(r30)
  786  00001844  20410001	addi	r1,r2,#1
  787  00001848  00011020	add	r2,r0,r1
  788  0000184c  afc20000	sw	(r30),r2
  789  00001850  8fc20004	lw	r2,4(r30)
  790  00001854  20410001	addi	r1,r2,#1
  791  00001858  00011020	add	r2,r0,r1
  792  0000185c  afc20004	sw	4(r30),r2
  793  00001860          	L27_LF2:
  794  00001860  8fc2fff4	lw	r2,-12(r30)
  795  00001864  20410001	addi	r1,r2,#1
  796  00001868  00011020	add	r2,r0,r1
  797  0000186c  afc2fff4	sw	-12(r30),r2
  798  00001870  0bffff64	j	L25_LF2
  799  00001874  54000000	nop; delay slot nop
  800  00001878          	L26_LF2:
  801  00001878  8fc1fff4	lw	r1,-12(r30)
  802  0000187c  8fc20008	lw	r2,8(r30)
  803  00001880  00220828	seq	r1,r1,r2
  804  00001884  10200018	beqz	r1,L32_LF2
  805  00001888  54000000	nop; delay slot nop
  806  0000188c  20010000	addi	r1,r0,#0
  807  00001890  08000054	j	L24_LF2
  808  00001894  54000000	nop; delay slot nop
  809  00001898  0800004c	j	L33_LF2
  810  0000189c  54000000	nop; delay slot nop
  811  000018a0          	L32_LF2:
  812  000018a0  8fc20000	lw	r2,(r30)
  813  000018a4  90410000	lbu	r1,(r2)
  814  000018a8  8fc20004	lw	r2,4(r30)
  815  000018ac  90430000	lbu	r3,(r2)
  816  000018b0  00230822	sub	r1,r1,r3
  817  000018b4  74220000	sgei	r2,r1,#0
  818  000018b8  10400020	beqz	r2,L34_LF2
  819  000018bc  54000000	nop; delay slot nop
  820  000018c0  8fc10000	lw	r1,(r30)
  821  000018c4  8fc20004	lw	r2,4(r30)
  822  000018c8  90210000	lbu	r1,(r1)
  823  000018cc  90420000	lbu	r2,(r2)
  824  000018d0  00220829	sne	r1,r1,r2
  825  000018d4  08000008	j	L35_LF2
  826  000018d8  54000000	nop; delay slot nop
  827  000018dc          	L34_LF2:
  828  000018dc  2001ffff	addi	r1,r0,#-1
  829  000018e0          	L35_LF2:
  830  000018e0  08000004	j	L24_LF2
  831  000018e4  54000000	nop; delay slot nop
  832  000018e8          	L33_LF2:
  833  000018e8          	L24_LF2:
  834  000018e8  8fa20000	lw	r2,0(r29)
  835  000018ec  8fa30004	lw	r3,4(r29)
  836  000018f0  8fdffff8	lw	r31,-8(r30)
  837  000018f4  001ee820	add	r29,r0,r30
  838  000018f8  8fdefffc	lw	r30,-4(r30)
  839  000018fc  4be00000	jr	r31
  840  00001900  54000000	nop
  841  00001904          	.endproc _dstrncmp
  842  00001904          	.align 2
  843  00001904          	.proc _dstrlen
  844  00001904          	.global _dstrlen
  845  00001904          	_dstrlen:
  846                      ;  Function 'dstrlen'; 8 bytes of locals, 1 regs to save.
  847  00001904  afbefffc	sw	-4(r29),r30; push fp
  848  00001908  001df020	add	r30,r0,r29; fp = sp
  849  0000190c  afbffff8	sw	-8(r29),r31; push ret addr
  850  00001910  2fbd0018	subui	r29,r29,#24; alloc local storage
  851  00001914  afa20000	sw	0(r29),r2
  852  00001918  20010000	addi	r1,r0,#0
  853  0000191c  afc1fff4	sw	-12(r30),r1
  854  00001920          	L37_LF2:
  855  00001920  8fc10000	lw	r1,(r30)
  856  00001924  20220001	addi	r2,r1,#1
  857  00001928  afc20000	sw	(r30),r2
  858  0000192c  90210000	lbu	r1,(r1)
  859  00001930  64220000	snei	r2,r1,#0
  860  00001934  1440000c	bnez	r2,L39_LF2
  861  00001938  54000000	nop; delay slot nop
  862  0000193c  0800001c	j	L38_LF2
  863  00001940  54000000	nop; delay slot nop
  864  00001944          	L39_LF2:
  865  00001944  8fc2fff4	lw	r2,-12(r30)
  866  00001948  20410001	addi	r1,r2,#1
  867  0000194c  00011020	add	r2,r0,r1
  868  00001950  afc2fff4	sw	-12(r30),r2
  869  00001954  0bffffc8	j	L37_LF2
  870  00001958  54000000	nop; delay slot nop
  871  0000195c          	L38_LF2:
  872  0000195c  8fc1fff4	lw	r1,-12(r30)
  873  00001960  08000004	j	L36_LF2
  874  00001964  54000000	nop; delay slot nop
  875  00001968          	L36_LF2:
  876  00001968  8fa20000	lw	r2,0(r29)
  877  0000196c  8fdffff8	lw	r31,-8(r30)
  878  00001970  001ee820	add	r29,r0,r30
  879  00001974  8fdefffc	lw	r30,-4(r30)
  880  00001978  4be00000	jr	r31
  881  0000197c  54000000	nop
  882  00001980          	.endproc _dstrlen
  883  00001980          	.align 2
  884  00001980          	.proc _dstrstr
  885  00001980          	.global _dstrstr
  886  00001980          	_dstrstr:
  887                      ;  Function 'dstrstr'; 8 bytes of locals, 1 regs to save.
  888  00001980  afbefffc	sw	-4(r29),r30; push fp
  889  00001984  001df020	add	r30,r0,r29; fp = sp
  890  00001988  afbffff8	sw	-8(r29),r31; push ret addr
  891  0000198c  2fbd0018	subui	r29,r29,#24; alloc local storage
  892  00001990  afa20000	sw	0(r29),r2
  893  00001994  23bdfff8	addi	r29,r29,#-8
  894  00001998  001d0820	add	r1,r0,r29
  895  0000199c  8fc20004	lw	r2,4(r30)
  896  000019a0  ac220000	sw	(r1),r2
  897  000019a4  0fffff5c	jal	_dstrlen
  898  000019a8  54000000	nop; delay slot nop
  899  000019ac  23bd0008	addi	r29,r29,#8
  900  000019b0  afc1fff4	sw	-12(r30),r1
  901  000019b4          	L41_LF2:
  902  000019b4  8fc10000	lw	r1,(r30)
  903  000019b8  90220000	lbu	r2,(r1)
  904  000019bc  64410000	snei	r1,r2,#0
  905  000019c0  1420000c	bnez	r1,L43_LF2
  906  000019c4  54000000	nop; delay slot nop
  907  000019c8  08000060	j	L42_LF2
  908  000019cc  54000000	nop; delay slot nop
  909  000019d0          	L43_LF2:
  910  000019d0  23bdfff0	addi	r29,r29,#-16
  911  000019d4  001d0820	add	r1,r0,r29
  912  000019d8  8fc20000	lw	r2,(r30)
  913  000019dc  ac220000	sw	(r1),r2
  914  000019e0  8fc20004	lw	r2,4(r30)
  915  000019e4  ac220004	sw	4(r1),r2
  916  000019e8  8fc2fff4	lw	r2,-12(r30)
  917  000019ec  ac220008	sw	8(r1),r2
  918  000019f0  0ffffdc0	jal	_dstrncmp
  919  000019f4  54000000	nop; delay slot nop
  920  000019f8  23bd0010	addi	r29,r29,#16
  921  000019fc  64220000	snei	r2,r1,#0
  922  00001a00  14400010	bnez	r2,L44_LF2
  923  00001a04  54000000	nop; delay slot nop
  924  00001a08  8fc10000	lw	r1,(r30)
  925  00001a0c  08000028	j	L40_LF2
  926  00001a10  54000000	nop; delay slot nop
  927  00001a14          	L44_LF2:
  928  00001a14  8fc20000	lw	r2,(r30)
  929  00001a18  20410001	addi	r1,r2,#1
  930  00001a1c  00011020	add	r2,r0,r1
  931  00001a20  afc20000	sw	(r30),r2
  932  00001a24  0bffff8c	j	L41_LF2
  933  00001a28  54000000	nop; delay slot nop
  934  00001a2c          	L42_LF2:
  935  00001a2c  20010000	addi	r1,r0,#0
  936  00001a30  08000004	j	L40_LF2
  937  00001a34  54000000	nop; delay slot nop
  938  00001a38          	L40_LF2:
  939  00001a38  8fa20000	lw	r2,0(r29)
  940  00001a3c  8fdffff8	lw	r31,-8(r30)
  941  00001a40  001ee820	add	r29,r0,r30
  942  00001a44  8fdefffc	lw	r30,-4(r30)
  943  00001a48  4be00000	jr	r31
  944  00001a4c  54000000	nop
  945  00001a50          	.endproc _dstrstr
  946  00001a50          	.align 2
  947  00001a50          	.proc _dmindex
  948  00001a50          	.global _dmindex
  949  00001a50          	_dmindex:
  950                      ;  Function 'dmindex'; 8 bytes of locals, 1 regs to save.
  951  00001a50  afbefffc	sw	-4(r29),r30; push fp
  952  00001a54  001df020	add	r30,r0,r29; fp = sp
  953  00001a58  afbffff8	sw	-8(r29),r31; push ret addr
  954  00001a5c  2fbd0018	subui	r29,r29,#24; alloc local storage
  955  00001a60  afa20000	sw	0(r29),r2
  956  00001a64  54000000	nop
  957  00001a68          	L46_LF2:
  958  00001a68  8fc10000	lw	r1,(r30)
  959  00001a6c  90220000	lbu	r2,(r1)
  960  00001a70  64410000	snei	r1,r2,#0
  961  00001a74  1420000c	bnez	r1,L48_LF2
  962  00001a78  54000000	nop; delay slot nop
  963  00001a7c  08000070	j	L47_LF2
  964  00001a80  54000000	nop; delay slot nop
  965  00001a84          	L48_LF2:
  966  00001a84  8fc10004	lw	r1,4(r30)
  967  00001a88  afc1fff4	sw	-12(r30),r1
  968  00001a8c          	L49_LF2:
  969  00001a8c  8fc1fff4	lw	r1,-12(r30)
  970  00001a90  90220000	lbu	r2,(r1)
  971  00001a94  64410000	snei	r1,r2,#0
  972  00001a98  1420000c	bnez	r1,L52_LF2
  973  00001a9c  54000000	nop; delay slot nop
  974  00001aa0  08000044	j	L50_LF2
  975  00001aa4  54000000	nop; delay slot nop
  976  00001aa8          	L52_LF2:
  977  00001aa8  8fc10000	lw	r1,(r30)
  978  00001aac  8fc2fff4	lw	r2,-12(r30)
  979  00001ab0  90210000	lbu	r1,(r1)
  980  00001ab4  90420000	lbu	r2,(r2)
  981  00001ab8  00220828	seq	r1,r1,r2
  982  00001abc  10200010	beqz	r1,L51_LF2
  983  00001ac0  54000000	nop; delay slot nop
  984  00001ac4  8fc10000	lw	r1,(r30)
  985  00001ac8  08000030	j	L45_LF2
  986  00001acc  54000000	nop; delay slot nop
  987  00001ad0          	L53_LF2:
  988  00001ad0          	L51_LF2:
  989  00001ad0  8fc2fff4	lw	r2,-12(r30)
  990  00001ad4  20410001	addi	r1,r2,#1
  991  00001ad8  00011020	add	r2,r0,r1
  992  00001adc  afc2fff4	sw	-12(r30),r2
  993  00001ae0  0bffffa8	j	L49_LF2
  994  00001ae4  54000000	nop; delay slot nop
  995  00001ae8          	L50_LF2:
  996  00001ae8  0bffff7c	j	L46_LF2
  997  00001aec  54000000	nop; delay slot nop
  998  00001af0          	L47_LF2:
  999  00001af0  20010000	addi	r1,r0,#0
 1000  00001af4  08000004	j	L45_LF2
 1001  00001af8  54000000	nop; delay slot nop
 1002  00001afc          	L45_LF2:
 1003  00001afc  8fa20000	lw	r2,0(r29)
 1004  00001b00  8fdffff8	lw	r31,-8(r30)
 1005  00001b04  001ee820	add	r29,r0,r30
 1006  00001b08  8fdefffc	lw	r30,-4(r30)
 1007  00001b0c  4be00000	jr	r31
 1008  00001b10  54000000	nop
 1009  00001b14          	.endproc _dmindex
 1010  00001b14          	.align 2
 1011  00001b14          	.proc _dindex
 1012  00001b14          	.global _dindex
 1013  00001b14          	_dindex:
 1014                      ;  Function 'dindex'; 0 bytes of locals, 1 regs to save.
 1015  00001b14  afbefffc	sw	-4(r29),r30; push fp
 1016  00001b18  001df020	add	r30,r0,r29; fp = sp
 1017  00001b1c  afbffff8	sw	-8(r29),r31; push ret addr
 1018  00001b20  2fbd0010	subui	r29,r29,#16; alloc local storage
 1019  00001b24  afa20000	sw	0(r29),r2
 1020  00001b28  54000000	nop
 1021  00001b2c          	L55_LF2:
 1022  00001b2c  8fc10000	lw	r1,(r30)
 1023  00001b30  90220000	lbu	r2,(r1)
 1024  00001b34  64410000	snei	r1,r2,#0
 1025  00001b38  1420000c	bnez	r1,L57_LF2
 1026  00001b3c  54000000	nop; delay slot nop
 1027  00001b40  08000040	j	L56_LF2
 1028  00001b44  54000000	nop; delay slot nop
 1029  00001b48          	L57_LF2:
 1030  00001b48  8fc10000	lw	r1,(r30)
 1031  00001b4c  90220000	lbu	r2,(r1)
 1032  00001b50  8fc10004	lw	r1,4(r30)
 1033  00001b54  00411028	seq	r2,r2,r1
 1034  00001b58  10400010	beqz	r2,L58_LF2
 1035  00001b5c  54000000	nop; delay slot nop
 1036  00001b60  8fc10000	lw	r1,(r30)
 1037  00001b64  08000028	j	L54_LF2
 1038  00001b68  54000000	nop; delay slot nop
 1039  00001b6c          	L58_LF2:
 1040  00001b6c  8fc20000	lw	r2,(r30)
 1041  00001b70  20410001	addi	r1,r2,#1
 1042  00001b74  00011020	add	r2,r0,r1
 1043  00001b78  afc20000	sw	(r30),r2
 1044  00001b7c  0bffffac	j	L55_LF2
 1045  00001b80  54000000	nop; delay slot nop
 1046  00001b84          	L56_LF2:
 1047  00001b84  20010000	addi	r1,r0,#0
 1048  00001b88  08000004	j	L54_LF2
 1049  00001b8c  54000000	nop; delay slot nop
 1050  00001b90          	L54_LF2:
 1051  00001b90  8fa20000	lw	r2,0(r29)
 1052  00001b94  8fdffff8	lw	r31,-8(r30)
 1053  00001b98  001ee820	add	r29,r0,r30
 1054  00001b9c  8fdefffc	lw	r30,-4(r30)
 1055  00001ba0  4be00000	jr	r31
 1056  00001ba4  54000000	nop
 1057  00001ba8          	.endproc _dindex
 1058  00001ba8          	.align 2
 1059  00001ba8          	.proc _ditoa
 1060  00001ba8          	.global _ditoa
 1061  00001ba8          	_ditoa:
 1062                      ;  Function 'ditoa'; 8 bytes of locals, 2 regs to save.
 1063  00001ba8  afbefffc	sw	-4(r29),r30; push fp
 1064  00001bac  001df020	add	r30,r0,r29; fp = sp
 1065  00001bb0  afbffff8	sw	-8(r29),r31; push ret addr
 1066  00001bb4  2fbd0018	subui	r29,r29,#24; alloc local storage
 1067  00001bb8  afa20000	sw	0(r29),r2
 1068  00001bbc  afa30004	sw	4(r29),r3
 1069  00001bc0  8fc10000	lw	r1,(r30)
 1070  00001bc4  68220000	slti	r2,r1,#0
 1071  00001bc8  1040002c	beqz	r2,L60_LF2
 1072  00001bcc  54000000	nop; delay slot nop
 1073  00001bd0  8fc10004	lw	r1,4(r30)
 1074  00001bd4  20220001	addi	r2,r1,#1
 1075  00001bd8  afc20004	sw	4(r30),r2
 1076  00001bdc  2002002d	addi	r2,r0,(#0x2d)&0xff
 1077  00001be0  a0220000	sb	(r1),r2
 1078  00001be4  8fc10000	lw	r1,(r30)
 1079  00001be8  00011022	sub	r2,r0,r1
 1080  00001bec  afc20000	sw	(r30),r2
 1081  00001bf0  08000118	j	L61_LF2
 1082  00001bf4  54000000	nop; delay slot nop
 1083  00001bf8          	L60_LF2:
 1084  00001bf8  8fc10000	lw	r1,(r30)
 1085  00001bfc  64220000	snei	r2,r1,#0
 1086  00001c00  14400020	bnez	r2,L62_LF2
 1087  00001c04  54000000	nop; delay slot nop
 1088  00001c08  8fc10004	lw	r1,4(r30)
 1089  00001c0c  20220001	addi	r2,r1,#1
 1090  00001c10  afc20004	sw	4(r30),r2
 1091  00001c14  20020030	addi	r2,r0,(#0x30)&0xff
 1092  00001c18  a0220000	sb	(r1),r2
 1093  00001c1c  080000ec	j	L61_LF2
 1094  00001c20  54000000	nop; delay slot nop
 1095  00001c24          	L62_LF2:
 1096  00001c24  20010001	addi	r1,r0,#1
 1097  00001c28  afc1fff4	sw	-12(r30),r1
 1098  00001c2c          	L64_LF2:
 1099  00001c2c  8fc1fff4	lw	r1,-12(r30)
 1100  00001c30  8fc20000	lw	r2,(r30)
 1101  00001c34  0022082c	sle	r1,r1,r2
 1102  00001c38  1420000c	bnez	r1,L66_LF2
 1103  00001c3c  54000000	nop; delay slot nop
 1104  00001c40  08000024	j	L65_LF2
 1105  00001c44  54000000	nop; delay slot nop
 1106  00001c48          	L67_LF2:
 1107  00001c48          	L66_LF2:
 1108  00001c48  8fc1fff4	lw	r1,-12(r30)
 1109  00001c4c  00011820	add	r3,r0,r1
 1110  00001c50  50620002	slli	r2,r3,#0x2
 1111  00001c54  00411020	add	r2,r2,r1
 1112  00001c58  50410001	slli	r1,r2,#0x1
 1113  00001c5c  afc1fff4	sw	-12(r30),r1
 1114  00001c60  0bffffc8	j	L64_LF2
 1115  00001c64  54000000	nop; delay slot nop
 1116  00001c68          	L65_LF2:
 1117  00001c68  54000000	nop
 1118  00001c6c          	L68_LF2:
 1119  00001c6c  8fc1fff4	lw	r1,-12(r30)
 1120  00001c70  2002000a	addi	r2,r0,#10
 1121  00001c74  00200035	movi2fp	f0,r1
 1122  00001c78  00400835	movi2fp	f1,r2
 1123  00001c7c  0401000f	div	f0,f0,f1
 1124  00001c80  00000834	movfp2i	r1,f0
 1125  00001c84  afc1fff4	sw	-12(r30),r1
 1126  00001c88  8fc10004	lw	r1,4(r30)
 1127  00001c8c  20220001	addi	r2,r1,#1
 1128  00001c90  afc20004	sw	4(r30),r2
 1129  00001c94  8fc20000	lw	r2,(r30)
 1130  00001c98  8fc3fff4	lw	r3,-12(r30)
 1131  00001c9c  00400035	movi2fp	f0,r2
 1132  00001ca0  00600835	movi2fp	f1,r3
 1133  00001ca4  0401000f	div	f0,f0,f1
 1134  00001ca8  00001034	movfp2i	r2,f0
 1135  00001cac  00021820	add	r3,r0,r2
 1136  00001cb0  20620030	addi	r2,r3,#48
 1137  00001cb4  a0220000	sb	(r1),r2
 1138  00001cb8  8fc10000	lw	r1,(r30)
 1139  00001cbc  8fc3fff4	lw	r3,-12(r30)
 1140  00001cc0  00200035	movi2fp	f0,r1
 1141  00001cc4  00600835	movi2fp	f1,r3
 1142  00001cc8  0401000f	div	f0,f0,f1
 1143  00001ccc  00001034	movfp2i	r2,f0
 1144  00001cd0  8fc3fff4	lw	r3,-12(r30)
 1145  00001cd4  00400035	movi2fp	f0,r2
 1146  00001cd8  00600835	movi2fp	f1,r3
 1147  00001cdc  0401000e	mult	f0,f0,f1
 1148  00001ce0  00001034	movfp2i	r2,f0
 1149  00001ce4  00220822	sub	r1,r1,r2
 1150  00001ce8  afc10000	sw	(r30),r1
 1151  00001cec          	L70_LF2:
 1152  00001cec  8fc1fff4	lw	r1,-12(r30)
 1153  00001cf0  6c220001	sgti	r2,r1,#1
 1154  00001cf4  1440000c	bnez	r2,L71_LF2
 1155  00001cf8  54000000	nop; delay slot nop
 1156  00001cfc  0800000c	j	L61_LF2
 1157  00001d00  54000000	nop; delay slot nop
 1158  00001d04          	L71_LF2:
 1159  00001d04  0bffff64	j	L68_LF2
 1160  00001d08  54000000	nop; delay slot nop
 1161  00001d0c          	L69_LF2:
 1162  00001d0c          	L63_LF2:
 1163  00001d0c          	L61_LF2:
 1164  00001d0c  8fc10004	lw	r1,4(r30)
 1165  00001d10  20020000	addi	r2,r0,(#0x0)&0xff
 1166  00001d14  a0220000	sb	(r1),r2
 1167  00001d18          	L59_LF2:
 1168  00001d18  8fa20000	lw	r2,0(r29)
 1169  00001d1c  8fa30004	lw	r3,4(r29)
 1170  00001d20  8fdffff8	lw	r31,-8(r30)
 1171  00001d24  001ee820	add	r29,r0,r30
 1172  00001d28  8fdefffc	lw	r30,-4(r30)
 1173  00001d2c  4be00000	jr	r31
 1174  00001d30  54000000	nop
 1175  00001d34          	.endproc _ditoa
 1176  00001d34          	.align 2
 1177  00001d34          	.proc _dstrtol
 1178  00001d34          	.global _dstrtol
 1179  00001d34          	_dstrtol:
 1180                      ;  Function 'dstrtol'; 16 bytes of locals, 1 regs to save.
 1181  00001d34  afbefffc	sw	-4(r29),r30; push fp
 1182  00001d38  001df020	add	r30,r0,r29; fp = sp
 1183  00001d3c  afbffff8	sw	-8(r29),r31; push ret addr
 1184  00001d40  2fbd0020	subui	r29,r29,#32; alloc local storage
 1185  00001d44  afa20000	sw	0(r29),r2
 1186  00001d48  20010000	addi	r1,r0,#0
 1187  00001d4c  afc1fff4	sw	-12(r30),r1
 1188  00001d50          	L73_LF2:
 1189  00001d50  8fc10000	lw	r1,(r30)
 1190  00001d54  90220000	lbu	r2,(r1)
 1191  00001d58  60410020	seqi	r1,r2,#32
 1192  00001d5c  14200034	bnez	r1,L75_LF2
 1193  00001d60  54000000	nop; delay slot nop
 1194  00001d64  8fc10000	lw	r1,(r30)
 1195  00001d68  90220000	lbu	r2,(r1)
 1196  00001d6c  60410009	seqi	r1,r2,#9
 1197  00001d70  14200020	bnez	r1,L75_LF2
 1198  00001d74  54000000	nop; delay slot nop
 1199  00001d78  8fc10000	lw	r1,(r30)
 1200  00001d7c  90220000	lbu	r2,(r1)
 1201  00001d80  6041000a	seqi	r1,r2,#10
 1202  00001d84  1420000c	bnez	r1,L75_LF2
 1203  00001d88  54000000	nop; delay slot nop
 1204  00001d8c  0800001c	j	L74_LF2
 1205  00001d90  54000000	nop; delay slot nop
 1206  00001d94          	L75_LF2:
 1207  00001d94  8fc20000	lw	r2,(r30)
 1208  00001d98  20410001	addi	r1,r2,#1
 1209  00001d9c  00011020	add	r2,r0,r1
 1210  00001da0  afc20000	sw	(r30),r2
 1211  00001da4  0bffffa8	j	L73_LF2
 1212  00001da8  54000000	nop; delay slot nop
 1213  00001dac          	L74_LF2:
 1214  00001dac  8fc10004	lw	r1,4(r30)
 1215  00001db0  64220000	snei	r2,r1,#0
 1216  00001db4  10400010	beqz	r2,L76_LF2
 1217  00001db8  54000000	nop; delay slot nop
 1218  00001dbc  8fc10004	lw	r1,4(r30)
 1219  00001dc0  8fc20000	lw	r2,(r30)
 1220  00001dc4  ac220000	sw	(r1),r2
 1221  00001dc8          	L76_LF2:
 1222  00001dc8  8fc10000	lw	r1,(r30)
 1223  00001dcc  90220000	lbu	r2,(r1)
 1224  00001dd0  64410000	snei	r1,r2,#0
 1225  00001dd4  14200010	bnez	r1,L77_LF2
 1226  00001dd8  54000000	nop; delay slot nop
 1227  00001ddc  8fc1fff4	lw	r1,-12(r30)
 1228  00001de0  08000294	j	L72_LF2
 1229  00001de4  54000000	nop; delay slot nop
 1230  00001de8          	L77_LF2:
 1231  00001de8  8fc10000	lw	r1,(r30)
 1232  00001dec  90220000	lbu	r2,(r1)
 1233  00001df0  6041002d	seqi	r1,r2,#45
 1234  00001df4  10200024	beqz	r1,L78_LF2
 1235  00001df8  54000000	nop; delay slot nop
 1236  00001dfc  2001ffff	addi	r1,r0,#-1
 1237  00001e00  afc1ffec	sw	-20(r30),r1
 1238  00001e04  8fc20000	lw	r2,(r30)
 1239  00001e08  20410001	addi	r1,r2,#1
 1240  00001e0c  00011020	add	r2,r0,r1
 1241  00001e10  afc20000	sw	(r30),r2
 1242  00001e14  0800000c	j	L79_LF2
 1243  00001e18  54000000	nop; delay slot nop
 1244  00001e1c          	L78_LF2:
 1245  00001e1c  20010001	addi	r1,r0,#1
 1246  00001e20  afc1ffec	sw	-20(r30),r1
 1247  00001e24          	L79_LF2:
 1248  00001e24  8fc10008	lw	r1,8(r30)
 1249  00001e28  64220000	snei	r2,r1,#0
 1250  00001e2c  14400090	bnez	r2,L80_LF2
 1251  00001e30  54000000	nop; delay slot nop
 1252  00001e34  8fc10000	lw	r1,(r30)
 1253  00001e38  90220000	lbu	r2,(r1)
 1254  00001e3c  60410030	seqi	r1,r2,#48
 1255  00001e40  10200074	beqz	r1,L81_LF2
 1256  00001e44  54000000	nop; delay slot nop
 1257  00001e48  8fc20000	lw	r2,(r30)
 1258  00001e4c  20410001	addi	r1,r2,#1
 1259  00001e50  00011020	add	r2,r0,r1
 1260  00001e54  afc20000	sw	(r30),r2
 1261  00001e58  8fc10000	lw	r1,(r30)
 1262  00001e5c  90220000	lbu	r2,(r1)
 1263  00001e60  60410078	seqi	r1,r2,#120
 1264  00001e64  14200020	bnez	r1,L83_LF2
 1265  00001e68  54000000	nop; delay slot nop
 1266  00001e6c  8fc10000	lw	r1,(r30)
 1267  00001e70  90220000	lbu	r2,(r1)
 1268  00001e74  60410058	seqi	r1,r2,#88
 1269  00001e78  1420000c	bnez	r1,L83_LF2
 1270  00001e7c  54000000	nop; delay slot nop
 1271  00001e80  08000024	j	L82_LF2
 1272  00001e84  54000000	nop; delay slot nop
 1273  00001e88          	L83_LF2:
 1274  00001e88  20010010	addi	r1,r0,#16
 1275  00001e8c  afc10008	sw	8(r30),r1
 1276  00001e90  8fc20000	lw	r2,(r30)
 1277  00001e94  20410001	addi	r1,r2,#1
 1278  00001e98  00011020	add	r2,r0,r1
 1279  00001e9c  afc20000	sw	(r30),r2
 1280  00001ea0  0800000c	j	L84_LF2
 1281  00001ea4  54000000	nop; delay slot nop
 1282  00001ea8          	L82_LF2:
 1283  00001ea8  20010008	addi	r1,r0,#8
 1284  00001eac  afc10008	sw	8(r30),r1
 1285  00001eb0          	L84_LF2:
 1286  00001eb0  0800000c	j	L80_LF2
 1287  00001eb4  54000000	nop; delay slot nop
 1288  00001eb8          	L81_LF2:
 1289  00001eb8  2001000a	addi	r1,r0,#10
 1290  00001ebc  afc10008	sw	8(r30),r1
 1291  00001ec0          	L85_LF2:
 1292  00001ec0          	L80_LF2:
 1293  00001ec0  8fc10008	lw	r1,8(r30)
 1294  00001ec4  70220000	slei	r2,r1,#0
 1295  00001ec8  1440001c	bnez	r2,L87_LF2
 1296  00001ecc  54000000	nop; delay slot nop
 1297  00001ed0  8fc10008	lw	r1,8(r30)
 1298  00001ed4  6c220010	sgti	r2,r1,#16
 1299  00001ed8  1440000c	bnez	r2,L87_LF2
 1300  00001edc  54000000	nop; delay slot nop
 1301  00001ee0  08000010	j	L86_LF2
 1302  00001ee4  54000000	nop; delay slot nop
 1303  00001ee8          	L87_LF2:
 1304  00001ee8  8fc1fff4	lw	r1,-12(r30)
 1305  00001eec  08000188	j	L72_LF2
 1306  00001ef0  54000000	nop; delay slot nop
 1307  00001ef4          	L86_LF2:
 1308  00001ef4  54000000	nop
 1309  00001ef8          	L88_LF2:
 1310  00001ef8  8fc10000	lw	r1,(r30)
 1311  00001efc  90220000	lbu	r2,(r1)
 1312  00001f00  6c41002f	sgtui	r1,r2,#47
 1313  00001f04  10200030	beqz	r1,L91_LF2
 1314  00001f08  54000000	nop; delay slot nop
 1315  00001f0c  8fc10000	lw	r1,(r30)
 1316  00001f10  90220000	lbu	r2,(r1)
 1317  00001f14  70410039	sleui	r1,r2,#57
 1318  00001f18  1020001c	beqz	r1,L91_LF2
 1319  00001f1c  54000000	nop; delay slot nop
 1320  00001f20  8fc10000	lw	r1,(r30)
 1321  00001f24  90220000	lbu	r2,(r1)
 1322  00001f28  2041ffd0	addi	r1,r2,#-48
 1323  00001f2c  afc1fff0	sw	-16(r30),r1
 1324  00001f30  0800008c	j	L92_LF2
 1325  00001f34  54000000	nop; delay slot nop
 1326  00001f38          	L91_LF2:
 1327  00001f38  8fc10000	lw	r1,(r30)
 1328  00001f3c  90220000	lbu	r2,(r1)
 1329  00001f40  6c410060	sgtui	r1,r2,#96
 1330  00001f44  10200030	beqz	r1,L93_LF2
 1331  00001f48  54000000	nop; delay slot nop
 1332  00001f4c  8fc10000	lw	r1,(r30)
 1333  00001f50  90220000	lbu	r2,(r1)
 1334  00001f54  7041007a	sleui	r1,r2,#122
 1335  00001f58  1020001c	beqz	r1,L93_LF2
 1336  00001f5c  54000000	nop; delay slot nop
 1337  00001f60  8fc10000	lw	r1,(r30)
 1338  00001f64  90220000	lbu	r2,(r1)
 1339  00001f68  2041ffa9	addi	r1,r2,#-87
 1340  00001f6c  afc1fff0	sw	-16(r30),r1
 1341  00001f70  0800004c	j	L92_LF2
 1342  00001f74  54000000	nop; delay slot nop
 1343  00001f78          	L93_LF2:
 1344  00001f78  8fc10000	lw	r1,(r30)
 1345  00001f7c  90220000	lbu	r2,(r1)
 1346  00001f80  6c410040	sgtui	r1,r2,#64
 1347  00001f84  10200030	beqz	r1,L95_LF2
 1348  00001f88  54000000	nop; delay slot nop
 1349  00001f8c  8fc10000	lw	r1,(r30)
 1350  00001f90  90220000	lbu	r2,(r1)
 1351  00001f94  7041005a	sleui	r1,r2,#90
 1352  00001f98  1020001c	beqz	r1,L95_LF2
 1353  00001f9c  54000000	nop; delay slot nop
 1354  00001fa0  8fc10000	lw	r1,(r30)
 1355  00001fa4  90220000	lbu	r2,(r1)
 1356  00001fa8  2041ffc9	addi	r1,r2,#-55
 1357  00001fac  afc1fff0	sw	-16(r30),r1
 1358  00001fb0  0800000c	j	L92_LF2
 1359  00001fb4  54000000	nop; delay slot nop
 1360  00001fb8          	L95_LF2:
 1361  00001fb8  200103e8	addi	r1,r0,#1000
 1362  00001fbc  afc1fff0	sw	-16(r30),r1
 1363  00001fc0          	L96_LF2:
 1364  00001fc0          	L94_LF2:
 1365  00001fc0          	L92_LF2:
 1366  00001fc0  8fc1fff0	lw	r1,-16(r30)
 1367  00001fc4  8fc20008	lw	r2,8(r30)
 1368  00001fc8  0022082a	slt	r1,r1,r2
 1369  00001fcc  10200040	beqz	r1,L90_LF2
 1370  00001fd0  54000000	nop; delay slot nop
 1371  00001fd4  8fc1fff4	lw	r1,-12(r30)
 1372  00001fd8  8fc20008	lw	r2,8(r30)
 1373  00001fdc  00200035	movi2fp	f0,r1
 1374  00001fe0  00400835	movi2fp	f1,r2
 1375  00001fe4  0401000e	mult	f0,f0,f1
 1376  00001fe8  00000834	movfp2i	r1,f0
 1377  00001fec  afc1fff4	sw	-12(r30),r1
 1378  00001ff0  8fc1fff4	lw	r1,-12(r30)
 1379  00001ff4  8fc2fff0	lw	r2,-16(r30)
 1380  00001ff8  00220820	add	r1,r1,r2
 1381  00001ffc  afc1fff4	sw	-12(r30),r1
 1382  00002000  8fc20000	lw	r2,(r30)
 1383  00002004  20410001	addi	r1,r2,#1
 1384  00002008  00011020	add	r2,r0,r1
 1385  0000200c  afc20000	sw	(r30),r2
 1386  00002010          	L97_LF2:
 1387  00002010          	L90_LF2:
 1388  00002010  8fc1fff0	lw	r1,-16(r30)
 1389  00002014  8fc20008	lw	r2,8(r30)
 1390  00002018  0022082a	slt	r1,r1,r2
 1391  0000201c  1420000c	bnez	r1,L98_LF2
 1392  00002020  54000000	nop; delay slot nop
 1393  00002024  0800000c	j	L89_LF2
 1394  00002028  54000000	nop; delay slot nop
 1395  0000202c          	L98_LF2:
 1396  0000202c  0bfffec8	j	L88_LF2
 1397  00002030  54000000	nop; delay slot nop
 1398  00002034          	L89_LF2:
 1399  00002034  8fc10004	lw	r1,4(r30)
 1400  00002038  64220000	snei	r2,r1,#0
 1401  0000203c  10400010	beqz	r2,L99_LF2
 1402  00002040  54000000	nop; delay slot nop
 1403  00002044  8fc10004	lw	r1,4(r30)
 1404  00002048  8fc20000	lw	r2,(r30)
 1405  0000204c  ac220000	sw	(r1),r2
 1406  00002050          	L99_LF2:
 1407  00002050  8fc1fff4	lw	r1,-12(r30)
 1408  00002054  8fc2ffec	lw	r2,-20(r30)
 1409  00002058  00200035	movi2fp	f0,r1
 1410  0000205c  00400835	movi2fp	f1,r2
 1411  00002060  0401000e	mult	f0,f0,f1
 1412  00002064  00000834	movfp2i	r1,f0
 1413  00002068  afc1fff4	sw	-12(r30),r1
 1414  0000206c  8fc1fff4	lw	r1,-12(r30)
 1415  00002070  08000004	j	L72_LF2
 1416  00002074  54000000	nop; delay slot nop
 1417  00002078          	L72_LF2:
 1418  00002078  8fa20000	lw	r2,0(r29)
 1419  0000207c  8fdffff8	lw	r31,-8(r30)
 1420  00002080  001ee820	add	r29,r0,r30
 1421  00002084  8fdefffc	lw	r30,-4(r30)
 1422  00002088  4be00000	jr	r31
 1423  0000208c  54000000	nop
 1424  00002090          	.endproc _dstrtol
 1425  00002090          	.align 2
 1426  00002090          	.proc _bcopy
 1427  00002090          	.global _bcopy
 1428  00002090          	_bcopy:
 1429                      ;  Function 'bcopy'; 0 bytes of locals, 2 regs to save.
 1430  00002090  afbefffc	sw	-4(r29),r30; push fp
 1431  00002094  001df020	add	r30,r0,r29; fp = sp
 1432  00002098  afbffff8	sw	-8(r29),r31; push ret addr
 1433  0000209c  2fbd0010	subui	r29,r29,#16; alloc local storage
 1434  000020a0  afa20000	sw	0(r29),r2
 1435  000020a4  afa30004	sw	4(r29),r3
 1436  000020a8  54000000	nop
 1437  000020ac          	L101_LF2:
 1438  000020ac  8fc10008	lw	r1,8(r30)
 1439  000020b0  2022ffff	addi	r2,r1,#-1
 1440  000020b4  afc20008	sw	8(r30),r2
 1441  000020b8  6c210000	sgti	r1,r1,#0
 1442  000020bc  1420000c	bnez	r1,L103_LF2
 1443  000020c0  54000000	nop; delay slot nop
 1444  000020c4  0800002c	j	L102_LF2
 1445  000020c8  54000000	nop; delay slot nop
 1446  000020cc          	L103_LF2:
 1447  000020cc  8fc10004	lw	r1,4(r30)
 1448  000020d0  20220001	addi	r2,r1,#1
 1449  000020d4  afc20004	sw	4(r30),r2
 1450  000020d8  8fc20000	lw	r2,(r30)
 1451  000020dc  20430001	addi	r3,r2,#1
 1452  000020e0  afc30000	sw	(r30),r3
 1453  000020e4  80420000	lb	r2,(r2)
 1454  000020e8  a0220000	sb	(r1),r2
 1455  000020ec  0bffffbc	j	L101_LF2
 1456  000020f0  54000000	nop; delay slot nop
 1457  000020f4          	L102_LF2:
 1458  000020f4          	L100_LF2:
 1459  000020f4  8fa20000	lw	r2,0(r29)
 1460  000020f8  8fa30004	lw	r3,4(r29)
 1461  000020fc  8fdffff8	lw	r31,-8(r30)
 1462  00002100  001ee820	add	r29,r0,r30
 1463  00002104  8fdefffc	lw	r30,-4(r30)
 1464  00002108  4be00000	jr	r31
 1465  0000210c  54000000	nop
 1466  00002110          	.endproc _bcopy
 1467  00002110          	.align 2
 1468  00002110          	.proc _bzero
 1469  00002110          	.global _bzero
 1470  00002110          	_bzero:
 1471                      ;  Function 'bzero'; 0 bytes of locals, 1 regs to save.
 1472  00002110  afbefffc	sw	-4(r29),r30; push fp
 1473  00002114  001df020	add	r30,r0,r29; fp = sp
 1474  00002118  afbffff8	sw	-8(r29),r31; push ret addr
 1475  0000211c  2fbd0010	subui	r29,r29,#16; alloc local storage
 1476  00002120  afa20000	sw	0(r29),r2
 1477  00002124  54000000	nop
 1478  00002128          	L105_LF2:
 1479  00002128  8fc10004	lw	r1,4(r30)
 1480  0000212c  2022ffff	addi	r2,r1,#-1
 1481  00002130  afc20004	sw	4(r30),r2
 1482  00002134  6c210000	sgti	r1,r1,#0
 1483  00002138  1420000c	bnez	r1,L107_LF2
 1484  0000213c  54000000	nop; delay slot nop
 1485  00002140  08000020	j	L106_LF2
 1486  00002144  54000000	nop; delay slot nop
 1487  00002148          	L107_LF2:
 1488  00002148  8fc10000	lw	r1,(r30)
 1489  0000214c  20220001	addi	r2,r1,#1
 1490  00002150  afc20000	sw	(r30),r2
 1491  00002154  20020000	addi	r2,r0,(#0x0)&0xff
 1492  00002158  a0220000	sb	(r1),r2
 1493  0000215c  0bffffc8	j	L105_LF2
 1494  00002160  54000000	nop; delay slot nop
 1495  00002164          	L106_LF2:
 1496  00002164          	L104_LF2:
 1497  00002164  8fa20000	lw	r2,0(r29)
 1498  00002168  8fdffff8	lw	r31,-8(r30)
 1499  0000216c  001ee820	add	r29,r0,r30
 1500  00002170  8fdefffc	lw	r30,-4(r30)
 1501  00002174  4be00000	jr	r31
 1502  00002178  54000000	nop
 1503  0000217c          	.endproc _bzero
 1504  0000217c          	.align 2
 1505  0000217c          	.proc _min
 1506  0000217c          	.global _min
 1507  0000217c          	_min:
 1508                      ;  Function 'min'; 0 bytes of locals, 2 regs to save.
 1509  0000217c  afbefffc	sw	-4(r29),r30; push fp
 1510  00002180  001df020	add	r30,r0,r29; fp = sp
 1511  00002184  afbffff8	sw	-8(r29),r31; push ret addr
 1512  00002188  2fbd0010	subui	r29,r29,#16; alloc local storage
 1513  0000218c  afa20000	sw	0(r29),r2
 1514  00002190  afa30004	sw	4(r29),r3
 1515  00002194  8fc10000	lw	r1,(r30)
 1516  00002198  8fc20004	lw	r2,4(r30)
 1517  0000219c  0022182c	sle	r3,r1,r2
 1518  000021a0  14600008	bnez	r3,L109_LF2
 1519  000021a4  54000000	nop; delay slot nop
 1520  000021a8  8fc10004	lw	r1,4(r30)
 1521  000021ac          	L109_LF2:
 1522  000021ac  08000004	j	L108_LF2
 1523  000021b0  54000000	nop; delay slot nop
 1524  000021b4          	L108_LF2:
 1525  000021b4  8fa20000	lw	r2,0(r29)
 1526  000021b8  8fa30004	lw	r3,4(r29)
 1527  000021bc  8fdffff8	lw	r31,-8(r30)
 1528  000021c0  001ee820	add	r29,r0,r30
 1529  000021c4  8fdefffc	lw	r30,-4(r30)
 1530  000021c8  4be00000	jr	r31
 1531  000021cc  54000000	nop
 1532  000021d0          	.endproc _min
 1533                      ;;; Ethan L. Miller, 1999.  Released to the public domain
 1534                      ;;;
 1535                      ;;; Most of the traps are called in files from libtraps.
 1538  000021d0          	.align 2
 1539  000021d0          	.proc _exit
 1540  000021d0          	.global _exit
 1541  000021d0          	_exit:
 1542  000021d0  44000300	trap	#0x300
 1543  000021d4  4be00000	jr	r31
 1544  000021d8  54000000	nop
 1545  000021dc          	.endproc _exit
 1547                      ; for the benefit of gcc.
 1548  000021dc          	.proc ___main
 1549  000021dc          	.global ___main
 1550  000021dc          	___main:
 1551  000021dc  4be00000	jr	r31
 1552  000021e0  54000000	nop
 1553  000021e4          	.endproc ___main
 1554  000021e4          	.text
 1555  000021e4          	.global _etext
 1556  000021e4          	_etext:
 1557  000021e4          	.align 3
 1558  000021e8          	.data
 1559  000030d5          	.global _edata
 1560  000030d5          	_edata:
