 line   address	contents
    1                      ; Linked by DLX-LD.
    2                      ; MemSize 24576
    3                      ; Data size: 394
    4                      ; Text size: 5484
    5                      ; Stack size: 8192
    6  00000000          	.text 0x1000
    7  00001000          	.data 0x3000
    8                      ; Compiled by GCC
    9  00003000          	.text
   10  00001000          	.align 2
   11  00001000          	.proc _isspace
   12  00001000          	.global _isspace
   13  00001000          	_isspace:
   14                      ;  Function 'isspace'; 0 bytes of locals, 1 regs to save.
   15  00001000  afbefffc	sw	-4(r29),r30; push fp
   16  00001004  001df020	add	r30,r0,r29; fp = sp
   17  00001008  afbffff8	sw	-8(r29),r31; push ret addr
   18  0000100c  2fbd0010	subui	r29,r29,#16; alloc local storage
   19  00001010  afa20000	sw	0(r29),r2
   20  00001014  83c20003	lb	r2,3(r30)
   21  00001018  201f0000	addi	r31,r0,#0
   22  0000101c  304100ff	andi	r1,r2,#0x00ff
   23  00001020  60210020	seqi	r1,r1,#32
   24  00001024  14200018	bnez	r1,L6_LF0
   25  00001028  54000000	nop; not filled.
   26  0000102c  2041fff7	addi	r1,r2,#-9
   27  00001030  302100ff	andi	r1,r1,#0x00ff
   28  00001034  70210001	sleui	r1,r1,#1
   29  00001038  10200008	beqz	r1,L5_LF0
   30  0000103c  54000000	nop; not filled.
   31  00001040          	L6_LF0:
   32  00001040  201f0001	addi	r31,r0,#1
   33  00001044          	L5_LF0:
   34  00001044  001f0820	add	r1,r0,r31
   35  00001048  8fa20000	lw	r2,0(r29)
   36  0000104c  8fdffff8	lw	r31,-8(r30)
   37  00001050  001ee820	add	r29,r0,r30
   38  00001054  8fdefffc	lw	r30,-4(r30)
   39  00001058  4be00000	jr	r31
   40  0000105c  54000000	nop
   41  00001060          	.endproc _isspace
   42  00001060          	.align 2
   43  00001060          	.proc _isxdigit
   44  00001060          	.global _isxdigit
   45  00001060          	_isxdigit:
   46                      ;  Function 'isxdigit'; 0 bytes of locals, 1 regs to save.
   47  00001060  afbefffc	sw	-4(r29),r30; push fp
   48  00001064  001df020	add	r30,r0,r29; fp = sp
   49  00001068  afbffff8	sw	-8(r29),r31; push ret addr
   50  0000106c  2fbd0010	subui	r29,r29,#16; alloc local storage
   51  00001070  afa20000	sw	0(r29),r2
   52  00001074  83df0003	lb	r31,3(r30)
   53  00001078  20020000	addi	r2,r0,#0
   54  0000107c  23e1ffd0	addi	r1,r31,#-48
   55  00001080  302100ff	andi	r1,r1,#0x00ff
   56  00001084  70210009	sleui	r1,r1,#9
   57  00001088  14200028	bnez	r1,L12_LF0
   58  0000108c  54000000	nop; not filled.
   59  00001090  23e1ff9f	addi	r1,r31,#-97
   60  00001094  302100ff	andi	r1,r1,#0x00ff
   61  00001098  70210005	sleui	r1,r1,#5
   62  0000109c  14200014	bnez	r1,L12_LF0
   63  000010a0  54000000	nop; not filled.
   64  000010a4  33e100ff	andi	r1,r31,#0x00ff
   65  000010a8  64210041	snei	r1,r1,#65
   66  000010ac  14200008	bnez	r1,L11_LF0
   67  000010b0  54000000	nop; not filled.
   68  000010b4          	L12_LF0:
   69  000010b4  20020001	addi	r2,r0,#1
   70  000010b8          	L11_LF0:
   71  000010b8  00020820	add	r1,r0,r2
   72  000010bc  8fa20000	lw	r2,0(r29)
   73  000010c0  8fdffff8	lw	r31,-8(r30)
   74  000010c4  001ee820	add	r29,r0,r30
   75  000010c8  8fdefffc	lw	r30,-4(r30)
   76  000010cc  4be00000	jr	r31
   77  000010d0  54000000	nop
   78  000010d4          	.endproc _isxdigit
   79  000010d4          	.data
   80  00003000          	.align 2
   81  00003000          	LC0_LF0:
   82  00003000  55736167	.ascii "Usage: \000"
   82  00003004  653a2000	
   83  00003008          	.align 2
   84  00003008          	LC1_LF0:
   85  00003008  203c6e75	.ascii " <number of processes to create>\n\000"
   85  0000300c  6d626572	
   85  00003010  206f6620	
   85  00003014  70726f63	
   85  00003018  65737365	
   85  0000301c  7320746f	
   85  00003020  20637265	
   85  00003024  6174653e	
   85  00003028  0a00    	
   86  0000302a          	.align 2
   87  0000302c          	LC2_LF0:
   88  0000302c  43726561	.ascii "Creating %d H2Os and %d SO4s.\n\000"
   88  00003030  74696e67	
   88  00003034  20256420	
   88  00003038  48324f73	
   88  0000303c  20616e64	
   88  00003040  20256420	
   88  00003044  534f3473	
   88  00003048  2e0a00  	
   89  0000304b          	.align 2
   90  0000304c          	LC3_LF0:
   91  0000304c  42616420	.ascii "Bad sem_create in \000"
   91  00003050  73656d5f	
   91  00003054  63726561	
   91  00003058  74652069	
   91  0000305c  6e2000  	
   92  0000305f          	.align 2
   93  00003060          	LC4_LF0:
   94  00003060  0a00    	.ascii "\n\000"
   95  00003062          	.align 2
   96  00003064          	LC5_LF0:
   97  00003064  68326f69	.ascii "h2oinject.dlx.obj\000"
   97  00003068  6e6a6563	
   97  0000306c  742e646c	
   97  00003070  782e6f62	
   97  00003074  6a00    	
   98  00003076          	.align 2
   99  00003078          	LC6_LF0:
  100  00003078  736f3469	.ascii "so4inject.dlx.obj\000"
  100  0000307c  6e6a6563	
  100  00003080  742e646c	
  100  00003084  782e6f62	
  100  00003088  6a00    	
  101  0000308a          	.align 2
  102  0000308c          	LC7_LF0:
  103  0000308c  65717561	.ascii "equation1.dlx.obj\000"
  103  00003090  74696f6e	
  103  00003094  312e646c	
  103  00003098  782e6f62	
  103  0000309c  6a00    	
  104  0000309e          	.align 2
  105  000030a0          	LC8_LF0:
  106  000030a0  65717561	.ascii "equation2.dlx.obj\000"
  106  000030a4  74696f6e	
  106  000030a8  322e646c	
  106  000030ac  782e6f62	
  106  000030b0  6a00    	
  107  000030b2          	.align 2
  108  000030b4          	LC9_LF0:
  109  000030b4  65717561	.ascii "equation3.dlx.obj\000"
  109  000030b8  74696f6e	
  109  000030bc  332e646c	
  109  000030c0  782e6f62	
  109  000030c4  6a00    	
  110  000030c6          	.align 2
  111  000030c8          	LC10_LF0:
  112  000030c8  42616420	.ascii "Bad semaphore s_procs_completed (%d) in \000"
  112  000030cc  73656d61	
  112  000030d0  70686f72	
  112  000030d4  6520735f	
  112  000030d8  70726f63	
  112  000030dc  735f636f	
  112  000030e0  6d706c65	
  112  000030e4  74656420	
  112  000030e8  28256429	
  112  000030ec  20696e20	
  112  000030f0  00      	
  113  000030f1          	.align 2
  114  000030f4          	LC11_LF0:
  115  000030f4  25642048	.ascii "%d H2O\'s left. %d H2\'s left over. %d O2\'s left over. %d SO2\'s left"
  115  000030f8  324f2773	
  115  000030fc  206c6566	
  115  00003100  742e2025	
  115  00003104  64204832	
  115  00003108  2773206c	
  115  0000310c  65667420	
  115  00003110  6f766572	
  115  00003114  2e202564	
  115  00003118  204f3227	
  115  0000311c  73206c65	
  115  00003120  6674206f	
  115  00003124  7665722e	
  115  00003128  20256420	
  115  0000312c  534f3227	
  115  00003130  73206c65	
  115  00003134  6674    	
  116  00003136  6f766572	.ascii "over.\000"
  116  0000313a  2e00    	
  117  0000313c          	.align 2
  118  0000313c          	LC12_LF0:
  119  0000313c  2564200a	.ascii "%d \nH2SO4\'s created. \n\000"
  119  00003140  4832534f	
  119  00003144  34277320	
  119  00003148  63726561	
  119  0000314c  7465642e	
  119  00003150  200a00  	
  120  00003153          	.align 2
  121  00003154          	LC13_LF0:
  122  00003154  416c6c20	.ascii "All other processes completed, exiting main process.\n\000"
  122  00003158  6f746865	
  122  0000315c  72207072	
  122  00003160  6f636573	
  122  00003164  73657320	
  122  00003168  636f6d70	
  122  0000316c  6c657465	
  122  00003170  642c2065	
  122  00003174  78697469	
  122  00003178  6e67206d	
  122  0000317c  61696e20	
  122  00003180  70726f63	
  122  00003184  6573732e	
  122  00003188  0a00    	
  123  0000318a          	.text
  124  000010d4          	.align 2
  125  000010d4          	.proc _main
  126  000010d4          	.global _main
  127  000010d4          	_main:
  128                      ;  Function 'main'; 144 bytes of locals, 0 regs to save.
  129  000010d4  afbefffc	sw	-4(r29),r30; push fp
  130  000010d8  001df020	add	r30,r0,r29; fp = sp
  131  000010dc  afbffff8	sw	-8(r29),r31; push ret addr
  132  000010e0  2fbd0098	subui	r29,r29,#152; alloc local storage
  133  000010e4  8fc20000	lw	r2,(r30)
  134  000010e8  8fcb0004	lw	r11,4(r30)
  135  000010ec  0c001474	jal	___main
  136  000010f0  54000000	nop; not filled.
  137  000010f4  64410003	snei	r1,r2,#3
  138  000010f8  1020004c	beqz	r1,L14_LF0
  139  000010fc  54000000	nop; not filled.
  140  00001100  23bdfff8	addi	r29,r29,#-8
  141  00001104  3c120000	lhi	r18,((LC0_LF0)>>16)&0xffff
  142  00001108  26523000	addui	r18,r18,(LC0_LF0)&0xffff
  143  0000110c  afb20000	sw	(r29),r18
  144  00001110  0c000648	jal	_Printf
  145  00001114  54000000	nop; not filled.
  146  00001118  8d720000	lw	r18,(r11)
  147  0000111c  afb20000	sw	(r29),r18
  148  00001120  0c000638	jal	_Printf
  149  00001124  54000000	nop; not filled.
  150  00001128  3c120000	lhi	r18,((LC1_LF0)>>16)&0xffff
  151  0000112c  26523008	addui	r18,r18,(LC1_LF0)&0xffff
  152  00001130  afb20000	sw	(r29),r18
  153  00001134  0c000624	jal	_Printf
  154  00001138  54000000	nop; not filled.
  155  0000113c  0c0006d0	jal	_Exit
  156  00001140  54000000	nop; not filled.
  157  00001144  23bd0008	addi	r29,r29,#8
  158  00001148          	L14_LF0:
  159  00001148  23bdfff0	addi	r29,r29,#-16
  160  0000114c  8d720004	lw	r18,4(r11)
  161  00001150  afb20000	sw	(r29),r18
  162  00001154  20120000	addi	r18,r0,#0
  163  00001158  afb20004	sw	4(r29),r18
  164  0000115c  2012000a	addi	r18,r0,#10
  165  00001160  afb20008	sw	8(r29),r18
  166  00001164  0c000f54	jal	_dstrtol
  167  00001168  54000000	nop; not filled.
  168  0000116c  00018020	add	r16,r0,r1
  169  00001170  8d720008	lw	r18,8(r11)
  170  00001174  afb20000	sw	(r29),r18
  171  00001178  20120000	addi	r18,r0,#0
  172  0000117c  afb20004	sw	4(r29),r18
  173  00001180  2012000a	addi	r18,r0,#10
  174  00001184  afb20008	sw	8(r29),r18
  175  00001188  0c000f30	jal	_dstrtol
  176  0000118c  54000000	nop; not filled.
  177  00001190  00016820	add	r13,r0,r1
  178  00001194  3c120000	lhi	r18,((LC2_LF0)>>16)&0xffff
  179  00001198  2652302c	addui	r18,r18,(LC2_LF0)&0xffff
  180  0000119c  afb20000	sw	(r29),r18
  181  000011a0  afb00004	sw	4(r29),r16
  182  000011a4  afad0008	sw	8(r29),r13
  183  000011a8  0c0005b0	jal	_Printf
  184  000011ac  54000000	nop; not filled.
  185  000011b0  5a01001f	srli	r1,r16,#0x1f
  186  000011b4  02010820	add	r1,r16,r1
  187  000011b8  5c310001	srai	r17,r1,#0x1
  188  000011bc  522f0001	slli	r15,r17,#0x1
  189  000011c0  23bd0010	addi	r29,r29,#16
  190  000011c4  01ed082d	sge	r1,r15,r13
  191  000011c8  000f6020	add	r12,r0,r15
  192  000011cc  10200008	beqz	r1,L15_LF0
  193  000011d0  54000000	nop; not filled.
  194  000011d4  000d6020	add	r12,r0,r13
  195  000011d8          	L15_LF0:
  196  000011d8  23bdfff8	addi	r29,r29,#-8
  197  000011dc  2012fffc	addi	r18,r0,#-4
  198  000011e0  afb20000	sw	(r29),r18
  199  000011e4  0c0005b0	jal	_sem_create
  200  000011e8  54000000	nop; not filled.
  201  000011ec  00017020	add	r14,r0,r1
  202  000011f0  23bd0008	addi	r29,r29,#8
  203  000011f4  61c1ffff	seqi	r1,r14,#-1
  204  000011f8  1020004c	beqz	r1,L17_LF0
  205  000011fc  54000000	nop; not filled.
  206  00001200  23bdfff8	addi	r29,r29,#-8
  207  00001204  3c120000	lhi	r18,((LC3_LF0)>>16)&0xffff
  208  00001208  2652304c	addui	r18,r18,(LC3_LF0)&0xffff
  209  0000120c  afb20000	sw	(r29),r18
  210  00001210  0c000548	jal	_Printf
  211  00001214  54000000	nop; not filled.
  212  00001218  8d720000	lw	r18,(r11)
  213  0000121c  afb20000	sw	(r29),r18
  214  00001220  0c000538	jal	_Printf
  215  00001224  54000000	nop; not filled.
  216  00001228  3c120000	lhi	r18,((LC4_LF0)>>16)&0xffff
  217  0000122c  26523060	addui	r18,r18,(LC4_LF0)&0xffff
  218  00001230  afb20000	sw	(r29),r18
  219  00001234  0c000524	jal	_Printf
  220  00001238  54000000	nop; not filled.
  221  0000123c  0c0005d0	jal	_Exit
  222  00001240  54000000	nop; not filled.
  223  00001244  23bd0008	addi	r29,r29,#8
  224  00001248          	L17_LF0:
  225  00001248  23bdfff8	addi	r29,r29,#-8
  226  0000124c  20120000	addi	r18,r0,#0
  227  00001250  afb20000	sw	(r29),r18
  228  00001254  0c000540	jal	_sem_create
  229  00001258  54000000	nop; not filled.
  230  0000125c  00012020	add	r4,r0,r1
  231  00001260  23bd0008	addi	r29,r29,#8
  232  00001264  6081ffff	seqi	r1,r4,#-1
  233  00001268  1020004c	beqz	r1,L18_LF0
  234  0000126c  54000000	nop; not filled.
  235  00001270  23bdfff8	addi	r29,r29,#-8
  236  00001274  3c120000	lhi	r18,((LC3_LF0)>>16)&0xffff
  237  00001278  2652304c	addui	r18,r18,(LC3_LF0)&0xffff
  238  0000127c  afb20000	sw	(r29),r18
  239  00001280  0c0004d8	jal	_Printf
  240  00001284  54000000	nop; not filled.
  241  00001288  8d720000	lw	r18,(r11)
  242  0000128c  afb20000	sw	(r29),r18
  243  00001290  0c0004c8	jal	_Printf
  244  00001294  54000000	nop; not filled.
  245  00001298  3c120000	lhi	r18,((LC4_LF0)>>16)&0xffff
  246  0000129c  26523060	addui	r18,r18,(LC4_LF0)&0xffff
  247  000012a0  afb20000	sw	(r29),r18
  248  000012a4  0c0004b4	jal	_Printf
  249  000012a8  54000000	nop; not filled.
  250  000012ac  0c000560	jal	_Exit
  251  000012b0  54000000	nop; not filled.
  252  000012b4  23bd0008	addi	r29,r29,#8
  253  000012b8          	L18_LF0:
  254  000012b8  23bdfff8	addi	r29,r29,#-8
  255  000012bc  20120000	addi	r18,r0,#0
  256  000012c0  afb20000	sw	(r29),r18
  257  000012c4  0c0004d0	jal	_sem_create
  258  000012c8  54000000	nop; not filled.
  259  000012cc  00013020	add	r6,r0,r1
  260  000012d0  23bd0008	addi	r29,r29,#8
  261  000012d4  60c1ffff	seqi	r1,r6,#-1
  262  000012d8  1020004c	beqz	r1,L19_LF0
  263  000012dc  54000000	nop; not filled.
  264  000012e0  23bdfff8	addi	r29,r29,#-8
  265  000012e4  3c120000	lhi	r18,((LC3_LF0)>>16)&0xffff
  266  000012e8  2652304c	addui	r18,r18,(LC3_LF0)&0xffff
  267  000012ec  afb20000	sw	(r29),r18
  268  000012f0  0c000468	jal	_Printf
  269  000012f4  54000000	nop; not filled.
  270  000012f8  8d720000	lw	r18,(r11)
  271  000012fc  afb20000	sw	(r29),r18
  272  00001300  0c000458	jal	_Printf
  273  00001304  54000000	nop; not filled.
  274  00001308  3c120000	lhi	r18,((LC4_LF0)>>16)&0xffff
  275  0000130c  26523060	addui	r18,r18,(LC4_LF0)&0xffff
  276  00001310  afb20000	sw	(r29),r18
  277  00001314  0c000444	jal	_Printf
  278  00001318  54000000	nop; not filled.
  279  0000131c  0c0004f0	jal	_Exit
  280  00001320  54000000	nop; not filled.
  281  00001324  23bd0008	addi	r29,r29,#8
  282  00001328          	L19_LF0:
  283  00001328  23bdfff8	addi	r29,r29,#-8
  284  0000132c  20120000	addi	r18,r0,#0
  285  00001330  afb20000	sw	(r29),r18
  286  00001334  0c000460	jal	_sem_create
  287  00001338  54000000	nop; not filled.
  288  0000133c  00013820	add	r7,r0,r1
  289  00001340  23bd0008	addi	r29,r29,#8
  290  00001344  60e1ffff	seqi	r1,r7,#-1
  291  00001348  1020004c	beqz	r1,L20_LF0
  292  0000134c  54000000	nop; not filled.
  293  00001350  23bdfff8	addi	r29,r29,#-8
  294  00001354  3c120000	lhi	r18,((LC3_LF0)>>16)&0xffff
  295  00001358  2652304c	addui	r18,r18,(LC3_LF0)&0xffff
  296  0000135c  afb20000	sw	(r29),r18
  297  00001360  0c0003f8	jal	_Printf
  298  00001364  54000000	nop; not filled.
  299  00001368  8d720000	lw	r18,(r11)
  300  0000136c  afb20000	sw	(r29),r18
  301  00001370  0c0003e8	jal	_Printf
  302  00001374  54000000	nop; not filled.
  303  00001378  3c120000	lhi	r18,((LC4_LF0)>>16)&0xffff
  304  0000137c  26523060	addui	r18,r18,(LC4_LF0)&0xffff
  305  00001380  afb20000	sw	(r29),r18
  306  00001384  0c0003d4	jal	_Printf
  307  00001388  54000000	nop; not filled.
  308  0000138c  0c000480	jal	_Exit
  309  00001390  54000000	nop; not filled.
  310  00001394  23bd0008	addi	r29,r29,#8
  311  00001398          	L20_LF0:
  312  00001398  23bdfff8	addi	r29,r29,#-8
  313  0000139c  20120000	addi	r18,r0,#0
  314  000013a0  afb20000	sw	(r29),r18
  315  000013a4  0c0003f0	jal	_sem_create
  316  000013a8  54000000	nop; not filled.
  317  000013ac  00011820	add	r3,r0,r1
  318  000013b0  23bd0008	addi	r29,r29,#8
  319  000013b4  6061ffff	seqi	r1,r3,#-1
  320  000013b8  1020004c	beqz	r1,L21_LF0
  321  000013bc  54000000	nop; not filled.
  322  000013c0  23bdfff8	addi	r29,r29,#-8
  323  000013c4  3c120000	lhi	r18,((LC3_LF0)>>16)&0xffff
  324  000013c8  2652304c	addui	r18,r18,(LC3_LF0)&0xffff
  325  000013cc  afb20000	sw	(r29),r18
  326  000013d0  0c000388	jal	_Printf
  327  000013d4  54000000	nop; not filled.
  328  000013d8  8d720000	lw	r18,(r11)
  329  000013dc  afb20000	sw	(r29),r18
  330  000013e0  0c000378	jal	_Printf
  331  000013e4  54000000	nop; not filled.
  332  000013e8  3c120000	lhi	r18,((LC4_LF0)>>16)&0xffff
  333  000013ec  26523060	addui	r18,r18,(LC4_LF0)&0xffff
  334  000013f0  afb20000	sw	(r29),r18
  335  000013f4  0c000364	jal	_Printf
  336  000013f8  54000000	nop; not filled.
  337  000013fc  0c000410	jal	_Exit
  338  00001400  54000000	nop; not filled.
  339  00001404  23bd0008	addi	r29,r29,#8
  340  00001408          	L21_LF0:
  341  00001408  23bdfff8	addi	r29,r29,#-8
  342  0000140c  20120000	addi	r18,r0,#0
  343  00001410  afb20000	sw	(r29),r18
  344  00001414  0c000380	jal	_sem_create
  345  00001418  54000000	nop; not filled.
  346  0000141c  00012820	add	r5,r0,r1
  347  00001420  23bd0008	addi	r29,r29,#8
  348  00001424  60a1ffff	seqi	r1,r5,#-1
  349  00001428  1020004c	beqz	r1,L22_LF0
  350  0000142c  54000000	nop; not filled.
  351  00001430  23bdfff8	addi	r29,r29,#-8
  352  00001434  3c120000	lhi	r18,((LC3_LF0)>>16)&0xffff
  353  00001438  2652304c	addui	r18,r18,(LC3_LF0)&0xffff
  354  0000143c  afb20000	sw	(r29),r18
  355  00001440  0c000318	jal	_Printf
  356  00001444  54000000	nop; not filled.
  357  00001448  8d720000	lw	r18,(r11)
  358  0000144c  afb20000	sw	(r29),r18
  359  00001450  0c000308	jal	_Printf
  360  00001454  54000000	nop; not filled.
  361  00001458  3c120000	lhi	r18,((LC4_LF0)>>16)&0xffff
  362  0000145c  26523060	addui	r18,r18,(LC4_LF0)&0xffff
  363  00001460  afb20000	sw	(r29),r18
  364  00001464  0c0002f4	jal	_Printf
  365  00001468  54000000	nop; not filled.
  366  0000146c  0c0003a0	jal	_Exit
  367  00001470  54000000	nop; not filled.
  368  00001474  23bd0008	addi	r29,r29,#8
  369  00001478          	L22_LF0:
  370  00001478  23bdfff8	addi	r29,r29,#-8
  371  0000147c  afae0000	sw	(r29),r14
  372  00001480  23c2ffe8	addi	r2,r30,#-24
  373  00001484  afa20004	sw	4(r29),r2
  374  00001488  0c000aa4	jal	_ditoa
  375  0000148c  54000000	nop; not filled.
  376  00001490  afa40000	sw	(r29),r4
  377  00001494  23c4ffd8	addi	r4,r30,#-40
  378  00001498  afa40004	sw	4(r29),r4
  379  0000149c  0c000a90	jal	_ditoa
  380  000014a0  54000000	nop; not filled.
  381  000014a4  afa60000	sw	(r29),r6
  382  000014a8  23c6ffc8	addi	r6,r30,#-56
  383  000014ac  afa60004	sw	4(r29),r6
  384  000014b0  0c000a7c	jal	_ditoa
  385  000014b4  54000000	nop; not filled.
  386  000014b8  afa70000	sw	(r29),r7
  387  000014bc  23c7ffb8	addi	r7,r30,#-72
  388  000014c0  afa70004	sw	4(r29),r7
  389  000014c4  0c000a68	jal	_ditoa
  390  000014c8  54000000	nop; not filled.
  391  000014cc  afa30000	sw	(r29),r3
  392  000014d0  23c3ffa8	addi	r3,r30,#-88
  393  000014d4  afa30004	sw	4(r29),r3
  394  000014d8  0c000a54	jal	_ditoa
  395  000014dc  54000000	nop; not filled.
  396  000014e0  afa50000	sw	(r29),r5
  397  000014e4  23c5ff98	addi	r5,r30,#-104
  398  000014e8  afa50004	sw	4(r29),r5
  399  000014ec  0c000a40	jal	_ditoa
  400  000014f0  54000000	nop; not filled.
  401  000014f4  afb10000	sw	(r29),r17
  402  000014f8  23c8ff88	addi	r8,r30,#-120
  403  000014fc  afa80004	sw	4(r29),r8
  404  00001500  0c000a2c	jal	_ditoa
  405  00001504  54000000	nop; not filled.
  406  00001508  afad0000	sw	(r29),r13
  407  0000150c  23c9ff78	addi	r9,r30,#-136
  408  00001510  afa90004	sw	4(r29),r9
  409  00001514  0c000a18	jal	_ditoa
  410  00001518  54000000	nop; not filled.
  411  0000151c  afac0000	sw	(r29),r12
  412  00001520  23caff68	addi	r10,r30,#-152
  413  00001524  afaa0004	sw	4(r29),r10
  414  00001528  0c000a04	jal	_ditoa
  415  0000152c  54000000	nop; not filled.
  416  00001530  23bdfff0	addi	r29,r29,#-16
  417  00001534  3c120000	lhi	r18,((LC5_LF0)>>16)&0xffff
  418  00001538  26523064	addui	r18,r18,(LC5_LF0)&0xffff
  419  0000153c  afb20000	sw	(r29),r18
  420  00001540  afa20004	sw	4(r29),r2
  421  00001544  8d720004	lw	r18,4(r11)
  422  00001548  afb20008	sw	8(r29),r18
  423  0000154c  afa4000c	sw	12(r29),r4
  424  00001550  20120000	addi	r18,r0,#0
  425  00001554  afb20010	sw	16(r29),r18
  426  00001558  0c000218	jal	_process_create
  427  0000155c  54000000	nop; not filled.
  428  00001560  3c120000	lhi	r18,((LC6_LF0)>>16)&0xffff
  429  00001564  26523078	addui	r18,r18,(LC6_LF0)&0xffff
  430  00001568  afb20000	sw	(r29),r18
  431  0000156c  afa20004	sw	4(r29),r2
  432  00001570  8d720008	lw	r18,8(r11)
  433  00001574  afb20008	sw	8(r29),r18
  434  00001578  afa6000c	sw	12(r29),r6
  435  0000157c  20120000	addi	r18,r0,#0
  436  00001580  afb20010	sw	16(r29),r18
  437  00001584  0c0001ec	jal	_process_create
  438  00001588  54000000	nop; not filled.
  439  0000158c  23bdfff8	addi	r29,r29,#-8
  440  00001590  3c120000	lhi	r18,((LC7_LF0)>>16)&0xffff
  441  00001594  2652308c	addui	r18,r18,(LC7_LF0)&0xffff
  442  00001598  afb20000	sw	(r29),r18
  443  0000159c  afa20004	sw	4(r29),r2
  444  000015a0  afa80008	sw	8(r29),r8
  445  000015a4  afa4000c	sw	12(r29),r4
  446  000015a8  afa70010	sw	16(r29),r7
  447  000015ac  afa30014	sw	20(r29),r3
  448  000015b0  20120000	addi	r18,r0,#0
  449  000015b4  afb20018	sw	24(r29),r18
  450  000015b8  0c0001b8	jal	_process_create
  451  000015bc  54000000	nop; not filled.
  452  000015c0  23bd0020	addi	r29,r29,#32
  453  000015c4  23bdffe0	addi	r29,r29,#-32
  454  000015c8  3c120000	lhi	r18,((LC8_LF0)>>16)&0xffff
  455  000015cc  265230a0	addui	r18,r18,(LC8_LF0)&0xffff
  456  000015d0  afb20000	sw	(r29),r18
  457  000015d4  afa20004	sw	4(r29),r2
  458  000015d8  afa90008	sw	8(r29),r9
  459  000015dc  afa6000c	sw	12(r29),r6
  460  000015e0  afa50010	sw	16(r29),r5
  461  000015e4  afa30014	sw	20(r29),r3
  462  000015e8  20120000	addi	r18,r0,#0
  463  000015ec  afb20018	sw	24(r29),r18
  464  000015f0  0c000180	jal	_process_create
  465  000015f4  54000000	nop; not filled.
  466  000015f8  23bd0020	addi	r29,r29,#32
  467  000015fc  23bdffe0	addi	r29,r29,#-32
  468  00001600  3c120000	lhi	r18,((LC9_LF0)>>16)&0xffff
  469  00001604  265230b4	addui	r18,r18,(LC9_LF0)&0xffff
  470  00001608  afb20000	sw	(r29),r18
  471  0000160c  afa20004	sw	4(r29),r2
  472  00001610  afaa0008	sw	8(r29),r10
  473  00001614  afa5000c	sw	12(r29),r5
  474  00001618  afa70010	sw	16(r29),r7
  475  0000161c  afa30014	sw	20(r29),r3
  476  00001620  20120000	addi	r18,r0,#0
  477  00001624  afb20018	sw	24(r29),r18
  478  00001628  0c000148	jal	_process_create
  479  0000162c  54000000	nop; not filled.
  480  00001630  23bd0020	addi	r29,r29,#32
  481  00001634  23bdfff8	addi	r29,r29,#-8
  482  00001638  afae0000	sw	(r29),r14
  483  0000163c  0c000164	jal	_sem_wait
  484  00001640  54000000	nop; not filled.
  485  00001644  23bd0008	addi	r29,r29,#8
  486  00001648  64210001	snei	r1,r1,#1
  487  0000164c  10200050	beqz	r1,L23_LF0
  488  00001650  54000000	nop; not filled.
  489  00001654  23bdfff8	addi	r29,r29,#-8
  490  00001658  3c120000	lhi	r18,((LC10_LF0)>>16)&0xffff
  491  0000165c  265230c8	addui	r18,r18,(LC10_LF0)&0xffff
  492  00001660  afb20000	sw	(r29),r18
  493  00001664  afae0004	sw	4(r29),r14
  494  00001668  0c0000f0	jal	_Printf
  495  0000166c  54000000	nop; not filled.
  496  00001670  8d6b0000	lw	r11,(r11)
  497  00001674  afab0000	sw	(r29),r11
  498  00001678  0c0000e0	jal	_Printf
  499  0000167c  54000000	nop; not filled.
  500  00001680  3c120000	lhi	r18,((LC4_LF0)>>16)&0xffff
  501  00001684  26523060	addui	r18,r18,(LC4_LF0)&0xffff
  502  00001688  afb20000	sw	(r29),r18
  503  0000168c  0c0000cc	jal	_Printf
  504  00001690  54000000	nop; not filled.
  505  00001694  0c000178	jal	_Exit
  506  00001698  54000000	nop; not filled.
  507  0000169c  23bd0008	addi	r29,r29,#8
  508  000016a0          	L23_LF0:
  509  000016a0  23bdffe8	addi	r29,r29,#-24
  510  000016a4  3c120000	lhi	r18,((LC11_LF0)>>16)&0xffff
  511  000016a8  265230f4	addui	r18,r18,(LC11_LF0)&0xffff
  512  000016ac  afb20000	sw	(r29),r18
  513  000016b0  020f0822	sub	r1,r16,r15
  514  000016b4  afa10004	sw	4(r29),r1
  515  000016b8  01ec0822	sub	r1,r15,r12
  516  000016bc  afa10008	sw	8(r29),r1
  517  000016c0  022d0820	add	r1,r17,r13
  518  000016c4  002c0822	sub	r1,r1,r12
  519  000016c8  afa1000c	sw	12(r29),r1
  520  000016cc  01ac0822	sub	r1,r13,r12
  521  000016d0  afa10010	sw	16(r29),r1
  522  000016d4  0c000084	jal	_Printf
  523  000016d8  54000000	nop; not filled.
  524  000016dc  3c120000	lhi	r18,((LC12_LF0)>>16)&0xffff
  525  000016e0  2652313c	addui	r18,r18,(LC12_LF0)&0xffff
  526  000016e4  afb20000	sw	(r29),r18
  527  000016e8  afac0004	sw	4(r29),r12
  528  000016ec  0c00006c	jal	_Printf
  529  000016f0  54000000	nop; not filled.
  530  000016f4  3c120000	lhi	r18,((LC13_LF0)>>16)&0xffff
  531  000016f8  26523154	addui	r18,r18,(LC13_LF0)&0xffff
  532  000016fc  afb20000	sw	(r29),r18
  533  00001700  0c000058	jal	_Printf
  534  00001704  54000000	nop; not filled.
  535  00001708  23bd0018	addi	r29,r29,#24
  536  0000170c  0c000e48	jal	_exit
  537  00001710  54000000	nop
  538  00001714          	.endproc _main
  539                      ;;;
  540                      ;;; Stub functions for DLX traps.
  541                      ;;;
  542                      ;;; Ethan L. Miller, 1999.  Released to the public domain.
  543                      ;;;
  544                      ;;; The traps such as Open and Close
  545                      ;;; (note the capital letters) are for use by user programs.  The traps
  546                      ;;; with names such as open and close (lower case) are for use by the OS.
  547                      ;;;
  550  00001714          	.align 2
  552                      ;;; The following are the traps to be used by user-level programs
  553                      ;;;
  555  00001714          	.align 2
  556  00001714          	.proc _Open
  557  00001714          	.global _Open
  558  00001714          	_Open:
  559                      ;;; Note that trap #0x213 actually causes a trap vector in the OS of
  560                      ;;; 0x1213.  The same is true for other user traps.  Thus, a user trap
  561                      ;;; with trap #0x240 will result in a trap vector of 0x1240 in the OS.
  562  00001714  44000213	trap	#0x213
  563  00001718  4be00000	jr	r31
  564  0000171c  54000000	nop
  565  00001720          	.endproc _Open
  567  00001720          	.proc _Close
  568  00001720          	.global _Close
  569  00001720          	_Close:
  570  00001720  44000214	trap	#0x214
  571  00001724  4be00000	jr	r31
  572  00001728  54000000	nop
  573  0000172c          	.endproc _Close
  575  0000172c          	.proc _Read
  576  0000172c          	.global _Read
  577  0000172c          	_Read:
  578  0000172c  44000210	trap	#0x210
  579  00001730  4be00000	jr	r31
  580  00001734  54000000	nop
  581  00001738          	.endproc _Read
  583  00001738          	.proc _Write
  584  00001738          	.global _Write
  585  00001738          	_Write:
  586  00001738  44000211	trap	#0x211
  587  0000173c  4be00000	jr	r31
  588  00001740  54000000	nop
  589  00001744          	.endproc _Write
  591  00001744          	.proc _Lseek
  592  00001744          	.global _Lseek
  593  00001744          	_Lseek:
  594  00001744  44000212	trap	#0x212
  595  00001748  4be00000	jr	r31
  596  0000174c  54000000	nop
  597  00001750          	.endproc _Lseek
  599  00001750          	.proc _Putchar
  600  00001750          	.global _Putchar
  601  00001750          	_Putchar:
  602  00001750  44000280	trap	#0x280
  603  00001754  4be00000	jr	r31
  604  00001758  54000000	nop
  605  0000175c          	.endproc _Putchar
  607  0000175c          	.proc _Printf
  608  0000175c          	.global _Printf
  609  0000175c          	_Printf:
  610  0000175c  44000201	trap	#0x201
  611  00001760  4be00000	jr	r31
  612  00001764  54000000	nop
  613  00001768          	.endproc _Printf
  615  00001768          	.proc _getpid
  616  00001768          	.global _getpid
  617  00001768          	_getpid:
  618  00001768  44000431	trap	#0x431
  619  0000176c  4be00000	jr	r31
  620  00001770  54000000	nop
  621  00001774          	.endproc _getpid
  623  00001774          	.proc _process_create
  624  00001774          	.global _process_create
  625  00001774          	_process_create:
  626  00001774  44000432	trap	#0x432
  627  00001778  4be00000	jr	r31
  628  0000177c  54000000	nop
  629  00001780          	.endproc _process_create
  631  00001780          	.proc _shmget
  632  00001780          	.global _shmget
  633  00001780          	_shmget:
  634  00001780  44000440	trap	#0x440
  635  00001784  4be00000	jr	r31
  636  00001788  54000000	nop
  637  0000178c          	.endproc _shmget
  639  0000178c          	.proc _shmat
  640  0000178c          	.global _shmat
  641  0000178c          	_shmat:
  642  0000178c  44000441	trap	#0x441
  643  00001790  4be00000	jr	r31
  644  00001794  54000000	nop
  645  00001798          	.endproc _shmat
  647  00001798          	.proc _sem_create
  648  00001798          	.global _sem_create
  649  00001798          	_sem_create:
  650  00001798  44000450	trap	#0x450
  651  0000179c  4be00000	jr	r31
  652  000017a0  54000000	nop
  653  000017a4          	.endproc _sem_create
  655  000017a4          	.proc _sem_wait
  656  000017a4          	.global _sem_wait
  657  000017a4          	_sem_wait:
  658  000017a4  44000451	trap	#0x451
  659  000017a8  4be00000	jr	r31
  660  000017ac  54000000	nop
  661  000017b0          	.endproc _sem_wait
  663  000017b0          	.proc _sem_signal
  664  000017b0          	.global _sem_signal
  665  000017b0          	_sem_signal:
  666  000017b0  44000452	trap	#0x452
  667  000017b4  4be00000	jr	r31
  668  000017b8  54000000	nop
  669  000017bc          	.endproc _sem_signal
  671  000017bc          	.proc _lock_create
  672  000017bc          	.global _lock_create
  673  000017bc          	_lock_create:
  674  000017bc  44000453	trap	#0x453
  675  000017c0  4be00000	jr	r31
  676  000017c4  54000000	nop
  677  000017c8          	.endproc _lock_create
  679  000017c8          	.proc _lock_acquire
  680  000017c8          	.global _lock_acquire
  681  000017c8          	_lock_acquire:
  682  000017c8  44000454	trap	#0x454
  683  000017cc  4be00000	jr	r31
  684  000017d0  54000000	nop
  685  000017d4          	.endproc _lock_acquire
  687  000017d4          	.proc _lock_release
  688  000017d4          	.global _lock_release
  689  000017d4          	_lock_release:
  690  000017d4  44000455	trap	#0x455
  691  000017d8  4be00000	jr	r31
  692  000017dc  54000000	nop
  693  000017e0          	.endproc _lock_release
  695  000017e0          	.proc _cond_create
  696  000017e0          	.global _cond_create
  697  000017e0          	_cond_create:
  698  000017e0  44000456	trap	#0x456
  699  000017e4  4be00000	jr	r31
  700  000017e8  54000000	nop
  701  000017ec          	.endproc _cond_create
  703  000017ec          	.proc _cond_wait
  704  000017ec          	.global _cond_wait
  705  000017ec          	_cond_wait:
  706  000017ec  44000457	trap	#0x457
  707  000017f0  4be00000	jr	r31
  708  000017f4  54000000	nop
  709  000017f8          	.endproc _cond_wait
  711  000017f8          	.proc _cond_signal
  712  000017f8          	.global _cond_signal
  713  000017f8          	_cond_signal:
  714  000017f8  44000458	trap	#0x458
  715  000017fc  4be00000	jr	r31
  716  00001800  54000000	nop
  717  00001804          	.endproc _cond_signal
  719  00001804          	.proc _cond_broadcast
  720  00001804          	.global _cond_broadcast
  721  00001804          	_cond_broadcast:
  722  00001804  44000459	trap	#0x459
  723  00001808  4be00000	jr	r31
  724  0000180c  54000000	nop
  725  00001810          	.endproc _cond_broadcast
  727  00001810          	.proc _Exit
  728  00001810          	.global _Exit
  729  00001810          	_Exit:
  730  00001810  44000500	trap	#0x500
  731  00001814  4be00000	jr	r31
  732  00001818  54000000	nop
  733  0000181c          	.endproc _Exit
  734                      ; Compiled by GCC
  736  0000181c          	.align 2
  737  0000181c          	.proc _isspace
  738  0000181c          	.global _isspace
  739  0000181c          	_isspace:
  740                      ;  Function 'isspace'; 0 bytes of locals, 3 regs to save.
  741  0000181c  afbefffc	sw	-4(r29),r30; push fp
  742  00001820  001df020	add	r30,r0,r29; fp = sp
  743  00001824  afbffff8	sw	-8(r29),r31; push ret addr
  744  00001828  2fbd0018	subui	r29,r29,#24; alloc local storage
  745  0000182c  afa20000	sw	0(r29),r2
  746  00001830  afa30004	sw	4(r29),r3
  747  00001834  afa40008	sw	8(r29),r4
  748  00001838  83c20003	lb	r2,3(r30)
  749  0000183c  20010000	addi	r1,r0,#0
  750  00001840  304300ff	andi	r3,r2,#0x00ff
  751  00001844  60640020	seqi	r4,r3,#32
  752  00001848  1480002c	bnez	r4,L3_LF2
  753  0000184c  54000000	nop; delay slot nop
  754  00001850  304300ff	andi	r3,r2,#0x00ff
  755  00001854  60640009	seqi	r4,r3,#9
  756  00001858  1480001c	bnez	r4,L3_LF2
  757  0000185c  54000000	nop; delay slot nop
  758  00001860  304300ff	andi	r3,r2,#0x00ff
  759  00001864  6064000a	seqi	r4,r3,#10
  760  00001868  1480000c	bnez	r4,L3_LF2
  761  0000186c  54000000	nop; delay slot nop
  762  00001870  08000008	j	L2_LF2
  763  00001874  54000000	nop; delay slot nop
  764  00001878          	L3_LF2:
  765  00001878  20010001	addi	r1,r0,#1
  766  0000187c          	L2_LF2:
  767  0000187c  08000004	j	L1_LF2
  768  00001880  54000000	nop; delay slot nop
  769  00001884          	L1_LF2:
  770  00001884  8fa20000	lw	r2,0(r29)
  771  00001888  8fa30004	lw	r3,4(r29)
  772  0000188c  8fa40008	lw	r4,8(r29)
  773  00001890  8fdffff8	lw	r31,-8(r30)
  774  00001894  001ee820	add	r29,r0,r30
  775  00001898  8fdefffc	lw	r30,-4(r30)
  776  0000189c  4be00000	jr	r31
  777  000018a0  54000000	nop
  778  000018a4          	.endproc _isspace
  779  000018a4          	.align 2
  780  000018a4          	.proc _isxdigit
  781  000018a4          	.global _isxdigit
  782  000018a4          	_isxdigit:
  783                      ;  Function 'isxdigit'; 0 bytes of locals, 3 regs to save.
  784  000018a4  afbefffc	sw	-4(r29),r30; push fp
  785  000018a8  001df020	add	r30,r0,r29; fp = sp
  786  000018ac  afbffff8	sw	-8(r29),r31; push ret addr
  787  000018b0  2fbd0018	subui	r29,r29,#24; alloc local storage
  788  000018b4  afa20000	sw	0(r29),r2
  789  000018b8  afa30004	sw	4(r29),r3
  790  000018bc  afa40008	sw	8(r29),r4
  791  000018c0  83c20003	lb	r2,3(r30)
  792  000018c4  20010000	addi	r1,r0,#0
  793  000018c8  304300ff	andi	r3,r2,#0x00ff
  794  000018cc  6c64002f	sgtui	r4,r3,#47
  795  000018d0  1080001c	beqz	r4,L7_LF2
  796  000018d4  54000000	nop; delay slot nop
  797  000018d8  304300ff	andi	r3,r2,#0x00ff
  798  000018dc  70640039	sleui	r4,r3,#57
  799  000018e0  1480005c	bnez	r4,L6_LF2
  800  000018e4  54000000	nop; delay slot nop
  801  000018e8  08000004	j	L7_LF2
  802  000018ec  54000000	nop; delay slot nop
  803  000018f0          	L7_LF2:
  804  000018f0  304300ff	andi	r3,r2,#0x00ff
  805  000018f4  6c640060	sgtui	r4,r3,#96
  806  000018f8  1080001c	beqz	r4,L8_LF2
  807  000018fc  54000000	nop; delay slot nop
  808  00001900  304300ff	andi	r3,r2,#0x00ff
  809  00001904  70640066	sleui	r4,r3,#102
  810  00001908  14800034	bnez	r4,L6_LF2
  811  0000190c  54000000	nop; delay slot nop
  812  00001910  08000004	j	L8_LF2
  813  00001914  54000000	nop; delay slot nop
  814  00001918          	L8_LF2:
  815  00001918  304300ff	andi	r3,r2,#0x00ff
  816  0000191c  6c640040	sgtui	r4,r3,#64
  817  00001920  10800020	beqz	r4,L5_LF2
  818  00001924  54000000	nop; delay slot nop
  819  00001928  304300ff	andi	r3,r2,#0x00ff
  820  0000192c  70640041	sleui	r4,r3,#65
  821  00001930  1480000c	bnez	r4,L6_LF2
  822  00001934  54000000	nop; delay slot nop
  823  00001938  08000008	j	L5_LF2
  824  0000193c  54000000	nop; delay slot nop
  825  00001940          	L6_LF2:
  826  00001940  20010001	addi	r1,r0,#1
  827  00001944          	L5_LF2:
  828  00001944  08000004	j	L4_LF2
  829  00001948  54000000	nop; delay slot nop
  830  0000194c          	L4_LF2:
  831  0000194c  8fa20000	lw	r2,0(r29)
  832  00001950  8fa30004	lw	r3,4(r29)
  833  00001954  8fa40008	lw	r4,8(r29)
  834  00001958  8fdffff8	lw	r31,-8(r30)
  835  0000195c  001ee820	add	r29,r0,r30
  836  00001960  8fdefffc	lw	r30,-4(r30)
  837  00001964  4be00000	jr	r31
  838  00001968  54000000	nop
  839  0000196c          	.endproc _isxdigit
  840  0000196c          	.align 2
  841  0000196c          	.proc _dstrcpy
  842  0000196c          	.global _dstrcpy
  843  0000196c          	_dstrcpy:
  844                      ;  Function 'dstrcpy'; 8 bytes of locals, 2 regs to save.
  845  0000196c  afbefffc	sw	-4(r29),r30; push fp
  846  00001970  001df020	add	r30,r0,r29; fp = sp
  847  00001974  afbffff8	sw	-8(r29),r31; push ret addr
  848  00001978  2fbd0018	subui	r29,r29,#24; alloc local storage
  849  0000197c  afa20000	sw	0(r29),r2
  850  00001980  afa30004	sw	4(r29),r3
  851  00001984  8fc10000	lw	r1,(r30)
  852  00001988  afc1fff4	sw	-12(r30),r1
  853  0000198c          	L10_LF2:
  854  0000198c  8fc10000	lw	r1,(r30)
  855  00001990  20220001	addi	r2,r1,#1
  856  00001994  afc20000	sw	(r30),r2
  857  00001998  8fc20004	lw	r2,4(r30)
  858  0000199c  20430001	addi	r3,r2,#1
  859  000019a0  afc30004	sw	4(r30),r3
  860  000019a4  80420000	lb	r2,(r2)
  861  000019a8  a0220000	sb	(r1),r2
  862  000019ac  a3c2fff3	sb	-13(r30),r2
  863  000019b0          	L12_LF2:
  864  000019b0  93c1fff3	lbu	r1,-13(r30)
  865  000019b4  64220000	snei	r2,r1,#0
  866  000019b8  1440000c	bnez	r2,L13_LF2
  867  000019bc  54000000	nop; delay slot nop
  868  000019c0  0800000c	j	L11_LF2
  869  000019c4  54000000	nop; delay slot nop
  870  000019c8          	L13_LF2:
  871  000019c8  0bffffc0	j	L10_LF2
  872  000019cc  54000000	nop; delay slot nop
  873  000019d0          	L11_LF2:
  874  000019d0  8fc1fff4	lw	r1,-12(r30)
  875  000019d4  08000004	j	L9_LF2
  876  000019d8  54000000	nop; delay slot nop
  877  000019dc          	L9_LF2:
  878  000019dc  8fa20000	lw	r2,0(r29)
  879  000019e0  8fa30004	lw	r3,4(r29)
  880  000019e4  8fdffff8	lw	r31,-8(r30)
  881  000019e8  001ee820	add	r29,r0,r30
  882  000019ec  8fdefffc	lw	r30,-4(r30)
  883  000019f0  4be00000	jr	r31
  884  000019f4  54000000	nop
  885  000019f8          	.endproc _dstrcpy
  886  000019f8          	.align 2
  887  000019f8          	.proc _dstrncpy
  888  000019f8          	.global _dstrncpy
  889  000019f8          	_dstrncpy:
  890                      ;  Function 'dstrncpy'; 8 bytes of locals, 2 regs to save.
  891  000019f8  afbefffc	sw	-4(r29),r30; push fp
  892  000019fc  001df020	add	r30,r0,r29; fp = sp
  893  00001a00  afbffff8	sw	-8(r29),r31; push ret addr
  894  00001a04  2fbd0018	subui	r29,r29,#24; alloc local storage
  895  00001a08  afa20000	sw	0(r29),r2
  896  00001a0c  afa30004	sw	4(r29),r3
  897  00001a10  8fc10000	lw	r1,(r30)
  898  00001a14  afc1fff4	sw	-12(r30),r1
  899  00001a18          	L15_LF2:
  900  00001a18  8fc10008	lw	r1,8(r30)
  901  00001a1c  2022ffff	addi	r2,r1,#-1
  902  00001a20  afc20008	sw	8(r30),r2
  903  00001a24  70210000	slei	r1,r1,#0
  904  00001a28  1020000c	beqz	r1,L18_LF2
  905  00001a2c  54000000	nop; delay slot nop
  906  00001a30  08000048	j	L16_LF2
  907  00001a34  54000000	nop; delay slot nop
  908  00001a38          	L18_LF2:
  909  00001a38  8fc10000	lw	r1,(r30)
  910  00001a3c  20220001	addi	r2,r1,#1
  911  00001a40  afc20000	sw	(r30),r2
  912  00001a44  8fc20004	lw	r2,4(r30)
  913  00001a48  20430001	addi	r3,r2,#1
  914  00001a4c  afc30004	sw	4(r30),r3
  915  00001a50  80420000	lb	r2,(r2)
  916  00001a54  a0220000	sb	(r1),r2
  917  00001a58  a3c2fff3	sb	-13(r30),r2
  918  00001a5c          	L17_LF2:
  919  00001a5c  93c1fff3	lbu	r1,-13(r30)
  920  00001a60  64220000	snei	r2,r1,#0
  921  00001a64  1440000c	bnez	r2,L19_LF2
  922  00001a68  54000000	nop; delay slot nop
  923  00001a6c  0800000c	j	L16_LF2
  924  00001a70  54000000	nop; delay slot nop
  925  00001a74          	L19_LF2:
  926  00001a74  0bffffa0	j	L15_LF2
  927  00001a78  54000000	nop; delay slot nop
  928  00001a7c          	L16_LF2:
  929  00001a7c  8fc1fff4	lw	r1,-12(r30)
  930  00001a80  08000004	j	L14_LF2
  931  00001a84  54000000	nop; delay slot nop
  932  00001a88          	L14_LF2:
  933  00001a88  8fa20000	lw	r2,0(r29)
  934  00001a8c  8fa30004	lw	r3,4(r29)
  935  00001a90  8fdffff8	lw	r31,-8(r30)
  936  00001a94  001ee820	add	r29,r0,r30
  937  00001a98  8fdefffc	lw	r30,-4(r30)
  938  00001a9c  4be00000	jr	r31
  939  00001aa0  54000000	nop
  940  00001aa4          	.endproc _dstrncpy
  941  00001aa4          	.align 2
  942  00001aa4          	.proc _dstrcat
  943  00001aa4          	.global _dstrcat
  944  00001aa4          	_dstrcat:
  945                      ;  Function 'dstrcat'; 8 bytes of locals, 1 regs to save.
  946  00001aa4  afbefffc	sw	-4(r29),r30; push fp
  947  00001aa8  001df020	add	r30,r0,r29; fp = sp
  948  00001aac  afbffff8	sw	-8(r29),r31; push ret addr
  949  00001ab0  2fbd0018	subui	r29,r29,#24; alloc local storage
  950  00001ab4  afa20000	sw	0(r29),r2
  951  00001ab8  8fc10000	lw	r1,(r30)
  952  00001abc  afc1fff4	sw	-12(r30),r1
  953  00001ac0          	L21_LF2:
  954  00001ac0  8fc10000	lw	r1,(r30)
  955  00001ac4  90220000	lbu	r2,(r1)
  956  00001ac8  64410000	snei	r1,r2,#0
  957  00001acc  1420000c	bnez	r1,L23_LF2
  958  00001ad0  54000000	nop; delay slot nop
  959  00001ad4  0800001c	j	L22_LF2
  960  00001ad8  54000000	nop; delay slot nop
  961  00001adc          	L23_LF2:
  962  00001adc  8fc20000	lw	r2,(r30)
  963  00001ae0  20410001	addi	r1,r2,#1
  964  00001ae4  00011020	add	r2,r0,r1
  965  00001ae8  afc20000	sw	(r30),r2
  966  00001aec  0bffffd0	j	L21_LF2
  967  00001af0  54000000	nop; delay slot nop
  968  00001af4          	L22_LF2:
  969  00001af4  23bdfff8	addi	r29,r29,#-8
  970  00001af8  001d0820	add	r1,r0,r29
  971  00001afc  8fc20000	lw	r2,(r30)
  972  00001b00  ac220000	sw	(r1),r2
  973  00001b04  8fc20004	lw	r2,4(r30)
  974  00001b08  ac220004	sw	4(r1),r2
  975  00001b0c  0ffffe5c	jal	_dstrcpy
  976  00001b10  54000000	nop; delay slot nop
  977  00001b14  23bd0008	addi	r29,r29,#8
  978  00001b18  8fc1fff4	lw	r1,-12(r30)
  979  00001b1c  08000004	j	L20_LF2
  980  00001b20  54000000	nop; delay slot nop
  981  00001b24          	L20_LF2:
  982  00001b24  8fa20000	lw	r2,0(r29)
  983  00001b28  8fdffff8	lw	r31,-8(r30)
  984  00001b2c  001ee820	add	r29,r0,r30
  985  00001b30  8fdefffc	lw	r30,-4(r30)
  986  00001b34  4be00000	jr	r31
  987  00001b38  54000000	nop
  988  00001b3c          	.endproc _dstrcat
  989  00001b3c          	.align 2
  990  00001b3c          	.proc _dstrncmp
  991  00001b3c          	.global _dstrncmp
  992  00001b3c          	_dstrncmp:
  993                      ;  Function 'dstrncmp'; 8 bytes of locals, 2 regs to save.
  994  00001b3c  afbefffc	sw	-4(r29),r30; push fp
  995  00001b40  001df020	add	r30,r0,r29; fp = sp
  996  00001b44  afbffff8	sw	-8(r29),r31; push ret addr
  997  00001b48  2fbd0018	subui	r29,r29,#24; alloc local storage
  998  00001b4c  afa20000	sw	0(r29),r2
  999  00001b50  afa30004	sw	4(r29),r3
 1000  00001b54  54000000	nop
 1001  00001b58  20010000	addi	r1,r0,#0
 1002  00001b5c  afc1fff4	sw	-12(r30),r1
 1003  00001b60          	L25_LF2:
 1004  00001b60  8fc1fff4	lw	r1,-12(r30)
 1005  00001b64  8fc20008	lw	r2,8(r30)
 1006  00001b68  0022082a	slt	r1,r1,r2
 1007  00001b6c  1420000c	bnez	r1,L28_LF2
 1008  00001b70  54000000	nop; delay slot nop
 1009  00001b74  08000088	j	L26_LF2
 1010  00001b78  54000000	nop; delay slot nop
 1011  00001b7c          	L28_LF2:
 1012  00001b7c  8fc10004	lw	r1,4(r30)
 1013  00001b80  90220000	lbu	r2,(r1)
 1014  00001b84  64410000	snei	r1,r2,#0
 1015  00001b88  14200018	bnez	r1,L29_LF2
 1016  00001b8c  54000000	nop; delay slot nop
 1017  00001b90  20010000	addi	r1,r0,#0
 1018  00001b94  080000d8	j	L24_LF2
 1019  00001b98  54000000	nop; delay slot nop
 1020  00001b9c  08000028	j	L30_LF2
 1021  00001ba0  54000000	nop; delay slot nop
 1022  00001ba4          	L29_LF2:
 1023  00001ba4  8fc10000	lw	r1,(r30)
 1024  00001ba8  8fc20004	lw	r2,4(r30)
 1025  00001bac  90210000	lbu	r1,(r1)
 1026  00001bb0  90420000	lbu	r2,(r2)
 1027  00001bb4  00220829	sne	r1,r1,r2
 1028  00001bb8  1020000c	beqz	r1,L30_LF2
 1029  00001bbc  54000000	nop; delay slot nop
 1030  00001bc0  0800003c	j	L26_LF2
 1031  00001bc4  54000000	nop; delay slot nop
 1032  00001bc8          	L31_LF2:
 1033  00001bc8          	L30_LF2:
 1034  00001bc8  8fc20000	lw	r2,(r30)
 1035  00001bcc  20410001	addi	r1,r2,#1
 1036  00001bd0  00011020	add	r2,r0,r1
 1037  00001bd4  afc20000	sw	(r30),r2
 1038  00001bd8  8fc20004	lw	r2,4(r30)
 1039  00001bdc  20410001	addi	r1,r2,#1
 1040  00001be0  00011020	add	r2,r0,r1
 1041  00001be4  afc20004	sw	4(r30),r2
 1042  00001be8          	L27_LF2:
 1043  00001be8  8fc2fff4	lw	r2,-12(r30)
 1044  00001bec  20410001	addi	r1,r2,#1
 1045  00001bf0  00011020	add	r2,r0,r1
 1046  00001bf4  afc2fff4	sw	-12(r30),r2
 1047  00001bf8  0bffff64	j	L25_LF2
 1048  00001bfc  54000000	nop; delay slot nop
 1049  00001c00          	L26_LF2:
 1050  00001c00  8fc1fff4	lw	r1,-12(r30)
 1051  00001c04  8fc20008	lw	r2,8(r30)
 1052  00001c08  00220828	seq	r1,r1,r2
 1053  00001c0c  10200018	beqz	r1,L32_LF2
 1054  00001c10  54000000	nop; delay slot nop
 1055  00001c14  20010000	addi	r1,r0,#0
 1056  00001c18  08000054	j	L24_LF2
 1057  00001c1c  54000000	nop; delay slot nop
 1058  00001c20  0800004c	j	L33_LF2
 1059  00001c24  54000000	nop; delay slot nop
 1060  00001c28          	L32_LF2:
 1061  00001c28  8fc20000	lw	r2,(r30)
 1062  00001c2c  90410000	lbu	r1,(r2)
 1063  00001c30  8fc20004	lw	r2,4(r30)
 1064  00001c34  90430000	lbu	r3,(r2)
 1065  00001c38  00230822	sub	r1,r1,r3
 1066  00001c3c  74220000	sgei	r2,r1,#0
 1067  00001c40  10400020	beqz	r2,L34_LF2
 1068  00001c44  54000000	nop; delay slot nop
 1069  00001c48  8fc10000	lw	r1,(r30)
 1070  00001c4c  8fc20004	lw	r2,4(r30)
 1071  00001c50  90210000	lbu	r1,(r1)
 1072  00001c54  90420000	lbu	r2,(r2)
 1073  00001c58  00220829	sne	r1,r1,r2
 1074  00001c5c  08000008	j	L35_LF2
 1075  00001c60  54000000	nop; delay slot nop
 1076  00001c64          	L34_LF2:
 1077  00001c64  2001ffff	addi	r1,r0,#-1
 1078  00001c68          	L35_LF2:
 1079  00001c68  08000004	j	L24_LF2
 1080  00001c6c  54000000	nop; delay slot nop
 1081  00001c70          	L33_LF2:
 1082  00001c70          	L24_LF2:
 1083  00001c70  8fa20000	lw	r2,0(r29)
 1084  00001c74  8fa30004	lw	r3,4(r29)
 1085  00001c78  8fdffff8	lw	r31,-8(r30)
 1086  00001c7c  001ee820	add	r29,r0,r30
 1087  00001c80  8fdefffc	lw	r30,-4(r30)
 1088  00001c84  4be00000	jr	r31
 1089  00001c88  54000000	nop
 1090  00001c8c          	.endproc _dstrncmp
 1091  00001c8c          	.align 2
 1092  00001c8c          	.proc _dstrlen
 1093  00001c8c          	.global _dstrlen
 1094  00001c8c          	_dstrlen:
 1095                      ;  Function 'dstrlen'; 8 bytes of locals, 1 regs to save.
 1096  00001c8c  afbefffc	sw	-4(r29),r30; push fp
 1097  00001c90  001df020	add	r30,r0,r29; fp = sp
 1098  00001c94  afbffff8	sw	-8(r29),r31; push ret addr
 1099  00001c98  2fbd0018	subui	r29,r29,#24; alloc local storage
 1100  00001c9c  afa20000	sw	0(r29),r2
 1101  00001ca0  20010000	addi	r1,r0,#0
 1102  00001ca4  afc1fff4	sw	-12(r30),r1
 1103  00001ca8          	L37_LF2:
 1104  00001ca8  8fc10000	lw	r1,(r30)
 1105  00001cac  20220001	addi	r2,r1,#1
 1106  00001cb0  afc20000	sw	(r30),r2
 1107  00001cb4  90210000	lbu	r1,(r1)
 1108  00001cb8  64220000	snei	r2,r1,#0
 1109  00001cbc  1440000c	bnez	r2,L39_LF2
 1110  00001cc0  54000000	nop; delay slot nop
 1111  00001cc4  0800001c	j	L38_LF2
 1112  00001cc8  54000000	nop; delay slot nop
 1113  00001ccc          	L39_LF2:
 1114  00001ccc  8fc2fff4	lw	r2,-12(r30)
 1115  00001cd0  20410001	addi	r1,r2,#1
 1116  00001cd4  00011020	add	r2,r0,r1
 1117  00001cd8  afc2fff4	sw	-12(r30),r2
 1118  00001cdc  0bffffc8	j	L37_LF2
 1119  00001ce0  54000000	nop; delay slot nop
 1120  00001ce4          	L38_LF2:
 1121  00001ce4  8fc1fff4	lw	r1,-12(r30)
 1122  00001ce8  08000004	j	L36_LF2
 1123  00001cec  54000000	nop; delay slot nop
 1124  00001cf0          	L36_LF2:
 1125  00001cf0  8fa20000	lw	r2,0(r29)
 1126  00001cf4  8fdffff8	lw	r31,-8(r30)
 1127  00001cf8  001ee820	add	r29,r0,r30
 1128  00001cfc  8fdefffc	lw	r30,-4(r30)
 1129  00001d00  4be00000	jr	r31
 1130  00001d04  54000000	nop
 1131  00001d08          	.endproc _dstrlen
 1132  00001d08          	.align 2
 1133  00001d08          	.proc _dstrstr
 1134  00001d08          	.global _dstrstr
 1135  00001d08          	_dstrstr:
 1136                      ;  Function 'dstrstr'; 8 bytes of locals, 1 regs to save.
 1137  00001d08  afbefffc	sw	-4(r29),r30; push fp
 1138  00001d0c  001df020	add	r30,r0,r29; fp = sp
 1139  00001d10  afbffff8	sw	-8(r29),r31; push ret addr
 1140  00001d14  2fbd0018	subui	r29,r29,#24; alloc local storage
 1141  00001d18  afa20000	sw	0(r29),r2
 1142  00001d1c  23bdfff8	addi	r29,r29,#-8
 1143  00001d20  001d0820	add	r1,r0,r29
 1144  00001d24  8fc20004	lw	r2,4(r30)
 1145  00001d28  ac220000	sw	(r1),r2
 1146  00001d2c  0fffff5c	jal	_dstrlen
 1147  00001d30  54000000	nop; delay slot nop
 1148  00001d34  23bd0008	addi	r29,r29,#8
 1149  00001d38  afc1fff4	sw	-12(r30),r1
 1150  00001d3c          	L41_LF2:
 1151  00001d3c  8fc10000	lw	r1,(r30)
 1152  00001d40  90220000	lbu	r2,(r1)
 1153  00001d44  64410000	snei	r1,r2,#0
 1154  00001d48  1420000c	bnez	r1,L43_LF2
 1155  00001d4c  54000000	nop; delay slot nop
 1156  00001d50  08000060	j	L42_LF2
 1157  00001d54  54000000	nop; delay slot nop
 1158  00001d58          	L43_LF2:
 1159  00001d58  23bdfff0	addi	r29,r29,#-16
 1160  00001d5c  001d0820	add	r1,r0,r29
 1161  00001d60  8fc20000	lw	r2,(r30)
 1162  00001d64  ac220000	sw	(r1),r2
 1163  00001d68  8fc20004	lw	r2,4(r30)
 1164  00001d6c  ac220004	sw	4(r1),r2
 1165  00001d70  8fc2fff4	lw	r2,-12(r30)
 1166  00001d74  ac220008	sw	8(r1),r2
 1167  00001d78  0ffffdc0	jal	_dstrncmp
 1168  00001d7c  54000000	nop; delay slot nop
 1169  00001d80  23bd0010	addi	r29,r29,#16
 1170  00001d84  64220000	snei	r2,r1,#0
 1171  00001d88  14400010	bnez	r2,L44_LF2
 1172  00001d8c  54000000	nop; delay slot nop
 1173  00001d90  8fc10000	lw	r1,(r30)
 1174  00001d94  08000028	j	L40_LF2
 1175  00001d98  54000000	nop; delay slot nop
 1176  00001d9c          	L44_LF2:
 1177  00001d9c  8fc20000	lw	r2,(r30)
 1178  00001da0  20410001	addi	r1,r2,#1
 1179  00001da4  00011020	add	r2,r0,r1
 1180  00001da8  afc20000	sw	(r30),r2
 1181  00001dac  0bffff8c	j	L41_LF2
 1182  00001db0  54000000	nop; delay slot nop
 1183  00001db4          	L42_LF2:
 1184  00001db4  20010000	addi	r1,r0,#0
 1185  00001db8  08000004	j	L40_LF2
 1186  00001dbc  54000000	nop; delay slot nop
 1187  00001dc0          	L40_LF2:
 1188  00001dc0  8fa20000	lw	r2,0(r29)
 1189  00001dc4  8fdffff8	lw	r31,-8(r30)
 1190  00001dc8  001ee820	add	r29,r0,r30
 1191  00001dcc  8fdefffc	lw	r30,-4(r30)
 1192  00001dd0  4be00000	jr	r31
 1193  00001dd4  54000000	nop
 1194  00001dd8          	.endproc _dstrstr
 1195  00001dd8          	.align 2
 1196  00001dd8          	.proc _dmindex
 1197  00001dd8          	.global _dmindex
 1198  00001dd8          	_dmindex:
 1199                      ;  Function 'dmindex'; 8 bytes of locals, 1 regs to save.
 1200  00001dd8  afbefffc	sw	-4(r29),r30; push fp
 1201  00001ddc  001df020	add	r30,r0,r29; fp = sp
 1202  00001de0  afbffff8	sw	-8(r29),r31; push ret addr
 1203  00001de4  2fbd0018	subui	r29,r29,#24; alloc local storage
 1204  00001de8  afa20000	sw	0(r29),r2
 1205  00001dec  54000000	nop
 1206  00001df0          	L46_LF2:
 1207  00001df0  8fc10000	lw	r1,(r30)
 1208  00001df4  90220000	lbu	r2,(r1)
 1209  00001df8  64410000	snei	r1,r2,#0
 1210  00001dfc  1420000c	bnez	r1,L48_LF2
 1211  00001e00  54000000	nop; delay slot nop
 1212  00001e04  08000070	j	L47_LF2
 1213  00001e08  54000000	nop; delay slot nop
 1214  00001e0c          	L48_LF2:
 1215  00001e0c  8fc10004	lw	r1,4(r30)
 1216  00001e10  afc1fff4	sw	-12(r30),r1
 1217  00001e14          	L49_LF2:
 1218  00001e14  8fc1fff4	lw	r1,-12(r30)
 1219  00001e18  90220000	lbu	r2,(r1)
 1220  00001e1c  64410000	snei	r1,r2,#0
 1221  00001e20  1420000c	bnez	r1,L52_LF2
 1222  00001e24  54000000	nop; delay slot nop
 1223  00001e28  08000044	j	L50_LF2
 1224  00001e2c  54000000	nop; delay slot nop
 1225  00001e30          	L52_LF2:
 1226  00001e30  8fc10000	lw	r1,(r30)
 1227  00001e34  8fc2fff4	lw	r2,-12(r30)
 1228  00001e38  90210000	lbu	r1,(r1)
 1229  00001e3c  90420000	lbu	r2,(r2)
 1230  00001e40  00220828	seq	r1,r1,r2
 1231  00001e44  10200010	beqz	r1,L51_LF2
 1232  00001e48  54000000	nop; delay slot nop
 1233  00001e4c  8fc10000	lw	r1,(r30)
 1234  00001e50  08000030	j	L45_LF2
 1235  00001e54  54000000	nop; delay slot nop
 1236  00001e58          	L53_LF2:
 1237  00001e58          	L51_LF2:
 1238  00001e58  8fc2fff4	lw	r2,-12(r30)
 1239  00001e5c  20410001	addi	r1,r2,#1
 1240  00001e60  00011020	add	r2,r0,r1
 1241  00001e64  afc2fff4	sw	-12(r30),r2
 1242  00001e68  0bffffa8	j	L49_LF2
 1243  00001e6c  54000000	nop; delay slot nop
 1244  00001e70          	L50_LF2:
 1245  00001e70  0bffff7c	j	L46_LF2
 1246  00001e74  54000000	nop; delay slot nop
 1247  00001e78          	L47_LF2:
 1248  00001e78  20010000	addi	r1,r0,#0
 1249  00001e7c  08000004	j	L45_LF2
 1250  00001e80  54000000	nop; delay slot nop
 1251  00001e84          	L45_LF2:
 1252  00001e84  8fa20000	lw	r2,0(r29)
 1253  00001e88  8fdffff8	lw	r31,-8(r30)
 1254  00001e8c  001ee820	add	r29,r0,r30
 1255  00001e90  8fdefffc	lw	r30,-4(r30)
 1256  00001e94  4be00000	jr	r31
 1257  00001e98  54000000	nop
 1258  00001e9c          	.endproc _dmindex
 1259  00001e9c          	.align 2
 1260  00001e9c          	.proc _dindex
 1261  00001e9c          	.global _dindex
 1262  00001e9c          	_dindex:
 1263                      ;  Function 'dindex'; 0 bytes of locals, 1 regs to save.
 1264  00001e9c  afbefffc	sw	-4(r29),r30; push fp
 1265  00001ea0  001df020	add	r30,r0,r29; fp = sp
 1266  00001ea4  afbffff8	sw	-8(r29),r31; push ret addr
 1267  00001ea8  2fbd0010	subui	r29,r29,#16; alloc local storage
 1268  00001eac  afa20000	sw	0(r29),r2
 1269  00001eb0  54000000	nop
 1270  00001eb4          	L55_LF2:
 1271  00001eb4  8fc10000	lw	r1,(r30)
 1272  00001eb8  90220000	lbu	r2,(r1)
 1273  00001ebc  64410000	snei	r1,r2,#0
 1274  00001ec0  1420000c	bnez	r1,L57_LF2
 1275  00001ec4  54000000	nop; delay slot nop
 1276  00001ec8  08000040	j	L56_LF2
 1277  00001ecc  54000000	nop; delay slot nop
 1278  00001ed0          	L57_LF2:
 1279  00001ed0  8fc10000	lw	r1,(r30)
 1280  00001ed4  90220000	lbu	r2,(r1)
 1281  00001ed8  8fc10004	lw	r1,4(r30)
 1282  00001edc  00411028	seq	r2,r2,r1
 1283  00001ee0  10400010	beqz	r2,L58_LF2
 1284  00001ee4  54000000	nop; delay slot nop
 1285  00001ee8  8fc10000	lw	r1,(r30)
 1286  00001eec  08000028	j	L54_LF2
 1287  00001ef0  54000000	nop; delay slot nop
 1288  00001ef4          	L58_LF2:
 1289  00001ef4  8fc20000	lw	r2,(r30)
 1290  00001ef8  20410001	addi	r1,r2,#1
 1291  00001efc  00011020	add	r2,r0,r1
 1292  00001f00  afc20000	sw	(r30),r2
 1293  00001f04  0bffffac	j	L55_LF2
 1294  00001f08  54000000	nop; delay slot nop
 1295  00001f0c          	L56_LF2:
 1296  00001f0c  20010000	addi	r1,r0,#0
 1297  00001f10  08000004	j	L54_LF2
 1298  00001f14  54000000	nop; delay slot nop
 1299  00001f18          	L54_LF2:
 1300  00001f18  8fa20000	lw	r2,0(r29)
 1301  00001f1c  8fdffff8	lw	r31,-8(r30)
 1302  00001f20  001ee820	add	r29,r0,r30
 1303  00001f24  8fdefffc	lw	r30,-4(r30)
 1304  00001f28  4be00000	jr	r31
 1305  00001f2c  54000000	nop
 1306  00001f30          	.endproc _dindex
 1307  00001f30          	.align 2
 1308  00001f30          	.proc _ditoa
 1309  00001f30          	.global _ditoa
 1310  00001f30          	_ditoa:
 1311                      ;  Function 'ditoa'; 8 bytes of locals, 2 regs to save.
 1312  00001f30  afbefffc	sw	-4(r29),r30; push fp
 1313  00001f34  001df020	add	r30,r0,r29; fp = sp
 1314  00001f38  afbffff8	sw	-8(r29),r31; push ret addr
 1315  00001f3c  2fbd0018	subui	r29,r29,#24; alloc local storage
 1316  00001f40  afa20000	sw	0(r29),r2
 1317  00001f44  afa30004	sw	4(r29),r3
 1318  00001f48  8fc10000	lw	r1,(r30)
 1319  00001f4c  68220000	slti	r2,r1,#0
 1320  00001f50  1040002c	beqz	r2,L60_LF2
 1321  00001f54  54000000	nop; delay slot nop
 1322  00001f58  8fc10004	lw	r1,4(r30)
 1323  00001f5c  20220001	addi	r2,r1,#1
 1324  00001f60  afc20004	sw	4(r30),r2
 1325  00001f64  2002002d	addi	r2,r0,(#0x2d)&0xff
 1326  00001f68  a0220000	sb	(r1),r2
 1327  00001f6c  8fc10000	lw	r1,(r30)
 1328  00001f70  00011022	sub	r2,r0,r1
 1329  00001f74  afc20000	sw	(r30),r2
 1330  00001f78  08000118	j	L61_LF2
 1331  00001f7c  54000000	nop; delay slot nop
 1332  00001f80          	L60_LF2:
 1333  00001f80  8fc10000	lw	r1,(r30)
 1334  00001f84  64220000	snei	r2,r1,#0
 1335  00001f88  14400020	bnez	r2,L62_LF2
 1336  00001f8c  54000000	nop; delay slot nop
 1337  00001f90  8fc10004	lw	r1,4(r30)
 1338  00001f94  20220001	addi	r2,r1,#1
 1339  00001f98  afc20004	sw	4(r30),r2
 1340  00001f9c  20020030	addi	r2,r0,(#0x30)&0xff
 1341  00001fa0  a0220000	sb	(r1),r2
 1342  00001fa4  080000ec	j	L61_LF2
 1343  00001fa8  54000000	nop; delay slot nop
 1344  00001fac          	L62_LF2:
 1345  00001fac  20010001	addi	r1,r0,#1
 1346  00001fb0  afc1fff4	sw	-12(r30),r1
 1347  00001fb4          	L64_LF2:
 1348  00001fb4  8fc1fff4	lw	r1,-12(r30)
 1349  00001fb8  8fc20000	lw	r2,(r30)
 1350  00001fbc  0022082c	sle	r1,r1,r2
 1351  00001fc0  1420000c	bnez	r1,L66_LF2
 1352  00001fc4  54000000	nop; delay slot nop
 1353  00001fc8  08000024	j	L65_LF2
 1354  00001fcc  54000000	nop; delay slot nop
 1355  00001fd0          	L67_LF2:
 1356  00001fd0          	L66_LF2:
 1357  00001fd0  8fc1fff4	lw	r1,-12(r30)
 1358  00001fd4  00011820	add	r3,r0,r1
 1359  00001fd8  50620002	slli	r2,r3,#0x2
 1360  00001fdc  00411020	add	r2,r2,r1
 1361  00001fe0  50410001	slli	r1,r2,#0x1
 1362  00001fe4  afc1fff4	sw	-12(r30),r1
 1363  00001fe8  0bffffc8	j	L64_LF2
 1364  00001fec  54000000	nop; delay slot nop
 1365  00001ff0          	L65_LF2:
 1366  00001ff0  54000000	nop
 1367  00001ff4          	L68_LF2:
 1368  00001ff4  8fc1fff4	lw	r1,-12(r30)
 1369  00001ff8  2002000a	addi	r2,r0,#10
 1370  00001ffc  00200035	movi2fp	f0,r1
 1371  00002000  00400835	movi2fp	f1,r2
 1372  00002004  0401000f	div	f0,f0,f1
 1373  00002008  00000834	movfp2i	r1,f0
 1374  0000200c  afc1fff4	sw	-12(r30),r1
 1375  00002010  8fc10004	lw	r1,4(r30)
 1376  00002014  20220001	addi	r2,r1,#1
 1377  00002018  afc20004	sw	4(r30),r2
 1378  0000201c  8fc20000	lw	r2,(r30)
 1379  00002020  8fc3fff4	lw	r3,-12(r30)
 1380  00002024  00400035	movi2fp	f0,r2
 1381  00002028  00600835	movi2fp	f1,r3
 1382  0000202c  0401000f	div	f0,f0,f1
 1383  00002030  00001034	movfp2i	r2,f0
 1384  00002034  00021820	add	r3,r0,r2
 1385  00002038  20620030	addi	r2,r3,#48
 1386  0000203c  a0220000	sb	(r1),r2
 1387  00002040  8fc10000	lw	r1,(r30)
 1388  00002044  8fc3fff4	lw	r3,-12(r30)
 1389  00002048  00200035	movi2fp	f0,r1
 1390  0000204c  00600835	movi2fp	f1,r3
 1391  00002050  0401000f	div	f0,f0,f1
 1392  00002054  00001034	movfp2i	r2,f0
 1393  00002058  8fc3fff4	lw	r3,-12(r30)
 1394  0000205c  00400035	movi2fp	f0,r2
 1395  00002060  00600835	movi2fp	f1,r3
 1396  00002064  0401000e	mult	f0,f0,f1
 1397  00002068  00001034	movfp2i	r2,f0
 1398  0000206c  00220822	sub	r1,r1,r2
 1399  00002070  afc10000	sw	(r30),r1
 1400  00002074          	L70_LF2:
 1401  00002074  8fc1fff4	lw	r1,-12(r30)
 1402  00002078  6c220001	sgti	r2,r1,#1
 1403  0000207c  1440000c	bnez	r2,L71_LF2
 1404  00002080  54000000	nop; delay slot nop
 1405  00002084  0800000c	j	L61_LF2
 1406  00002088  54000000	nop; delay slot nop
 1407  0000208c          	L71_LF2:
 1408  0000208c  0bffff64	j	L68_LF2
 1409  00002090  54000000	nop; delay slot nop
 1410  00002094          	L69_LF2:
 1411  00002094          	L63_LF2:
 1412  00002094          	L61_LF2:
 1413  00002094  8fc10004	lw	r1,4(r30)
 1414  00002098  20020000	addi	r2,r0,(#0x0)&0xff
 1415  0000209c  a0220000	sb	(r1),r2
 1416  000020a0          	L59_LF2:
 1417  000020a0  8fa20000	lw	r2,0(r29)
 1418  000020a4  8fa30004	lw	r3,4(r29)
 1419  000020a8  8fdffff8	lw	r31,-8(r30)
 1420  000020ac  001ee820	add	r29,r0,r30
 1421  000020b0  8fdefffc	lw	r30,-4(r30)
 1422  000020b4  4be00000	jr	r31
 1423  000020b8  54000000	nop
 1424  000020bc          	.endproc _ditoa
 1425  000020bc          	.align 2
 1426  000020bc          	.proc _dstrtol
 1427  000020bc          	.global _dstrtol
 1428  000020bc          	_dstrtol:
 1429                      ;  Function 'dstrtol'; 16 bytes of locals, 1 regs to save.
 1430  000020bc  afbefffc	sw	-4(r29),r30; push fp
 1431  000020c0  001df020	add	r30,r0,r29; fp = sp
 1432  000020c4  afbffff8	sw	-8(r29),r31; push ret addr
 1433  000020c8  2fbd0020	subui	r29,r29,#32; alloc local storage
 1434  000020cc  afa20000	sw	0(r29),r2
 1435  000020d0  20010000	addi	r1,r0,#0
 1436  000020d4  afc1fff4	sw	-12(r30),r1
 1437  000020d8          	L73_LF2:
 1438  000020d8  8fc10000	lw	r1,(r30)
 1439  000020dc  90220000	lbu	r2,(r1)
 1440  000020e0  60410020	seqi	r1,r2,#32
 1441  000020e4  14200034	bnez	r1,L75_LF2
 1442  000020e8  54000000	nop; delay slot nop
 1443  000020ec  8fc10000	lw	r1,(r30)
 1444  000020f0  90220000	lbu	r2,(r1)
 1445  000020f4  60410009	seqi	r1,r2,#9
 1446  000020f8  14200020	bnez	r1,L75_LF2
 1447  000020fc  54000000	nop; delay slot nop
 1448  00002100  8fc10000	lw	r1,(r30)
 1449  00002104  90220000	lbu	r2,(r1)
 1450  00002108  6041000a	seqi	r1,r2,#10
 1451  0000210c  1420000c	bnez	r1,L75_LF2
 1452  00002110  54000000	nop; delay slot nop
 1453  00002114  0800001c	j	L74_LF2
 1454  00002118  54000000	nop; delay slot nop
 1455  0000211c          	L75_LF2:
 1456  0000211c  8fc20000	lw	r2,(r30)
 1457  00002120  20410001	addi	r1,r2,#1
 1458  00002124  00011020	add	r2,r0,r1
 1459  00002128  afc20000	sw	(r30),r2
 1460  0000212c  0bffffa8	j	L73_LF2
 1461  00002130  54000000	nop; delay slot nop
 1462  00002134          	L74_LF2:
 1463  00002134  8fc10004	lw	r1,4(r30)
 1464  00002138  64220000	snei	r2,r1,#0
 1465  0000213c  10400010	beqz	r2,L76_LF2
 1466  00002140  54000000	nop; delay slot nop
 1467  00002144  8fc10004	lw	r1,4(r30)
 1468  00002148  8fc20000	lw	r2,(r30)
 1469  0000214c  ac220000	sw	(r1),r2
 1470  00002150          	L76_LF2:
 1471  00002150  8fc10000	lw	r1,(r30)
 1472  00002154  90220000	lbu	r2,(r1)
 1473  00002158  64410000	snei	r1,r2,#0
 1474  0000215c  14200010	bnez	r1,L77_LF2
 1475  00002160  54000000	nop; delay slot nop
 1476  00002164  8fc1fff4	lw	r1,-12(r30)
 1477  00002168  08000294	j	L72_LF2
 1478  0000216c  54000000	nop; delay slot nop
 1479  00002170          	L77_LF2:
 1480  00002170  8fc10000	lw	r1,(r30)
 1481  00002174  90220000	lbu	r2,(r1)
 1482  00002178  6041002d	seqi	r1,r2,#45
 1483  0000217c  10200024	beqz	r1,L78_LF2
 1484  00002180  54000000	nop; delay slot nop
 1485  00002184  2001ffff	addi	r1,r0,#-1
 1486  00002188  afc1ffec	sw	-20(r30),r1
 1487  0000218c  8fc20000	lw	r2,(r30)
 1488  00002190  20410001	addi	r1,r2,#1
 1489  00002194  00011020	add	r2,r0,r1
 1490  00002198  afc20000	sw	(r30),r2
 1491  0000219c  0800000c	j	L79_LF2
 1492  000021a0  54000000	nop; delay slot nop
 1493  000021a4          	L78_LF2:
 1494  000021a4  20010001	addi	r1,r0,#1
 1495  000021a8  afc1ffec	sw	-20(r30),r1
 1496  000021ac          	L79_LF2:
 1497  000021ac  8fc10008	lw	r1,8(r30)
 1498  000021b0  64220000	snei	r2,r1,#0
 1499  000021b4  14400090	bnez	r2,L80_LF2
 1500  000021b8  54000000	nop; delay slot nop
 1501  000021bc  8fc10000	lw	r1,(r30)
 1502  000021c0  90220000	lbu	r2,(r1)
 1503  000021c4  60410030	seqi	r1,r2,#48
 1504  000021c8  10200074	beqz	r1,L81_LF2
 1505  000021cc  54000000	nop; delay slot nop
 1506  000021d0  8fc20000	lw	r2,(r30)
 1507  000021d4  20410001	addi	r1,r2,#1
 1508  000021d8  00011020	add	r2,r0,r1
 1509  000021dc  afc20000	sw	(r30),r2
 1510  000021e0  8fc10000	lw	r1,(r30)
 1511  000021e4  90220000	lbu	r2,(r1)
 1512  000021e8  60410078	seqi	r1,r2,#120
 1513  000021ec  14200020	bnez	r1,L83_LF2
 1514  000021f0  54000000	nop; delay slot nop
 1515  000021f4  8fc10000	lw	r1,(r30)
 1516  000021f8  90220000	lbu	r2,(r1)
 1517  000021fc  60410058	seqi	r1,r2,#88
 1518  00002200  1420000c	bnez	r1,L83_LF2
 1519  00002204  54000000	nop; delay slot nop
 1520  00002208  08000024	j	L82_LF2
 1521  0000220c  54000000	nop; delay slot nop
 1522  00002210          	L83_LF2:
 1523  00002210  20010010	addi	r1,r0,#16
 1524  00002214  afc10008	sw	8(r30),r1
 1525  00002218  8fc20000	lw	r2,(r30)
 1526  0000221c  20410001	addi	r1,r2,#1
 1527  00002220  00011020	add	r2,r0,r1
 1528  00002224  afc20000	sw	(r30),r2
 1529  00002228  0800000c	j	L84_LF2
 1530  0000222c  54000000	nop; delay slot nop
 1531  00002230          	L82_LF2:
 1532  00002230  20010008	addi	r1,r0,#8
 1533  00002234  afc10008	sw	8(r30),r1
 1534  00002238          	L84_LF2:
 1535  00002238  0800000c	j	L80_LF2
 1536  0000223c  54000000	nop; delay slot nop
 1537  00002240          	L81_LF2:
 1538  00002240  2001000a	addi	r1,r0,#10
 1539  00002244  afc10008	sw	8(r30),r1
 1540  00002248          	L85_LF2:
 1541  00002248          	L80_LF2:
 1542  00002248  8fc10008	lw	r1,8(r30)
 1543  0000224c  70220000	slei	r2,r1,#0
 1544  00002250  1440001c	bnez	r2,L87_LF2
 1545  00002254  54000000	nop; delay slot nop
 1546  00002258  8fc10008	lw	r1,8(r30)
 1547  0000225c  6c220010	sgti	r2,r1,#16
 1548  00002260  1440000c	bnez	r2,L87_LF2
 1549  00002264  54000000	nop; delay slot nop
 1550  00002268  08000010	j	L86_LF2
 1551  0000226c  54000000	nop; delay slot nop
 1552  00002270          	L87_LF2:
 1553  00002270  8fc1fff4	lw	r1,-12(r30)
 1554  00002274  08000188	j	L72_LF2
 1555  00002278  54000000	nop; delay slot nop
 1556  0000227c          	L86_LF2:
 1557  0000227c  54000000	nop
 1558  00002280          	L88_LF2:
 1559  00002280  8fc10000	lw	r1,(r30)
 1560  00002284  90220000	lbu	r2,(r1)
 1561  00002288  6c41002f	sgtui	r1,r2,#47
 1562  0000228c  10200030	beqz	r1,L91_LF2
 1563  00002290  54000000	nop; delay slot nop
 1564  00002294  8fc10000	lw	r1,(r30)
 1565  00002298  90220000	lbu	r2,(r1)
 1566  0000229c  70410039	sleui	r1,r2,#57
 1567  000022a0  1020001c	beqz	r1,L91_LF2
 1568  000022a4  54000000	nop; delay slot nop
 1569  000022a8  8fc10000	lw	r1,(r30)
 1570  000022ac  90220000	lbu	r2,(r1)
 1571  000022b0  2041ffd0	addi	r1,r2,#-48
 1572  000022b4  afc1fff0	sw	-16(r30),r1
 1573  000022b8  0800008c	j	L92_LF2
 1574  000022bc  54000000	nop; delay slot nop
 1575  000022c0          	L91_LF2:
 1576  000022c0  8fc10000	lw	r1,(r30)
 1577  000022c4  90220000	lbu	r2,(r1)
 1578  000022c8  6c410060	sgtui	r1,r2,#96
 1579  000022cc  10200030	beqz	r1,L93_LF2
 1580  000022d0  54000000	nop; delay slot nop
 1581  000022d4  8fc10000	lw	r1,(r30)
 1582  000022d8  90220000	lbu	r2,(r1)
 1583  000022dc  7041007a	sleui	r1,r2,#122
 1584  000022e0  1020001c	beqz	r1,L93_LF2
 1585  000022e4  54000000	nop; delay slot nop
 1586  000022e8  8fc10000	lw	r1,(r30)
 1587  000022ec  90220000	lbu	r2,(r1)
 1588  000022f0  2041ffa9	addi	r1,r2,#-87
 1589  000022f4  afc1fff0	sw	-16(r30),r1
 1590  000022f8  0800004c	j	L92_LF2
 1591  000022fc  54000000	nop; delay slot nop
 1592  00002300          	L93_LF2:
 1593  00002300  8fc10000	lw	r1,(r30)
 1594  00002304  90220000	lbu	r2,(r1)
 1595  00002308  6c410040	sgtui	r1,r2,#64
 1596  0000230c  10200030	beqz	r1,L95_LF2
 1597  00002310  54000000	nop; delay slot nop
 1598  00002314  8fc10000	lw	r1,(r30)
 1599  00002318  90220000	lbu	r2,(r1)
 1600  0000231c  7041005a	sleui	r1,r2,#90
 1601  00002320  1020001c	beqz	r1,L95_LF2
 1602  00002324  54000000	nop; delay slot nop
 1603  00002328  8fc10000	lw	r1,(r30)
 1604  0000232c  90220000	lbu	r2,(r1)
 1605  00002330  2041ffc9	addi	r1,r2,#-55
 1606  00002334  afc1fff0	sw	-16(r30),r1
 1607  00002338  0800000c	j	L92_LF2
 1608  0000233c  54000000	nop; delay slot nop
 1609  00002340          	L95_LF2:
 1610  00002340  200103e8	addi	r1,r0,#1000
 1611  00002344  afc1fff0	sw	-16(r30),r1
 1612  00002348          	L96_LF2:
 1613  00002348          	L94_LF2:
 1614  00002348          	L92_LF2:
 1615  00002348  8fc1fff0	lw	r1,-16(r30)
 1616  0000234c  8fc20008	lw	r2,8(r30)
 1617  00002350  0022082a	slt	r1,r1,r2
 1618  00002354  10200040	beqz	r1,L90_LF2
 1619  00002358  54000000	nop; delay slot nop
 1620  0000235c  8fc1fff4	lw	r1,-12(r30)
 1621  00002360  8fc20008	lw	r2,8(r30)
 1622  00002364  00200035	movi2fp	f0,r1
 1623  00002368  00400835	movi2fp	f1,r2
 1624  0000236c  0401000e	mult	f0,f0,f1
 1625  00002370  00000834	movfp2i	r1,f0
 1626  00002374  afc1fff4	sw	-12(r30),r1
 1627  00002378  8fc1fff4	lw	r1,-12(r30)
 1628  0000237c  8fc2fff0	lw	r2,-16(r30)
 1629  00002380  00220820	add	r1,r1,r2
 1630  00002384  afc1fff4	sw	-12(r30),r1
 1631  00002388  8fc20000	lw	r2,(r30)
 1632  0000238c  20410001	addi	r1,r2,#1
 1633  00002390  00011020	add	r2,r0,r1
 1634  00002394  afc20000	sw	(r30),r2
 1635  00002398          	L97_LF2:
 1636  00002398          	L90_LF2:
 1637  00002398  8fc1fff0	lw	r1,-16(r30)
 1638  0000239c  8fc20008	lw	r2,8(r30)
 1639  000023a0  0022082a	slt	r1,r1,r2
 1640  000023a4  1420000c	bnez	r1,L98_LF2
 1641  000023a8  54000000	nop; delay slot nop
 1642  000023ac  0800000c	j	L89_LF2
 1643  000023b0  54000000	nop; delay slot nop
 1644  000023b4          	L98_LF2:
 1645  000023b4  0bfffec8	j	L88_LF2
 1646  000023b8  54000000	nop; delay slot nop
 1647  000023bc          	L89_LF2:
 1648  000023bc  8fc10004	lw	r1,4(r30)
 1649  000023c0  64220000	snei	r2,r1,#0
 1650  000023c4  10400010	beqz	r2,L99_LF2
 1651  000023c8  54000000	nop; delay slot nop
 1652  000023cc  8fc10004	lw	r1,4(r30)
 1653  000023d0  8fc20000	lw	r2,(r30)
 1654  000023d4  ac220000	sw	(r1),r2
 1655  000023d8          	L99_LF2:
 1656  000023d8  8fc1fff4	lw	r1,-12(r30)
 1657  000023dc  8fc2ffec	lw	r2,-20(r30)
 1658  000023e0  00200035	movi2fp	f0,r1
 1659  000023e4  00400835	movi2fp	f1,r2
 1660  000023e8  0401000e	mult	f0,f0,f1
 1661  000023ec  00000834	movfp2i	r1,f0
 1662  000023f0  afc1fff4	sw	-12(r30),r1
 1663  000023f4  8fc1fff4	lw	r1,-12(r30)
 1664  000023f8  08000004	j	L72_LF2
 1665  000023fc  54000000	nop; delay slot nop
 1666  00002400          	L72_LF2:
 1667  00002400  8fa20000	lw	r2,0(r29)
 1668  00002404  8fdffff8	lw	r31,-8(r30)
 1669  00002408  001ee820	add	r29,r0,r30
 1670  0000240c  8fdefffc	lw	r30,-4(r30)
 1671  00002410  4be00000	jr	r31
 1672  00002414  54000000	nop
 1673  00002418          	.endproc _dstrtol
 1674  00002418          	.align 2
 1675  00002418          	.proc _bcopy
 1676  00002418          	.global _bcopy
 1677  00002418          	_bcopy:
 1678                      ;  Function 'bcopy'; 0 bytes of locals, 2 regs to save.
 1679  00002418  afbefffc	sw	-4(r29),r30; push fp
 1680  0000241c  001df020	add	r30,r0,r29; fp = sp
 1681  00002420  afbffff8	sw	-8(r29),r31; push ret addr
 1682  00002424  2fbd0010	subui	r29,r29,#16; alloc local storage
 1683  00002428  afa20000	sw	0(r29),r2
 1684  0000242c  afa30004	sw	4(r29),r3
 1685  00002430  54000000	nop
 1686  00002434          	L101_LF2:
 1687  00002434  8fc10008	lw	r1,8(r30)
 1688  00002438  2022ffff	addi	r2,r1,#-1
 1689  0000243c  afc20008	sw	8(r30),r2
 1690  00002440  6c210000	sgti	r1,r1,#0
 1691  00002444  1420000c	bnez	r1,L103_LF2
 1692  00002448  54000000	nop; delay slot nop
 1693  0000244c  0800002c	j	L102_LF2
 1694  00002450  54000000	nop; delay slot nop
 1695  00002454          	L103_LF2:
 1696  00002454  8fc10004	lw	r1,4(r30)
 1697  00002458  20220001	addi	r2,r1,#1
 1698  0000245c  afc20004	sw	4(r30),r2
 1699  00002460  8fc20000	lw	r2,(r30)
 1700  00002464  20430001	addi	r3,r2,#1
 1701  00002468  afc30000	sw	(r30),r3
 1702  0000246c  80420000	lb	r2,(r2)
 1703  00002470  a0220000	sb	(r1),r2
 1704  00002474  0bffffbc	j	L101_LF2
 1705  00002478  54000000	nop; delay slot nop
 1706  0000247c          	L102_LF2:
 1707  0000247c          	L100_LF2:
 1708  0000247c  8fa20000	lw	r2,0(r29)
 1709  00002480  8fa30004	lw	r3,4(r29)
 1710  00002484  8fdffff8	lw	r31,-8(r30)
 1711  00002488  001ee820	add	r29,r0,r30
 1712  0000248c  8fdefffc	lw	r30,-4(r30)
 1713  00002490  4be00000	jr	r31
 1714  00002494  54000000	nop
 1715  00002498          	.endproc _bcopy
 1716  00002498          	.align 2
 1717  00002498          	.proc _bzero
 1718  00002498          	.global _bzero
 1719  00002498          	_bzero:
 1720                      ;  Function 'bzero'; 0 bytes of locals, 1 regs to save.
 1721  00002498  afbefffc	sw	-4(r29),r30; push fp
 1722  0000249c  001df020	add	r30,r0,r29; fp = sp
 1723  000024a0  afbffff8	sw	-8(r29),r31; push ret addr
 1724  000024a4  2fbd0010	subui	r29,r29,#16; alloc local storage
 1725  000024a8  afa20000	sw	0(r29),r2
 1726  000024ac  54000000	nop
 1727  000024b0          	L105_LF2:
 1728  000024b0  8fc10004	lw	r1,4(r30)
 1729  000024b4  2022ffff	addi	r2,r1,#-1
 1730  000024b8  afc20004	sw	4(r30),r2
 1731  000024bc  6c210000	sgti	r1,r1,#0
 1732  000024c0  1420000c	bnez	r1,L107_LF2
 1733  000024c4  54000000	nop; delay slot nop
 1734  000024c8  08000020	j	L106_LF2
 1735  000024cc  54000000	nop; delay slot nop
 1736  000024d0          	L107_LF2:
 1737  000024d0  8fc10000	lw	r1,(r30)
 1738  000024d4  20220001	addi	r2,r1,#1
 1739  000024d8  afc20000	sw	(r30),r2
 1740  000024dc  20020000	addi	r2,r0,(#0x0)&0xff
 1741  000024e0  a0220000	sb	(r1),r2
 1742  000024e4  0bffffc8	j	L105_LF2
 1743  000024e8  54000000	nop; delay slot nop
 1744  000024ec          	L106_LF2:
 1745  000024ec          	L104_LF2:
 1746  000024ec  8fa20000	lw	r2,0(r29)
 1747  000024f0  8fdffff8	lw	r31,-8(r30)
 1748  000024f4  001ee820	add	r29,r0,r30
 1749  000024f8  8fdefffc	lw	r30,-4(r30)
 1750  000024fc  4be00000	jr	r31
 1751  00002500  54000000	nop
 1752  00002504          	.endproc _bzero
 1753  00002504          	.align 2
 1754  00002504          	.proc _min
 1755  00002504          	.global _min
 1756  00002504          	_min:
 1757                      ;  Function 'min'; 0 bytes of locals, 2 regs to save.
 1758  00002504  afbefffc	sw	-4(r29),r30; push fp
 1759  00002508  001df020	add	r30,r0,r29; fp = sp
 1760  0000250c  afbffff8	sw	-8(r29),r31; push ret addr
 1761  00002510  2fbd0010	subui	r29,r29,#16; alloc local storage
 1762  00002514  afa20000	sw	0(r29),r2
 1763  00002518  afa30004	sw	4(r29),r3
 1764  0000251c  8fc10000	lw	r1,(r30)
 1765  00002520  8fc20004	lw	r2,4(r30)
 1766  00002524  0022182c	sle	r3,r1,r2
 1767  00002528  14600008	bnez	r3,L109_LF2
 1768  0000252c  54000000	nop; delay slot nop
 1769  00002530  8fc10004	lw	r1,4(r30)
 1770  00002534          	L109_LF2:
 1771  00002534  08000004	j	L108_LF2
 1772  00002538  54000000	nop; delay slot nop
 1773  0000253c          	L108_LF2:
 1774  0000253c  8fa20000	lw	r2,0(r29)
 1775  00002540  8fa30004	lw	r3,4(r29)
 1776  00002544  8fdffff8	lw	r31,-8(r30)
 1777  00002548  001ee820	add	r29,r0,r30
 1778  0000254c  8fdefffc	lw	r30,-4(r30)
 1779  00002550  4be00000	jr	r31
 1780  00002554  54000000	nop
 1781  00002558          	.endproc _min
 1782                      ;;; Ethan L. Miller, 1999.  Released to the public domain
 1783                      ;;;
 1784                      ;;; Most of the traps are called in files from libtraps.
 1787  00002558          	.align 2
 1788  00002558          	.proc _exit
 1789  00002558          	.global _exit
 1790  00002558          	_exit:
 1791  00002558  44000300	trap	#0x300
 1792  0000255c  4be00000	jr	r31
 1793  00002560  54000000	nop
 1794  00002564          	.endproc _exit
 1796                      ; for the benefit of gcc.
 1797  00002564          	.proc ___main
 1798  00002564          	.global ___main
 1799  00002564          	___main:
 1800  00002564  4be00000	jr	r31
 1801  00002568  54000000	nop
 1802  0000256c          	.endproc ___main
 1803  0000256c          	.text
 1804  0000256c          	.global _etext
 1805  0000256c          	_etext:
 1806  0000256c          	.align 3
 1807  00002570          	.data
 1808  0000318a          	.global _edata
 1809  0000318a          	_edata:
