 line   address	contents
    1                      ; Linked by DLX-LD.
    2                      ; MemSize 24576
    3                      ; Data size: 213
    4                      ; Text size: 4576
    5                      ; Stack size: 8192
    6  00000000          	.text 0x1000
    7  00001000          	.data 0x3000
    8                      ; Compiled by GCC
    9  00003000          	.text
   10  00001000          	.align 2
   11  00001000          	.proc _isspace
   12  00001000          	.global _isspace
   13  00001000          	_isspace:
   14                      ;  Function 'isspace'; 0 bytes of locals, 1 regs to save.
   15  00001000  afbefffc	sw	-4(r29),r30; push fp
   16  00001004  001df020	add	r30,r0,r29; fp = sp
   17  00001008  afbffff8	sw	-8(r29),r31; push ret addr
   18  0000100c  2fbd0010	subui	r29,r29,#16; alloc local storage
   19  00001010  afa20000	sw	0(r29),r2
   20  00001014  83c20003	lb	r2,3(r30)
   21  00001018  201f0000	addi	r31,r0,#0
   22  0000101c  304100ff	andi	r1,r2,#0x00ff
   23  00001020  60210020	seqi	r1,r1,#32
   24  00001024  14200018	bnez	r1,L6_LF0
   25  00001028  54000000	nop; not filled.
   26  0000102c  2041fff7	addi	r1,r2,#-9
   27  00001030  302100ff	andi	r1,r1,#0x00ff
   28  00001034  70210001	sleui	r1,r1,#1
   29  00001038  10200008	beqz	r1,L5_LF0
   30  0000103c  54000000	nop; not filled.
   31  00001040          	L6_LF0:
   32  00001040  201f0001	addi	r31,r0,#1
   33  00001044          	L5_LF0:
   34  00001044  001f0820	add	r1,r0,r31
   35  00001048  8fa20000	lw	r2,0(r29)
   36  0000104c  8fdffff8	lw	r31,-8(r30)
   37  00001050  001ee820	add	r29,r0,r30
   38  00001054  8fdefffc	lw	r30,-4(r30)
   39  00001058  4be00000	jr	r31
   40  0000105c  54000000	nop
   41  00001060          	.endproc _isspace
   42  00001060          	.align 2
   43  00001060          	.proc _isxdigit
   44  00001060          	.global _isxdigit
   45  00001060          	_isxdigit:
   46                      ;  Function 'isxdigit'; 0 bytes of locals, 1 regs to save.
   47  00001060  afbefffc	sw	-4(r29),r30; push fp
   48  00001064  001df020	add	r30,r0,r29; fp = sp
   49  00001068  afbffff8	sw	-8(r29),r31; push ret addr
   50  0000106c  2fbd0010	subui	r29,r29,#16; alloc local storage
   51  00001070  afa20000	sw	0(r29),r2
   52  00001074  83df0003	lb	r31,3(r30)
   53  00001078  20020000	addi	r2,r0,#0
   54  0000107c  23e1ffd0	addi	r1,r31,#-48
   55  00001080  302100ff	andi	r1,r1,#0x00ff
   56  00001084  70210009	sleui	r1,r1,#9
   57  00001088  14200028	bnez	r1,L12_LF0
   58  0000108c  54000000	nop; not filled.
   59  00001090  23e1ff9f	addi	r1,r31,#-97
   60  00001094  302100ff	andi	r1,r1,#0x00ff
   61  00001098  70210005	sleui	r1,r1,#5
   62  0000109c  14200014	bnez	r1,L12_LF0
   63  000010a0  54000000	nop; not filled.
   64  000010a4  33e100ff	andi	r1,r31,#0x00ff
   65  000010a8  64210041	snei	r1,r1,#65
   66  000010ac  14200008	bnez	r1,L11_LF0
   67  000010b0  54000000	nop; not filled.
   68  000010b4          	L12_LF0:
   69  000010b4  20020001	addi	r2,r0,#1
   70  000010b8          	L11_LF0:
   71  000010b8  00020820	add	r1,r0,r2
   72  000010bc  8fa20000	lw	r2,0(r29)
   73  000010c0  8fdffff8	lw	r31,-8(r30)
   74  000010c4  001ee820	add	r29,r0,r30
   75  000010c8  8fdefffc	lw	r30,-4(r30)
   76  000010cc  4be00000	jr	r31
   77  000010d0  54000000	nop
   78  000010d4          	.endproc _isxdigit
   79  000010d4          	.data
   80  00003000          	.align 2
   81  00003000          	LC0_LF0:
   82  00003000  55736167	.ascii "Usage: \000"
   82  00003004  653a2000	
   83  00003008          	.align 2
   84  00003008          	LC1_LF0:
   85  00003008  203c6861	.ascii " <handle_to_shared_memory_page> <handle_to_page_mapped_semaphore>\n\000"
   85  0000300c  6e646c65	
   85  00003010  5f746f5f	
   85  00003014  73686172	
   85  00003018  65645f6d	
   85  0000301c  656d6f72	
   85  00003020  795f7061	
   85  00003024  67653e20	
   85  00003028  3c68616e	
   85  0000302c  646c655f	
   85  00003030  746f5f70	
   85  00003034  6167655f	
   85  00003038  6d617070	
   85  0000303c  65645f73	
   85  00003040  656d6170	
   85  00003044  686f7265	
   85  00003048  3e0a00  	
   86  0000304b          	.align 2
   87  0000304c          	LC2_LF0:
   88  0000304c  436f756c	.ascii "Could not map the virtual address to the memory in \000"
   88  00003050  64206e6f	
   88  00003054  74206d61	
   88  00003058  70207468	
   88  0000305c  65207669	
   88  00003060  72747561	
   88  00003064  6c206164	
   88  00003068  64726573	
   88  0000306c  7320746f	
   88  00003070  20746865	
   88  00003074  206d656d	
   88  00003078  6f727920	
   88  0000307c  696e2000	
   89  00003080          	.align 2
   90  00003080          	LC3_LF0:
   91  00003080  2c206578	.ascii ", exiting...\n\000"
   91  00003084  6974696e	
   91  00003088  672e2e2e	
   91  0000308c  0a00    	
   92  0000308e          	.align 2
   93  00003090          	LC4_LF0:
   94  00003090  436f6e73	.ascii "Consumer \000"
   94  00003094  756d6572	
   94  00003098  2000    	
   95  0000309a          	.align 2
   96  0000309c          	LC5_LF0:
   97  0000309c  2072656d	.ascii " removed: \000"
   97  000030a0  6f766564	
   97  000030a4  3a2000  	
   98  000030a7          	.align 2
   99  000030a8          	LC6_LF0:
  100  000030a8  0a00    	.ascii "\n\000"
  101  000030aa          	.align 2
  102  000030ac          	LC7_LF0:
  103  000030ac  42616420	.ascii "Bad semaphore s_procs_completed (%d) in \000"
  103  000030b0  73656d61	
  103  000030b4  70686f72	
  103  000030b8  6520735f	
  103  000030bc  70726f63	
  103  000030c0  735f636f	
  103  000030c4  6d706c65	
  103  000030c8  74656420	
  103  000030cc  28256429	
  103  000030d0  20696e20	
  103  000030d4  00      	
  104  000030d5          	.text
  105  000010d4          	.align 2
  106  000010d4          	.proc _main
  107  000010d4          	.global _main
  108  000010d4          	_main:
  109                      ;  Function 'main'; 0 bytes of locals, 0 regs to save.
  110  000010d4  afbefffc	sw	-4(r29),r30; push fp
  111  000010d8  001df020	add	r30,r0,r29; fp = sp
  112  000010dc  afbffff8	sw	-8(r29),r31; push ret addr
  113  000010e0  2fbd0008	subui	r29,r29,#8; alloc local storage
  114  000010e4  8fc20000	lw	r2,(r30)
  115  000010e8  8fc80004	lw	r8,4(r30)
  116  000010ec  0c0010e8	jal	___main
  117  000010f0  54000000	nop; not filled.
  118  000010f4  64410003	snei	r1,r2,#3
  119  000010f8  1020004c	beqz	r1,L14_LF0
  120  000010fc  54000000	nop; not filled.
  121  00001100  23bdfff8	addi	r29,r29,#-8
  122  00001104  3c0b0000	lhi	r11,((LC0_LF0)>>16)&0xffff
  123  00001108  256b3000	addui	r11,r11,(LC0_LF0)&0xffff
  124  0000110c  afab0000	sw	(r29),r11
  125  00001110  0c0002bc	jal	_Printf
  126  00001114  54000000	nop; not filled.
  127  00001118  8d0b0000	lw	r11,(r8)
  128  0000111c  afab0000	sw	(r29),r11
  129  00001120  0c0002ac	jal	_Printf
  130  00001124  54000000	nop; not filled.
  131  00001128  3c0b0000	lhi	r11,((LC1_LF0)>>16)&0xffff
  132  0000112c  256b3008	addui	r11,r11,(LC1_LF0)&0xffff
  133  00001130  afab0000	sw	(r29),r11
  134  00001134  0c000298	jal	_Printf
  135  00001138  54000000	nop; not filled.
  136  0000113c  0c000344	jal	_Exit
  137  00001140  54000000	nop; not filled.
  138  00001144  23bd0008	addi	r29,r29,#8
  139  00001148          	L14_LF0:
  140  00001148  23bdfff0	addi	r29,r29,#-16
  141  0000114c  8d0b0004	lw	r11,4(r8)
  142  00001150  afab0000	sw	(r29),r11
  143  00001154  200b0000	addi	r11,r0,#0
  144  00001158  afab0004	sw	4(r29),r11
  145  0000115c  200b000a	addi	r11,r0,#10
  146  00001160  afab0008	sw	8(r29),r11
  147  00001164  0c000bc8	jal	_dstrtol
  148  00001168  54000000	nop; not filled.
  149  0000116c  00011020	add	r2,r0,r1
  150  00001170  8d0b0008	lw	r11,8(r8)
  151  00001174  afab0000	sw	(r29),r11
  152  00001178  200b0000	addi	r11,r0,#0
  153  0000117c  afab0004	sw	4(r29),r11
  154  00001180  200b000a	addi	r11,r0,#10
  155  00001184  afab0008	sw	8(r29),r11
  156  00001188  0c000ba4	jal	_dstrtol
  157  0000118c  54000000	nop; not filled.
  158  00001190  00014820	add	r9,r0,r1
  159  00001194  8d0b000c	lw	r11,12(r8)
  160  00001198  afab0000	sw	(r29),r11
  161  0000119c  200b0000	addi	r11,r0,#0
  162  000011a0  afab0004	sw	4(r29),r11
  163  000011a4  200b000a	addi	r11,r0,#10
  164  000011a8  afab0008	sw	8(r29),r11
  165  000011ac  0c000b80	jal	_dstrtol
  166  000011b0  54000000	nop; not filled.
  167  000011b4  00013820	add	r7,r0,r1
  168  000011b8  afa20000	sw	(r29),r2
  169  000011bc  0c000240	jal	_shmat
  170  000011c0  54000000	nop; not filled.
  171  000011c4  00013020	add	r6,r0,r1
  172  000011c8  23bd0010	addi	r29,r29,#16
  173  000011cc  64c10000	snei	r1,r6,#0
  174  000011d0  1420004c	bnez	r1,L15_LF0
  175  000011d4  54000000	nop; not filled.
  176  000011d8  23bdfff8	addi	r29,r29,#-8
  177  000011dc  3c0b0000	lhi	r11,((LC2_LF0)>>16)&0xffff
  178  000011e0  256b304c	addui	r11,r11,(LC2_LF0)&0xffff
  179  000011e4  afab0000	sw	(r29),r11
  180  000011e8  0c0001e4	jal	_Printf
  181  000011ec  54000000	nop; not filled.
  182  000011f0  8d0b0000	lw	r11,(r8)
  183  000011f4  afab0000	sw	(r29),r11
  184  000011f8  0c0001d4	jal	_Printf
  185  000011fc  54000000	nop; not filled.
  186  00001200  3c0b0000	lhi	r11,((LC3_LF0)>>16)&0xffff
  187  00001204  256b3080	addui	r11,r11,(LC3_LF0)&0xffff
  188  00001208  afab0000	sw	(r29),r11
  189  0000120c  0c0001c0	jal	_Printf
  190  00001210  54000000	nop; not filled.
  191  00001214  0c00026c	jal	_Exit
  192  00001218  54000000	nop; not filled.
  193  0000121c  23bd0008	addi	r29,r29,#8
  194  00001220          	L15_LF0:
  195  00001220  20050000	addi	r5,r0,#0
  196  00001224  200a000a	addi	r10,r0,#10
  197  00001228          	L19_LF0:
  198  00001228  23bdfff8	addi	r29,r29,#-8
  199  0000122c  afa70000	sw	(r29),r7
  200  00001230  0c000208	jal	_lock_acquire
  201  00001234  54000000	nop; not filled.
  202  00001238  8cc10004	lw	r1,4(r6)
  203  0000123c  8cc30000	lw	r3,(r6)
  204  00001240  23bd0008	addi	r29,r29,#8
  205  00001244  00230829	sne	r1,r1,r3
  206  00001248  102000a0	beqz	r1,L20_LF0
  207  0000124c  54000000	nop; not filled.
  208  00001250  00c30820	add	r1,r6,r3
  209  00001254  80240008	lb	r4,8(r1)
  210  00001258  20630001	addi	r3,r3,#1
  211  0000125c  00600035	movi2fp	f0,r3
  212  00001260  01400835	movi2fp	f1,r10
  213  00001264  0401000f	div	f0,f0,f1
  214  00001268  00001034	movfp2i	r2,f0
  215  0000126c  50410002	slli	r1,r2,#0x2
  216  00001270  00220820	add	r1,r1,r2
  217  00001274  50210001	slli	r1,r1,#0x1
  218  00001278  00610822	sub	r1,r3,r1
  219  0000127c  acc10000	sw	(r6),r1
  220  00001280  23bdfff8	addi	r29,r29,#-8
  221  00001284  3c0b0000	lhi	r11,((LC4_LF0)>>16)&0xffff
  222  00001288  256b3090	addui	r11,r11,(LC4_LF0)&0xffff
  223  0000128c  afab0000	sw	(r29),r11
  224  00001290  0c00013c	jal	_Printf
  225  00001294  54000000	nop; not filled.
  226  00001298  8d0b0008	lw	r11,8(r8)
  227  0000129c  afab0000	sw	(r29),r11
  228  000012a0  0c00012c	jal	_Printf
  229  000012a4  54000000	nop; not filled.
  230  000012a8  3c0b0000	lhi	r11,((LC5_LF0)>>16)&0xffff
  231  000012ac  256b309c	addui	r11,r11,(LC5_LF0)&0xffff
  232  000012b0  afab0000	sw	(r29),r11
  233  000012b4  0c000118	jal	_Printf
  234  000012b8  54000000	nop; not filled.
  235  000012bc  308100ff	andi	r1,r4,#0x00ff
  236  000012c0  afa10000	sw	(r29),r1
  237  000012c4  0c000108	jal	_Printf
  238  000012c8  54000000	nop; not filled.
  239  000012cc  3c0b0000	lhi	r11,((LC6_LF0)>>16)&0xffff
  240  000012d0  256b30a8	addui	r11,r11,(LC6_LF0)&0xffff
  241  000012d4  afab0000	sw	(r29),r11
  242  000012d8  0c0000f4	jal	_Printf
  243  000012dc  54000000	nop; not filled.
  244  000012e0  23bd0008	addi	r29,r29,#8
  245  000012e4  08000008	j	L21_LF0
  246  000012e8  54000000	nop; not filled.
  247  000012ec          	L20_LF0:
  248  000012ec  20a5ffff	addi	r5,r5,#-1
  249  000012f0          	L21_LF0:
  250  000012f0  23bdfff8	addi	r29,r29,#-8
  251  000012f4  afa70000	sw	(r29),r7
  252  000012f8  0c00014c	jal	_lock_release
  253  000012fc  54000000	nop; not filled.
  254  00001300  23bd0008	addi	r29,r29,#8
  255  00001304  20a50001	addi	r5,r5,#1
  256  00001308  70a1000a	slei	r1,r5,#10
  257  0000130c  1420ff18	bnez	r1,L19_LF0
  258  00001310  54000000	nop; not filled.
  259  00001314  23bdfff8	addi	r29,r29,#-8
  260  00001318  afa90000	sw	(r29),r9
  261  0000131c  0c000104	jal	_sem_signal
  262  00001320  54000000	nop; not filled.
  263  00001324  23bd0008	addi	r29,r29,#8
  264  00001328  64210001	snei	r1,r1,#1
  265  0000132c  10200050	beqz	r1,L23_LF0
  266  00001330  54000000	nop; not filled.
  267  00001334  23bdfff8	addi	r29,r29,#-8
  268  00001338  3c0b0000	lhi	r11,((LC7_LF0)>>16)&0xffff
  269  0000133c  256b30ac	addui	r11,r11,(LC7_LF0)&0xffff
  270  00001340  afab0000	sw	(r29),r11
  271  00001344  afa90004	sw	4(r29),r9
  272  00001348  0c000084	jal	_Printf
  273  0000134c  54000000	nop; not filled.
  274  00001350  8d080000	lw	r8,(r8)
  275  00001354  afa80000	sw	(r29),r8
  276  00001358  0c000074	jal	_Printf
  277  0000135c  54000000	nop; not filled.
  278  00001360  3c0b0000	lhi	r11,((LC3_LF0)>>16)&0xffff
  279  00001364  256b3080	addui	r11,r11,(LC3_LF0)&0xffff
  280  00001368  afab0000	sw	(r29),r11
  281  0000136c  0c000060	jal	_Printf
  282  00001370  54000000	nop; not filled.
  283  00001374  0c00010c	jal	_Exit
  284  00001378  54000000	nop; not filled.
  285  0000137c  23bd0008	addi	r29,r29,#8
  286  00001380          	L23_LF0:
  287  00001380  0c000e48	jal	_exit
  288  00001384  54000000	nop
  289  00001388          	.endproc _main
  290                      ;;;
  291                      ;;; Stub functions for DLX traps.
  292                      ;;;
  293                      ;;; Ethan L. Miller, 1999.  Released to the public domain.
  294                      ;;;
  295                      ;;; The traps such as Open and Close
  296                      ;;; (note the capital letters) are for use by user programs.  The traps
  297                      ;;; with names such as open and close (lower case) are for use by the OS.
  298                      ;;;
  301  00001388          	.align 2
  303                      ;;; The following are the traps to be used by user-level programs
  304                      ;;;
  306  00001388          	.align 2
  307  00001388          	.proc _Open
  308  00001388          	.global _Open
  309  00001388          	_Open:
  310                      ;;; Note that trap #0x213 actually causes a trap vector in the OS of
  311                      ;;; 0x1213.  The same is true for other user traps.  Thus, a user trap
  312                      ;;; with trap #0x240 will result in a trap vector of 0x1240 in the OS.
  313  00001388  44000213	trap	#0x213
  314  0000138c  4be00000	jr	r31
  315  00001390  54000000	nop
  316  00001394          	.endproc _Open
  318  00001394          	.proc _Close
  319  00001394          	.global _Close
  320  00001394          	_Close:
  321  00001394  44000214	trap	#0x214
  322  00001398  4be00000	jr	r31
  323  0000139c  54000000	nop
  324  000013a0          	.endproc _Close
  326  000013a0          	.proc _Read
  327  000013a0          	.global _Read
  328  000013a0          	_Read:
  329  000013a0  44000210	trap	#0x210
  330  000013a4  4be00000	jr	r31
  331  000013a8  54000000	nop
  332  000013ac          	.endproc _Read
  334  000013ac          	.proc _Write
  335  000013ac          	.global _Write
  336  000013ac          	_Write:
  337  000013ac  44000211	trap	#0x211
  338  000013b0  4be00000	jr	r31
  339  000013b4  54000000	nop
  340  000013b8          	.endproc _Write
  342  000013b8          	.proc _Lseek
  343  000013b8          	.global _Lseek
  344  000013b8          	_Lseek:
  345  000013b8  44000212	trap	#0x212
  346  000013bc  4be00000	jr	r31
  347  000013c0  54000000	nop
  348  000013c4          	.endproc _Lseek
  350  000013c4          	.proc _Putchar
  351  000013c4          	.global _Putchar
  352  000013c4          	_Putchar:
  353  000013c4  44000280	trap	#0x280
  354  000013c8  4be00000	jr	r31
  355  000013cc  54000000	nop
  356  000013d0          	.endproc _Putchar
  358  000013d0          	.proc _Printf
  359  000013d0          	.global _Printf
  360  000013d0          	_Printf:
  361  000013d0  44000201	trap	#0x201
  362  000013d4  4be00000	jr	r31
  363  000013d8  54000000	nop
  364  000013dc          	.endproc _Printf
  366  000013dc          	.proc _getpid
  367  000013dc          	.global _getpid
  368  000013dc          	_getpid:
  369  000013dc  44000431	trap	#0x431
  370  000013e0  4be00000	jr	r31
  371  000013e4  54000000	nop
  372  000013e8          	.endproc _getpid
  374  000013e8          	.proc _process_create
  375  000013e8          	.global _process_create
  376  000013e8          	_process_create:
  377  000013e8  44000432	trap	#0x432
  378  000013ec  4be00000	jr	r31
  379  000013f0  54000000	nop
  380  000013f4          	.endproc _process_create
  382  000013f4          	.proc _shmget
  383  000013f4          	.global _shmget
  384  000013f4          	_shmget:
  385  000013f4  44000440	trap	#0x440
  386  000013f8  4be00000	jr	r31
  387  000013fc  54000000	nop
  388  00001400          	.endproc _shmget
  390  00001400          	.proc _shmat
  391  00001400          	.global _shmat
  392  00001400          	_shmat:
  393  00001400  44000441	trap	#0x441
  394  00001404  4be00000	jr	r31
  395  00001408  54000000	nop
  396  0000140c          	.endproc _shmat
  398  0000140c          	.proc _sem_create
  399  0000140c          	.global _sem_create
  400  0000140c          	_sem_create:
  401  0000140c  44000450	trap	#0x450
  402  00001410  4be00000	jr	r31
  403  00001414  54000000	nop
  404  00001418          	.endproc _sem_create
  406  00001418          	.proc _sem_wait
  407  00001418          	.global _sem_wait
  408  00001418          	_sem_wait:
  409  00001418  44000451	trap	#0x451
  410  0000141c  4be00000	jr	r31
  411  00001420  54000000	nop
  412  00001424          	.endproc _sem_wait
  414  00001424          	.proc _sem_signal
  415  00001424          	.global _sem_signal
  416  00001424          	_sem_signal:
  417  00001424  44000452	trap	#0x452
  418  00001428  4be00000	jr	r31
  419  0000142c  54000000	nop
  420  00001430          	.endproc _sem_signal
  422  00001430          	.proc _lock_create
  423  00001430          	.global _lock_create
  424  00001430          	_lock_create:
  425  00001430  44000453	trap	#0x453
  426  00001434  4be00000	jr	r31
  427  00001438  54000000	nop
  428  0000143c          	.endproc _lock_create
  430  0000143c          	.proc _lock_acquire
  431  0000143c          	.global _lock_acquire
  432  0000143c          	_lock_acquire:
  433  0000143c  44000454	trap	#0x454
  434  00001440  4be00000	jr	r31
  435  00001444  54000000	nop
  436  00001448          	.endproc _lock_acquire
  438  00001448          	.proc _lock_release
  439  00001448          	.global _lock_release
  440  00001448          	_lock_release:
  441  00001448  44000455	trap	#0x455
  442  0000144c  4be00000	jr	r31
  443  00001450  54000000	nop
  444  00001454          	.endproc _lock_release
  446  00001454          	.proc _cond_create
  447  00001454          	.global _cond_create
  448  00001454          	_cond_create:
  449  00001454  44000456	trap	#0x456
  450  00001458  4be00000	jr	r31
  451  0000145c  54000000	nop
  452  00001460          	.endproc _cond_create
  454  00001460          	.proc _cond_wait
  455  00001460          	.global _cond_wait
  456  00001460          	_cond_wait:
  457  00001460  44000457	trap	#0x457
  458  00001464  4be00000	jr	r31
  459  00001468  54000000	nop
  460  0000146c          	.endproc _cond_wait
  462  0000146c          	.proc _cond_signal
  463  0000146c          	.global _cond_signal
  464  0000146c          	_cond_signal:
  465  0000146c  44000458	trap	#0x458
  466  00001470  4be00000	jr	r31
  467  00001474  54000000	nop
  468  00001478          	.endproc _cond_signal
  470  00001478          	.proc _cond_broadcast
  471  00001478          	.global _cond_broadcast
  472  00001478          	_cond_broadcast:
  473  00001478  44000459	trap	#0x459
  474  0000147c  4be00000	jr	r31
  475  00001480  54000000	nop
  476  00001484          	.endproc _cond_broadcast
  478  00001484          	.proc _Exit
  479  00001484          	.global _Exit
  480  00001484          	_Exit:
  481  00001484  44000500	trap	#0x500
  482  00001488  4be00000	jr	r31
  483  0000148c  54000000	nop
  484  00001490          	.endproc _Exit
  485                      ; Compiled by GCC
  487  00001490          	.align 2
  488  00001490          	.proc _isspace
  489  00001490          	.global _isspace
  490  00001490          	_isspace:
  491                      ;  Function 'isspace'; 0 bytes of locals, 3 regs to save.
  492  00001490  afbefffc	sw	-4(r29),r30; push fp
  493  00001494  001df020	add	r30,r0,r29; fp = sp
  494  00001498  afbffff8	sw	-8(r29),r31; push ret addr
  495  0000149c  2fbd0018	subui	r29,r29,#24; alloc local storage
  496  000014a0  afa20000	sw	0(r29),r2
  497  000014a4  afa30004	sw	4(r29),r3
  498  000014a8  afa40008	sw	8(r29),r4
  499  000014ac  83c20003	lb	r2,3(r30)
  500  000014b0  20010000	addi	r1,r0,#0
  501  000014b4  304300ff	andi	r3,r2,#0x00ff
  502  000014b8  60640020	seqi	r4,r3,#32
  503  000014bc  1480002c	bnez	r4,L3_LF2
  504  000014c0  54000000	nop; delay slot nop
  505  000014c4  304300ff	andi	r3,r2,#0x00ff
  506  000014c8  60640009	seqi	r4,r3,#9
  507  000014cc  1480001c	bnez	r4,L3_LF2
  508  000014d0  54000000	nop; delay slot nop
  509  000014d4  304300ff	andi	r3,r2,#0x00ff
  510  000014d8  6064000a	seqi	r4,r3,#10
  511  000014dc  1480000c	bnez	r4,L3_LF2
  512  000014e0  54000000	nop; delay slot nop
  513  000014e4  08000008	j	L2_LF2
  514  000014e8  54000000	nop; delay slot nop
  515  000014ec          	L3_LF2:
  516  000014ec  20010001	addi	r1,r0,#1
  517  000014f0          	L2_LF2:
  518  000014f0  08000004	j	L1_LF2
  519  000014f4  54000000	nop; delay slot nop
  520  000014f8          	L1_LF2:
  521  000014f8  8fa20000	lw	r2,0(r29)
  522  000014fc  8fa30004	lw	r3,4(r29)
  523  00001500  8fa40008	lw	r4,8(r29)
  524  00001504  8fdffff8	lw	r31,-8(r30)
  525  00001508  001ee820	add	r29,r0,r30
  526  0000150c  8fdefffc	lw	r30,-4(r30)
  527  00001510  4be00000	jr	r31
  528  00001514  54000000	nop
  529  00001518          	.endproc _isspace
  530  00001518          	.align 2
  531  00001518          	.proc _isxdigit
  532  00001518          	.global _isxdigit
  533  00001518          	_isxdigit:
  534                      ;  Function 'isxdigit'; 0 bytes of locals, 3 regs to save.
  535  00001518  afbefffc	sw	-4(r29),r30; push fp
  536  0000151c  001df020	add	r30,r0,r29; fp = sp
  537  00001520  afbffff8	sw	-8(r29),r31; push ret addr
  538  00001524  2fbd0018	subui	r29,r29,#24; alloc local storage
  539  00001528  afa20000	sw	0(r29),r2
  540  0000152c  afa30004	sw	4(r29),r3
  541  00001530  afa40008	sw	8(r29),r4
  542  00001534  83c20003	lb	r2,3(r30)
  543  00001538  20010000	addi	r1,r0,#0
  544  0000153c  304300ff	andi	r3,r2,#0x00ff
  545  00001540  6c64002f	sgtui	r4,r3,#47
  546  00001544  1080001c	beqz	r4,L7_LF2
  547  00001548  54000000	nop; delay slot nop
  548  0000154c  304300ff	andi	r3,r2,#0x00ff
  549  00001550  70640039	sleui	r4,r3,#57
  550  00001554  1480005c	bnez	r4,L6_LF2
  551  00001558  54000000	nop; delay slot nop
  552  0000155c  08000004	j	L7_LF2
  553  00001560  54000000	nop; delay slot nop
  554  00001564          	L7_LF2:
  555  00001564  304300ff	andi	r3,r2,#0x00ff
  556  00001568  6c640060	sgtui	r4,r3,#96
  557  0000156c  1080001c	beqz	r4,L8_LF2
  558  00001570  54000000	nop; delay slot nop
  559  00001574  304300ff	andi	r3,r2,#0x00ff
  560  00001578  70640066	sleui	r4,r3,#102
  561  0000157c  14800034	bnez	r4,L6_LF2
  562  00001580  54000000	nop; delay slot nop
  563  00001584  08000004	j	L8_LF2
  564  00001588  54000000	nop; delay slot nop
  565  0000158c          	L8_LF2:
  566  0000158c  304300ff	andi	r3,r2,#0x00ff
  567  00001590  6c640040	sgtui	r4,r3,#64
  568  00001594  10800020	beqz	r4,L5_LF2
  569  00001598  54000000	nop; delay slot nop
  570  0000159c  304300ff	andi	r3,r2,#0x00ff
  571  000015a0  70640041	sleui	r4,r3,#65
  572  000015a4  1480000c	bnez	r4,L6_LF2
  573  000015a8  54000000	nop; delay slot nop
  574  000015ac  08000008	j	L5_LF2
  575  000015b0  54000000	nop; delay slot nop
  576  000015b4          	L6_LF2:
  577  000015b4  20010001	addi	r1,r0,#1
  578  000015b8          	L5_LF2:
  579  000015b8  08000004	j	L4_LF2
  580  000015bc  54000000	nop; delay slot nop
  581  000015c0          	L4_LF2:
  582  000015c0  8fa20000	lw	r2,0(r29)
  583  000015c4  8fa30004	lw	r3,4(r29)
  584  000015c8  8fa40008	lw	r4,8(r29)
  585  000015cc  8fdffff8	lw	r31,-8(r30)
  586  000015d0  001ee820	add	r29,r0,r30
  587  000015d4  8fdefffc	lw	r30,-4(r30)
  588  000015d8  4be00000	jr	r31
  589  000015dc  54000000	nop
  590  000015e0          	.endproc _isxdigit
  591  000015e0          	.align 2
  592  000015e0          	.proc _dstrcpy
  593  000015e0          	.global _dstrcpy
  594  000015e0          	_dstrcpy:
  595                      ;  Function 'dstrcpy'; 8 bytes of locals, 2 regs to save.
  596  000015e0  afbefffc	sw	-4(r29),r30; push fp
  597  000015e4  001df020	add	r30,r0,r29; fp = sp
  598  000015e8  afbffff8	sw	-8(r29),r31; push ret addr
  599  000015ec  2fbd0018	subui	r29,r29,#24; alloc local storage
  600  000015f0  afa20000	sw	0(r29),r2
  601  000015f4  afa30004	sw	4(r29),r3
  602  000015f8  8fc10000	lw	r1,(r30)
  603  000015fc  afc1fff4	sw	-12(r30),r1
  604  00001600          	L10_LF2:
  605  00001600  8fc10000	lw	r1,(r30)
  606  00001604  20220001	addi	r2,r1,#1
  607  00001608  afc20000	sw	(r30),r2
  608  0000160c  8fc20004	lw	r2,4(r30)
  609  00001610  20430001	addi	r3,r2,#1
  610  00001614  afc30004	sw	4(r30),r3
  611  00001618  80420000	lb	r2,(r2)
  612  0000161c  a0220000	sb	(r1),r2
  613  00001620  a3c2fff3	sb	-13(r30),r2
  614  00001624          	L12_LF2:
  615  00001624  93c1fff3	lbu	r1,-13(r30)
  616  00001628  64220000	snei	r2,r1,#0
  617  0000162c  1440000c	bnez	r2,L13_LF2
  618  00001630  54000000	nop; delay slot nop
  619  00001634  0800000c	j	L11_LF2
  620  00001638  54000000	nop; delay slot nop
  621  0000163c          	L13_LF2:
  622  0000163c  0bffffc0	j	L10_LF2
  623  00001640  54000000	nop; delay slot nop
  624  00001644          	L11_LF2:
  625  00001644  8fc1fff4	lw	r1,-12(r30)
  626  00001648  08000004	j	L9_LF2
  627  0000164c  54000000	nop; delay slot nop
  628  00001650          	L9_LF2:
  629  00001650  8fa20000	lw	r2,0(r29)
  630  00001654  8fa30004	lw	r3,4(r29)
  631  00001658  8fdffff8	lw	r31,-8(r30)
  632  0000165c  001ee820	add	r29,r0,r30
  633  00001660  8fdefffc	lw	r30,-4(r30)
  634  00001664  4be00000	jr	r31
  635  00001668  54000000	nop
  636  0000166c          	.endproc _dstrcpy
  637  0000166c          	.align 2
  638  0000166c          	.proc _dstrncpy
  639  0000166c          	.global _dstrncpy
  640  0000166c          	_dstrncpy:
  641                      ;  Function 'dstrncpy'; 8 bytes of locals, 2 regs to save.
  642  0000166c  afbefffc	sw	-4(r29),r30; push fp
  643  00001670  001df020	add	r30,r0,r29; fp = sp
  644  00001674  afbffff8	sw	-8(r29),r31; push ret addr
  645  00001678  2fbd0018	subui	r29,r29,#24; alloc local storage
  646  0000167c  afa20000	sw	0(r29),r2
  647  00001680  afa30004	sw	4(r29),r3
  648  00001684  8fc10000	lw	r1,(r30)
  649  00001688  afc1fff4	sw	-12(r30),r1
  650  0000168c          	L15_LF2:
  651  0000168c  8fc10008	lw	r1,8(r30)
  652  00001690  2022ffff	addi	r2,r1,#-1
  653  00001694  afc20008	sw	8(r30),r2
  654  00001698  70210000	slei	r1,r1,#0
  655  0000169c  1020000c	beqz	r1,L18_LF2
  656  000016a0  54000000	nop; delay slot nop
  657  000016a4  08000048	j	L16_LF2
  658  000016a8  54000000	nop; delay slot nop
  659  000016ac          	L18_LF2:
  660  000016ac  8fc10000	lw	r1,(r30)
  661  000016b0  20220001	addi	r2,r1,#1
  662  000016b4  afc20000	sw	(r30),r2
  663  000016b8  8fc20004	lw	r2,4(r30)
  664  000016bc  20430001	addi	r3,r2,#1
  665  000016c0  afc30004	sw	4(r30),r3
  666  000016c4  80420000	lb	r2,(r2)
  667  000016c8  a0220000	sb	(r1),r2
  668  000016cc  a3c2fff3	sb	-13(r30),r2
  669  000016d0          	L17_LF2:
  670  000016d0  93c1fff3	lbu	r1,-13(r30)
  671  000016d4  64220000	snei	r2,r1,#0
  672  000016d8  1440000c	bnez	r2,L19_LF2
  673  000016dc  54000000	nop; delay slot nop
  674  000016e0  0800000c	j	L16_LF2
  675  000016e4  54000000	nop; delay slot nop
  676  000016e8          	L19_LF2:
  677  000016e8  0bffffa0	j	L15_LF2
  678  000016ec  54000000	nop; delay slot nop
  679  000016f0          	L16_LF2:
  680  000016f0  8fc1fff4	lw	r1,-12(r30)
  681  000016f4  08000004	j	L14_LF2
  682  000016f8  54000000	nop; delay slot nop
  683  000016fc          	L14_LF2:
  684  000016fc  8fa20000	lw	r2,0(r29)
  685  00001700  8fa30004	lw	r3,4(r29)
  686  00001704  8fdffff8	lw	r31,-8(r30)
  687  00001708  001ee820	add	r29,r0,r30
  688  0000170c  8fdefffc	lw	r30,-4(r30)
  689  00001710  4be00000	jr	r31
  690  00001714  54000000	nop
  691  00001718          	.endproc _dstrncpy
  692  00001718          	.align 2
  693  00001718          	.proc _dstrcat
  694  00001718          	.global _dstrcat
  695  00001718          	_dstrcat:
  696                      ;  Function 'dstrcat'; 8 bytes of locals, 1 regs to save.
  697  00001718  afbefffc	sw	-4(r29),r30; push fp
  698  0000171c  001df020	add	r30,r0,r29; fp = sp
  699  00001720  afbffff8	sw	-8(r29),r31; push ret addr
  700  00001724  2fbd0018	subui	r29,r29,#24; alloc local storage
  701  00001728  afa20000	sw	0(r29),r2
  702  0000172c  8fc10000	lw	r1,(r30)
  703  00001730  afc1fff4	sw	-12(r30),r1
  704  00001734          	L21_LF2:
  705  00001734  8fc10000	lw	r1,(r30)
  706  00001738  90220000	lbu	r2,(r1)
  707  0000173c  64410000	snei	r1,r2,#0
  708  00001740  1420000c	bnez	r1,L23_LF2
  709  00001744  54000000	nop; delay slot nop
  710  00001748  0800001c	j	L22_LF2
  711  0000174c  54000000	nop; delay slot nop
  712  00001750          	L23_LF2:
  713  00001750  8fc20000	lw	r2,(r30)
  714  00001754  20410001	addi	r1,r2,#1
  715  00001758  00011020	add	r2,r0,r1
  716  0000175c  afc20000	sw	(r30),r2
  717  00001760  0bffffd0	j	L21_LF2
  718  00001764  54000000	nop; delay slot nop
  719  00001768          	L22_LF2:
  720  00001768  23bdfff8	addi	r29,r29,#-8
  721  0000176c  001d0820	add	r1,r0,r29
  722  00001770  8fc20000	lw	r2,(r30)
  723  00001774  ac220000	sw	(r1),r2
  724  00001778  8fc20004	lw	r2,4(r30)
  725  0000177c  ac220004	sw	4(r1),r2
  726  00001780  0ffffe5c	jal	_dstrcpy
  727  00001784  54000000	nop; delay slot nop
  728  00001788  23bd0008	addi	r29,r29,#8
  729  0000178c  8fc1fff4	lw	r1,-12(r30)
  730  00001790  08000004	j	L20_LF2
  731  00001794  54000000	nop; delay slot nop
  732  00001798          	L20_LF2:
  733  00001798  8fa20000	lw	r2,0(r29)
  734  0000179c  8fdffff8	lw	r31,-8(r30)
  735  000017a0  001ee820	add	r29,r0,r30
  736  000017a4  8fdefffc	lw	r30,-4(r30)
  737  000017a8  4be00000	jr	r31
  738  000017ac  54000000	nop
  739  000017b0          	.endproc _dstrcat
  740  000017b0          	.align 2
  741  000017b0          	.proc _dstrncmp
  742  000017b0          	.global _dstrncmp
  743  000017b0          	_dstrncmp:
  744                      ;  Function 'dstrncmp'; 8 bytes of locals, 2 regs to save.
  745  000017b0  afbefffc	sw	-4(r29),r30; push fp
  746  000017b4  001df020	add	r30,r0,r29; fp = sp
  747  000017b8  afbffff8	sw	-8(r29),r31; push ret addr
  748  000017bc  2fbd0018	subui	r29,r29,#24; alloc local storage
  749  000017c0  afa20000	sw	0(r29),r2
  750  000017c4  afa30004	sw	4(r29),r3
  751  000017c8  54000000	nop
  752  000017cc  20010000	addi	r1,r0,#0
  753  000017d0  afc1fff4	sw	-12(r30),r1
  754  000017d4          	L25_LF2:
  755  000017d4  8fc1fff4	lw	r1,-12(r30)
  756  000017d8  8fc20008	lw	r2,8(r30)
  757  000017dc  0022082a	slt	r1,r1,r2
  758  000017e0  1420000c	bnez	r1,L28_LF2
  759  000017e4  54000000	nop; delay slot nop
  760  000017e8  08000088	j	L26_LF2
  761  000017ec  54000000	nop; delay slot nop
  762  000017f0          	L28_LF2:
  763  000017f0  8fc10004	lw	r1,4(r30)
  764  000017f4  90220000	lbu	r2,(r1)
  765  000017f8  64410000	snei	r1,r2,#0
  766  000017fc  14200018	bnez	r1,L29_LF2
  767  00001800  54000000	nop; delay slot nop
  768  00001804  20010000	addi	r1,r0,#0
  769  00001808  080000d8	j	L24_LF2
  770  0000180c  54000000	nop; delay slot nop
  771  00001810  08000028	j	L30_LF2
  772  00001814  54000000	nop; delay slot nop
  773  00001818          	L29_LF2:
  774  00001818  8fc10000	lw	r1,(r30)
  775  0000181c  8fc20004	lw	r2,4(r30)
  776  00001820  90210000	lbu	r1,(r1)
  777  00001824  90420000	lbu	r2,(r2)
  778  00001828  00220829	sne	r1,r1,r2
  779  0000182c  1020000c	beqz	r1,L30_LF2
  780  00001830  54000000	nop; delay slot nop
  781  00001834  0800003c	j	L26_LF2
  782  00001838  54000000	nop; delay slot nop
  783  0000183c          	L31_LF2:
  784  0000183c          	L30_LF2:
  785  0000183c  8fc20000	lw	r2,(r30)
  786  00001840  20410001	addi	r1,r2,#1
  787  00001844  00011020	add	r2,r0,r1
  788  00001848  afc20000	sw	(r30),r2
  789  0000184c  8fc20004	lw	r2,4(r30)
  790  00001850  20410001	addi	r1,r2,#1
  791  00001854  00011020	add	r2,r0,r1
  792  00001858  afc20004	sw	4(r30),r2
  793  0000185c          	L27_LF2:
  794  0000185c  8fc2fff4	lw	r2,-12(r30)
  795  00001860  20410001	addi	r1,r2,#1
  796  00001864  00011020	add	r2,r0,r1
  797  00001868  afc2fff4	sw	-12(r30),r2
  798  0000186c  0bffff64	j	L25_LF2
  799  00001870  54000000	nop; delay slot nop
  800  00001874          	L26_LF2:
  801  00001874  8fc1fff4	lw	r1,-12(r30)
  802  00001878  8fc20008	lw	r2,8(r30)
  803  0000187c  00220828	seq	r1,r1,r2
  804  00001880  10200018	beqz	r1,L32_LF2
  805  00001884  54000000	nop; delay slot nop
  806  00001888  20010000	addi	r1,r0,#0
  807  0000188c  08000054	j	L24_LF2
  808  00001890  54000000	nop; delay slot nop
  809  00001894  0800004c	j	L33_LF2
  810  00001898  54000000	nop; delay slot nop
  811  0000189c          	L32_LF2:
  812  0000189c  8fc20000	lw	r2,(r30)
  813  000018a0  90410000	lbu	r1,(r2)
  814  000018a4  8fc20004	lw	r2,4(r30)
  815  000018a8  90430000	lbu	r3,(r2)
  816  000018ac  00230822	sub	r1,r1,r3
  817  000018b0  74220000	sgei	r2,r1,#0
  818  000018b4  10400020	beqz	r2,L34_LF2
  819  000018b8  54000000	nop; delay slot nop
  820  000018bc  8fc10000	lw	r1,(r30)
  821  000018c0  8fc20004	lw	r2,4(r30)
  822  000018c4  90210000	lbu	r1,(r1)
  823  000018c8  90420000	lbu	r2,(r2)
  824  000018cc  00220829	sne	r1,r1,r2
  825  000018d0  08000008	j	L35_LF2
  826  000018d4  54000000	nop; delay slot nop
  827  000018d8          	L34_LF2:
  828  000018d8  2001ffff	addi	r1,r0,#-1
  829  000018dc          	L35_LF2:
  830  000018dc  08000004	j	L24_LF2
  831  000018e0  54000000	nop; delay slot nop
  832  000018e4          	L33_LF2:
  833  000018e4          	L24_LF2:
  834  000018e4  8fa20000	lw	r2,0(r29)
  835  000018e8  8fa30004	lw	r3,4(r29)
  836  000018ec  8fdffff8	lw	r31,-8(r30)
  837  000018f0  001ee820	add	r29,r0,r30
  838  000018f4  8fdefffc	lw	r30,-4(r30)
  839  000018f8  4be00000	jr	r31
  840  000018fc  54000000	nop
  841  00001900          	.endproc _dstrncmp
  842  00001900          	.align 2
  843  00001900          	.proc _dstrlen
  844  00001900          	.global _dstrlen
  845  00001900          	_dstrlen:
  846                      ;  Function 'dstrlen'; 8 bytes of locals, 1 regs to save.
  847  00001900  afbefffc	sw	-4(r29),r30; push fp
  848  00001904  001df020	add	r30,r0,r29; fp = sp
  849  00001908  afbffff8	sw	-8(r29),r31; push ret addr
  850  0000190c  2fbd0018	subui	r29,r29,#24; alloc local storage
  851  00001910  afa20000	sw	0(r29),r2
  852  00001914  20010000	addi	r1,r0,#0
  853  00001918  afc1fff4	sw	-12(r30),r1
  854  0000191c          	L37_LF2:
  855  0000191c  8fc10000	lw	r1,(r30)
  856  00001920  20220001	addi	r2,r1,#1
  857  00001924  afc20000	sw	(r30),r2
  858  00001928  90210000	lbu	r1,(r1)
  859  0000192c  64220000	snei	r2,r1,#0
  860  00001930  1440000c	bnez	r2,L39_LF2
  861  00001934  54000000	nop; delay slot nop
  862  00001938  0800001c	j	L38_LF2
  863  0000193c  54000000	nop; delay slot nop
  864  00001940          	L39_LF2:
  865  00001940  8fc2fff4	lw	r2,-12(r30)
  866  00001944  20410001	addi	r1,r2,#1
  867  00001948  00011020	add	r2,r0,r1
  868  0000194c  afc2fff4	sw	-12(r30),r2
  869  00001950  0bffffc8	j	L37_LF2
  870  00001954  54000000	nop; delay slot nop
  871  00001958          	L38_LF2:
  872  00001958  8fc1fff4	lw	r1,-12(r30)
  873  0000195c  08000004	j	L36_LF2
  874  00001960  54000000	nop; delay slot nop
  875  00001964          	L36_LF2:
  876  00001964  8fa20000	lw	r2,0(r29)
  877  00001968  8fdffff8	lw	r31,-8(r30)
  878  0000196c  001ee820	add	r29,r0,r30
  879  00001970  8fdefffc	lw	r30,-4(r30)
  880  00001974  4be00000	jr	r31
  881  00001978  54000000	nop
  882  0000197c          	.endproc _dstrlen
  883  0000197c          	.align 2
  884  0000197c          	.proc _dstrstr
  885  0000197c          	.global _dstrstr
  886  0000197c          	_dstrstr:
  887                      ;  Function 'dstrstr'; 8 bytes of locals, 1 regs to save.
  888  0000197c  afbefffc	sw	-4(r29),r30; push fp
  889  00001980  001df020	add	r30,r0,r29; fp = sp
  890  00001984  afbffff8	sw	-8(r29),r31; push ret addr
  891  00001988  2fbd0018	subui	r29,r29,#24; alloc local storage
  892  0000198c  afa20000	sw	0(r29),r2
  893  00001990  23bdfff8	addi	r29,r29,#-8
  894  00001994  001d0820	add	r1,r0,r29
  895  00001998  8fc20004	lw	r2,4(r30)
  896  0000199c  ac220000	sw	(r1),r2
  897  000019a0  0fffff5c	jal	_dstrlen
  898  000019a4  54000000	nop; delay slot nop
  899  000019a8  23bd0008	addi	r29,r29,#8
  900  000019ac  afc1fff4	sw	-12(r30),r1
  901  000019b0          	L41_LF2:
  902  000019b0  8fc10000	lw	r1,(r30)
  903  000019b4  90220000	lbu	r2,(r1)
  904  000019b8  64410000	snei	r1,r2,#0
  905  000019bc  1420000c	bnez	r1,L43_LF2
  906  000019c0  54000000	nop; delay slot nop
  907  000019c4  08000060	j	L42_LF2
  908  000019c8  54000000	nop; delay slot nop
  909  000019cc          	L43_LF2:
  910  000019cc  23bdfff0	addi	r29,r29,#-16
  911  000019d0  001d0820	add	r1,r0,r29
  912  000019d4  8fc20000	lw	r2,(r30)
  913  000019d8  ac220000	sw	(r1),r2
  914  000019dc  8fc20004	lw	r2,4(r30)
  915  000019e0  ac220004	sw	4(r1),r2
  916  000019e4  8fc2fff4	lw	r2,-12(r30)
  917  000019e8  ac220008	sw	8(r1),r2
  918  000019ec  0ffffdc0	jal	_dstrncmp
  919  000019f0  54000000	nop; delay slot nop
  920  000019f4  23bd0010	addi	r29,r29,#16
  921  000019f8  64220000	snei	r2,r1,#0
  922  000019fc  14400010	bnez	r2,L44_LF2
  923  00001a00  54000000	nop; delay slot nop
  924  00001a04  8fc10000	lw	r1,(r30)
  925  00001a08  08000028	j	L40_LF2
  926  00001a0c  54000000	nop; delay slot nop
  927  00001a10          	L44_LF2:
  928  00001a10  8fc20000	lw	r2,(r30)
  929  00001a14  20410001	addi	r1,r2,#1
  930  00001a18  00011020	add	r2,r0,r1
  931  00001a1c  afc20000	sw	(r30),r2
  932  00001a20  0bffff8c	j	L41_LF2
  933  00001a24  54000000	nop; delay slot nop
  934  00001a28          	L42_LF2:
  935  00001a28  20010000	addi	r1,r0,#0
  936  00001a2c  08000004	j	L40_LF2
  937  00001a30  54000000	nop; delay slot nop
  938  00001a34          	L40_LF2:
  939  00001a34  8fa20000	lw	r2,0(r29)
  940  00001a38  8fdffff8	lw	r31,-8(r30)
  941  00001a3c  001ee820	add	r29,r0,r30
  942  00001a40  8fdefffc	lw	r30,-4(r30)
  943  00001a44  4be00000	jr	r31
  944  00001a48  54000000	nop
  945  00001a4c          	.endproc _dstrstr
  946  00001a4c          	.align 2
  947  00001a4c          	.proc _dmindex
  948  00001a4c          	.global _dmindex
  949  00001a4c          	_dmindex:
  950                      ;  Function 'dmindex'; 8 bytes of locals, 1 regs to save.
  951  00001a4c  afbefffc	sw	-4(r29),r30; push fp
  952  00001a50  001df020	add	r30,r0,r29; fp = sp
  953  00001a54  afbffff8	sw	-8(r29),r31; push ret addr
  954  00001a58  2fbd0018	subui	r29,r29,#24; alloc local storage
  955  00001a5c  afa20000	sw	0(r29),r2
  956  00001a60  54000000	nop
  957  00001a64          	L46_LF2:
  958  00001a64  8fc10000	lw	r1,(r30)
  959  00001a68  90220000	lbu	r2,(r1)
  960  00001a6c  64410000	snei	r1,r2,#0
  961  00001a70  1420000c	bnez	r1,L48_LF2
  962  00001a74  54000000	nop; delay slot nop
  963  00001a78  08000070	j	L47_LF2
  964  00001a7c  54000000	nop; delay slot nop
  965  00001a80          	L48_LF2:
  966  00001a80  8fc10004	lw	r1,4(r30)
  967  00001a84  afc1fff4	sw	-12(r30),r1
  968  00001a88          	L49_LF2:
  969  00001a88  8fc1fff4	lw	r1,-12(r30)
  970  00001a8c  90220000	lbu	r2,(r1)
  971  00001a90  64410000	snei	r1,r2,#0
  972  00001a94  1420000c	bnez	r1,L52_LF2
  973  00001a98  54000000	nop; delay slot nop
  974  00001a9c  08000044	j	L50_LF2
  975  00001aa0  54000000	nop; delay slot nop
  976  00001aa4          	L52_LF2:
  977  00001aa4  8fc10000	lw	r1,(r30)
  978  00001aa8  8fc2fff4	lw	r2,-12(r30)
  979  00001aac  90210000	lbu	r1,(r1)
  980  00001ab0  90420000	lbu	r2,(r2)
  981  00001ab4  00220828	seq	r1,r1,r2
  982  00001ab8  10200010	beqz	r1,L51_LF2
  983  00001abc  54000000	nop; delay slot nop
  984  00001ac0  8fc10000	lw	r1,(r30)
  985  00001ac4  08000030	j	L45_LF2
  986  00001ac8  54000000	nop; delay slot nop
  987  00001acc          	L53_LF2:
  988  00001acc          	L51_LF2:
  989  00001acc  8fc2fff4	lw	r2,-12(r30)
  990  00001ad0  20410001	addi	r1,r2,#1
  991  00001ad4  00011020	add	r2,r0,r1
  992  00001ad8  afc2fff4	sw	-12(r30),r2
  993  00001adc  0bffffa8	j	L49_LF2
  994  00001ae0  54000000	nop; delay slot nop
  995  00001ae4          	L50_LF2:
  996  00001ae4  0bffff7c	j	L46_LF2
  997  00001ae8  54000000	nop; delay slot nop
  998  00001aec          	L47_LF2:
  999  00001aec  20010000	addi	r1,r0,#0
 1000  00001af0  08000004	j	L45_LF2
 1001  00001af4  54000000	nop; delay slot nop
 1002  00001af8          	L45_LF2:
 1003  00001af8  8fa20000	lw	r2,0(r29)
 1004  00001afc  8fdffff8	lw	r31,-8(r30)
 1005  00001b00  001ee820	add	r29,r0,r30
 1006  00001b04  8fdefffc	lw	r30,-4(r30)
 1007  00001b08  4be00000	jr	r31
 1008  00001b0c  54000000	nop
 1009  00001b10          	.endproc _dmindex
 1010  00001b10          	.align 2
 1011  00001b10          	.proc _dindex
 1012  00001b10          	.global _dindex
 1013  00001b10          	_dindex:
 1014                      ;  Function 'dindex'; 0 bytes of locals, 1 regs to save.
 1015  00001b10  afbefffc	sw	-4(r29),r30; push fp
 1016  00001b14  001df020	add	r30,r0,r29; fp = sp
 1017  00001b18  afbffff8	sw	-8(r29),r31; push ret addr
 1018  00001b1c  2fbd0010	subui	r29,r29,#16; alloc local storage
 1019  00001b20  afa20000	sw	0(r29),r2
 1020  00001b24  54000000	nop
 1021  00001b28          	L55_LF2:
 1022  00001b28  8fc10000	lw	r1,(r30)
 1023  00001b2c  90220000	lbu	r2,(r1)
 1024  00001b30  64410000	snei	r1,r2,#0
 1025  00001b34  1420000c	bnez	r1,L57_LF2
 1026  00001b38  54000000	nop; delay slot nop
 1027  00001b3c  08000040	j	L56_LF2
 1028  00001b40  54000000	nop; delay slot nop
 1029  00001b44          	L57_LF2:
 1030  00001b44  8fc10000	lw	r1,(r30)
 1031  00001b48  90220000	lbu	r2,(r1)
 1032  00001b4c  8fc10004	lw	r1,4(r30)
 1033  00001b50  00411028	seq	r2,r2,r1
 1034  00001b54  10400010	beqz	r2,L58_LF2
 1035  00001b58  54000000	nop; delay slot nop
 1036  00001b5c  8fc10000	lw	r1,(r30)
 1037  00001b60  08000028	j	L54_LF2
 1038  00001b64  54000000	nop; delay slot nop
 1039  00001b68          	L58_LF2:
 1040  00001b68  8fc20000	lw	r2,(r30)
 1041  00001b6c  20410001	addi	r1,r2,#1
 1042  00001b70  00011020	add	r2,r0,r1
 1043  00001b74  afc20000	sw	(r30),r2
 1044  00001b78  0bffffac	j	L55_LF2
 1045  00001b7c  54000000	nop; delay slot nop
 1046  00001b80          	L56_LF2:
 1047  00001b80  20010000	addi	r1,r0,#0
 1048  00001b84  08000004	j	L54_LF2
 1049  00001b88  54000000	nop; delay slot nop
 1050  00001b8c          	L54_LF2:
 1051  00001b8c  8fa20000	lw	r2,0(r29)
 1052  00001b90  8fdffff8	lw	r31,-8(r30)
 1053  00001b94  001ee820	add	r29,r0,r30
 1054  00001b98  8fdefffc	lw	r30,-4(r30)
 1055  00001b9c  4be00000	jr	r31
 1056  00001ba0  54000000	nop
 1057  00001ba4          	.endproc _dindex
 1058  00001ba4          	.align 2
 1059  00001ba4          	.proc _ditoa
 1060  00001ba4          	.global _ditoa
 1061  00001ba4          	_ditoa:
 1062                      ;  Function 'ditoa'; 8 bytes of locals, 2 regs to save.
 1063  00001ba4  afbefffc	sw	-4(r29),r30; push fp
 1064  00001ba8  001df020	add	r30,r0,r29; fp = sp
 1065  00001bac  afbffff8	sw	-8(r29),r31; push ret addr
 1066  00001bb0  2fbd0018	subui	r29,r29,#24; alloc local storage
 1067  00001bb4  afa20000	sw	0(r29),r2
 1068  00001bb8  afa30004	sw	4(r29),r3
 1069  00001bbc  8fc10000	lw	r1,(r30)
 1070  00001bc0  68220000	slti	r2,r1,#0
 1071  00001bc4  1040002c	beqz	r2,L60_LF2
 1072  00001bc8  54000000	nop; delay slot nop
 1073  00001bcc  8fc10004	lw	r1,4(r30)
 1074  00001bd0  20220001	addi	r2,r1,#1
 1075  00001bd4  afc20004	sw	4(r30),r2
 1076  00001bd8  2002002d	addi	r2,r0,(#0x2d)&0xff
 1077  00001bdc  a0220000	sb	(r1),r2
 1078  00001be0  8fc10000	lw	r1,(r30)
 1079  00001be4  00011022	sub	r2,r0,r1
 1080  00001be8  afc20000	sw	(r30),r2
 1081  00001bec  08000118	j	L61_LF2
 1082  00001bf0  54000000	nop; delay slot nop
 1083  00001bf4          	L60_LF2:
 1084  00001bf4  8fc10000	lw	r1,(r30)
 1085  00001bf8  64220000	snei	r2,r1,#0
 1086  00001bfc  14400020	bnez	r2,L62_LF2
 1087  00001c00  54000000	nop; delay slot nop
 1088  00001c04  8fc10004	lw	r1,4(r30)
 1089  00001c08  20220001	addi	r2,r1,#1
 1090  00001c0c  afc20004	sw	4(r30),r2
 1091  00001c10  20020030	addi	r2,r0,(#0x30)&0xff
 1092  00001c14  a0220000	sb	(r1),r2
 1093  00001c18  080000ec	j	L61_LF2
 1094  00001c1c  54000000	nop; delay slot nop
 1095  00001c20          	L62_LF2:
 1096  00001c20  20010001	addi	r1,r0,#1
 1097  00001c24  afc1fff4	sw	-12(r30),r1
 1098  00001c28          	L64_LF2:
 1099  00001c28  8fc1fff4	lw	r1,-12(r30)
 1100  00001c2c  8fc20000	lw	r2,(r30)
 1101  00001c30  0022082c	sle	r1,r1,r2
 1102  00001c34  1420000c	bnez	r1,L66_LF2
 1103  00001c38  54000000	nop; delay slot nop
 1104  00001c3c  08000024	j	L65_LF2
 1105  00001c40  54000000	nop; delay slot nop
 1106  00001c44          	L67_LF2:
 1107  00001c44          	L66_LF2:
 1108  00001c44  8fc1fff4	lw	r1,-12(r30)
 1109  00001c48  00011820	add	r3,r0,r1
 1110  00001c4c  50620002	slli	r2,r3,#0x2
 1111  00001c50  00411020	add	r2,r2,r1
 1112  00001c54  50410001	slli	r1,r2,#0x1
 1113  00001c58  afc1fff4	sw	-12(r30),r1
 1114  00001c5c  0bffffc8	j	L64_LF2
 1115  00001c60  54000000	nop; delay slot nop
 1116  00001c64          	L65_LF2:
 1117  00001c64  54000000	nop
 1118  00001c68          	L68_LF2:
 1119  00001c68  8fc1fff4	lw	r1,-12(r30)
 1120  00001c6c  2002000a	addi	r2,r0,#10
 1121  00001c70  00200035	movi2fp	f0,r1
 1122  00001c74  00400835	movi2fp	f1,r2
 1123  00001c78  0401000f	div	f0,f0,f1
 1124  00001c7c  00000834	movfp2i	r1,f0
 1125  00001c80  afc1fff4	sw	-12(r30),r1
 1126  00001c84  8fc10004	lw	r1,4(r30)
 1127  00001c88  20220001	addi	r2,r1,#1
 1128  00001c8c  afc20004	sw	4(r30),r2
 1129  00001c90  8fc20000	lw	r2,(r30)
 1130  00001c94  8fc3fff4	lw	r3,-12(r30)
 1131  00001c98  00400035	movi2fp	f0,r2
 1132  00001c9c  00600835	movi2fp	f1,r3
 1133  00001ca0  0401000f	div	f0,f0,f1
 1134  00001ca4  00001034	movfp2i	r2,f0
 1135  00001ca8  00021820	add	r3,r0,r2
 1136  00001cac  20620030	addi	r2,r3,#48
 1137  00001cb0  a0220000	sb	(r1),r2
 1138  00001cb4  8fc10000	lw	r1,(r30)
 1139  00001cb8  8fc3fff4	lw	r3,-12(r30)
 1140  00001cbc  00200035	movi2fp	f0,r1
 1141  00001cc0  00600835	movi2fp	f1,r3
 1142  00001cc4  0401000f	div	f0,f0,f1
 1143  00001cc8  00001034	movfp2i	r2,f0
 1144  00001ccc  8fc3fff4	lw	r3,-12(r30)
 1145  00001cd0  00400035	movi2fp	f0,r2
 1146  00001cd4  00600835	movi2fp	f1,r3
 1147  00001cd8  0401000e	mult	f0,f0,f1
 1148  00001cdc  00001034	movfp2i	r2,f0
 1149  00001ce0  00220822	sub	r1,r1,r2
 1150  00001ce4  afc10000	sw	(r30),r1
 1151  00001ce8          	L70_LF2:
 1152  00001ce8  8fc1fff4	lw	r1,-12(r30)
 1153  00001cec  6c220001	sgti	r2,r1,#1
 1154  00001cf0  1440000c	bnez	r2,L71_LF2
 1155  00001cf4  54000000	nop; delay slot nop
 1156  00001cf8  0800000c	j	L61_LF2
 1157  00001cfc  54000000	nop; delay slot nop
 1158  00001d00          	L71_LF2:
 1159  00001d00  0bffff64	j	L68_LF2
 1160  00001d04  54000000	nop; delay slot nop
 1161  00001d08          	L69_LF2:
 1162  00001d08          	L63_LF2:
 1163  00001d08          	L61_LF2:
 1164  00001d08  8fc10004	lw	r1,4(r30)
 1165  00001d0c  20020000	addi	r2,r0,(#0x0)&0xff
 1166  00001d10  a0220000	sb	(r1),r2
 1167  00001d14          	L59_LF2:
 1168  00001d14  8fa20000	lw	r2,0(r29)
 1169  00001d18  8fa30004	lw	r3,4(r29)
 1170  00001d1c  8fdffff8	lw	r31,-8(r30)
 1171  00001d20  001ee820	add	r29,r0,r30
 1172  00001d24  8fdefffc	lw	r30,-4(r30)
 1173  00001d28  4be00000	jr	r31
 1174  00001d2c  54000000	nop
 1175  00001d30          	.endproc _ditoa
 1176  00001d30          	.align 2
 1177  00001d30          	.proc _dstrtol
 1178  00001d30          	.global _dstrtol
 1179  00001d30          	_dstrtol:
 1180                      ;  Function 'dstrtol'; 16 bytes of locals, 1 regs to save.
 1181  00001d30  afbefffc	sw	-4(r29),r30; push fp
 1182  00001d34  001df020	add	r30,r0,r29; fp = sp
 1183  00001d38  afbffff8	sw	-8(r29),r31; push ret addr
 1184  00001d3c  2fbd0020	subui	r29,r29,#32; alloc local storage
 1185  00001d40  afa20000	sw	0(r29),r2
 1186  00001d44  20010000	addi	r1,r0,#0
 1187  00001d48  afc1fff4	sw	-12(r30),r1
 1188  00001d4c          	L73_LF2:
 1189  00001d4c  8fc10000	lw	r1,(r30)
 1190  00001d50  90220000	lbu	r2,(r1)
 1191  00001d54  60410020	seqi	r1,r2,#32
 1192  00001d58  14200034	bnez	r1,L75_LF2
 1193  00001d5c  54000000	nop; delay slot nop
 1194  00001d60  8fc10000	lw	r1,(r30)
 1195  00001d64  90220000	lbu	r2,(r1)
 1196  00001d68  60410009	seqi	r1,r2,#9
 1197  00001d6c  14200020	bnez	r1,L75_LF2
 1198  00001d70  54000000	nop; delay slot nop
 1199  00001d74  8fc10000	lw	r1,(r30)
 1200  00001d78  90220000	lbu	r2,(r1)
 1201  00001d7c  6041000a	seqi	r1,r2,#10
 1202  00001d80  1420000c	bnez	r1,L75_LF2
 1203  00001d84  54000000	nop; delay slot nop
 1204  00001d88  0800001c	j	L74_LF2
 1205  00001d8c  54000000	nop; delay slot nop
 1206  00001d90          	L75_LF2:
 1207  00001d90  8fc20000	lw	r2,(r30)
 1208  00001d94  20410001	addi	r1,r2,#1
 1209  00001d98  00011020	add	r2,r0,r1
 1210  00001d9c  afc20000	sw	(r30),r2
 1211  00001da0  0bffffa8	j	L73_LF2
 1212  00001da4  54000000	nop; delay slot nop
 1213  00001da8          	L74_LF2:
 1214  00001da8  8fc10004	lw	r1,4(r30)
 1215  00001dac  64220000	snei	r2,r1,#0
 1216  00001db0  10400010	beqz	r2,L76_LF2
 1217  00001db4  54000000	nop; delay slot nop
 1218  00001db8  8fc10004	lw	r1,4(r30)
 1219  00001dbc  8fc20000	lw	r2,(r30)
 1220  00001dc0  ac220000	sw	(r1),r2
 1221  00001dc4          	L76_LF2:
 1222  00001dc4  8fc10000	lw	r1,(r30)
 1223  00001dc8  90220000	lbu	r2,(r1)
 1224  00001dcc  64410000	snei	r1,r2,#0
 1225  00001dd0  14200010	bnez	r1,L77_LF2
 1226  00001dd4  54000000	nop; delay slot nop
 1227  00001dd8  8fc1fff4	lw	r1,-12(r30)
 1228  00001ddc  08000294	j	L72_LF2
 1229  00001de0  54000000	nop; delay slot nop
 1230  00001de4          	L77_LF2:
 1231  00001de4  8fc10000	lw	r1,(r30)
 1232  00001de8  90220000	lbu	r2,(r1)
 1233  00001dec  6041002d	seqi	r1,r2,#45
 1234  00001df0  10200024	beqz	r1,L78_LF2
 1235  00001df4  54000000	nop; delay slot nop
 1236  00001df8  2001ffff	addi	r1,r0,#-1
 1237  00001dfc  afc1ffec	sw	-20(r30),r1
 1238  00001e00  8fc20000	lw	r2,(r30)
 1239  00001e04  20410001	addi	r1,r2,#1
 1240  00001e08  00011020	add	r2,r0,r1
 1241  00001e0c  afc20000	sw	(r30),r2
 1242  00001e10  0800000c	j	L79_LF2
 1243  00001e14  54000000	nop; delay slot nop
 1244  00001e18          	L78_LF2:
 1245  00001e18  20010001	addi	r1,r0,#1
 1246  00001e1c  afc1ffec	sw	-20(r30),r1
 1247  00001e20          	L79_LF2:
 1248  00001e20  8fc10008	lw	r1,8(r30)
 1249  00001e24  64220000	snei	r2,r1,#0
 1250  00001e28  14400090	bnez	r2,L80_LF2
 1251  00001e2c  54000000	nop; delay slot nop
 1252  00001e30  8fc10000	lw	r1,(r30)
 1253  00001e34  90220000	lbu	r2,(r1)
 1254  00001e38  60410030	seqi	r1,r2,#48
 1255  00001e3c  10200074	beqz	r1,L81_LF2
 1256  00001e40  54000000	nop; delay slot nop
 1257  00001e44  8fc20000	lw	r2,(r30)
 1258  00001e48  20410001	addi	r1,r2,#1
 1259  00001e4c  00011020	add	r2,r0,r1
 1260  00001e50  afc20000	sw	(r30),r2
 1261  00001e54  8fc10000	lw	r1,(r30)
 1262  00001e58  90220000	lbu	r2,(r1)
 1263  00001e5c  60410078	seqi	r1,r2,#120
 1264  00001e60  14200020	bnez	r1,L83_LF2
 1265  00001e64  54000000	nop; delay slot nop
 1266  00001e68  8fc10000	lw	r1,(r30)
 1267  00001e6c  90220000	lbu	r2,(r1)
 1268  00001e70  60410058	seqi	r1,r2,#88
 1269  00001e74  1420000c	bnez	r1,L83_LF2
 1270  00001e78  54000000	nop; delay slot nop
 1271  00001e7c  08000024	j	L82_LF2
 1272  00001e80  54000000	nop; delay slot nop
 1273  00001e84          	L83_LF2:
 1274  00001e84  20010010	addi	r1,r0,#16
 1275  00001e88  afc10008	sw	8(r30),r1
 1276  00001e8c  8fc20000	lw	r2,(r30)
 1277  00001e90  20410001	addi	r1,r2,#1
 1278  00001e94  00011020	add	r2,r0,r1
 1279  00001e98  afc20000	sw	(r30),r2
 1280  00001e9c  0800000c	j	L84_LF2
 1281  00001ea0  54000000	nop; delay slot nop
 1282  00001ea4          	L82_LF2:
 1283  00001ea4  20010008	addi	r1,r0,#8
 1284  00001ea8  afc10008	sw	8(r30),r1
 1285  00001eac          	L84_LF2:
 1286  00001eac  0800000c	j	L80_LF2
 1287  00001eb0  54000000	nop; delay slot nop
 1288  00001eb4          	L81_LF2:
 1289  00001eb4  2001000a	addi	r1,r0,#10
 1290  00001eb8  afc10008	sw	8(r30),r1
 1291  00001ebc          	L85_LF2:
 1292  00001ebc          	L80_LF2:
 1293  00001ebc  8fc10008	lw	r1,8(r30)
 1294  00001ec0  70220000	slei	r2,r1,#0
 1295  00001ec4  1440001c	bnez	r2,L87_LF2
 1296  00001ec8  54000000	nop; delay slot nop
 1297  00001ecc  8fc10008	lw	r1,8(r30)
 1298  00001ed0  6c220010	sgti	r2,r1,#16
 1299  00001ed4  1440000c	bnez	r2,L87_LF2
 1300  00001ed8  54000000	nop; delay slot nop
 1301  00001edc  08000010	j	L86_LF2
 1302  00001ee0  54000000	nop; delay slot nop
 1303  00001ee4          	L87_LF2:
 1304  00001ee4  8fc1fff4	lw	r1,-12(r30)
 1305  00001ee8  08000188	j	L72_LF2
 1306  00001eec  54000000	nop; delay slot nop
 1307  00001ef0          	L86_LF2:
 1308  00001ef0  54000000	nop
 1309  00001ef4          	L88_LF2:
 1310  00001ef4  8fc10000	lw	r1,(r30)
 1311  00001ef8  90220000	lbu	r2,(r1)
 1312  00001efc  6c41002f	sgtui	r1,r2,#47
 1313  00001f00  10200030	beqz	r1,L91_LF2
 1314  00001f04  54000000	nop; delay slot nop
 1315  00001f08  8fc10000	lw	r1,(r30)
 1316  00001f0c  90220000	lbu	r2,(r1)
 1317  00001f10  70410039	sleui	r1,r2,#57
 1318  00001f14  1020001c	beqz	r1,L91_LF2
 1319  00001f18  54000000	nop; delay slot nop
 1320  00001f1c  8fc10000	lw	r1,(r30)
 1321  00001f20  90220000	lbu	r2,(r1)
 1322  00001f24  2041ffd0	addi	r1,r2,#-48
 1323  00001f28  afc1fff0	sw	-16(r30),r1
 1324  00001f2c  0800008c	j	L92_LF2
 1325  00001f30  54000000	nop; delay slot nop
 1326  00001f34          	L91_LF2:
 1327  00001f34  8fc10000	lw	r1,(r30)
 1328  00001f38  90220000	lbu	r2,(r1)
 1329  00001f3c  6c410060	sgtui	r1,r2,#96
 1330  00001f40  10200030	beqz	r1,L93_LF2
 1331  00001f44  54000000	nop; delay slot nop
 1332  00001f48  8fc10000	lw	r1,(r30)
 1333  00001f4c  90220000	lbu	r2,(r1)
 1334  00001f50  7041007a	sleui	r1,r2,#122
 1335  00001f54  1020001c	beqz	r1,L93_LF2
 1336  00001f58  54000000	nop; delay slot nop
 1337  00001f5c  8fc10000	lw	r1,(r30)
 1338  00001f60  90220000	lbu	r2,(r1)
 1339  00001f64  2041ffa9	addi	r1,r2,#-87
 1340  00001f68  afc1fff0	sw	-16(r30),r1
 1341  00001f6c  0800004c	j	L92_LF2
 1342  00001f70  54000000	nop; delay slot nop
 1343  00001f74          	L93_LF2:
 1344  00001f74  8fc10000	lw	r1,(r30)
 1345  00001f78  90220000	lbu	r2,(r1)
 1346  00001f7c  6c410040	sgtui	r1,r2,#64
 1347  00001f80  10200030	beqz	r1,L95_LF2
 1348  00001f84  54000000	nop; delay slot nop
 1349  00001f88  8fc10000	lw	r1,(r30)
 1350  00001f8c  90220000	lbu	r2,(r1)
 1351  00001f90  7041005a	sleui	r1,r2,#90
 1352  00001f94  1020001c	beqz	r1,L95_LF2
 1353  00001f98  54000000	nop; delay slot nop
 1354  00001f9c  8fc10000	lw	r1,(r30)
 1355  00001fa0  90220000	lbu	r2,(r1)
 1356  00001fa4  2041ffc9	addi	r1,r2,#-55
 1357  00001fa8  afc1fff0	sw	-16(r30),r1
 1358  00001fac  0800000c	j	L92_LF2
 1359  00001fb0  54000000	nop; delay slot nop
 1360  00001fb4          	L95_LF2:
 1361  00001fb4  200103e8	addi	r1,r0,#1000
 1362  00001fb8  afc1fff0	sw	-16(r30),r1
 1363  00001fbc          	L96_LF2:
 1364  00001fbc          	L94_LF2:
 1365  00001fbc          	L92_LF2:
 1366  00001fbc  8fc1fff0	lw	r1,-16(r30)
 1367  00001fc0  8fc20008	lw	r2,8(r30)
 1368  00001fc4  0022082a	slt	r1,r1,r2
 1369  00001fc8  10200040	beqz	r1,L90_LF2
 1370  00001fcc  54000000	nop; delay slot nop
 1371  00001fd0  8fc1fff4	lw	r1,-12(r30)
 1372  00001fd4  8fc20008	lw	r2,8(r30)
 1373  00001fd8  00200035	movi2fp	f0,r1
 1374  00001fdc  00400835	movi2fp	f1,r2
 1375  00001fe0  0401000e	mult	f0,f0,f1
 1376  00001fe4  00000834	movfp2i	r1,f0
 1377  00001fe8  afc1fff4	sw	-12(r30),r1
 1378  00001fec  8fc1fff4	lw	r1,-12(r30)
 1379  00001ff0  8fc2fff0	lw	r2,-16(r30)
 1380  00001ff4  00220820	add	r1,r1,r2
 1381  00001ff8  afc1fff4	sw	-12(r30),r1
 1382  00001ffc  8fc20000	lw	r2,(r30)
 1383  00002000  20410001	addi	r1,r2,#1
 1384  00002004  00011020	add	r2,r0,r1
 1385  00002008  afc20000	sw	(r30),r2
 1386  0000200c          	L97_LF2:
 1387  0000200c          	L90_LF2:
 1388  0000200c  8fc1fff0	lw	r1,-16(r30)
 1389  00002010  8fc20008	lw	r2,8(r30)
 1390  00002014  0022082a	slt	r1,r1,r2
 1391  00002018  1420000c	bnez	r1,L98_LF2
 1392  0000201c  54000000	nop; delay slot nop
 1393  00002020  0800000c	j	L89_LF2
 1394  00002024  54000000	nop; delay slot nop
 1395  00002028          	L98_LF2:
 1396  00002028  0bfffec8	j	L88_LF2
 1397  0000202c  54000000	nop; delay slot nop
 1398  00002030          	L89_LF2:
 1399  00002030  8fc10004	lw	r1,4(r30)
 1400  00002034  64220000	snei	r2,r1,#0
 1401  00002038  10400010	beqz	r2,L99_LF2
 1402  0000203c  54000000	nop; delay slot nop
 1403  00002040  8fc10004	lw	r1,4(r30)
 1404  00002044  8fc20000	lw	r2,(r30)
 1405  00002048  ac220000	sw	(r1),r2
 1406  0000204c          	L99_LF2:
 1407  0000204c  8fc1fff4	lw	r1,-12(r30)
 1408  00002050  8fc2ffec	lw	r2,-20(r30)
 1409  00002054  00200035	movi2fp	f0,r1
 1410  00002058  00400835	movi2fp	f1,r2
 1411  0000205c  0401000e	mult	f0,f0,f1
 1412  00002060  00000834	movfp2i	r1,f0
 1413  00002064  afc1fff4	sw	-12(r30),r1
 1414  00002068  8fc1fff4	lw	r1,-12(r30)
 1415  0000206c  08000004	j	L72_LF2
 1416  00002070  54000000	nop; delay slot nop
 1417  00002074          	L72_LF2:
 1418  00002074  8fa20000	lw	r2,0(r29)
 1419  00002078  8fdffff8	lw	r31,-8(r30)
 1420  0000207c  001ee820	add	r29,r0,r30
 1421  00002080  8fdefffc	lw	r30,-4(r30)
 1422  00002084  4be00000	jr	r31
 1423  00002088  54000000	nop
 1424  0000208c          	.endproc _dstrtol
 1425  0000208c          	.align 2
 1426  0000208c          	.proc _bcopy
 1427  0000208c          	.global _bcopy
 1428  0000208c          	_bcopy:
 1429                      ;  Function 'bcopy'; 0 bytes of locals, 2 regs to save.
 1430  0000208c  afbefffc	sw	-4(r29),r30; push fp
 1431  00002090  001df020	add	r30,r0,r29; fp = sp
 1432  00002094  afbffff8	sw	-8(r29),r31; push ret addr
 1433  00002098  2fbd0010	subui	r29,r29,#16; alloc local storage
 1434  0000209c  afa20000	sw	0(r29),r2
 1435  000020a0  afa30004	sw	4(r29),r3
 1436  000020a4  54000000	nop
 1437  000020a8          	L101_LF2:
 1438  000020a8  8fc10008	lw	r1,8(r30)
 1439  000020ac  2022ffff	addi	r2,r1,#-1
 1440  000020b0  afc20008	sw	8(r30),r2
 1441  000020b4  6c210000	sgti	r1,r1,#0
 1442  000020b8  1420000c	bnez	r1,L103_LF2
 1443  000020bc  54000000	nop; delay slot nop
 1444  000020c0  0800002c	j	L102_LF2
 1445  000020c4  54000000	nop; delay slot nop
 1446  000020c8          	L103_LF2:
 1447  000020c8  8fc10004	lw	r1,4(r30)
 1448  000020cc  20220001	addi	r2,r1,#1
 1449  000020d0  afc20004	sw	4(r30),r2
 1450  000020d4  8fc20000	lw	r2,(r30)
 1451  000020d8  20430001	addi	r3,r2,#1
 1452  000020dc  afc30000	sw	(r30),r3
 1453  000020e0  80420000	lb	r2,(r2)
 1454  000020e4  a0220000	sb	(r1),r2
 1455  000020e8  0bffffbc	j	L101_LF2
 1456  000020ec  54000000	nop; delay slot nop
 1457  000020f0          	L102_LF2:
 1458  000020f0          	L100_LF2:
 1459  000020f0  8fa20000	lw	r2,0(r29)
 1460  000020f4  8fa30004	lw	r3,4(r29)
 1461  000020f8  8fdffff8	lw	r31,-8(r30)
 1462  000020fc  001ee820	add	r29,r0,r30
 1463  00002100  8fdefffc	lw	r30,-4(r30)
 1464  00002104  4be00000	jr	r31
 1465  00002108  54000000	nop
 1466  0000210c          	.endproc _bcopy
 1467  0000210c          	.align 2
 1468  0000210c          	.proc _bzero
 1469  0000210c          	.global _bzero
 1470  0000210c          	_bzero:
 1471                      ;  Function 'bzero'; 0 bytes of locals, 1 regs to save.
 1472  0000210c  afbefffc	sw	-4(r29),r30; push fp
 1473  00002110  001df020	add	r30,r0,r29; fp = sp
 1474  00002114  afbffff8	sw	-8(r29),r31; push ret addr
 1475  00002118  2fbd0010	subui	r29,r29,#16; alloc local storage
 1476  0000211c  afa20000	sw	0(r29),r2
 1477  00002120  54000000	nop
 1478  00002124          	L105_LF2:
 1479  00002124  8fc10004	lw	r1,4(r30)
 1480  00002128  2022ffff	addi	r2,r1,#-1
 1481  0000212c  afc20004	sw	4(r30),r2
 1482  00002130  6c210000	sgti	r1,r1,#0
 1483  00002134  1420000c	bnez	r1,L107_LF2
 1484  00002138  54000000	nop; delay slot nop
 1485  0000213c  08000020	j	L106_LF2
 1486  00002140  54000000	nop; delay slot nop
 1487  00002144          	L107_LF2:
 1488  00002144  8fc10000	lw	r1,(r30)
 1489  00002148  20220001	addi	r2,r1,#1
 1490  0000214c  afc20000	sw	(r30),r2
 1491  00002150  20020000	addi	r2,r0,(#0x0)&0xff
 1492  00002154  a0220000	sb	(r1),r2
 1493  00002158  0bffffc8	j	L105_LF2
 1494  0000215c  54000000	nop; delay slot nop
 1495  00002160          	L106_LF2:
 1496  00002160          	L104_LF2:
 1497  00002160  8fa20000	lw	r2,0(r29)
 1498  00002164  8fdffff8	lw	r31,-8(r30)
 1499  00002168  001ee820	add	r29,r0,r30
 1500  0000216c  8fdefffc	lw	r30,-4(r30)
 1501  00002170  4be00000	jr	r31
 1502  00002174  54000000	nop
 1503  00002178          	.endproc _bzero
 1504  00002178          	.align 2
 1505  00002178          	.proc _min
 1506  00002178          	.global _min
 1507  00002178          	_min:
 1508                      ;  Function 'min'; 0 bytes of locals, 2 regs to save.
 1509  00002178  afbefffc	sw	-4(r29),r30; push fp
 1510  0000217c  001df020	add	r30,r0,r29; fp = sp
 1511  00002180  afbffff8	sw	-8(r29),r31; push ret addr
 1512  00002184  2fbd0010	subui	r29,r29,#16; alloc local storage
 1513  00002188  afa20000	sw	0(r29),r2
 1514  0000218c  afa30004	sw	4(r29),r3
 1515  00002190  8fc10000	lw	r1,(r30)
 1516  00002194  8fc20004	lw	r2,4(r30)
 1517  00002198  0022182c	sle	r3,r1,r2
 1518  0000219c  14600008	bnez	r3,L109_LF2
 1519  000021a0  54000000	nop; delay slot nop
 1520  000021a4  8fc10004	lw	r1,4(r30)
 1521  000021a8          	L109_LF2:
 1522  000021a8  08000004	j	L108_LF2
 1523  000021ac  54000000	nop; delay slot nop
 1524  000021b0          	L108_LF2:
 1525  000021b0  8fa20000	lw	r2,0(r29)
 1526  000021b4  8fa30004	lw	r3,4(r29)
 1527  000021b8  8fdffff8	lw	r31,-8(r30)
 1528  000021bc  001ee820	add	r29,r0,r30
 1529  000021c0  8fdefffc	lw	r30,-4(r30)
 1530  000021c4  4be00000	jr	r31
 1531  000021c8  54000000	nop
 1532  000021cc          	.endproc _min
 1533                      ;;; Ethan L. Miller, 1999.  Released to the public domain
 1534                      ;;;
 1535                      ;;; Most of the traps are called in files from libtraps.
 1538  000021cc          	.align 2
 1539  000021cc          	.proc _exit
 1540  000021cc          	.global _exit
 1541  000021cc          	_exit:
 1542  000021cc  44000300	trap	#0x300
 1543  000021d0  4be00000	jr	r31
 1544  000021d4  54000000	nop
 1545  000021d8          	.endproc _exit
 1547                      ; for the benefit of gcc.
 1548  000021d8          	.proc ___main
 1549  000021d8          	.global ___main
 1550  000021d8          	___main:
 1551  000021d8  4be00000	jr	r31
 1552  000021dc  54000000	nop
 1553  000021e0          	.endproc ___main
 1554  000021e0          	.text
 1555  000021e0          	.global _etext
 1556  000021e0          	_etext:
 1557  000021e0          	.align 3
 1558  000021e0          	.data
 1559  000030d5          	.global _edata
 1560  000030d5          	_edata:
