 line   address	contents
    1                      ; Linked by DLX-LD.
    2                      ; MemSize 24576
    3                      ; Data size: 225
    4                      ; Text size: 4628
    5                      ; Stack size: 8192
    6  00000000          	.text 0x1000
    7  00001000          	.data 0x3000
    8                      ; Compiled by GCC
    9  00003000          	.text
   10  00001000          	.align 2
   11  00001000          	.proc _isspace
   12  00001000          	.global _isspace
   13  00001000          	_isspace:
   14                      ;  Function 'isspace'; 0 bytes of locals, 1 regs to save.
   15  00001000  afbefffc	sw	-4(r29),r30; push fp
   16  00001004  001df020	add	r30,r0,r29; fp = sp
   17  00001008  afbffff8	sw	-8(r29),r31; push ret addr
   18  0000100c  2fbd0010	subui	r29,r29,#16; alloc local storage
   19  00001010  afa20000	sw	0(r29),r2
   20  00001014  83c20003	lb	r2,3(r30)
   21  00001018  201f0000	addi	r31,r0,#0
   22  0000101c  304100ff	andi	r1,r2,#0x00ff
   23  00001020  60210020	seqi	r1,r1,#32
   24  00001024  14200018	bnez	r1,L6_LF0
   25  00001028  54000000	nop; not filled.
   26  0000102c  2041fff7	addi	r1,r2,#-9
   27  00001030  302100ff	andi	r1,r1,#0x00ff
   28  00001034  70210001	sleui	r1,r1,#1
   29  00001038  10200008	beqz	r1,L5_LF0
   30  0000103c  54000000	nop; not filled.
   31  00001040          	L6_LF0:
   32  00001040  201f0001	addi	r31,r0,#1
   33  00001044          	L5_LF0:
   34  00001044  001f0820	add	r1,r0,r31
   35  00001048  8fa20000	lw	r2,0(r29)
   36  0000104c  8fdffff8	lw	r31,-8(r30)
   37  00001050  001ee820	add	r29,r0,r30
   38  00001054  8fdefffc	lw	r30,-4(r30)
   39  00001058  4be00000	jr	r31
   40  0000105c  54000000	nop
   41  00001060          	.endproc _isspace
   42  00001060          	.align 2
   43  00001060          	.proc _isxdigit
   44  00001060          	.global _isxdigit
   45  00001060          	_isxdigit:
   46                      ;  Function 'isxdigit'; 0 bytes of locals, 1 regs to save.
   47  00001060  afbefffc	sw	-4(r29),r30; push fp
   48  00001064  001df020	add	r30,r0,r29; fp = sp
   49  00001068  afbffff8	sw	-8(r29),r31; push ret addr
   50  0000106c  2fbd0010	subui	r29,r29,#16; alloc local storage
   51  00001070  afa20000	sw	0(r29),r2
   52  00001074  83df0003	lb	r31,3(r30)
   53  00001078  20020000	addi	r2,r0,#0
   54  0000107c  23e1ffd0	addi	r1,r31,#-48
   55  00001080  302100ff	andi	r1,r1,#0x00ff
   56  00001084  70210009	sleui	r1,r1,#9
   57  00001088  14200028	bnez	r1,L12_LF0
   58  0000108c  54000000	nop; not filled.
   59  00001090  23e1ff9f	addi	r1,r31,#-97
   60  00001094  302100ff	andi	r1,r1,#0x00ff
   61  00001098  70210005	sleui	r1,r1,#5
   62  0000109c  14200014	bnez	r1,L12_LF0
   63  000010a0  54000000	nop; not filled.
   64  000010a4  33e100ff	andi	r1,r31,#0x00ff
   65  000010a8  64210041	snei	r1,r1,#65
   66  000010ac  14200008	bnez	r1,L11_LF0
   67  000010b0  54000000	nop; not filled.
   68  000010b4          	L12_LF0:
   69  000010b4  20020001	addi	r2,r0,#1
   70  000010b8          	L11_LF0:
   71  000010b8  00020820	add	r1,r0,r2
   72  000010bc  8fa20000	lw	r2,0(r29)
   73  000010c0  8fdffff8	lw	r31,-8(r30)
   74  000010c4  001ee820	add	r29,r0,r30
   75  000010c8  8fdefffc	lw	r30,-4(r30)
   76  000010cc  4be00000	jr	r31
   77  000010d0  54000000	nop
   78  000010d4          	.endproc _isxdigit
   79  000010d4          	.data
   80  00003000          	.align 2
   81  00003000          	LC0_LF0:
   82  00003000  48656c6c	.ascii "Hello World\000"
   82  00003004  6f20576f	
   82  00003008  726c6400	
   83  0000300c          	.align 2
   84  0000300c          	LC1_LF0:
   85  0000300c  55736167	.ascii "Usage: \000"
   85  00003010  653a2000	
   86  00003014          	.align 2
   87  00003014          	LC2_LF0:
   88  00003014  203c6861	.ascii " <handle_to_shared_memory_page> <handle_to_page_mapped_semaphore>\n\000"
   88  00003018  6e646c65	
   88  0000301c  5f746f5f	
   88  00003020  73686172	
   88  00003024  65645f6d	
   88  00003028  656d6f72	
   88  0000302c  795f7061	
   88  00003030  67653e20	
   88  00003034  3c68616e	
   88  00003038  646c655f	
   88  0000303c  746f5f70	
   88  00003040  6167655f	
   88  00003044  6d617070	
   88  00003048  65645f73	
   88  0000304c  656d6170	
   88  00003050  686f7265	
   88  00003054  3e0a00  	
   89  00003057          	.align 2
   90  00003058          	LC3_LF0:
   91  00003058  436f756c	.ascii "Could not map the virtual address to the memory in \000"
   91  0000305c  64206e6f	
   91  00003060  74206d61	
   91  00003064  70207468	
   91  00003068  65207669	
   91  0000306c  72747561	
   91  00003070  6c206164	
   91  00003074  64726573	
   91  00003078  7320746f	
   91  0000307c  20746865	
   91  00003080  206d656d	
   91  00003084  6f727920	
   91  00003088  696e2000	
   92  0000308c          	.align 2
   93  0000308c          	LC4_LF0:
   94  0000308c  2c206578	.ascii ", exiting...\n\000"
   94  00003090  6974696e	
   94  00003094  672e2e2e	
   94  00003098  0a00    	
   95  0000309a          	.align 2
   96  0000309c          	LC5_LF0:
   97  0000309c  50726f64	.ascii "Producer \000"
   97  000030a0  75636572	
   97  000030a4  2000    	
   98  000030a6          	.align 2
   99  000030a8          	LC6_LF0:
  100  000030a8  20696e73	.ascii " inserted: \000"
  100  000030ac  65727465	
  100  000030b0  643a2000	
  101  000030b4          	.align 2
  102  000030b4          	LC7_LF0:
  103  000030b4  0a00    	.ascii "\n\000"
  104  000030b6          	.align 2
  105  000030b8          	LC8_LF0:
  106  000030b8  42616420	.ascii "Bad semaphore s_procs_completed (%d) in \000"
  106  000030bc  73656d61	
  106  000030c0  70686f72	
  106  000030c4  6520735f	
  106  000030c8  70726f63	
  106  000030cc  735f636f	
  106  000030d0  6d706c65	
  106  000030d4  74656420	
  106  000030d8  28256429	
  106  000030dc  20696e20	
  106  000030e0  00      	
  107  000030e1          	.text
  108  000010d4          	.align 2
  109  000010d4          	.proc _main
  110  000010d4          	.global _main
  111  000010d4          	_main:
  112                      ;  Function 'main'; 0 bytes of locals, 0 regs to save.
  113  000010d4  afbefffc	sw	-4(r29),r30; push fp
  114  000010d8  001df020	add	r30,r0,r29; fp = sp
  115  000010dc  afbffff8	sw	-8(r29),r31; push ret addr
  116  000010e0  2fbd0008	subui	r29,r29,#8; alloc local storage
  117  000010e4  8fc20000	lw	r2,(r30)
  118  000010e8  8fc70004	lw	r7,4(r30)
  119  000010ec  0c00111c	jal	___main
  120  000010f0  54000000	nop; not filled.
  121  000010f4  64410003	snei	r1,r2,#3
  122  000010f8  1020004c	beqz	r1,L14_LF0
  123  000010fc  54000000	nop; not filled.
  124  00001100  23bdfff8	addi	r29,r29,#-8
  125  00001104  3c0b0000	lhi	r11,((LC1_LF0)>>16)&0xffff
  126  00001108  256b300c	addui	r11,r11,(LC1_LF0)&0xffff
  127  0000110c  afab0000	sw	(r29),r11
  128  00001110  0c0002f0	jal	_Printf
  129  00001114  54000000	nop; not filled.
  130  00001118  8ceb0000	lw	r11,(r7)
  131  0000111c  afab0000	sw	(r29),r11
  132  00001120  0c0002e0	jal	_Printf
  133  00001124  54000000	nop; not filled.
  134  00001128  3c0b0000	lhi	r11,((LC2_LF0)>>16)&0xffff
  135  0000112c  256b3014	addui	r11,r11,(LC2_LF0)&0xffff
  136  00001130  afab0000	sw	(r29),r11
  137  00001134  0c0002cc	jal	_Printf
  138  00001138  54000000	nop; not filled.
  139  0000113c  0c000378	jal	_Exit
  140  00001140  54000000	nop; not filled.
  141  00001144  23bd0008	addi	r29,r29,#8
  142  00001148          	L14_LF0:
  143  00001148  23bdfff0	addi	r29,r29,#-16
  144  0000114c  8ceb0004	lw	r11,4(r7)
  145  00001150  afab0000	sw	(r29),r11
  146  00001154  200b0000	addi	r11,r0,#0
  147  00001158  afab0004	sw	4(r29),r11
  148  0000115c  200b000a	addi	r11,r0,#10
  149  00001160  afab0008	sw	8(r29),r11
  150  00001164  0c000bfc	jal	_dstrtol
  151  00001168  54000000	nop; not filled.
  152  0000116c  00011020	add	r2,r0,r1
  153  00001170  8ceb0008	lw	r11,8(r7)
  154  00001174  afab0000	sw	(r29),r11
  155  00001178  200b0000	addi	r11,r0,#0
  156  0000117c  afab0004	sw	4(r29),r11
  157  00001180  200b000a	addi	r11,r0,#10
  158  00001184  afab0008	sw	8(r29),r11
  159  00001188  0c000bd8	jal	_dstrtol
  160  0000118c  54000000	nop; not filled.
  161  00001190  00014820	add	r9,r0,r1
  162  00001194  8ceb000c	lw	r11,12(r7)
  163  00001198  afab0000	sw	(r29),r11
  164  0000119c  200b0000	addi	r11,r0,#0
  165  000011a0  afab0004	sw	4(r29),r11
  166  000011a4  200b000a	addi	r11,r0,#10
  167  000011a8  afab0008	sw	8(r29),r11
  168  000011ac  0c000bb4	jal	_dstrtol
  169  000011b0  54000000	nop; not filled.
  170  000011b4  00013020	add	r6,r0,r1
  171  000011b8  afa20000	sw	(r29),r2
  172  000011bc  0c000274	jal	_shmat
  173  000011c0  54000000	nop; not filled.
  174  000011c4  00012820	add	r5,r0,r1
  175  000011c8  23bd0010	addi	r29,r29,#16
  176  000011cc  64a10000	snei	r1,r5,#0
  177  000011d0  1420004c	bnez	r1,L15_LF0
  178  000011d4  54000000	nop; not filled.
  179  000011d8  23bdfff8	addi	r29,r29,#-8
  180  000011dc  3c0b0000	lhi	r11,((LC3_LF0)>>16)&0xffff
  181  000011e0  256b3058	addui	r11,r11,(LC3_LF0)&0xffff
  182  000011e4  afab0000	sw	(r29),r11
  183  000011e8  0c000218	jal	_Printf
  184  000011ec  54000000	nop; not filled.
  185  000011f0  8ceb0000	lw	r11,(r7)
  186  000011f4  afab0000	sw	(r29),r11
  187  000011f8  0c000208	jal	_Printf
  188  000011fc  54000000	nop; not filled.
  189  00001200  3c0b0000	lhi	r11,((LC4_LF0)>>16)&0xffff
  190  00001204  256b308c	addui	r11,r11,(LC4_LF0)&0xffff
  191  00001208  afab0000	sw	(r29),r11
  192  0000120c  0c0001f4	jal	_Printf
  193  00001210  54000000	nop; not filled.
  194  00001214  0c0002a0	jal	_Exit
  195  00001218  54000000	nop; not filled.
  196  0000121c  23bd0008	addi	r29,r29,#8
  197  00001220          	L15_LF0:
  198  00001220  2008000a	addi	r8,r0,#10
  199  00001224  3c040000	lhi	r4,((LC0_LF0)>>16)&0xffff
  200  00001228  24843000	addui	r4,r4,(LC0_LF0)&0xffff
  201  0000122c  208a000a	addi	r10,r4,#10
  202  00001230          	L19_LF0:
  203  00001230  23bdfff8	addi	r29,r29,#-8
  204  00001234  afa60000	sw	(r29),r6
  205  00001238  0c000234	jal	_lock_acquire
  206  0000123c  54000000	nop; not filled.
  207  00001240  8cbf0004	lw	r31,4(r5)
  208  00001244  23e30001	addi	r3,r31,#1
  209  00001248  00600035	movi2fp	f0,r3
  210  0000124c  01000835	movi2fp	f1,r8
  211  00001250  0401000f	div	f0,f0,f1
  212  00001254  00001034	movfp2i	r2,f0
  213  00001258  50410002	slli	r1,r2,#0x2
  214  0000125c  00220820	add	r1,r1,r2
  215  00001260  50210001	slli	r1,r1,#0x1
  216  00001264  00611022	sub	r2,r3,r1
  217  00001268  8ca10000	lw	r1,(r5)
  218  0000126c  23bd0008	addi	r29,r29,#8
  219  00001270  00410829	sne	r1,r2,r1
  220  00001274  102000a8	beqz	r1,L20_LF0
  221  00001278  54000000	nop; not filled.
  222  0000127c  00bf0820	add	r1,r5,r31
  223  00001280  808b0000	lb	r11,(r4)
  224  00001284  a02b0008	sb	8(r1),r11
  225  00001288  8ca10004	lw	r1,4(r5)
  226  0000128c  20230001	addi	r3,r1,#1
  227  00001290  00600035	movi2fp	f0,r3
  228  00001294  01000835	movi2fp	f1,r8
  229  00001298  0401000f	div	f0,f0,f1
  230  0000129c  00001034	movfp2i	r2,f0
  231  000012a0  50410002	slli	r1,r2,#0x2
  232  000012a4  00220820	add	r1,r1,r2
  233  000012a8  50210001	slli	r1,r1,#0x1
  234  000012ac  00610822	sub	r1,r3,r1
  235  000012b0  aca10004	sw	4(r5),r1
  236  000012b4  23bdfff8	addi	r29,r29,#-8
  237  000012b8  3c0b0000	lhi	r11,((LC5_LF0)>>16)&0xffff
  238  000012bc  256b309c	addui	r11,r11,(LC5_LF0)&0xffff
  239  000012c0  afab0000	sw	(r29),r11
  240  000012c4  0c00013c	jal	_Printf
  241  000012c8  54000000	nop; not filled.
  242  000012cc  8ceb0008	lw	r11,8(r7)
  243  000012d0  afab0000	sw	(r29),r11
  244  000012d4  0c00012c	jal	_Printf
  245  000012d8  54000000	nop; not filled.
  246  000012dc  3c0b0000	lhi	r11,((LC6_LF0)>>16)&0xffff
  247  000012e0  256b30a8	addui	r11,r11,(LC6_LF0)&0xffff
  248  000012e4  afab0000	sw	(r29),r11
  249  000012e8  0c000118	jal	_Printf
  250  000012ec  54000000	nop; not filled.
  251  000012f0  90810000	lbu	r1,(r4)
  252  000012f4  afa10000	sw	(r29),r1
  253  000012f8  0c000108	jal	_Printf
  254  000012fc  54000000	nop; not filled.
  255  00001300  3c0b0000	lhi	r11,((LC7_LF0)>>16)&0xffff
  256  00001304  256b30b4	addui	r11,r11,(LC7_LF0)&0xffff
  257  00001308  afab0000	sw	(r29),r11
  258  0000130c  0c0000f4	jal	_Printf
  259  00001310  54000000	nop; not filled.
  260  00001314  23bd0008	addi	r29,r29,#8
  261  00001318  08000008	j	L21_LF0
  262  0000131c  54000000	nop; not filled.
  263  00001320          	L20_LF0:
  264  00001320  2084ffff	addi	r4,r4,#-1
  265  00001324          	L21_LF0:
  266  00001324  23bdfff8	addi	r29,r29,#-8
  267  00001328  afa60000	sw	(r29),r6
  268  0000132c  0c00014c	jal	_lock_release
  269  00001330  54000000	nop; not filled.
  270  00001334  23bd0008	addi	r29,r29,#8
  271  00001338  20840001	addi	r4,r4,#1
  272  0000133c  008a082c	sle	r1,r4,r10
  273  00001340  1420feec	bnez	r1,L19_LF0
  274  00001344  54000000	nop; not filled.
  275  00001348  23bdfff8	addi	r29,r29,#-8
  276  0000134c  afa90000	sw	(r29),r9
  277  00001350  0c000104	jal	_sem_signal
  278  00001354  54000000	nop; not filled.
  279  00001358  23bd0008	addi	r29,r29,#8
  280  0000135c  64210001	snei	r1,r1,#1
  281  00001360  10200050	beqz	r1,L23_LF0
  282  00001364  54000000	nop; not filled.
  283  00001368  23bdfff8	addi	r29,r29,#-8
  284  0000136c  3c0b0000	lhi	r11,((LC8_LF0)>>16)&0xffff
  285  00001370  256b30b8	addui	r11,r11,(LC8_LF0)&0xffff
  286  00001374  afab0000	sw	(r29),r11
  287  00001378  afa90004	sw	4(r29),r9
  288  0000137c  0c000084	jal	_Printf
  289  00001380  54000000	nop; not filled.
  290  00001384  8ce70000	lw	r7,(r7)
  291  00001388  afa70000	sw	(r29),r7
  292  0000138c  0c000074	jal	_Printf
  293  00001390  54000000	nop; not filled.
  294  00001394  3c0b0000	lhi	r11,((LC4_LF0)>>16)&0xffff
  295  00001398  256b308c	addui	r11,r11,(LC4_LF0)&0xffff
  296  0000139c  afab0000	sw	(r29),r11
  297  000013a0  0c000060	jal	_Printf
  298  000013a4  54000000	nop; not filled.
  299  000013a8  0c00010c	jal	_Exit
  300  000013ac  54000000	nop; not filled.
  301  000013b0  23bd0008	addi	r29,r29,#8
  302  000013b4          	L23_LF0:
  303  000013b4  0c000e48	jal	_exit
  304  000013b8  54000000	nop
  305  000013bc          	.endproc _main
  306                      ;;;
  307                      ;;; Stub functions for DLX traps.
  308                      ;;;
  309                      ;;; Ethan L. Miller, 1999.  Released to the public domain.
  310                      ;;;
  311                      ;;; The traps such as Open and Close
  312                      ;;; (note the capital letters) are for use by user programs.  The traps
  313                      ;;; with names such as open and close (lower case) are for use by the OS.
  314                      ;;;
  317  000013bc          	.align 2
  319                      ;;; The following are the traps to be used by user-level programs
  320                      ;;;
  322  000013bc          	.align 2
  323  000013bc          	.proc _Open
  324  000013bc          	.global _Open
  325  000013bc          	_Open:
  326                      ;;; Note that trap #0x213 actually causes a trap vector in the OS of
  327                      ;;; 0x1213.  The same is true for other user traps.  Thus, a user trap
  328                      ;;; with trap #0x240 will result in a trap vector of 0x1240 in the OS.
  329  000013bc  44000213	trap	#0x213
  330  000013c0  4be00000	jr	r31
  331  000013c4  54000000	nop
  332  000013c8          	.endproc _Open
  334  000013c8          	.proc _Close
  335  000013c8          	.global _Close
  336  000013c8          	_Close:
  337  000013c8  44000214	trap	#0x214
  338  000013cc  4be00000	jr	r31
  339  000013d0  54000000	nop
  340  000013d4          	.endproc _Close
  342  000013d4          	.proc _Read
  343  000013d4          	.global _Read
  344  000013d4          	_Read:
  345  000013d4  44000210	trap	#0x210
  346  000013d8  4be00000	jr	r31
  347  000013dc  54000000	nop
  348  000013e0          	.endproc _Read
  350  000013e0          	.proc _Write
  351  000013e0          	.global _Write
  352  000013e0          	_Write:
  353  000013e0  44000211	trap	#0x211
  354  000013e4  4be00000	jr	r31
  355  000013e8  54000000	nop
  356  000013ec          	.endproc _Write
  358  000013ec          	.proc _Lseek
  359  000013ec          	.global _Lseek
  360  000013ec          	_Lseek:
  361  000013ec  44000212	trap	#0x212
  362  000013f0  4be00000	jr	r31
  363  000013f4  54000000	nop
  364  000013f8          	.endproc _Lseek
  366  000013f8          	.proc _Putchar
  367  000013f8          	.global _Putchar
  368  000013f8          	_Putchar:
  369  000013f8  44000280	trap	#0x280
  370  000013fc  4be00000	jr	r31
  371  00001400  54000000	nop
  372  00001404          	.endproc _Putchar
  374  00001404          	.proc _Printf
  375  00001404          	.global _Printf
  376  00001404          	_Printf:
  377  00001404  44000201	trap	#0x201
  378  00001408  4be00000	jr	r31
  379  0000140c  54000000	nop
  380  00001410          	.endproc _Printf
  382  00001410          	.proc _getpid
  383  00001410          	.global _getpid
  384  00001410          	_getpid:
  385  00001410  44000431	trap	#0x431
  386  00001414  4be00000	jr	r31
  387  00001418  54000000	nop
  388  0000141c          	.endproc _getpid
  390  0000141c          	.proc _process_create
  391  0000141c          	.global _process_create
  392  0000141c          	_process_create:
  393  0000141c  44000432	trap	#0x432
  394  00001420  4be00000	jr	r31
  395  00001424  54000000	nop
  396  00001428          	.endproc _process_create
  398  00001428          	.proc _shmget
  399  00001428          	.global _shmget
  400  00001428          	_shmget:
  401  00001428  44000440	trap	#0x440
  402  0000142c  4be00000	jr	r31
  403  00001430  54000000	nop
  404  00001434          	.endproc _shmget
  406  00001434          	.proc _shmat
  407  00001434          	.global _shmat
  408  00001434          	_shmat:
  409  00001434  44000441	trap	#0x441
  410  00001438  4be00000	jr	r31
  411  0000143c  54000000	nop
  412  00001440          	.endproc _shmat
  414  00001440          	.proc _sem_create
  415  00001440          	.global _sem_create
  416  00001440          	_sem_create:
  417  00001440  44000450	trap	#0x450
  418  00001444  4be00000	jr	r31
  419  00001448  54000000	nop
  420  0000144c          	.endproc _sem_create
  422  0000144c          	.proc _sem_wait
  423  0000144c          	.global _sem_wait
  424  0000144c          	_sem_wait:
  425  0000144c  44000451	trap	#0x451
  426  00001450  4be00000	jr	r31
  427  00001454  54000000	nop
  428  00001458          	.endproc _sem_wait
  430  00001458          	.proc _sem_signal
  431  00001458          	.global _sem_signal
  432  00001458          	_sem_signal:
  433  00001458  44000452	trap	#0x452
  434  0000145c  4be00000	jr	r31
  435  00001460  54000000	nop
  436  00001464          	.endproc _sem_signal
  438  00001464          	.proc _lock_create
  439  00001464          	.global _lock_create
  440  00001464          	_lock_create:
  441  00001464  44000453	trap	#0x453
  442  00001468  4be00000	jr	r31
  443  0000146c  54000000	nop
  444  00001470          	.endproc _lock_create
  446  00001470          	.proc _lock_acquire
  447  00001470          	.global _lock_acquire
  448  00001470          	_lock_acquire:
  449  00001470  44000454	trap	#0x454
  450  00001474  4be00000	jr	r31
  451  00001478  54000000	nop
  452  0000147c          	.endproc _lock_acquire
  454  0000147c          	.proc _lock_release
  455  0000147c          	.global _lock_release
  456  0000147c          	_lock_release:
  457  0000147c  44000455	trap	#0x455
  458  00001480  4be00000	jr	r31
  459  00001484  54000000	nop
  460  00001488          	.endproc _lock_release
  462  00001488          	.proc _cond_create
  463  00001488          	.global _cond_create
  464  00001488          	_cond_create:
  465  00001488  44000456	trap	#0x456
  466  0000148c  4be00000	jr	r31
  467  00001490  54000000	nop
  468  00001494          	.endproc _cond_create
  470  00001494          	.proc _cond_wait
  471  00001494          	.global _cond_wait
  472  00001494          	_cond_wait:
  473  00001494  44000457	trap	#0x457
  474  00001498  4be00000	jr	r31
  475  0000149c  54000000	nop
  476  000014a0          	.endproc _cond_wait
  478  000014a0          	.proc _cond_signal
  479  000014a0          	.global _cond_signal
  480  000014a0          	_cond_signal:
  481  000014a0  44000458	trap	#0x458
  482  000014a4  4be00000	jr	r31
  483  000014a8  54000000	nop
  484  000014ac          	.endproc _cond_signal
  486  000014ac          	.proc _cond_broadcast
  487  000014ac          	.global _cond_broadcast
  488  000014ac          	_cond_broadcast:
  489  000014ac  44000459	trap	#0x459
  490  000014b0  4be00000	jr	r31
  491  000014b4  54000000	nop
  492  000014b8          	.endproc _cond_broadcast
  494  000014b8          	.proc _Exit
  495  000014b8          	.global _Exit
  496  000014b8          	_Exit:
  497  000014b8  44000500	trap	#0x500
  498  000014bc  4be00000	jr	r31
  499  000014c0  54000000	nop
  500  000014c4          	.endproc _Exit
  501                      ; Compiled by GCC
  503  000014c4          	.align 2
  504  000014c4          	.proc _isspace
  505  000014c4          	.global _isspace
  506  000014c4          	_isspace:
  507                      ;  Function 'isspace'; 0 bytes of locals, 3 regs to save.
  508  000014c4  afbefffc	sw	-4(r29),r30; push fp
  509  000014c8  001df020	add	r30,r0,r29; fp = sp
  510  000014cc  afbffff8	sw	-8(r29),r31; push ret addr
  511  000014d0  2fbd0018	subui	r29,r29,#24; alloc local storage
  512  000014d4  afa20000	sw	0(r29),r2
  513  000014d8  afa30004	sw	4(r29),r3
  514  000014dc  afa40008	sw	8(r29),r4
  515  000014e0  83c20003	lb	r2,3(r30)
  516  000014e4  20010000	addi	r1,r0,#0
  517  000014e8  304300ff	andi	r3,r2,#0x00ff
  518  000014ec  60640020	seqi	r4,r3,#32
  519  000014f0  1480002c	bnez	r4,L3_LF2
  520  000014f4  54000000	nop; delay slot nop
  521  000014f8  304300ff	andi	r3,r2,#0x00ff
  522  000014fc  60640009	seqi	r4,r3,#9
  523  00001500  1480001c	bnez	r4,L3_LF2
  524  00001504  54000000	nop; delay slot nop
  525  00001508  304300ff	andi	r3,r2,#0x00ff
  526  0000150c  6064000a	seqi	r4,r3,#10
  527  00001510  1480000c	bnez	r4,L3_LF2
  528  00001514  54000000	nop; delay slot nop
  529  00001518  08000008	j	L2_LF2
  530  0000151c  54000000	nop; delay slot nop
  531  00001520          	L3_LF2:
  532  00001520  20010001	addi	r1,r0,#1
  533  00001524          	L2_LF2:
  534  00001524  08000004	j	L1_LF2
  535  00001528  54000000	nop; delay slot nop
  536  0000152c          	L1_LF2:
  537  0000152c  8fa20000	lw	r2,0(r29)
  538  00001530  8fa30004	lw	r3,4(r29)
  539  00001534  8fa40008	lw	r4,8(r29)
  540  00001538  8fdffff8	lw	r31,-8(r30)
  541  0000153c  001ee820	add	r29,r0,r30
  542  00001540  8fdefffc	lw	r30,-4(r30)
  543  00001544  4be00000	jr	r31
  544  00001548  54000000	nop
  545  0000154c          	.endproc _isspace
  546  0000154c          	.align 2
  547  0000154c          	.proc _isxdigit
  548  0000154c          	.global _isxdigit
  549  0000154c          	_isxdigit:
  550                      ;  Function 'isxdigit'; 0 bytes of locals, 3 regs to save.
  551  0000154c  afbefffc	sw	-4(r29),r30; push fp
  552  00001550  001df020	add	r30,r0,r29; fp = sp
  553  00001554  afbffff8	sw	-8(r29),r31; push ret addr
  554  00001558  2fbd0018	subui	r29,r29,#24; alloc local storage
  555  0000155c  afa20000	sw	0(r29),r2
  556  00001560  afa30004	sw	4(r29),r3
  557  00001564  afa40008	sw	8(r29),r4
  558  00001568  83c20003	lb	r2,3(r30)
  559  0000156c  20010000	addi	r1,r0,#0
  560  00001570  304300ff	andi	r3,r2,#0x00ff
  561  00001574  6c64002f	sgtui	r4,r3,#47
  562  00001578  1080001c	beqz	r4,L7_LF2
  563  0000157c  54000000	nop; delay slot nop
  564  00001580  304300ff	andi	r3,r2,#0x00ff
  565  00001584  70640039	sleui	r4,r3,#57
  566  00001588  1480005c	bnez	r4,L6_LF2
  567  0000158c  54000000	nop; delay slot nop
  568  00001590  08000004	j	L7_LF2
  569  00001594  54000000	nop; delay slot nop
  570  00001598          	L7_LF2:
  571  00001598  304300ff	andi	r3,r2,#0x00ff
  572  0000159c  6c640060	sgtui	r4,r3,#96
  573  000015a0  1080001c	beqz	r4,L8_LF2
  574  000015a4  54000000	nop; delay slot nop
  575  000015a8  304300ff	andi	r3,r2,#0x00ff
  576  000015ac  70640066	sleui	r4,r3,#102
  577  000015b0  14800034	bnez	r4,L6_LF2
  578  000015b4  54000000	nop; delay slot nop
  579  000015b8  08000004	j	L8_LF2
  580  000015bc  54000000	nop; delay slot nop
  581  000015c0          	L8_LF2:
  582  000015c0  304300ff	andi	r3,r2,#0x00ff
  583  000015c4  6c640040	sgtui	r4,r3,#64
  584  000015c8  10800020	beqz	r4,L5_LF2
  585  000015cc  54000000	nop; delay slot nop
  586  000015d0  304300ff	andi	r3,r2,#0x00ff
  587  000015d4  70640041	sleui	r4,r3,#65
  588  000015d8  1480000c	bnez	r4,L6_LF2
  589  000015dc  54000000	nop; delay slot nop
  590  000015e0  08000008	j	L5_LF2
  591  000015e4  54000000	nop; delay slot nop
  592  000015e8          	L6_LF2:
  593  000015e8  20010001	addi	r1,r0,#1
  594  000015ec          	L5_LF2:
  595  000015ec  08000004	j	L4_LF2
  596  000015f0  54000000	nop; delay slot nop
  597  000015f4          	L4_LF2:
  598  000015f4  8fa20000	lw	r2,0(r29)
  599  000015f8  8fa30004	lw	r3,4(r29)
  600  000015fc  8fa40008	lw	r4,8(r29)
  601  00001600  8fdffff8	lw	r31,-8(r30)
  602  00001604  001ee820	add	r29,r0,r30
  603  00001608  8fdefffc	lw	r30,-4(r30)
  604  0000160c  4be00000	jr	r31
  605  00001610  54000000	nop
  606  00001614          	.endproc _isxdigit
  607  00001614          	.align 2
  608  00001614          	.proc _dstrcpy
  609  00001614          	.global _dstrcpy
  610  00001614          	_dstrcpy:
  611                      ;  Function 'dstrcpy'; 8 bytes of locals, 2 regs to save.
  612  00001614  afbefffc	sw	-4(r29),r30; push fp
  613  00001618  001df020	add	r30,r0,r29; fp = sp
  614  0000161c  afbffff8	sw	-8(r29),r31; push ret addr
  615  00001620  2fbd0018	subui	r29,r29,#24; alloc local storage
  616  00001624  afa20000	sw	0(r29),r2
  617  00001628  afa30004	sw	4(r29),r3
  618  0000162c  8fc10000	lw	r1,(r30)
  619  00001630  afc1fff4	sw	-12(r30),r1
  620  00001634          	L10_LF2:
  621  00001634  8fc10000	lw	r1,(r30)
  622  00001638  20220001	addi	r2,r1,#1
  623  0000163c  afc20000	sw	(r30),r2
  624  00001640  8fc20004	lw	r2,4(r30)
  625  00001644  20430001	addi	r3,r2,#1
  626  00001648  afc30004	sw	4(r30),r3
  627  0000164c  80420000	lb	r2,(r2)
  628  00001650  a0220000	sb	(r1),r2
  629  00001654  a3c2fff3	sb	-13(r30),r2
  630  00001658          	L12_LF2:
  631  00001658  93c1fff3	lbu	r1,-13(r30)
  632  0000165c  64220000	snei	r2,r1,#0
  633  00001660  1440000c	bnez	r2,L13_LF2
  634  00001664  54000000	nop; delay slot nop
  635  00001668  0800000c	j	L11_LF2
  636  0000166c  54000000	nop; delay slot nop
  637  00001670          	L13_LF2:
  638  00001670  0bffffc0	j	L10_LF2
  639  00001674  54000000	nop; delay slot nop
  640  00001678          	L11_LF2:
  641  00001678  8fc1fff4	lw	r1,-12(r30)
  642  0000167c  08000004	j	L9_LF2
  643  00001680  54000000	nop; delay slot nop
  644  00001684          	L9_LF2:
  645  00001684  8fa20000	lw	r2,0(r29)
  646  00001688  8fa30004	lw	r3,4(r29)
  647  0000168c  8fdffff8	lw	r31,-8(r30)
  648  00001690  001ee820	add	r29,r0,r30
  649  00001694  8fdefffc	lw	r30,-4(r30)
  650  00001698  4be00000	jr	r31
  651  0000169c  54000000	nop
  652  000016a0          	.endproc _dstrcpy
  653  000016a0          	.align 2
  654  000016a0          	.proc _dstrncpy
  655  000016a0          	.global _dstrncpy
  656  000016a0          	_dstrncpy:
  657                      ;  Function 'dstrncpy'; 8 bytes of locals, 2 regs to save.
  658  000016a0  afbefffc	sw	-4(r29),r30; push fp
  659  000016a4  001df020	add	r30,r0,r29; fp = sp
  660  000016a8  afbffff8	sw	-8(r29),r31; push ret addr
  661  000016ac  2fbd0018	subui	r29,r29,#24; alloc local storage
  662  000016b0  afa20000	sw	0(r29),r2
  663  000016b4  afa30004	sw	4(r29),r3
  664  000016b8  8fc10000	lw	r1,(r30)
  665  000016bc  afc1fff4	sw	-12(r30),r1
  666  000016c0          	L15_LF2:
  667  000016c0  8fc10008	lw	r1,8(r30)
  668  000016c4  2022ffff	addi	r2,r1,#-1
  669  000016c8  afc20008	sw	8(r30),r2
  670  000016cc  70210000	slei	r1,r1,#0
  671  000016d0  1020000c	beqz	r1,L18_LF2
  672  000016d4  54000000	nop; delay slot nop
  673  000016d8  08000048	j	L16_LF2
  674  000016dc  54000000	nop; delay slot nop
  675  000016e0          	L18_LF2:
  676  000016e0  8fc10000	lw	r1,(r30)
  677  000016e4  20220001	addi	r2,r1,#1
  678  000016e8  afc20000	sw	(r30),r2
  679  000016ec  8fc20004	lw	r2,4(r30)
  680  000016f0  20430001	addi	r3,r2,#1
  681  000016f4  afc30004	sw	4(r30),r3
  682  000016f8  80420000	lb	r2,(r2)
  683  000016fc  a0220000	sb	(r1),r2
  684  00001700  a3c2fff3	sb	-13(r30),r2
  685  00001704          	L17_LF2:
  686  00001704  93c1fff3	lbu	r1,-13(r30)
  687  00001708  64220000	snei	r2,r1,#0
  688  0000170c  1440000c	bnez	r2,L19_LF2
  689  00001710  54000000	nop; delay slot nop
  690  00001714  0800000c	j	L16_LF2
  691  00001718  54000000	nop; delay slot nop
  692  0000171c          	L19_LF2:
  693  0000171c  0bffffa0	j	L15_LF2
  694  00001720  54000000	nop; delay slot nop
  695  00001724          	L16_LF2:
  696  00001724  8fc1fff4	lw	r1,-12(r30)
  697  00001728  08000004	j	L14_LF2
  698  0000172c  54000000	nop; delay slot nop
  699  00001730          	L14_LF2:
  700  00001730  8fa20000	lw	r2,0(r29)
  701  00001734  8fa30004	lw	r3,4(r29)
  702  00001738  8fdffff8	lw	r31,-8(r30)
  703  0000173c  001ee820	add	r29,r0,r30
  704  00001740  8fdefffc	lw	r30,-4(r30)
  705  00001744  4be00000	jr	r31
  706  00001748  54000000	nop
  707  0000174c          	.endproc _dstrncpy
  708  0000174c          	.align 2
  709  0000174c          	.proc _dstrcat
  710  0000174c          	.global _dstrcat
  711  0000174c          	_dstrcat:
  712                      ;  Function 'dstrcat'; 8 bytes of locals, 1 regs to save.
  713  0000174c  afbefffc	sw	-4(r29),r30; push fp
  714  00001750  001df020	add	r30,r0,r29; fp = sp
  715  00001754  afbffff8	sw	-8(r29),r31; push ret addr
  716  00001758  2fbd0018	subui	r29,r29,#24; alloc local storage
  717  0000175c  afa20000	sw	0(r29),r2
  718  00001760  8fc10000	lw	r1,(r30)
  719  00001764  afc1fff4	sw	-12(r30),r1
  720  00001768          	L21_LF2:
  721  00001768  8fc10000	lw	r1,(r30)
  722  0000176c  90220000	lbu	r2,(r1)
  723  00001770  64410000	snei	r1,r2,#0
  724  00001774  1420000c	bnez	r1,L23_LF2
  725  00001778  54000000	nop; delay slot nop
  726  0000177c  0800001c	j	L22_LF2
  727  00001780  54000000	nop; delay slot nop
  728  00001784          	L23_LF2:
  729  00001784  8fc20000	lw	r2,(r30)
  730  00001788  20410001	addi	r1,r2,#1
  731  0000178c  00011020	add	r2,r0,r1
  732  00001790  afc20000	sw	(r30),r2
  733  00001794  0bffffd0	j	L21_LF2
  734  00001798  54000000	nop; delay slot nop
  735  0000179c          	L22_LF2:
  736  0000179c  23bdfff8	addi	r29,r29,#-8
  737  000017a0  001d0820	add	r1,r0,r29
  738  000017a4  8fc20000	lw	r2,(r30)
  739  000017a8  ac220000	sw	(r1),r2
  740  000017ac  8fc20004	lw	r2,4(r30)
  741  000017b0  ac220004	sw	4(r1),r2
  742  000017b4  0ffffe5c	jal	_dstrcpy
  743  000017b8  54000000	nop; delay slot nop
  744  000017bc  23bd0008	addi	r29,r29,#8
  745  000017c0  8fc1fff4	lw	r1,-12(r30)
  746  000017c4  08000004	j	L20_LF2
  747  000017c8  54000000	nop; delay slot nop
  748  000017cc          	L20_LF2:
  749  000017cc  8fa20000	lw	r2,0(r29)
  750  000017d0  8fdffff8	lw	r31,-8(r30)
  751  000017d4  001ee820	add	r29,r0,r30
  752  000017d8  8fdefffc	lw	r30,-4(r30)
  753  000017dc  4be00000	jr	r31
  754  000017e0  54000000	nop
  755  000017e4          	.endproc _dstrcat
  756  000017e4          	.align 2
  757  000017e4          	.proc _dstrncmp
  758  000017e4          	.global _dstrncmp
  759  000017e4          	_dstrncmp:
  760                      ;  Function 'dstrncmp'; 8 bytes of locals, 2 regs to save.
  761  000017e4  afbefffc	sw	-4(r29),r30; push fp
  762  000017e8  001df020	add	r30,r0,r29; fp = sp
  763  000017ec  afbffff8	sw	-8(r29),r31; push ret addr
  764  000017f0  2fbd0018	subui	r29,r29,#24; alloc local storage
  765  000017f4  afa20000	sw	0(r29),r2
  766  000017f8  afa30004	sw	4(r29),r3
  767  000017fc  54000000	nop
  768  00001800  20010000	addi	r1,r0,#0
  769  00001804  afc1fff4	sw	-12(r30),r1
  770  00001808          	L25_LF2:
  771  00001808  8fc1fff4	lw	r1,-12(r30)
  772  0000180c  8fc20008	lw	r2,8(r30)
  773  00001810  0022082a	slt	r1,r1,r2
  774  00001814  1420000c	bnez	r1,L28_LF2
  775  00001818  54000000	nop; delay slot nop
  776  0000181c  08000088	j	L26_LF2
  777  00001820  54000000	nop; delay slot nop
  778  00001824          	L28_LF2:
  779  00001824  8fc10004	lw	r1,4(r30)
  780  00001828  90220000	lbu	r2,(r1)
  781  0000182c  64410000	snei	r1,r2,#0
  782  00001830  14200018	bnez	r1,L29_LF2
  783  00001834  54000000	nop; delay slot nop
  784  00001838  20010000	addi	r1,r0,#0
  785  0000183c  080000d8	j	L24_LF2
  786  00001840  54000000	nop; delay slot nop
  787  00001844  08000028	j	L30_LF2
  788  00001848  54000000	nop; delay slot nop
  789  0000184c          	L29_LF2:
  790  0000184c  8fc10000	lw	r1,(r30)
  791  00001850  8fc20004	lw	r2,4(r30)
  792  00001854  90210000	lbu	r1,(r1)
  793  00001858  90420000	lbu	r2,(r2)
  794  0000185c  00220829	sne	r1,r1,r2
  795  00001860  1020000c	beqz	r1,L30_LF2
  796  00001864  54000000	nop; delay slot nop
  797  00001868  0800003c	j	L26_LF2
  798  0000186c  54000000	nop; delay slot nop
  799  00001870          	L31_LF2:
  800  00001870          	L30_LF2:
  801  00001870  8fc20000	lw	r2,(r30)
  802  00001874  20410001	addi	r1,r2,#1
  803  00001878  00011020	add	r2,r0,r1
  804  0000187c  afc20000	sw	(r30),r2
  805  00001880  8fc20004	lw	r2,4(r30)
  806  00001884  20410001	addi	r1,r2,#1
  807  00001888  00011020	add	r2,r0,r1
  808  0000188c  afc20004	sw	4(r30),r2
  809  00001890          	L27_LF2:
  810  00001890  8fc2fff4	lw	r2,-12(r30)
  811  00001894  20410001	addi	r1,r2,#1
  812  00001898  00011020	add	r2,r0,r1
  813  0000189c  afc2fff4	sw	-12(r30),r2
  814  000018a0  0bffff64	j	L25_LF2
  815  000018a4  54000000	nop; delay slot nop
  816  000018a8          	L26_LF2:
  817  000018a8  8fc1fff4	lw	r1,-12(r30)
  818  000018ac  8fc20008	lw	r2,8(r30)
  819  000018b0  00220828	seq	r1,r1,r2
  820  000018b4  10200018	beqz	r1,L32_LF2
  821  000018b8  54000000	nop; delay slot nop
  822  000018bc  20010000	addi	r1,r0,#0
  823  000018c0  08000054	j	L24_LF2
  824  000018c4  54000000	nop; delay slot nop
  825  000018c8  0800004c	j	L33_LF2
  826  000018cc  54000000	nop; delay slot nop
  827  000018d0          	L32_LF2:
  828  000018d0  8fc20000	lw	r2,(r30)
  829  000018d4  90410000	lbu	r1,(r2)
  830  000018d8  8fc20004	lw	r2,4(r30)
  831  000018dc  90430000	lbu	r3,(r2)
  832  000018e0  00230822	sub	r1,r1,r3
  833  000018e4  74220000	sgei	r2,r1,#0
  834  000018e8  10400020	beqz	r2,L34_LF2
  835  000018ec  54000000	nop; delay slot nop
  836  000018f0  8fc10000	lw	r1,(r30)
  837  000018f4  8fc20004	lw	r2,4(r30)
  838  000018f8  90210000	lbu	r1,(r1)
  839  000018fc  90420000	lbu	r2,(r2)
  840  00001900  00220829	sne	r1,r1,r2
  841  00001904  08000008	j	L35_LF2
  842  00001908  54000000	nop; delay slot nop
  843  0000190c          	L34_LF2:
  844  0000190c  2001ffff	addi	r1,r0,#-1
  845  00001910          	L35_LF2:
  846  00001910  08000004	j	L24_LF2
  847  00001914  54000000	nop; delay slot nop
  848  00001918          	L33_LF2:
  849  00001918          	L24_LF2:
  850  00001918  8fa20000	lw	r2,0(r29)
  851  0000191c  8fa30004	lw	r3,4(r29)
  852  00001920  8fdffff8	lw	r31,-8(r30)
  853  00001924  001ee820	add	r29,r0,r30
  854  00001928  8fdefffc	lw	r30,-4(r30)
  855  0000192c  4be00000	jr	r31
  856  00001930  54000000	nop
  857  00001934          	.endproc _dstrncmp
  858  00001934          	.align 2
  859  00001934          	.proc _dstrlen
  860  00001934          	.global _dstrlen
  861  00001934          	_dstrlen:
  862                      ;  Function 'dstrlen'; 8 bytes of locals, 1 regs to save.
  863  00001934  afbefffc	sw	-4(r29),r30; push fp
  864  00001938  001df020	add	r30,r0,r29; fp = sp
  865  0000193c  afbffff8	sw	-8(r29),r31; push ret addr
  866  00001940  2fbd0018	subui	r29,r29,#24; alloc local storage
  867  00001944  afa20000	sw	0(r29),r2
  868  00001948  20010000	addi	r1,r0,#0
  869  0000194c  afc1fff4	sw	-12(r30),r1
  870  00001950          	L37_LF2:
  871  00001950  8fc10000	lw	r1,(r30)
  872  00001954  20220001	addi	r2,r1,#1
  873  00001958  afc20000	sw	(r30),r2
  874  0000195c  90210000	lbu	r1,(r1)
  875  00001960  64220000	snei	r2,r1,#0
  876  00001964  1440000c	bnez	r2,L39_LF2
  877  00001968  54000000	nop; delay slot nop
  878  0000196c  0800001c	j	L38_LF2
  879  00001970  54000000	nop; delay slot nop
  880  00001974          	L39_LF2:
  881  00001974  8fc2fff4	lw	r2,-12(r30)
  882  00001978  20410001	addi	r1,r2,#1
  883  0000197c  00011020	add	r2,r0,r1
  884  00001980  afc2fff4	sw	-12(r30),r2
  885  00001984  0bffffc8	j	L37_LF2
  886  00001988  54000000	nop; delay slot nop
  887  0000198c          	L38_LF2:
  888  0000198c  8fc1fff4	lw	r1,-12(r30)
  889  00001990  08000004	j	L36_LF2
  890  00001994  54000000	nop; delay slot nop
  891  00001998          	L36_LF2:
  892  00001998  8fa20000	lw	r2,0(r29)
  893  0000199c  8fdffff8	lw	r31,-8(r30)
  894  000019a0  001ee820	add	r29,r0,r30
  895  000019a4  8fdefffc	lw	r30,-4(r30)
  896  000019a8  4be00000	jr	r31
  897  000019ac  54000000	nop
  898  000019b0          	.endproc _dstrlen
  899  000019b0          	.align 2
  900  000019b0          	.proc _dstrstr
  901  000019b0          	.global _dstrstr
  902  000019b0          	_dstrstr:
  903                      ;  Function 'dstrstr'; 8 bytes of locals, 1 regs to save.
  904  000019b0  afbefffc	sw	-4(r29),r30; push fp
  905  000019b4  001df020	add	r30,r0,r29; fp = sp
  906  000019b8  afbffff8	sw	-8(r29),r31; push ret addr
  907  000019bc  2fbd0018	subui	r29,r29,#24; alloc local storage
  908  000019c0  afa20000	sw	0(r29),r2
  909  000019c4  23bdfff8	addi	r29,r29,#-8
  910  000019c8  001d0820	add	r1,r0,r29
  911  000019cc  8fc20004	lw	r2,4(r30)
  912  000019d0  ac220000	sw	(r1),r2
  913  000019d4  0fffff5c	jal	_dstrlen
  914  000019d8  54000000	nop; delay slot nop
  915  000019dc  23bd0008	addi	r29,r29,#8
  916  000019e0  afc1fff4	sw	-12(r30),r1
  917  000019e4          	L41_LF2:
  918  000019e4  8fc10000	lw	r1,(r30)
  919  000019e8  90220000	lbu	r2,(r1)
  920  000019ec  64410000	snei	r1,r2,#0
  921  000019f0  1420000c	bnez	r1,L43_LF2
  922  000019f4  54000000	nop; delay slot nop
  923  000019f8  08000060	j	L42_LF2
  924  000019fc  54000000	nop; delay slot nop
  925  00001a00          	L43_LF2:
  926  00001a00  23bdfff0	addi	r29,r29,#-16
  927  00001a04  001d0820	add	r1,r0,r29
  928  00001a08  8fc20000	lw	r2,(r30)
  929  00001a0c  ac220000	sw	(r1),r2
  930  00001a10  8fc20004	lw	r2,4(r30)
  931  00001a14  ac220004	sw	4(r1),r2
  932  00001a18  8fc2fff4	lw	r2,-12(r30)
  933  00001a1c  ac220008	sw	8(r1),r2
  934  00001a20  0ffffdc0	jal	_dstrncmp
  935  00001a24  54000000	nop; delay slot nop
  936  00001a28  23bd0010	addi	r29,r29,#16
  937  00001a2c  64220000	snei	r2,r1,#0
  938  00001a30  14400010	bnez	r2,L44_LF2
  939  00001a34  54000000	nop; delay slot nop
  940  00001a38  8fc10000	lw	r1,(r30)
  941  00001a3c  08000028	j	L40_LF2
  942  00001a40  54000000	nop; delay slot nop
  943  00001a44          	L44_LF2:
  944  00001a44  8fc20000	lw	r2,(r30)
  945  00001a48  20410001	addi	r1,r2,#1
  946  00001a4c  00011020	add	r2,r0,r1
  947  00001a50  afc20000	sw	(r30),r2
  948  00001a54  0bffff8c	j	L41_LF2
  949  00001a58  54000000	nop; delay slot nop
  950  00001a5c          	L42_LF2:
  951  00001a5c  20010000	addi	r1,r0,#0
  952  00001a60  08000004	j	L40_LF2
  953  00001a64  54000000	nop; delay slot nop
  954  00001a68          	L40_LF2:
  955  00001a68  8fa20000	lw	r2,0(r29)
  956  00001a6c  8fdffff8	lw	r31,-8(r30)
  957  00001a70  001ee820	add	r29,r0,r30
  958  00001a74  8fdefffc	lw	r30,-4(r30)
  959  00001a78  4be00000	jr	r31
  960  00001a7c  54000000	nop
  961  00001a80          	.endproc _dstrstr
  962  00001a80          	.align 2
  963  00001a80          	.proc _dmindex
  964  00001a80          	.global _dmindex
  965  00001a80          	_dmindex:
  966                      ;  Function 'dmindex'; 8 bytes of locals, 1 regs to save.
  967  00001a80  afbefffc	sw	-4(r29),r30; push fp
  968  00001a84  001df020	add	r30,r0,r29; fp = sp
  969  00001a88  afbffff8	sw	-8(r29),r31; push ret addr
  970  00001a8c  2fbd0018	subui	r29,r29,#24; alloc local storage
  971  00001a90  afa20000	sw	0(r29),r2
  972  00001a94  54000000	nop
  973  00001a98          	L46_LF2:
  974  00001a98  8fc10000	lw	r1,(r30)
  975  00001a9c  90220000	lbu	r2,(r1)
  976  00001aa0  64410000	snei	r1,r2,#0
  977  00001aa4  1420000c	bnez	r1,L48_LF2
  978  00001aa8  54000000	nop; delay slot nop
  979  00001aac  08000070	j	L47_LF2
  980  00001ab0  54000000	nop; delay slot nop
  981  00001ab4          	L48_LF2:
  982  00001ab4  8fc10004	lw	r1,4(r30)
  983  00001ab8  afc1fff4	sw	-12(r30),r1
  984  00001abc          	L49_LF2:
  985  00001abc  8fc1fff4	lw	r1,-12(r30)
  986  00001ac0  90220000	lbu	r2,(r1)
  987  00001ac4  64410000	snei	r1,r2,#0
  988  00001ac8  1420000c	bnez	r1,L52_LF2
  989  00001acc  54000000	nop; delay slot nop
  990  00001ad0  08000044	j	L50_LF2
  991  00001ad4  54000000	nop; delay slot nop
  992  00001ad8          	L52_LF2:
  993  00001ad8  8fc10000	lw	r1,(r30)
  994  00001adc  8fc2fff4	lw	r2,-12(r30)
  995  00001ae0  90210000	lbu	r1,(r1)
  996  00001ae4  90420000	lbu	r2,(r2)
  997  00001ae8  00220828	seq	r1,r1,r2
  998  00001aec  10200010	beqz	r1,L51_LF2
  999  00001af0  54000000	nop; delay slot nop
 1000  00001af4  8fc10000	lw	r1,(r30)
 1001  00001af8  08000030	j	L45_LF2
 1002  00001afc  54000000	nop; delay slot nop
 1003  00001b00          	L53_LF2:
 1004  00001b00          	L51_LF2:
 1005  00001b00  8fc2fff4	lw	r2,-12(r30)
 1006  00001b04  20410001	addi	r1,r2,#1
 1007  00001b08  00011020	add	r2,r0,r1
 1008  00001b0c  afc2fff4	sw	-12(r30),r2
 1009  00001b10  0bffffa8	j	L49_LF2
 1010  00001b14  54000000	nop; delay slot nop
 1011  00001b18          	L50_LF2:
 1012  00001b18  0bffff7c	j	L46_LF2
 1013  00001b1c  54000000	nop; delay slot nop
 1014  00001b20          	L47_LF2:
 1015  00001b20  20010000	addi	r1,r0,#0
 1016  00001b24  08000004	j	L45_LF2
 1017  00001b28  54000000	nop; delay slot nop
 1018  00001b2c          	L45_LF2:
 1019  00001b2c  8fa20000	lw	r2,0(r29)
 1020  00001b30  8fdffff8	lw	r31,-8(r30)
 1021  00001b34  001ee820	add	r29,r0,r30
 1022  00001b38  8fdefffc	lw	r30,-4(r30)
 1023  00001b3c  4be00000	jr	r31
 1024  00001b40  54000000	nop
 1025  00001b44          	.endproc _dmindex
 1026  00001b44          	.align 2
 1027  00001b44          	.proc _dindex
 1028  00001b44          	.global _dindex
 1029  00001b44          	_dindex:
 1030                      ;  Function 'dindex'; 0 bytes of locals, 1 regs to save.
 1031  00001b44  afbefffc	sw	-4(r29),r30; push fp
 1032  00001b48  001df020	add	r30,r0,r29; fp = sp
 1033  00001b4c  afbffff8	sw	-8(r29),r31; push ret addr
 1034  00001b50  2fbd0010	subui	r29,r29,#16; alloc local storage
 1035  00001b54  afa20000	sw	0(r29),r2
 1036  00001b58  54000000	nop
 1037  00001b5c          	L55_LF2:
 1038  00001b5c  8fc10000	lw	r1,(r30)
 1039  00001b60  90220000	lbu	r2,(r1)
 1040  00001b64  64410000	snei	r1,r2,#0
 1041  00001b68  1420000c	bnez	r1,L57_LF2
 1042  00001b6c  54000000	nop; delay slot nop
 1043  00001b70  08000040	j	L56_LF2
 1044  00001b74  54000000	nop; delay slot nop
 1045  00001b78          	L57_LF2:
 1046  00001b78  8fc10000	lw	r1,(r30)
 1047  00001b7c  90220000	lbu	r2,(r1)
 1048  00001b80  8fc10004	lw	r1,4(r30)
 1049  00001b84  00411028	seq	r2,r2,r1
 1050  00001b88  10400010	beqz	r2,L58_LF2
 1051  00001b8c  54000000	nop; delay slot nop
 1052  00001b90  8fc10000	lw	r1,(r30)
 1053  00001b94  08000028	j	L54_LF2
 1054  00001b98  54000000	nop; delay slot nop
 1055  00001b9c          	L58_LF2:
 1056  00001b9c  8fc20000	lw	r2,(r30)
 1057  00001ba0  20410001	addi	r1,r2,#1
 1058  00001ba4  00011020	add	r2,r0,r1
 1059  00001ba8  afc20000	sw	(r30),r2
 1060  00001bac  0bffffac	j	L55_LF2
 1061  00001bb0  54000000	nop; delay slot nop
 1062  00001bb4          	L56_LF2:
 1063  00001bb4  20010000	addi	r1,r0,#0
 1064  00001bb8  08000004	j	L54_LF2
 1065  00001bbc  54000000	nop; delay slot nop
 1066  00001bc0          	L54_LF2:
 1067  00001bc0  8fa20000	lw	r2,0(r29)
 1068  00001bc4  8fdffff8	lw	r31,-8(r30)
 1069  00001bc8  001ee820	add	r29,r0,r30
 1070  00001bcc  8fdefffc	lw	r30,-4(r30)
 1071  00001bd0  4be00000	jr	r31
 1072  00001bd4  54000000	nop
 1073  00001bd8          	.endproc _dindex
 1074  00001bd8          	.align 2
 1075  00001bd8          	.proc _ditoa
 1076  00001bd8          	.global _ditoa
 1077  00001bd8          	_ditoa:
 1078                      ;  Function 'ditoa'; 8 bytes of locals, 2 regs to save.
 1079  00001bd8  afbefffc	sw	-4(r29),r30; push fp
 1080  00001bdc  001df020	add	r30,r0,r29; fp = sp
 1081  00001be0  afbffff8	sw	-8(r29),r31; push ret addr
 1082  00001be4  2fbd0018	subui	r29,r29,#24; alloc local storage
 1083  00001be8  afa20000	sw	0(r29),r2
 1084  00001bec  afa30004	sw	4(r29),r3
 1085  00001bf0  8fc10000	lw	r1,(r30)
 1086  00001bf4  68220000	slti	r2,r1,#0
 1087  00001bf8  1040002c	beqz	r2,L60_LF2
 1088  00001bfc  54000000	nop; delay slot nop
 1089  00001c00  8fc10004	lw	r1,4(r30)
 1090  00001c04  20220001	addi	r2,r1,#1
 1091  00001c08  afc20004	sw	4(r30),r2
 1092  00001c0c  2002002d	addi	r2,r0,(#0x2d)&0xff
 1093  00001c10  a0220000	sb	(r1),r2
 1094  00001c14  8fc10000	lw	r1,(r30)
 1095  00001c18  00011022	sub	r2,r0,r1
 1096  00001c1c  afc20000	sw	(r30),r2
 1097  00001c20  08000118	j	L61_LF2
 1098  00001c24  54000000	nop; delay slot nop
 1099  00001c28          	L60_LF2:
 1100  00001c28  8fc10000	lw	r1,(r30)
 1101  00001c2c  64220000	snei	r2,r1,#0
 1102  00001c30  14400020	bnez	r2,L62_LF2
 1103  00001c34  54000000	nop; delay slot nop
 1104  00001c38  8fc10004	lw	r1,4(r30)
 1105  00001c3c  20220001	addi	r2,r1,#1
 1106  00001c40  afc20004	sw	4(r30),r2
 1107  00001c44  20020030	addi	r2,r0,(#0x30)&0xff
 1108  00001c48  a0220000	sb	(r1),r2
 1109  00001c4c  080000ec	j	L61_LF2
 1110  00001c50  54000000	nop; delay slot nop
 1111  00001c54          	L62_LF2:
 1112  00001c54  20010001	addi	r1,r0,#1
 1113  00001c58  afc1fff4	sw	-12(r30),r1
 1114  00001c5c          	L64_LF2:
 1115  00001c5c  8fc1fff4	lw	r1,-12(r30)
 1116  00001c60  8fc20000	lw	r2,(r30)
 1117  00001c64  0022082c	sle	r1,r1,r2
 1118  00001c68  1420000c	bnez	r1,L66_LF2
 1119  00001c6c  54000000	nop; delay slot nop
 1120  00001c70  08000024	j	L65_LF2
 1121  00001c74  54000000	nop; delay slot nop
 1122  00001c78          	L67_LF2:
 1123  00001c78          	L66_LF2:
 1124  00001c78  8fc1fff4	lw	r1,-12(r30)
 1125  00001c7c  00011820	add	r3,r0,r1
 1126  00001c80  50620002	slli	r2,r3,#0x2
 1127  00001c84  00411020	add	r2,r2,r1
 1128  00001c88  50410001	slli	r1,r2,#0x1
 1129  00001c8c  afc1fff4	sw	-12(r30),r1
 1130  00001c90  0bffffc8	j	L64_LF2
 1131  00001c94  54000000	nop; delay slot nop
 1132  00001c98          	L65_LF2:
 1133  00001c98  54000000	nop
 1134  00001c9c          	L68_LF2:
 1135  00001c9c  8fc1fff4	lw	r1,-12(r30)
 1136  00001ca0  2002000a	addi	r2,r0,#10
 1137  00001ca4  00200035	movi2fp	f0,r1
 1138  00001ca8  00400835	movi2fp	f1,r2
 1139  00001cac  0401000f	div	f0,f0,f1
 1140  00001cb0  00000834	movfp2i	r1,f0
 1141  00001cb4  afc1fff4	sw	-12(r30),r1
 1142  00001cb8  8fc10004	lw	r1,4(r30)
 1143  00001cbc  20220001	addi	r2,r1,#1
 1144  00001cc0  afc20004	sw	4(r30),r2
 1145  00001cc4  8fc20000	lw	r2,(r30)
 1146  00001cc8  8fc3fff4	lw	r3,-12(r30)
 1147  00001ccc  00400035	movi2fp	f0,r2
 1148  00001cd0  00600835	movi2fp	f1,r3
 1149  00001cd4  0401000f	div	f0,f0,f1
 1150  00001cd8  00001034	movfp2i	r2,f0
 1151  00001cdc  00021820	add	r3,r0,r2
 1152  00001ce0  20620030	addi	r2,r3,#48
 1153  00001ce4  a0220000	sb	(r1),r2
 1154  00001ce8  8fc10000	lw	r1,(r30)
 1155  00001cec  8fc3fff4	lw	r3,-12(r30)
 1156  00001cf0  00200035	movi2fp	f0,r1
 1157  00001cf4  00600835	movi2fp	f1,r3
 1158  00001cf8  0401000f	div	f0,f0,f1
 1159  00001cfc  00001034	movfp2i	r2,f0
 1160  00001d00  8fc3fff4	lw	r3,-12(r30)
 1161  00001d04  00400035	movi2fp	f0,r2
 1162  00001d08  00600835	movi2fp	f1,r3
 1163  00001d0c  0401000e	mult	f0,f0,f1
 1164  00001d10  00001034	movfp2i	r2,f0
 1165  00001d14  00220822	sub	r1,r1,r2
 1166  00001d18  afc10000	sw	(r30),r1
 1167  00001d1c          	L70_LF2:
 1168  00001d1c  8fc1fff4	lw	r1,-12(r30)
 1169  00001d20  6c220001	sgti	r2,r1,#1
 1170  00001d24  1440000c	bnez	r2,L71_LF2
 1171  00001d28  54000000	nop; delay slot nop
 1172  00001d2c  0800000c	j	L61_LF2
 1173  00001d30  54000000	nop; delay slot nop
 1174  00001d34          	L71_LF2:
 1175  00001d34  0bffff64	j	L68_LF2
 1176  00001d38  54000000	nop; delay slot nop
 1177  00001d3c          	L69_LF2:
 1178  00001d3c          	L63_LF2:
 1179  00001d3c          	L61_LF2:
 1180  00001d3c  8fc10004	lw	r1,4(r30)
 1181  00001d40  20020000	addi	r2,r0,(#0x0)&0xff
 1182  00001d44  a0220000	sb	(r1),r2
 1183  00001d48          	L59_LF2:
 1184  00001d48  8fa20000	lw	r2,0(r29)
 1185  00001d4c  8fa30004	lw	r3,4(r29)
 1186  00001d50  8fdffff8	lw	r31,-8(r30)
 1187  00001d54  001ee820	add	r29,r0,r30
 1188  00001d58  8fdefffc	lw	r30,-4(r30)
 1189  00001d5c  4be00000	jr	r31
 1190  00001d60  54000000	nop
 1191  00001d64          	.endproc _ditoa
 1192  00001d64          	.align 2
 1193  00001d64          	.proc _dstrtol
 1194  00001d64          	.global _dstrtol
 1195  00001d64          	_dstrtol:
 1196                      ;  Function 'dstrtol'; 16 bytes of locals, 1 regs to save.
 1197  00001d64  afbefffc	sw	-4(r29),r30; push fp
 1198  00001d68  001df020	add	r30,r0,r29; fp = sp
 1199  00001d6c  afbffff8	sw	-8(r29),r31; push ret addr
 1200  00001d70  2fbd0020	subui	r29,r29,#32; alloc local storage
 1201  00001d74  afa20000	sw	0(r29),r2
 1202  00001d78  20010000	addi	r1,r0,#0
 1203  00001d7c  afc1fff4	sw	-12(r30),r1
 1204  00001d80          	L73_LF2:
 1205  00001d80  8fc10000	lw	r1,(r30)
 1206  00001d84  90220000	lbu	r2,(r1)
 1207  00001d88  60410020	seqi	r1,r2,#32
 1208  00001d8c  14200034	bnez	r1,L75_LF2
 1209  00001d90  54000000	nop; delay slot nop
 1210  00001d94  8fc10000	lw	r1,(r30)
 1211  00001d98  90220000	lbu	r2,(r1)
 1212  00001d9c  60410009	seqi	r1,r2,#9
 1213  00001da0  14200020	bnez	r1,L75_LF2
 1214  00001da4  54000000	nop; delay slot nop
 1215  00001da8  8fc10000	lw	r1,(r30)
 1216  00001dac  90220000	lbu	r2,(r1)
 1217  00001db0  6041000a	seqi	r1,r2,#10
 1218  00001db4  1420000c	bnez	r1,L75_LF2
 1219  00001db8  54000000	nop; delay slot nop
 1220  00001dbc  0800001c	j	L74_LF2
 1221  00001dc0  54000000	nop; delay slot nop
 1222  00001dc4          	L75_LF2:
 1223  00001dc4  8fc20000	lw	r2,(r30)
 1224  00001dc8  20410001	addi	r1,r2,#1
 1225  00001dcc  00011020	add	r2,r0,r1
 1226  00001dd0  afc20000	sw	(r30),r2
 1227  00001dd4  0bffffa8	j	L73_LF2
 1228  00001dd8  54000000	nop; delay slot nop
 1229  00001ddc          	L74_LF2:
 1230  00001ddc  8fc10004	lw	r1,4(r30)
 1231  00001de0  64220000	snei	r2,r1,#0
 1232  00001de4  10400010	beqz	r2,L76_LF2
 1233  00001de8  54000000	nop; delay slot nop
 1234  00001dec  8fc10004	lw	r1,4(r30)
 1235  00001df0  8fc20000	lw	r2,(r30)
 1236  00001df4  ac220000	sw	(r1),r2
 1237  00001df8          	L76_LF2:
 1238  00001df8  8fc10000	lw	r1,(r30)
 1239  00001dfc  90220000	lbu	r2,(r1)
 1240  00001e00  64410000	snei	r1,r2,#0
 1241  00001e04  14200010	bnez	r1,L77_LF2
 1242  00001e08  54000000	nop; delay slot nop
 1243  00001e0c  8fc1fff4	lw	r1,-12(r30)
 1244  00001e10  08000294	j	L72_LF2
 1245  00001e14  54000000	nop; delay slot nop
 1246  00001e18          	L77_LF2:
 1247  00001e18  8fc10000	lw	r1,(r30)
 1248  00001e1c  90220000	lbu	r2,(r1)
 1249  00001e20  6041002d	seqi	r1,r2,#45
 1250  00001e24  10200024	beqz	r1,L78_LF2
 1251  00001e28  54000000	nop; delay slot nop
 1252  00001e2c  2001ffff	addi	r1,r0,#-1
 1253  00001e30  afc1ffec	sw	-20(r30),r1
 1254  00001e34  8fc20000	lw	r2,(r30)
 1255  00001e38  20410001	addi	r1,r2,#1
 1256  00001e3c  00011020	add	r2,r0,r1
 1257  00001e40  afc20000	sw	(r30),r2
 1258  00001e44  0800000c	j	L79_LF2
 1259  00001e48  54000000	nop; delay slot nop
 1260  00001e4c          	L78_LF2:
 1261  00001e4c  20010001	addi	r1,r0,#1
 1262  00001e50  afc1ffec	sw	-20(r30),r1
 1263  00001e54          	L79_LF2:
 1264  00001e54  8fc10008	lw	r1,8(r30)
 1265  00001e58  64220000	snei	r2,r1,#0
 1266  00001e5c  14400090	bnez	r2,L80_LF2
 1267  00001e60  54000000	nop; delay slot nop
 1268  00001e64  8fc10000	lw	r1,(r30)
 1269  00001e68  90220000	lbu	r2,(r1)
 1270  00001e6c  60410030	seqi	r1,r2,#48
 1271  00001e70  10200074	beqz	r1,L81_LF2
 1272  00001e74  54000000	nop; delay slot nop
 1273  00001e78  8fc20000	lw	r2,(r30)
 1274  00001e7c  20410001	addi	r1,r2,#1
 1275  00001e80  00011020	add	r2,r0,r1
 1276  00001e84  afc20000	sw	(r30),r2
 1277  00001e88  8fc10000	lw	r1,(r30)
 1278  00001e8c  90220000	lbu	r2,(r1)
 1279  00001e90  60410078	seqi	r1,r2,#120
 1280  00001e94  14200020	bnez	r1,L83_LF2
 1281  00001e98  54000000	nop; delay slot nop
 1282  00001e9c  8fc10000	lw	r1,(r30)
 1283  00001ea0  90220000	lbu	r2,(r1)
 1284  00001ea4  60410058	seqi	r1,r2,#88
 1285  00001ea8  1420000c	bnez	r1,L83_LF2
 1286  00001eac  54000000	nop; delay slot nop
 1287  00001eb0  08000024	j	L82_LF2
 1288  00001eb4  54000000	nop; delay slot nop
 1289  00001eb8          	L83_LF2:
 1290  00001eb8  20010010	addi	r1,r0,#16
 1291  00001ebc  afc10008	sw	8(r30),r1
 1292  00001ec0  8fc20000	lw	r2,(r30)
 1293  00001ec4  20410001	addi	r1,r2,#1
 1294  00001ec8  00011020	add	r2,r0,r1
 1295  00001ecc  afc20000	sw	(r30),r2
 1296  00001ed0  0800000c	j	L84_LF2
 1297  00001ed4  54000000	nop; delay slot nop
 1298  00001ed8          	L82_LF2:
 1299  00001ed8  20010008	addi	r1,r0,#8
 1300  00001edc  afc10008	sw	8(r30),r1
 1301  00001ee0          	L84_LF2:
 1302  00001ee0  0800000c	j	L80_LF2
 1303  00001ee4  54000000	nop; delay slot nop
 1304  00001ee8          	L81_LF2:
 1305  00001ee8  2001000a	addi	r1,r0,#10
 1306  00001eec  afc10008	sw	8(r30),r1
 1307  00001ef0          	L85_LF2:
 1308  00001ef0          	L80_LF2:
 1309  00001ef0  8fc10008	lw	r1,8(r30)
 1310  00001ef4  70220000	slei	r2,r1,#0
 1311  00001ef8  1440001c	bnez	r2,L87_LF2
 1312  00001efc  54000000	nop; delay slot nop
 1313  00001f00  8fc10008	lw	r1,8(r30)
 1314  00001f04  6c220010	sgti	r2,r1,#16
 1315  00001f08  1440000c	bnez	r2,L87_LF2
 1316  00001f0c  54000000	nop; delay slot nop
 1317  00001f10  08000010	j	L86_LF2
 1318  00001f14  54000000	nop; delay slot nop
 1319  00001f18          	L87_LF2:
 1320  00001f18  8fc1fff4	lw	r1,-12(r30)
 1321  00001f1c  08000188	j	L72_LF2
 1322  00001f20  54000000	nop; delay slot nop
 1323  00001f24          	L86_LF2:
 1324  00001f24  54000000	nop
 1325  00001f28          	L88_LF2:
 1326  00001f28  8fc10000	lw	r1,(r30)
 1327  00001f2c  90220000	lbu	r2,(r1)
 1328  00001f30  6c41002f	sgtui	r1,r2,#47
 1329  00001f34  10200030	beqz	r1,L91_LF2
 1330  00001f38  54000000	nop; delay slot nop
 1331  00001f3c  8fc10000	lw	r1,(r30)
 1332  00001f40  90220000	lbu	r2,(r1)
 1333  00001f44  70410039	sleui	r1,r2,#57
 1334  00001f48  1020001c	beqz	r1,L91_LF2
 1335  00001f4c  54000000	nop; delay slot nop
 1336  00001f50  8fc10000	lw	r1,(r30)
 1337  00001f54  90220000	lbu	r2,(r1)
 1338  00001f58  2041ffd0	addi	r1,r2,#-48
 1339  00001f5c  afc1fff0	sw	-16(r30),r1
 1340  00001f60  0800008c	j	L92_LF2
 1341  00001f64  54000000	nop; delay slot nop
 1342  00001f68          	L91_LF2:
 1343  00001f68  8fc10000	lw	r1,(r30)
 1344  00001f6c  90220000	lbu	r2,(r1)
 1345  00001f70  6c410060	sgtui	r1,r2,#96
 1346  00001f74  10200030	beqz	r1,L93_LF2
 1347  00001f78  54000000	nop; delay slot nop
 1348  00001f7c  8fc10000	lw	r1,(r30)
 1349  00001f80  90220000	lbu	r2,(r1)
 1350  00001f84  7041007a	sleui	r1,r2,#122
 1351  00001f88  1020001c	beqz	r1,L93_LF2
 1352  00001f8c  54000000	nop; delay slot nop
 1353  00001f90  8fc10000	lw	r1,(r30)
 1354  00001f94  90220000	lbu	r2,(r1)
 1355  00001f98  2041ffa9	addi	r1,r2,#-87
 1356  00001f9c  afc1fff0	sw	-16(r30),r1
 1357  00001fa0  0800004c	j	L92_LF2
 1358  00001fa4  54000000	nop; delay slot nop
 1359  00001fa8          	L93_LF2:
 1360  00001fa8  8fc10000	lw	r1,(r30)
 1361  00001fac  90220000	lbu	r2,(r1)
 1362  00001fb0  6c410040	sgtui	r1,r2,#64
 1363  00001fb4  10200030	beqz	r1,L95_LF2
 1364  00001fb8  54000000	nop; delay slot nop
 1365  00001fbc  8fc10000	lw	r1,(r30)
 1366  00001fc0  90220000	lbu	r2,(r1)
 1367  00001fc4  7041005a	sleui	r1,r2,#90
 1368  00001fc8  1020001c	beqz	r1,L95_LF2
 1369  00001fcc  54000000	nop; delay slot nop
 1370  00001fd0  8fc10000	lw	r1,(r30)
 1371  00001fd4  90220000	lbu	r2,(r1)
 1372  00001fd8  2041ffc9	addi	r1,r2,#-55
 1373  00001fdc  afc1fff0	sw	-16(r30),r1
 1374  00001fe0  0800000c	j	L92_LF2
 1375  00001fe4  54000000	nop; delay slot nop
 1376  00001fe8          	L95_LF2:
 1377  00001fe8  200103e8	addi	r1,r0,#1000
 1378  00001fec  afc1fff0	sw	-16(r30),r1
 1379  00001ff0          	L96_LF2:
 1380  00001ff0          	L94_LF2:
 1381  00001ff0          	L92_LF2:
 1382  00001ff0  8fc1fff0	lw	r1,-16(r30)
 1383  00001ff4  8fc20008	lw	r2,8(r30)
 1384  00001ff8  0022082a	slt	r1,r1,r2
 1385  00001ffc  10200040	beqz	r1,L90_LF2
 1386  00002000  54000000	nop; delay slot nop
 1387  00002004  8fc1fff4	lw	r1,-12(r30)
 1388  00002008  8fc20008	lw	r2,8(r30)
 1389  0000200c  00200035	movi2fp	f0,r1
 1390  00002010  00400835	movi2fp	f1,r2
 1391  00002014  0401000e	mult	f0,f0,f1
 1392  00002018  00000834	movfp2i	r1,f0
 1393  0000201c  afc1fff4	sw	-12(r30),r1
 1394  00002020  8fc1fff4	lw	r1,-12(r30)
 1395  00002024  8fc2fff0	lw	r2,-16(r30)
 1396  00002028  00220820	add	r1,r1,r2
 1397  0000202c  afc1fff4	sw	-12(r30),r1
 1398  00002030  8fc20000	lw	r2,(r30)
 1399  00002034  20410001	addi	r1,r2,#1
 1400  00002038  00011020	add	r2,r0,r1
 1401  0000203c  afc20000	sw	(r30),r2
 1402  00002040          	L97_LF2:
 1403  00002040          	L90_LF2:
 1404  00002040  8fc1fff0	lw	r1,-16(r30)
 1405  00002044  8fc20008	lw	r2,8(r30)
 1406  00002048  0022082a	slt	r1,r1,r2
 1407  0000204c  1420000c	bnez	r1,L98_LF2
 1408  00002050  54000000	nop; delay slot nop
 1409  00002054  0800000c	j	L89_LF2
 1410  00002058  54000000	nop; delay slot nop
 1411  0000205c          	L98_LF2:
 1412  0000205c  0bfffec8	j	L88_LF2
 1413  00002060  54000000	nop; delay slot nop
 1414  00002064          	L89_LF2:
 1415  00002064  8fc10004	lw	r1,4(r30)
 1416  00002068  64220000	snei	r2,r1,#0
 1417  0000206c  10400010	beqz	r2,L99_LF2
 1418  00002070  54000000	nop; delay slot nop
 1419  00002074  8fc10004	lw	r1,4(r30)
 1420  00002078  8fc20000	lw	r2,(r30)
 1421  0000207c  ac220000	sw	(r1),r2
 1422  00002080          	L99_LF2:
 1423  00002080  8fc1fff4	lw	r1,-12(r30)
 1424  00002084  8fc2ffec	lw	r2,-20(r30)
 1425  00002088  00200035	movi2fp	f0,r1
 1426  0000208c  00400835	movi2fp	f1,r2
 1427  00002090  0401000e	mult	f0,f0,f1
 1428  00002094  00000834	movfp2i	r1,f0
 1429  00002098  afc1fff4	sw	-12(r30),r1
 1430  0000209c  8fc1fff4	lw	r1,-12(r30)
 1431  000020a0  08000004	j	L72_LF2
 1432  000020a4  54000000	nop; delay slot nop
 1433  000020a8          	L72_LF2:
 1434  000020a8  8fa20000	lw	r2,0(r29)
 1435  000020ac  8fdffff8	lw	r31,-8(r30)
 1436  000020b0  001ee820	add	r29,r0,r30
 1437  000020b4  8fdefffc	lw	r30,-4(r30)
 1438  000020b8  4be00000	jr	r31
 1439  000020bc  54000000	nop
 1440  000020c0          	.endproc _dstrtol
 1441  000020c0          	.align 2
 1442  000020c0          	.proc _bcopy
 1443  000020c0          	.global _bcopy
 1444  000020c0          	_bcopy:
 1445                      ;  Function 'bcopy'; 0 bytes of locals, 2 regs to save.
 1446  000020c0  afbefffc	sw	-4(r29),r30; push fp
 1447  000020c4  001df020	add	r30,r0,r29; fp = sp
 1448  000020c8  afbffff8	sw	-8(r29),r31; push ret addr
 1449  000020cc  2fbd0010	subui	r29,r29,#16; alloc local storage
 1450  000020d0  afa20000	sw	0(r29),r2
 1451  000020d4  afa30004	sw	4(r29),r3
 1452  000020d8  54000000	nop
 1453  000020dc          	L101_LF2:
 1454  000020dc  8fc10008	lw	r1,8(r30)
 1455  000020e0  2022ffff	addi	r2,r1,#-1
 1456  000020e4  afc20008	sw	8(r30),r2
 1457  000020e8  6c210000	sgti	r1,r1,#0
 1458  000020ec  1420000c	bnez	r1,L103_LF2
 1459  000020f0  54000000	nop; delay slot nop
 1460  000020f4  0800002c	j	L102_LF2
 1461  000020f8  54000000	nop; delay slot nop
 1462  000020fc          	L103_LF2:
 1463  000020fc  8fc10004	lw	r1,4(r30)
 1464  00002100  20220001	addi	r2,r1,#1
 1465  00002104  afc20004	sw	4(r30),r2
 1466  00002108  8fc20000	lw	r2,(r30)
 1467  0000210c  20430001	addi	r3,r2,#1
 1468  00002110  afc30000	sw	(r30),r3
 1469  00002114  80420000	lb	r2,(r2)
 1470  00002118  a0220000	sb	(r1),r2
 1471  0000211c  0bffffbc	j	L101_LF2
 1472  00002120  54000000	nop; delay slot nop
 1473  00002124          	L102_LF2:
 1474  00002124          	L100_LF2:
 1475  00002124  8fa20000	lw	r2,0(r29)
 1476  00002128  8fa30004	lw	r3,4(r29)
 1477  0000212c  8fdffff8	lw	r31,-8(r30)
 1478  00002130  001ee820	add	r29,r0,r30
 1479  00002134  8fdefffc	lw	r30,-4(r30)
 1480  00002138  4be00000	jr	r31
 1481  0000213c  54000000	nop
 1482  00002140          	.endproc _bcopy
 1483  00002140          	.align 2
 1484  00002140          	.proc _bzero
 1485  00002140          	.global _bzero
 1486  00002140          	_bzero:
 1487                      ;  Function 'bzero'; 0 bytes of locals, 1 regs to save.
 1488  00002140  afbefffc	sw	-4(r29),r30; push fp
 1489  00002144  001df020	add	r30,r0,r29; fp = sp
 1490  00002148  afbffff8	sw	-8(r29),r31; push ret addr
 1491  0000214c  2fbd0010	subui	r29,r29,#16; alloc local storage
 1492  00002150  afa20000	sw	0(r29),r2
 1493  00002154  54000000	nop
 1494  00002158          	L105_LF2:
 1495  00002158  8fc10004	lw	r1,4(r30)
 1496  0000215c  2022ffff	addi	r2,r1,#-1
 1497  00002160  afc20004	sw	4(r30),r2
 1498  00002164  6c210000	sgti	r1,r1,#0
 1499  00002168  1420000c	bnez	r1,L107_LF2
 1500  0000216c  54000000	nop; delay slot nop
 1501  00002170  08000020	j	L106_LF2
 1502  00002174  54000000	nop; delay slot nop
 1503  00002178          	L107_LF2:
 1504  00002178  8fc10000	lw	r1,(r30)
 1505  0000217c  20220001	addi	r2,r1,#1
 1506  00002180  afc20000	sw	(r30),r2
 1507  00002184  20020000	addi	r2,r0,(#0x0)&0xff
 1508  00002188  a0220000	sb	(r1),r2
 1509  0000218c  0bffffc8	j	L105_LF2
 1510  00002190  54000000	nop; delay slot nop
 1511  00002194          	L106_LF2:
 1512  00002194          	L104_LF2:
 1513  00002194  8fa20000	lw	r2,0(r29)
 1514  00002198  8fdffff8	lw	r31,-8(r30)
 1515  0000219c  001ee820	add	r29,r0,r30
 1516  000021a0  8fdefffc	lw	r30,-4(r30)
 1517  000021a4  4be00000	jr	r31
 1518  000021a8  54000000	nop
 1519  000021ac          	.endproc _bzero
 1520  000021ac          	.align 2
 1521  000021ac          	.proc _min
 1522  000021ac          	.global _min
 1523  000021ac          	_min:
 1524                      ;  Function 'min'; 0 bytes of locals, 2 regs to save.
 1525  000021ac  afbefffc	sw	-4(r29),r30; push fp
 1526  000021b0  001df020	add	r30,r0,r29; fp = sp
 1527  000021b4  afbffff8	sw	-8(r29),r31; push ret addr
 1528  000021b8  2fbd0010	subui	r29,r29,#16; alloc local storage
 1529  000021bc  afa20000	sw	0(r29),r2
 1530  000021c0  afa30004	sw	4(r29),r3
 1531  000021c4  8fc10000	lw	r1,(r30)
 1532  000021c8  8fc20004	lw	r2,4(r30)
 1533  000021cc  0022182c	sle	r3,r1,r2
 1534  000021d0  14600008	bnez	r3,L109_LF2
 1535  000021d4  54000000	nop; delay slot nop
 1536  000021d8  8fc10004	lw	r1,4(r30)
 1537  000021dc          	L109_LF2:
 1538  000021dc  08000004	j	L108_LF2
 1539  000021e0  54000000	nop; delay slot nop
 1540  000021e4          	L108_LF2:
 1541  000021e4  8fa20000	lw	r2,0(r29)
 1542  000021e8  8fa30004	lw	r3,4(r29)
 1543  000021ec  8fdffff8	lw	r31,-8(r30)
 1544  000021f0  001ee820	add	r29,r0,r30
 1545  000021f4  8fdefffc	lw	r30,-4(r30)
 1546  000021f8  4be00000	jr	r31
 1547  000021fc  54000000	nop
 1548  00002200          	.endproc _min
 1549                      ;;; Ethan L. Miller, 1999.  Released to the public domain
 1550                      ;;;
 1551                      ;;; Most of the traps are called in files from libtraps.
 1554  00002200          	.align 2
 1555  00002200          	.proc _exit
 1556  00002200          	.global _exit
 1557  00002200          	_exit:
 1558  00002200  44000300	trap	#0x300
 1559  00002204  4be00000	jr	r31
 1560  00002208  54000000	nop
 1561  0000220c          	.endproc _exit
 1563                      ; for the benefit of gcc.
 1564  0000220c          	.proc ___main
 1565  0000220c          	.global ___main
 1566  0000220c          	___main:
 1567  0000220c  4be00000	jr	r31
 1568  00002210  54000000	nop
 1569  00002214          	.endproc ___main
 1570  00002214          	.text
 1571  00002214          	.global _etext
 1572  00002214          	_etext:
 1573  00002214          	.align 3
 1574  00002218          	.data
 1575  000030e1          	.global _edata
 1576  000030e1          	_edata:
