 line   address	contents
    1                      ; Linked by DLX-LD.
    2                      ; MemSize 24576
    3                      ; Data size: 370
    4                      ; Text size: 4800
    5                      ; Stack size: 8192
    6  00000000          	.text 0x1000
    7  00001000          	.data 0x3000
    8                      ; Compiled by GCC
    9  00003000          	.text
   10  00001000          	.align 2
   11  00001000          	.proc _isspace
   12  00001000          	.global _isspace
   13  00001000          	_isspace:
   14                      ;  Function 'isspace'; 0 bytes of locals, 1 regs to save.
   15  00001000  afbefffc	sw	-4(r29),r30; push fp
   16  00001004  001df020	add	r30,r0,r29; fp = sp
   17  00001008  afbffff8	sw	-8(r29),r31; push ret addr
   18  0000100c  2fbd0010	subui	r29,r29,#16; alloc local storage
   19  00001010  afa20000	sw	0(r29),r2
   20  00001014  83c20003	lb	r2,3(r30)
   21  00001018  201f0000	addi	r31,r0,#0
   22  0000101c  304100ff	andi	r1,r2,#0x00ff
   23  00001020  60210020	seqi	r1,r1,#32
   24  00001024  14200018	bnez	r1,L6_LF0
   25  00001028  54000000	nop; not filled.
   26  0000102c  2041fff7	addi	r1,r2,#-9
   27  00001030  302100ff	andi	r1,r1,#0x00ff
   28  00001034  70210001	sleui	r1,r1,#1
   29  00001038  10200008	beqz	r1,L5_LF0
   30  0000103c  54000000	nop; not filled.
   31  00001040          	L6_LF0:
   32  00001040  201f0001	addi	r31,r0,#1
   33  00001044          	L5_LF0:
   34  00001044  001f0820	add	r1,r0,r31
   35  00001048  8fa20000	lw	r2,0(r29)
   36  0000104c  8fdffff8	lw	r31,-8(r30)
   37  00001050  001ee820	add	r29,r0,r30
   38  00001054  8fdefffc	lw	r30,-4(r30)
   39  00001058  4be00000	jr	r31
   40  0000105c  54000000	nop
   41  00001060          	.endproc _isspace
   42  00001060          	.align 2
   43  00001060          	.proc _isxdigit
   44  00001060          	.global _isxdigit
   45  00001060          	_isxdigit:
   46                      ;  Function 'isxdigit'; 0 bytes of locals, 1 regs to save.
   47  00001060  afbefffc	sw	-4(r29),r30; push fp
   48  00001064  001df020	add	r30,r0,r29; fp = sp
   49  00001068  afbffff8	sw	-8(r29),r31; push ret addr
   50  0000106c  2fbd0010	subui	r29,r29,#16; alloc local storage
   51  00001070  afa20000	sw	0(r29),r2
   52  00001074  83df0003	lb	r31,3(r30)
   53  00001078  20020000	addi	r2,r0,#0
   54  0000107c  23e1ffd0	addi	r1,r31,#-48
   55  00001080  302100ff	andi	r1,r1,#0x00ff
   56  00001084  70210009	sleui	r1,r1,#9
   57  00001088  14200028	bnez	r1,L12_LF0
   58  0000108c  54000000	nop; not filled.
   59  00001090  23e1ff9f	addi	r1,r31,#-97
   60  00001094  302100ff	andi	r1,r1,#0x00ff
   61  00001098  70210005	sleui	r1,r1,#5
   62  0000109c  14200014	bnez	r1,L12_LF0
   63  000010a0  54000000	nop; not filled.
   64  000010a4  33e100ff	andi	r1,r31,#0x00ff
   65  000010a8  64210041	snei	r1,r1,#65
   66  000010ac  14200008	bnez	r1,L11_LF0
   67  000010b0  54000000	nop; not filled.
   68  000010b4          	L12_LF0:
   69  000010b4  20020001	addi	r2,r0,#1
   70  000010b8          	L11_LF0:
   71  000010b8  00020820	add	r1,r0,r2
   72  000010bc  8fa20000	lw	r2,0(r29)
   73  000010c0  8fdffff8	lw	r31,-8(r30)
   74  000010c4  001ee820	add	r29,r0,r30
   75  000010c8  8fdefffc	lw	r30,-4(r30)
   76  000010cc  4be00000	jr	r31
   77  000010d0  54000000	nop
   78  000010d4          	.endproc _isxdigit
   79  000010d4          	.data
   80  00003000          	.align 2
   81  00003000          	LC0_LF0:
   82  00003000  55736167	.ascii "Usage: \000"
   82  00003004  653a2000	
   83  00003008          	.align 2
   84  00003008          	LC1_LF0:
   85  00003008  203c6e75	.ascii " <number of processes to create>\n\000"
   85  0000300c  6d626572	
   85  00003010  206f6620	
   85  00003014  70726f63	
   85  00003018  65737365	
   85  0000301c  7320746f	
   85  00003020  20637265	
   85  00003024  6174653e	
   85  00003028  0a00    	
   86  0000302a          	.align 2
   87  0000302c          	LC2_LF0:
   88  0000302c  43726561	.ascii "Creating %d processes\n\000"
   88  00003030  74696e67	
   88  00003034  20256420	
   88  00003038  70726f63	
   88  0000303c  65737365	
   88  00003040  730a00  	
   89  00003043          	.align 2
   90  00003044          	LC3_LF0:
   91  00003044  4552524f	.ascii "ERROR: could not allocate shared memory page in \000"
   91  00003048  523a2063	
   91  0000304c  6f756c64	
   91  00003050  206e6f74	
   91  00003054  20616c6c	
   91  00003058  6f636174	
   91  0000305c  65207368	
   91  00003060  61726564	
   91  00003064  206d656d	
   91  00003068  6f727920	
   91  0000306c  70616765	
   91  00003070  20696e20	
   91  00003074  00      	
   92  00003075          	.align 2
   93  00003078          	LC4_LF0:
   94  00003078  2c206578	.ascii ", exiting...\n\000"
   94  0000307c  6974696e	
   94  00003080  672e2e2e	
   94  00003084  0a00    	
   95  00003086          	.align 2
   96  00003088          	LC5_LF0:
   97  00003088  436f756c	.ascii "Could not map the shared page to virtual address in \000"
   97  0000308c  64206e6f	
   97  00003090  74206d61	
   97  00003094  70207468	
   97  00003098  65207368	
   97  0000309c  61726564	
   97  000030a0  20706167	
   97  000030a4  6520746f	
   97  000030a8  20766972	
   97  000030ac  7475616c	
   97  000030b0  20616464	
   97  000030b4  72657373	
   97  000030b8  20696e20	
   97  000030bc  00      	
   98  000030bd          	.align 2
   99  000030c0          	LC6_LF0:
  100  000030c0  2c206578	.ascii ", exiting..\n\000"
  100  000030c4  6974696e	
  100  000030c8  672e2e0a	
  100  000030cc  00      	
  101  000030cd          	.align 2
  102  000030d0          	LC7_LF0:
  103  000030d0  42616420	.ascii "Bad sem_create in \000"
  103  000030d4  73656d5f	
  103  000030d8  63726561	
  103  000030dc  74652069	
  103  000030e0  6e2000  	
  104  000030e3          	.align 2
  105  000030e4          	LC8_LF0:
  106  000030e4  0a00    	.ascii "\n\000"
  107  000030e6          	.align 2
  108  000030e8          	LC9_LF0:
  109  000030e8  70726f64	.ascii "producer.dlx.obj\000"
  109  000030ec  75636572	
  109  000030f0  2e646c78	
  109  000030f4  2e6f626a	
  109  000030f8  00      	
  110  000030f9          	.align 2
  111  000030fc          	LC10_LF0:
  112  000030fc  636f6e73	.ascii "consumer.dlx.obj\000"
  112  00003100  756d6572	
  112  00003104  2e646c78	
  112  00003108  2e6f626a	
  112  0000310c  00      	
  113  0000310d          	.align 2
  114  00003110          	LC11_LF0:
  115  00003110  42616420	.ascii "Bad semaphore s_procs_completed (%d) in \000"
  115  00003114  73656d61	
  115  00003118  70686f72	
  115  0000311c  6520735f	
  115  00003120  70726f63	
  115  00003124  735f636f	
  115  00003128  6d706c65	
  115  0000312c  74656420	
  115  00003130  28256429	
  115  00003134  20696e20	
  115  00003138  00      	
  116  00003139          	.align 2
  117  0000313c          	LC12_LF0:
  118  0000313c  416c6c20	.ascii "All other processes completed, exiting main process.\n\000"
  118  00003140  6f746865	
  118  00003144  72207072	
  118  00003148  6f636573	
  118  0000314c  73657320	
  118  00003150  636f6d70	
  118  00003154  6c657465	
  118  00003158  642c2065	
  118  0000315c  78697469	
  118  00003160  6e67206d	
  118  00003164  61696e20	
  118  00003168  70726f63	
  118  0000316c  6573732e	
  118  00003170  0a00    	
  119  00003172          	.text
  120  000010d4          	.align 2
  121  000010d4          	.proc _main
  122  000010d4          	.global _main
  123  000010d4          	_main:
  124                      ;  Function 'main'; 40 bytes of locals, 0 regs to save.
  125  000010d4  afbefffc	sw	-4(r29),r30; push fp
  126  000010d8  001df020	add	r30,r0,r29; fp = sp
  127  000010dc  afbffff8	sw	-8(r29),r31; push ret addr
  128  000010e0  2fbd0030	subui	r29,r29,#48; alloc local storage
  129  000010e4  8fc20000	lw	r2,(r30)
  130  000010e8  8fc80004	lw	r8,4(r30)
  131  000010ec  0c0011c8	jal	___main
  132  000010f0  54000000	nop; not filled.
  133  000010f4  64410002	snei	r1,r2,#2
  134  000010f8  1020004c	beqz	r1,L14_LF0
  135  000010fc  54000000	nop; not filled.
  136  00001100  23bdfff8	addi	r29,r29,#-8
  137  00001104  3c090000	lhi	r9,((LC0_LF0)>>16)&0xffff
  138  00001108  25293000	addui	r9,r9,(LC0_LF0)&0xffff
  139  0000110c  afa90000	sw	(r29),r9
  140  00001110  0c00039c	jal	_Printf
  141  00001114  54000000	nop; not filled.
  142  00001118  8d090000	lw	r9,(r8)
  143  0000111c  afa90000	sw	(r29),r9
  144  00001120  0c00038c	jal	_Printf
  145  00001124  54000000	nop; not filled.
  146  00001128  3c090000	lhi	r9,((LC1_LF0)>>16)&0xffff
  147  0000112c  25293008	addui	r9,r9,(LC1_LF0)&0xffff
  148  00001130  afa90000	sw	(r29),r9
  149  00001134  0c000378	jal	_Printf
  150  00001138  54000000	nop; not filled.
  151  0000113c  0c000424	jal	_Exit
  152  00001140  54000000	nop; not filled.
  153  00001144  23bd0008	addi	r29,r29,#8
  154  00001148          	L14_LF0:
  155  00001148  23bdfff0	addi	r29,r29,#-16
  156  0000114c  8d090004	lw	r9,4(r8)
  157  00001150  afa90000	sw	(r29),r9
  158  00001154  20090000	addi	r9,r0,#0
  159  00001158  afa90004	sw	4(r29),r9
  160  0000115c  2009000a	addi	r9,r0,#10
  161  00001160  afa90008	sw	8(r29),r9
  162  00001164  0c000ca8	jal	_dstrtol
  163  00001168  54000000	nop; not filled.
  164  0000116c  00013820	add	r7,r0,r1
  165  00001170  3c090000	lhi	r9,((LC2_LF0)>>16)&0xffff
  166  00001174  2529302c	addui	r9,r9,(LC2_LF0)&0xffff
  167  00001178  afa90000	sw	(r29),r9
  168  0000117c  afa70004	sw	4(r29),r7
  169  00001180  0c00032c	jal	_Printf
  170  00001184  54000000	nop; not filled.
  171  00001188  0c000348	jal	_shmget
  172  0000118c  54000000	nop; not filled.
  173  00001190  00011820	add	r3,r0,r1
  174  00001194  23bd0010	addi	r29,r29,#16
  175  00001198  64610000	snei	r1,r3,#0
  176  0000119c  1420004c	bnez	r1,L15_LF0
  177  000011a0  54000000	nop; not filled.
  178  000011a4  23bdfff8	addi	r29,r29,#-8
  179  000011a8  3c090000	lhi	r9,((LC3_LF0)>>16)&0xffff
  180  000011ac  25293044	addui	r9,r9,(LC3_LF0)&0xffff
  181  000011b0  afa90000	sw	(r29),r9
  182  000011b4  0c0002f8	jal	_Printf
  183  000011b8  54000000	nop; not filled.
  184  000011bc  8d090000	lw	r9,(r8)
  185  000011c0  afa90000	sw	(r29),r9
  186  000011c4  0c0002e8	jal	_Printf
  187  000011c8  54000000	nop; not filled.
  188  000011cc  3c090000	lhi	r9,((LC4_LF0)>>16)&0xffff
  189  000011d0  25293078	addui	r9,r9,(LC4_LF0)&0xffff
  190  000011d4  afa90000	sw	(r29),r9
  191  000011d8  0c0002d4	jal	_Printf
  192  000011dc  54000000	nop; not filled.
  193  000011e0  0c000380	jal	_Exit
  194  000011e4  54000000	nop; not filled.
  195  000011e8  23bd0008	addi	r29,r29,#8
  196  000011ec          	L15_LF0:
  197  000011ec  23bdfff8	addi	r29,r29,#-8
  198  000011f0  afa30000	sw	(r29),r3
  199  000011f4  0c0002e8	jal	_shmat
  200  000011f8  54000000	nop; not filled.
  201  000011fc  00011020	add	r2,r0,r1
  202  00001200  23bd0008	addi	r29,r29,#8
  203  00001204  64410000	snei	r1,r2,#0
  204  00001208  1420004c	bnez	r1,L16_LF0
  205  0000120c  54000000	nop; not filled.
  206  00001210  23bdfff8	addi	r29,r29,#-8
  207  00001214  3c090000	lhi	r9,((LC5_LF0)>>16)&0xffff
  208  00001218  25293088	addui	r9,r9,(LC5_LF0)&0xffff
  209  0000121c  afa90000	sw	(r29),r9
  210  00001220  0c00028c	jal	_Printf
  211  00001224  54000000	nop; not filled.
  212  00001228  8d090000	lw	r9,(r8)
  213  0000122c  afa90000	sw	(r29),r9
  214  00001230  0c00027c	jal	_Printf
  215  00001234  54000000	nop; not filled.
  216  00001238  3c090000	lhi	r9,((LC6_LF0)>>16)&0xffff
  217  0000123c  252930c0	addui	r9,r9,(LC6_LF0)&0xffff
  218  00001240  afa90000	sw	(r29),r9
  219  00001244  0c000268	jal	_Printf
  220  00001248  54000000	nop; not filled.
  221  0000124c  0c000314	jal	_Exit
  222  00001250  54000000	nop; not filled.
  223  00001254  23bd0008	addi	r29,r29,#8
  224  00001258          	L16_LF0:
  225  00001258  20090000	addi	r9,r0,#0
  226  0000125c  ac490004	sw	4(r2),r9
  227  00001260  ac490000	sw	(r2),r9
  228  00001264  0c0002a8	jal	_lock_create
  229  00001268  54000000	nop; not filled.
  230  0000126c  ac41001c	sw	28(r2),r1
  231  00001270  23bdfff8	addi	r29,r29,#-8
  232  00001274  afa10000	sw	(r29),r1
  233  00001278  0c0002b8	jal	_cond_create
  234  0000127c  54000000	nop; not filled.
  235  00001280  ac410018	sw	24(r2),r1
  236  00001284  8c49001c	lw	r9,28(r2)
  237  00001288  afa90000	sw	(r29),r9
  238  0000128c  0c0002a4	jal	_cond_create
  239  00001290  54000000	nop; not filled.
  240  00001294  ac410014	sw	20(r2),r1
  241  00001298  20010001	addi	r1,r0,#1
  242  0000129c  00270822	sub	r1,r1,r7
  243  000012a0  afa10000	sw	(r29),r1
  244  000012a4  0c000244	jal	_sem_create
  245  000012a8  54000000	nop; not filled.
  246  000012ac  00013020	add	r6,r0,r1
  247  000012b0  23bd0008	addi	r29,r29,#8
  248  000012b4  60c1ffff	seqi	r1,r6,#-1
  249  000012b8  1020004c	beqz	r1,L17_LF0
  250  000012bc  54000000	nop; not filled.
  251  000012c0  23bdfff8	addi	r29,r29,#-8
  252  000012c4  3c090000	lhi	r9,((LC7_LF0)>>16)&0xffff
  253  000012c8  252930d0	addui	r9,r9,(LC7_LF0)&0xffff
  254  000012cc  afa90000	sw	(r29),r9
  255  000012d0  0c0001dc	jal	_Printf
  256  000012d4  54000000	nop; not filled.
  257  000012d8  8d090000	lw	r9,(r8)
  258  000012dc  afa90000	sw	(r29),r9
  259  000012e0  0c0001cc	jal	_Printf
  260  000012e4  54000000	nop; not filled.
  261  000012e8  3c090000	lhi	r9,((LC8_LF0)>>16)&0xffff
  262  000012ec  252930e4	addui	r9,r9,(LC8_LF0)&0xffff
  263  000012f0  afa90000	sw	(r29),r9
  264  000012f4  0c0001b8	jal	_Printf
  265  000012f8  54000000	nop; not filled.
  266  000012fc  0c000264	jal	_Exit
  267  00001300  54000000	nop; not filled.
  268  00001304  23bd0008	addi	r29,r29,#8
  269  00001308          	L17_LF0:
  270  00001308  23bdfff8	addi	r29,r29,#-8
  271  0000130c  afa30000	sw	(r29),r3
  272  00001310  23c4ffe8	addi	r4,r30,#-24
  273  00001314  afa40004	sw	4(r29),r4
  274  00001318  0c000968	jal	_ditoa
  275  0000131c  54000000	nop; not filled.
  276  00001320  afa60000	sw	(r29),r6
  277  00001324  23c3ffd8	addi	r3,r30,#-40
  278  00001328  afa30004	sw	4(r29),r3
  279  0000132c  0c000954	jal	_ditoa
  280  00001330  54000000	nop; not filled.
  281  00001334  20090031	addi	r9,r0,(#0x31)&0xff
  282  00001338  a3c9ffd0	sb	-48(r30),r9
  283  0000133c  20090000	addi	r9,r0,(#0x0)&0xff
  284  00001340  a3c9ffd1	sb	-47(r30),r9
  285  00001344  20020000	addi	r2,r0,#0
  286  00001348  23bd0008	addi	r29,r29,#8
  287  0000134c  0047082a	slt	r1,r2,r7
  288  00001350  10200084	beqz	r1,L19_LF0
  289  00001354  54000000	nop; not filled.
  290  00001358  00042820	add	r5,r0,r4
  291  0000135c  00032020	add	r4,r0,r3
  292  00001360  23c3ffd0	addi	r3,r30,#-48
  293  00001364          	L21_LF0:
  294  00001364  23bdffe8	addi	r29,r29,#-24
  295  00001368  3c090000	lhi	r9,((LC9_LF0)>>16)&0xffff
  296  0000136c  252930e8	addui	r9,r9,(LC9_LF0)&0xffff
  297  00001370  afa90000	sw	(r29),r9
  298  00001374  afa50004	sw	4(r29),r5
  299  00001378  afa40008	sw	8(r29),r4
  300  0000137c  afa3000c	sw	12(r29),r3
  301  00001380  20090000	addi	r9,r0,#0
  302  00001384  afa90010	sw	16(r29),r9
  303  00001388  0c00013c	jal	_process_create
  304  0000138c  54000000	nop; not filled.
  305  00001390  3c090000	lhi	r9,((LC10_LF0)>>16)&0xffff
  306  00001394  252930fc	addui	r9,r9,(LC10_LF0)&0xffff
  307  00001398  afa90000	sw	(r29),r9
  308  0000139c  afa50004	sw	4(r29),r5
  309  000013a0  afa40008	sw	8(r29),r4
  310  000013a4  afa3000c	sw	12(r29),r3
  311  000013a8  20090000	addi	r9,r0,#0
  312  000013ac  afa90010	sw	16(r29),r9
  313  000013b0  0c000114	jal	_process_create
  314  000013b4  54000000	nop; not filled.
  315  000013b8  83c9ffd0	lb	r9,-48(r30)
  316  000013bc  21210001	addi	r1,r9,#1
  317  000013c0  a3c1ffd0	sb	-48(r30),r1
  318  000013c4  23bd0018	addi	r29,r29,#24
  319  000013c8  20420001	addi	r2,r2,#1
  320  000013cc  0047082a	slt	r1,r2,r7
  321  000013d0  1420ff90	bnez	r1,L21_LF0
  322  000013d4  54000000	nop; not filled.
  323  000013d8          	L19_LF0:
  324  000013d8  23bdfff8	addi	r29,r29,#-8
  325  000013dc  afa60000	sw	(r29),r6
  326  000013e0  0c000114	jal	_sem_wait
  327  000013e4  54000000	nop; not filled.
  328  000013e8  23bd0008	addi	r29,r29,#8
  329  000013ec  64210001	snei	r1,r1,#1
  330  000013f0  10200050	beqz	r1,L23_LF0
  331  000013f4  54000000	nop; not filled.
  332  000013f8  23bdfff8	addi	r29,r29,#-8
  333  000013fc  3c090000	lhi	r9,((LC11_LF0)>>16)&0xffff
  334  00001400  25293110	addui	r9,r9,(LC11_LF0)&0xffff
  335  00001404  afa90000	sw	(r29),r9
  336  00001408  afa60004	sw	4(r29),r6
  337  0000140c  0c0000a0	jal	_Printf
  338  00001410  54000000	nop; not filled.
  339  00001414  8d080000	lw	r8,(r8)
  340  00001418  afa80000	sw	(r29),r8
  341  0000141c  0c000090	jal	_Printf
  342  00001420  54000000	nop; not filled.
  343  00001424  3c090000	lhi	r9,((LC8_LF0)>>16)&0xffff
  344  00001428  252930e4	addui	r9,r9,(LC8_LF0)&0xffff
  345  0000142c  afa90000	sw	(r29),r9
  346  00001430  0c00007c	jal	_Printf
  347  00001434  54000000	nop; not filled.
  348  00001438  0c000128	jal	_Exit
  349  0000143c  54000000	nop; not filled.
  350  00001440  23bd0008	addi	r29,r29,#8
  351  00001444          	L23_LF0:
  352  00001444  23bdfff8	addi	r29,r29,#-8
  353  00001448  3c090000	lhi	r9,((LC12_LF0)>>16)&0xffff
  354  0000144c  2529313c	addui	r9,r9,(LC12_LF0)&0xffff
  355  00001450  afa90000	sw	(r29),r9
  356  00001454  0c000058	jal	_Printf
  357  00001458  54000000	nop; not filled.
  358  0000145c  23bd0008	addi	r29,r29,#8
  359  00001460  0c000e48	jal	_exit
  360  00001464  54000000	nop
  361  00001468          	.endproc _main
  362                      ;;;
  363                      ;;; Stub functions for DLX traps.
  364                      ;;;
  365                      ;;; Ethan L. Miller, 1999.  Released to the public domain.
  366                      ;;;
  367                      ;;; The traps such as Open and Close
  368                      ;;; (note the capital letters) are for use by user programs.  The traps
  369                      ;;; with names such as open and close (lower case) are for use by the OS.
  370                      ;;;
  373  00001468          	.align 2
  375                      ;;; The following are the traps to be used by user-level programs
  376                      ;;;
  378  00001468          	.align 2
  379  00001468          	.proc _Open
  380  00001468          	.global _Open
  381  00001468          	_Open:
  382                      ;;; Note that trap #0x213 actually causes a trap vector in the OS of
  383                      ;;; 0x1213.  The same is true for other user traps.  Thus, a user trap
  384                      ;;; with trap #0x240 will result in a trap vector of 0x1240 in the OS.
  385  00001468  44000213	trap	#0x213
  386  0000146c  4be00000	jr	r31
  387  00001470  54000000	nop
  388  00001474          	.endproc _Open
  390  00001474          	.proc _Close
  391  00001474          	.global _Close
  392  00001474          	_Close:
  393  00001474  44000214	trap	#0x214
  394  00001478  4be00000	jr	r31
  395  0000147c  54000000	nop
  396  00001480          	.endproc _Close
  398  00001480          	.proc _Read
  399  00001480          	.global _Read
  400  00001480          	_Read:
  401  00001480  44000210	trap	#0x210
  402  00001484  4be00000	jr	r31
  403  00001488  54000000	nop
  404  0000148c          	.endproc _Read
  406  0000148c          	.proc _Write
  407  0000148c          	.global _Write
  408  0000148c          	_Write:
  409  0000148c  44000211	trap	#0x211
  410  00001490  4be00000	jr	r31
  411  00001494  54000000	nop
  412  00001498          	.endproc _Write
  414  00001498          	.proc _Lseek
  415  00001498          	.global _Lseek
  416  00001498          	_Lseek:
  417  00001498  44000212	trap	#0x212
  418  0000149c  4be00000	jr	r31
  419  000014a0  54000000	nop
  420  000014a4          	.endproc _Lseek
  422  000014a4          	.proc _Putchar
  423  000014a4          	.global _Putchar
  424  000014a4          	_Putchar:
  425  000014a4  44000280	trap	#0x280
  426  000014a8  4be00000	jr	r31
  427  000014ac  54000000	nop
  428  000014b0          	.endproc _Putchar
  430  000014b0          	.proc _Printf
  431  000014b0          	.global _Printf
  432  000014b0          	_Printf:
  433  000014b0  44000201	trap	#0x201
  434  000014b4  4be00000	jr	r31
  435  000014b8  54000000	nop
  436  000014bc          	.endproc _Printf
  438  000014bc          	.proc _getpid
  439  000014bc          	.global _getpid
  440  000014bc          	_getpid:
  441  000014bc  44000431	trap	#0x431
  442  000014c0  4be00000	jr	r31
  443  000014c4  54000000	nop
  444  000014c8          	.endproc _getpid
  446  000014c8          	.proc _process_create
  447  000014c8          	.global _process_create
  448  000014c8          	_process_create:
  449  000014c8  44000432	trap	#0x432
  450  000014cc  4be00000	jr	r31
  451  000014d0  54000000	nop
  452  000014d4          	.endproc _process_create
  454  000014d4          	.proc _shmget
  455  000014d4          	.global _shmget
  456  000014d4          	_shmget:
  457  000014d4  44000440	trap	#0x440
  458  000014d8  4be00000	jr	r31
  459  000014dc  54000000	nop
  460  000014e0          	.endproc _shmget
  462  000014e0          	.proc _shmat
  463  000014e0          	.global _shmat
  464  000014e0          	_shmat:
  465  000014e0  44000441	trap	#0x441
  466  000014e4  4be00000	jr	r31
  467  000014e8  54000000	nop
  468  000014ec          	.endproc _shmat
  470  000014ec          	.proc _sem_create
  471  000014ec          	.global _sem_create
  472  000014ec          	_sem_create:
  473  000014ec  44000450	trap	#0x450
  474  000014f0  4be00000	jr	r31
  475  000014f4  54000000	nop
  476  000014f8          	.endproc _sem_create
  478  000014f8          	.proc _sem_wait
  479  000014f8          	.global _sem_wait
  480  000014f8          	_sem_wait:
  481  000014f8  44000451	trap	#0x451
  482  000014fc  4be00000	jr	r31
  483  00001500  54000000	nop
  484  00001504          	.endproc _sem_wait
  486  00001504          	.proc _sem_signal
  487  00001504          	.global _sem_signal
  488  00001504          	_sem_signal:
  489  00001504  44000452	trap	#0x452
  490  00001508  4be00000	jr	r31
  491  0000150c  54000000	nop
  492  00001510          	.endproc _sem_signal
  494  00001510          	.proc _lock_create
  495  00001510          	.global _lock_create
  496  00001510          	_lock_create:
  497  00001510  44000453	trap	#0x453
  498  00001514  4be00000	jr	r31
  499  00001518  54000000	nop
  500  0000151c          	.endproc _lock_create
  502  0000151c          	.proc _lock_acquire
  503  0000151c          	.global _lock_acquire
  504  0000151c          	_lock_acquire:
  505  0000151c  44000454	trap	#0x454
  506  00001520  4be00000	jr	r31
  507  00001524  54000000	nop
  508  00001528          	.endproc _lock_acquire
  510  00001528          	.proc _lock_release
  511  00001528          	.global _lock_release
  512  00001528          	_lock_release:
  513  00001528  44000455	trap	#0x455
  514  0000152c  4be00000	jr	r31
  515  00001530  54000000	nop
  516  00001534          	.endproc _lock_release
  518  00001534          	.proc _cond_create
  519  00001534          	.global _cond_create
  520  00001534          	_cond_create:
  521  00001534  44000456	trap	#0x456
  522  00001538  4be00000	jr	r31
  523  0000153c  54000000	nop
  524  00001540          	.endproc _cond_create
  526  00001540          	.proc _cond_wait
  527  00001540          	.global _cond_wait
  528  00001540          	_cond_wait:
  529  00001540  44000457	trap	#0x457
  530  00001544  4be00000	jr	r31
  531  00001548  54000000	nop
  532  0000154c          	.endproc _cond_wait
  534  0000154c          	.proc _cond_signal
  535  0000154c          	.global _cond_signal
  536  0000154c          	_cond_signal:
  537  0000154c  44000458	trap	#0x458
  538  00001550  4be00000	jr	r31
  539  00001554  54000000	nop
  540  00001558          	.endproc _cond_signal
  542  00001558          	.proc _cond_broadcast
  543  00001558          	.global _cond_broadcast
  544  00001558          	_cond_broadcast:
  545  00001558  44000459	trap	#0x459
  546  0000155c  4be00000	jr	r31
  547  00001560  54000000	nop
  548  00001564          	.endproc _cond_broadcast
  550  00001564          	.proc _Exit
  551  00001564          	.global _Exit
  552  00001564          	_Exit:
  553  00001564  44000500	trap	#0x500
  554  00001568  4be00000	jr	r31
  555  0000156c  54000000	nop
  556  00001570          	.endproc _Exit
  557                      ; Compiled by GCC
  559  00001570          	.align 2
  560  00001570          	.proc _isspace
  561  00001570          	.global _isspace
  562  00001570          	_isspace:
  563                      ;  Function 'isspace'; 0 bytes of locals, 3 regs to save.
  564  00001570  afbefffc	sw	-4(r29),r30; push fp
  565  00001574  001df020	add	r30,r0,r29; fp = sp
  566  00001578  afbffff8	sw	-8(r29),r31; push ret addr
  567  0000157c  2fbd0018	subui	r29,r29,#24; alloc local storage
  568  00001580  afa20000	sw	0(r29),r2
  569  00001584  afa30004	sw	4(r29),r3
  570  00001588  afa40008	sw	8(r29),r4
  571  0000158c  83c20003	lb	r2,3(r30)
  572  00001590  20010000	addi	r1,r0,#0
  573  00001594  304300ff	andi	r3,r2,#0x00ff
  574  00001598  60640020	seqi	r4,r3,#32
  575  0000159c  1480002c	bnez	r4,L3_LF2
  576  000015a0  54000000	nop; delay slot nop
  577  000015a4  304300ff	andi	r3,r2,#0x00ff
  578  000015a8  60640009	seqi	r4,r3,#9
  579  000015ac  1480001c	bnez	r4,L3_LF2
  580  000015b0  54000000	nop; delay slot nop
  581  000015b4  304300ff	andi	r3,r2,#0x00ff
  582  000015b8  6064000a	seqi	r4,r3,#10
  583  000015bc  1480000c	bnez	r4,L3_LF2
  584  000015c0  54000000	nop; delay slot nop
  585  000015c4  08000008	j	L2_LF2
  586  000015c8  54000000	nop; delay slot nop
  587  000015cc          	L3_LF2:
  588  000015cc  20010001	addi	r1,r0,#1
  589  000015d0          	L2_LF2:
  590  000015d0  08000004	j	L1_LF2
  591  000015d4  54000000	nop; delay slot nop
  592  000015d8          	L1_LF2:
  593  000015d8  8fa20000	lw	r2,0(r29)
  594  000015dc  8fa30004	lw	r3,4(r29)
  595  000015e0  8fa40008	lw	r4,8(r29)
  596  000015e4  8fdffff8	lw	r31,-8(r30)
  597  000015e8  001ee820	add	r29,r0,r30
  598  000015ec  8fdefffc	lw	r30,-4(r30)
  599  000015f0  4be00000	jr	r31
  600  000015f4  54000000	nop
  601  000015f8          	.endproc _isspace
  602  000015f8          	.align 2
  603  000015f8          	.proc _isxdigit
  604  000015f8          	.global _isxdigit
  605  000015f8          	_isxdigit:
  606                      ;  Function 'isxdigit'; 0 bytes of locals, 3 regs to save.
  607  000015f8  afbefffc	sw	-4(r29),r30; push fp
  608  000015fc  001df020	add	r30,r0,r29; fp = sp
  609  00001600  afbffff8	sw	-8(r29),r31; push ret addr
  610  00001604  2fbd0018	subui	r29,r29,#24; alloc local storage
  611  00001608  afa20000	sw	0(r29),r2
  612  0000160c  afa30004	sw	4(r29),r3
  613  00001610  afa40008	sw	8(r29),r4
  614  00001614  83c20003	lb	r2,3(r30)
  615  00001618  20010000	addi	r1,r0,#0
  616  0000161c  304300ff	andi	r3,r2,#0x00ff
  617  00001620  6c64002f	sgtui	r4,r3,#47
  618  00001624  1080001c	beqz	r4,L7_LF2
  619  00001628  54000000	nop; delay slot nop
  620  0000162c  304300ff	andi	r3,r2,#0x00ff
  621  00001630  70640039	sleui	r4,r3,#57
  622  00001634  1480005c	bnez	r4,L6_LF2
  623  00001638  54000000	nop; delay slot nop
  624  0000163c  08000004	j	L7_LF2
  625  00001640  54000000	nop; delay slot nop
  626  00001644          	L7_LF2:
  627  00001644  304300ff	andi	r3,r2,#0x00ff
  628  00001648  6c640060	sgtui	r4,r3,#96
  629  0000164c  1080001c	beqz	r4,L8_LF2
  630  00001650  54000000	nop; delay slot nop
  631  00001654  304300ff	andi	r3,r2,#0x00ff
  632  00001658  70640066	sleui	r4,r3,#102
  633  0000165c  14800034	bnez	r4,L6_LF2
  634  00001660  54000000	nop; delay slot nop
  635  00001664  08000004	j	L8_LF2
  636  00001668  54000000	nop; delay slot nop
  637  0000166c          	L8_LF2:
  638  0000166c  304300ff	andi	r3,r2,#0x00ff
  639  00001670  6c640040	sgtui	r4,r3,#64
  640  00001674  10800020	beqz	r4,L5_LF2
  641  00001678  54000000	nop; delay slot nop
  642  0000167c  304300ff	andi	r3,r2,#0x00ff
  643  00001680  70640041	sleui	r4,r3,#65
  644  00001684  1480000c	bnez	r4,L6_LF2
  645  00001688  54000000	nop; delay slot nop
  646  0000168c  08000008	j	L5_LF2
  647  00001690  54000000	nop; delay slot nop
  648  00001694          	L6_LF2:
  649  00001694  20010001	addi	r1,r0,#1
  650  00001698          	L5_LF2:
  651  00001698  08000004	j	L4_LF2
  652  0000169c  54000000	nop; delay slot nop
  653  000016a0          	L4_LF2:
  654  000016a0  8fa20000	lw	r2,0(r29)
  655  000016a4  8fa30004	lw	r3,4(r29)
  656  000016a8  8fa40008	lw	r4,8(r29)
  657  000016ac  8fdffff8	lw	r31,-8(r30)
  658  000016b0  001ee820	add	r29,r0,r30
  659  000016b4  8fdefffc	lw	r30,-4(r30)
  660  000016b8  4be00000	jr	r31
  661  000016bc  54000000	nop
  662  000016c0          	.endproc _isxdigit
  663  000016c0          	.align 2
  664  000016c0          	.proc _dstrcpy
  665  000016c0          	.global _dstrcpy
  666  000016c0          	_dstrcpy:
  667                      ;  Function 'dstrcpy'; 8 bytes of locals, 2 regs to save.
  668  000016c0  afbefffc	sw	-4(r29),r30; push fp
  669  000016c4  001df020	add	r30,r0,r29; fp = sp
  670  000016c8  afbffff8	sw	-8(r29),r31; push ret addr
  671  000016cc  2fbd0018	subui	r29,r29,#24; alloc local storage
  672  000016d0  afa20000	sw	0(r29),r2
  673  000016d4  afa30004	sw	4(r29),r3
  674  000016d8  8fc10000	lw	r1,(r30)
  675  000016dc  afc1fff4	sw	-12(r30),r1
  676  000016e0          	L10_LF2:
  677  000016e0  8fc10000	lw	r1,(r30)
  678  000016e4  20220001	addi	r2,r1,#1
  679  000016e8  afc20000	sw	(r30),r2
  680  000016ec  8fc20004	lw	r2,4(r30)
  681  000016f0  20430001	addi	r3,r2,#1
  682  000016f4  afc30004	sw	4(r30),r3
  683  000016f8  80420000	lb	r2,(r2)
  684  000016fc  a0220000	sb	(r1),r2
  685  00001700  a3c2fff3	sb	-13(r30),r2
  686  00001704          	L12_LF2:
  687  00001704  93c1fff3	lbu	r1,-13(r30)
  688  00001708  64220000	snei	r2,r1,#0
  689  0000170c  1440000c	bnez	r2,L13_LF2
  690  00001710  54000000	nop; delay slot nop
  691  00001714  0800000c	j	L11_LF2
  692  00001718  54000000	nop; delay slot nop
  693  0000171c          	L13_LF2:
  694  0000171c  0bffffc0	j	L10_LF2
  695  00001720  54000000	nop; delay slot nop
  696  00001724          	L11_LF2:
  697  00001724  8fc1fff4	lw	r1,-12(r30)
  698  00001728  08000004	j	L9_LF2
  699  0000172c  54000000	nop; delay slot nop
  700  00001730          	L9_LF2:
  701  00001730  8fa20000	lw	r2,0(r29)
  702  00001734  8fa30004	lw	r3,4(r29)
  703  00001738  8fdffff8	lw	r31,-8(r30)
  704  0000173c  001ee820	add	r29,r0,r30
  705  00001740  8fdefffc	lw	r30,-4(r30)
  706  00001744  4be00000	jr	r31
  707  00001748  54000000	nop
  708  0000174c          	.endproc _dstrcpy
  709  0000174c          	.align 2
  710  0000174c          	.proc _dstrncpy
  711  0000174c          	.global _dstrncpy
  712  0000174c          	_dstrncpy:
  713                      ;  Function 'dstrncpy'; 8 bytes of locals, 2 regs to save.
  714  0000174c  afbefffc	sw	-4(r29),r30; push fp
  715  00001750  001df020	add	r30,r0,r29; fp = sp
  716  00001754  afbffff8	sw	-8(r29),r31; push ret addr
  717  00001758  2fbd0018	subui	r29,r29,#24; alloc local storage
  718  0000175c  afa20000	sw	0(r29),r2
  719  00001760  afa30004	sw	4(r29),r3
  720  00001764  8fc10000	lw	r1,(r30)
  721  00001768  afc1fff4	sw	-12(r30),r1
  722  0000176c          	L15_LF2:
  723  0000176c  8fc10008	lw	r1,8(r30)
  724  00001770  2022ffff	addi	r2,r1,#-1
  725  00001774  afc20008	sw	8(r30),r2
  726  00001778  70210000	slei	r1,r1,#0
  727  0000177c  1020000c	beqz	r1,L18_LF2
  728  00001780  54000000	nop; delay slot nop
  729  00001784  08000048	j	L16_LF2
  730  00001788  54000000	nop; delay slot nop
  731  0000178c          	L18_LF2:
  732  0000178c  8fc10000	lw	r1,(r30)
  733  00001790  20220001	addi	r2,r1,#1
  734  00001794  afc20000	sw	(r30),r2
  735  00001798  8fc20004	lw	r2,4(r30)
  736  0000179c  20430001	addi	r3,r2,#1
  737  000017a0  afc30004	sw	4(r30),r3
  738  000017a4  80420000	lb	r2,(r2)
  739  000017a8  a0220000	sb	(r1),r2
  740  000017ac  a3c2fff3	sb	-13(r30),r2
  741  000017b0          	L17_LF2:
  742  000017b0  93c1fff3	lbu	r1,-13(r30)
  743  000017b4  64220000	snei	r2,r1,#0
  744  000017b8  1440000c	bnez	r2,L19_LF2
  745  000017bc  54000000	nop; delay slot nop
  746  000017c0  0800000c	j	L16_LF2
  747  000017c4  54000000	nop; delay slot nop
  748  000017c8          	L19_LF2:
  749  000017c8  0bffffa0	j	L15_LF2
  750  000017cc  54000000	nop; delay slot nop
  751  000017d0          	L16_LF2:
  752  000017d0  8fc1fff4	lw	r1,-12(r30)
  753  000017d4  08000004	j	L14_LF2
  754  000017d8  54000000	nop; delay slot nop
  755  000017dc          	L14_LF2:
  756  000017dc  8fa20000	lw	r2,0(r29)
  757  000017e0  8fa30004	lw	r3,4(r29)
  758  000017e4  8fdffff8	lw	r31,-8(r30)
  759  000017e8  001ee820	add	r29,r0,r30
  760  000017ec  8fdefffc	lw	r30,-4(r30)
  761  000017f0  4be00000	jr	r31
  762  000017f4  54000000	nop
  763  000017f8          	.endproc _dstrncpy
  764  000017f8          	.align 2
  765  000017f8          	.proc _dstrcat
  766  000017f8          	.global _dstrcat
  767  000017f8          	_dstrcat:
  768                      ;  Function 'dstrcat'; 8 bytes of locals, 1 regs to save.
  769  000017f8  afbefffc	sw	-4(r29),r30; push fp
  770  000017fc  001df020	add	r30,r0,r29; fp = sp
  771  00001800  afbffff8	sw	-8(r29),r31; push ret addr
  772  00001804  2fbd0018	subui	r29,r29,#24; alloc local storage
  773  00001808  afa20000	sw	0(r29),r2
  774  0000180c  8fc10000	lw	r1,(r30)
  775  00001810  afc1fff4	sw	-12(r30),r1
  776  00001814          	L21_LF2:
  777  00001814  8fc10000	lw	r1,(r30)
  778  00001818  90220000	lbu	r2,(r1)
  779  0000181c  64410000	snei	r1,r2,#0
  780  00001820  1420000c	bnez	r1,L23_LF2
  781  00001824  54000000	nop; delay slot nop
  782  00001828  0800001c	j	L22_LF2
  783  0000182c  54000000	nop; delay slot nop
  784  00001830          	L23_LF2:
  785  00001830  8fc20000	lw	r2,(r30)
  786  00001834  20410001	addi	r1,r2,#1
  787  00001838  00011020	add	r2,r0,r1
  788  0000183c  afc20000	sw	(r30),r2
  789  00001840  0bffffd0	j	L21_LF2
  790  00001844  54000000	nop; delay slot nop
  791  00001848          	L22_LF2:
  792  00001848  23bdfff8	addi	r29,r29,#-8
  793  0000184c  001d0820	add	r1,r0,r29
  794  00001850  8fc20000	lw	r2,(r30)
  795  00001854  ac220000	sw	(r1),r2
  796  00001858  8fc20004	lw	r2,4(r30)
  797  0000185c  ac220004	sw	4(r1),r2
  798  00001860  0ffffe5c	jal	_dstrcpy
  799  00001864  54000000	nop; delay slot nop
  800  00001868  23bd0008	addi	r29,r29,#8
  801  0000186c  8fc1fff4	lw	r1,-12(r30)
  802  00001870  08000004	j	L20_LF2
  803  00001874  54000000	nop; delay slot nop
  804  00001878          	L20_LF2:
  805  00001878  8fa20000	lw	r2,0(r29)
  806  0000187c  8fdffff8	lw	r31,-8(r30)
  807  00001880  001ee820	add	r29,r0,r30
  808  00001884  8fdefffc	lw	r30,-4(r30)
  809  00001888  4be00000	jr	r31
  810  0000188c  54000000	nop
  811  00001890          	.endproc _dstrcat
  812  00001890          	.align 2
  813  00001890          	.proc _dstrncmp
  814  00001890          	.global _dstrncmp
  815  00001890          	_dstrncmp:
  816                      ;  Function 'dstrncmp'; 8 bytes of locals, 2 regs to save.
  817  00001890  afbefffc	sw	-4(r29),r30; push fp
  818  00001894  001df020	add	r30,r0,r29; fp = sp
  819  00001898  afbffff8	sw	-8(r29),r31; push ret addr
  820  0000189c  2fbd0018	subui	r29,r29,#24; alloc local storage
  821  000018a0  afa20000	sw	0(r29),r2
  822  000018a4  afa30004	sw	4(r29),r3
  823  000018a8  54000000	nop
  824  000018ac  20010000	addi	r1,r0,#0
  825  000018b0  afc1fff4	sw	-12(r30),r1
  826  000018b4          	L25_LF2:
  827  000018b4  8fc1fff4	lw	r1,-12(r30)
  828  000018b8  8fc20008	lw	r2,8(r30)
  829  000018bc  0022082a	slt	r1,r1,r2
  830  000018c0  1420000c	bnez	r1,L28_LF2
  831  000018c4  54000000	nop; delay slot nop
  832  000018c8  08000088	j	L26_LF2
  833  000018cc  54000000	nop; delay slot nop
  834  000018d0          	L28_LF2:
  835  000018d0  8fc10004	lw	r1,4(r30)
  836  000018d4  90220000	lbu	r2,(r1)
  837  000018d8  64410000	snei	r1,r2,#0
  838  000018dc  14200018	bnez	r1,L29_LF2
  839  000018e0  54000000	nop; delay slot nop
  840  000018e4  20010000	addi	r1,r0,#0
  841  000018e8  080000d8	j	L24_LF2
  842  000018ec  54000000	nop; delay slot nop
  843  000018f0  08000028	j	L30_LF2
  844  000018f4  54000000	nop; delay slot nop
  845  000018f8          	L29_LF2:
  846  000018f8  8fc10000	lw	r1,(r30)
  847  000018fc  8fc20004	lw	r2,4(r30)
  848  00001900  90210000	lbu	r1,(r1)
  849  00001904  90420000	lbu	r2,(r2)
  850  00001908  00220829	sne	r1,r1,r2
  851  0000190c  1020000c	beqz	r1,L30_LF2
  852  00001910  54000000	nop; delay slot nop
  853  00001914  0800003c	j	L26_LF2
  854  00001918  54000000	nop; delay slot nop
  855  0000191c          	L31_LF2:
  856  0000191c          	L30_LF2:
  857  0000191c  8fc20000	lw	r2,(r30)
  858  00001920  20410001	addi	r1,r2,#1
  859  00001924  00011020	add	r2,r0,r1
  860  00001928  afc20000	sw	(r30),r2
  861  0000192c  8fc20004	lw	r2,4(r30)
  862  00001930  20410001	addi	r1,r2,#1
  863  00001934  00011020	add	r2,r0,r1
  864  00001938  afc20004	sw	4(r30),r2
  865  0000193c          	L27_LF2:
  866  0000193c  8fc2fff4	lw	r2,-12(r30)
  867  00001940  20410001	addi	r1,r2,#1
  868  00001944  00011020	add	r2,r0,r1
  869  00001948  afc2fff4	sw	-12(r30),r2
  870  0000194c  0bffff64	j	L25_LF2
  871  00001950  54000000	nop; delay slot nop
  872  00001954          	L26_LF2:
  873  00001954  8fc1fff4	lw	r1,-12(r30)
  874  00001958  8fc20008	lw	r2,8(r30)
  875  0000195c  00220828	seq	r1,r1,r2
  876  00001960  10200018	beqz	r1,L32_LF2
  877  00001964  54000000	nop; delay slot nop
  878  00001968  20010000	addi	r1,r0,#0
  879  0000196c  08000054	j	L24_LF2
  880  00001970  54000000	nop; delay slot nop
  881  00001974  0800004c	j	L33_LF2
  882  00001978  54000000	nop; delay slot nop
  883  0000197c          	L32_LF2:
  884  0000197c  8fc20000	lw	r2,(r30)
  885  00001980  90410000	lbu	r1,(r2)
  886  00001984  8fc20004	lw	r2,4(r30)
  887  00001988  90430000	lbu	r3,(r2)
  888  0000198c  00230822	sub	r1,r1,r3
  889  00001990  74220000	sgei	r2,r1,#0
  890  00001994  10400020	beqz	r2,L34_LF2
  891  00001998  54000000	nop; delay slot nop
  892  0000199c  8fc10000	lw	r1,(r30)
  893  000019a0  8fc20004	lw	r2,4(r30)
  894  000019a4  90210000	lbu	r1,(r1)
  895  000019a8  90420000	lbu	r2,(r2)
  896  000019ac  00220829	sne	r1,r1,r2
  897  000019b0  08000008	j	L35_LF2
  898  000019b4  54000000	nop; delay slot nop
  899  000019b8          	L34_LF2:
  900  000019b8  2001ffff	addi	r1,r0,#-1
  901  000019bc          	L35_LF2:
  902  000019bc  08000004	j	L24_LF2
  903  000019c0  54000000	nop; delay slot nop
  904  000019c4          	L33_LF2:
  905  000019c4          	L24_LF2:
  906  000019c4  8fa20000	lw	r2,0(r29)
  907  000019c8  8fa30004	lw	r3,4(r29)
  908  000019cc  8fdffff8	lw	r31,-8(r30)
  909  000019d0  001ee820	add	r29,r0,r30
  910  000019d4  8fdefffc	lw	r30,-4(r30)
  911  000019d8  4be00000	jr	r31
  912  000019dc  54000000	nop
  913  000019e0          	.endproc _dstrncmp
  914  000019e0          	.align 2
  915  000019e0          	.proc _dstrlen
  916  000019e0          	.global _dstrlen
  917  000019e0          	_dstrlen:
  918                      ;  Function 'dstrlen'; 8 bytes of locals, 1 regs to save.
  919  000019e0  afbefffc	sw	-4(r29),r30; push fp
  920  000019e4  001df020	add	r30,r0,r29; fp = sp
  921  000019e8  afbffff8	sw	-8(r29),r31; push ret addr
  922  000019ec  2fbd0018	subui	r29,r29,#24; alloc local storage
  923  000019f0  afa20000	sw	0(r29),r2
  924  000019f4  20010000	addi	r1,r0,#0
  925  000019f8  afc1fff4	sw	-12(r30),r1
  926  000019fc          	L37_LF2:
  927  000019fc  8fc10000	lw	r1,(r30)
  928  00001a00  20220001	addi	r2,r1,#1
  929  00001a04  afc20000	sw	(r30),r2
  930  00001a08  90210000	lbu	r1,(r1)
  931  00001a0c  64220000	snei	r2,r1,#0
  932  00001a10  1440000c	bnez	r2,L39_LF2
  933  00001a14  54000000	nop; delay slot nop
  934  00001a18  0800001c	j	L38_LF2
  935  00001a1c  54000000	nop; delay slot nop
  936  00001a20          	L39_LF2:
  937  00001a20  8fc2fff4	lw	r2,-12(r30)
  938  00001a24  20410001	addi	r1,r2,#1
  939  00001a28  00011020	add	r2,r0,r1
  940  00001a2c  afc2fff4	sw	-12(r30),r2
  941  00001a30  0bffffc8	j	L37_LF2
  942  00001a34  54000000	nop; delay slot nop
  943  00001a38          	L38_LF2:
  944  00001a38  8fc1fff4	lw	r1,-12(r30)
  945  00001a3c  08000004	j	L36_LF2
  946  00001a40  54000000	nop; delay slot nop
  947  00001a44          	L36_LF2:
  948  00001a44  8fa20000	lw	r2,0(r29)
  949  00001a48  8fdffff8	lw	r31,-8(r30)
  950  00001a4c  001ee820	add	r29,r0,r30
  951  00001a50  8fdefffc	lw	r30,-4(r30)
  952  00001a54  4be00000	jr	r31
  953  00001a58  54000000	nop
  954  00001a5c          	.endproc _dstrlen
  955  00001a5c          	.align 2
  956  00001a5c          	.proc _dstrstr
  957  00001a5c          	.global _dstrstr
  958  00001a5c          	_dstrstr:
  959                      ;  Function 'dstrstr'; 8 bytes of locals, 1 regs to save.
  960  00001a5c  afbefffc	sw	-4(r29),r30; push fp
  961  00001a60  001df020	add	r30,r0,r29; fp = sp
  962  00001a64  afbffff8	sw	-8(r29),r31; push ret addr
  963  00001a68  2fbd0018	subui	r29,r29,#24; alloc local storage
  964  00001a6c  afa20000	sw	0(r29),r2
  965  00001a70  23bdfff8	addi	r29,r29,#-8
  966  00001a74  001d0820	add	r1,r0,r29
  967  00001a78  8fc20004	lw	r2,4(r30)
  968  00001a7c  ac220000	sw	(r1),r2
  969  00001a80  0fffff5c	jal	_dstrlen
  970  00001a84  54000000	nop; delay slot nop
  971  00001a88  23bd0008	addi	r29,r29,#8
  972  00001a8c  afc1fff4	sw	-12(r30),r1
  973  00001a90          	L41_LF2:
  974  00001a90  8fc10000	lw	r1,(r30)
  975  00001a94  90220000	lbu	r2,(r1)
  976  00001a98  64410000	snei	r1,r2,#0
  977  00001a9c  1420000c	bnez	r1,L43_LF2
  978  00001aa0  54000000	nop; delay slot nop
  979  00001aa4  08000060	j	L42_LF2
  980  00001aa8  54000000	nop; delay slot nop
  981  00001aac          	L43_LF2:
  982  00001aac  23bdfff0	addi	r29,r29,#-16
  983  00001ab0  001d0820	add	r1,r0,r29
  984  00001ab4  8fc20000	lw	r2,(r30)
  985  00001ab8  ac220000	sw	(r1),r2
  986  00001abc  8fc20004	lw	r2,4(r30)
  987  00001ac0  ac220004	sw	4(r1),r2
  988  00001ac4  8fc2fff4	lw	r2,-12(r30)
  989  00001ac8  ac220008	sw	8(r1),r2
  990  00001acc  0ffffdc0	jal	_dstrncmp
  991  00001ad0  54000000	nop; delay slot nop
  992  00001ad4  23bd0010	addi	r29,r29,#16
  993  00001ad8  64220000	snei	r2,r1,#0
  994  00001adc  14400010	bnez	r2,L44_LF2
  995  00001ae0  54000000	nop; delay slot nop
  996  00001ae4  8fc10000	lw	r1,(r30)
  997  00001ae8  08000028	j	L40_LF2
  998  00001aec  54000000	nop; delay slot nop
  999  00001af0          	L44_LF2:
 1000  00001af0  8fc20000	lw	r2,(r30)
 1001  00001af4  20410001	addi	r1,r2,#1
 1002  00001af8  00011020	add	r2,r0,r1
 1003  00001afc  afc20000	sw	(r30),r2
 1004  00001b00  0bffff8c	j	L41_LF2
 1005  00001b04  54000000	nop; delay slot nop
 1006  00001b08          	L42_LF2:
 1007  00001b08  20010000	addi	r1,r0,#0
 1008  00001b0c  08000004	j	L40_LF2
 1009  00001b10  54000000	nop; delay slot nop
 1010  00001b14          	L40_LF2:
 1011  00001b14  8fa20000	lw	r2,0(r29)
 1012  00001b18  8fdffff8	lw	r31,-8(r30)
 1013  00001b1c  001ee820	add	r29,r0,r30
 1014  00001b20  8fdefffc	lw	r30,-4(r30)
 1015  00001b24  4be00000	jr	r31
 1016  00001b28  54000000	nop
 1017  00001b2c          	.endproc _dstrstr
 1018  00001b2c          	.align 2
 1019  00001b2c          	.proc _dmindex
 1020  00001b2c          	.global _dmindex
 1021  00001b2c          	_dmindex:
 1022                      ;  Function 'dmindex'; 8 bytes of locals, 1 regs to save.
 1023  00001b2c  afbefffc	sw	-4(r29),r30; push fp
 1024  00001b30  001df020	add	r30,r0,r29; fp = sp
 1025  00001b34  afbffff8	sw	-8(r29),r31; push ret addr
 1026  00001b38  2fbd0018	subui	r29,r29,#24; alloc local storage
 1027  00001b3c  afa20000	sw	0(r29),r2
 1028  00001b40  54000000	nop
 1029  00001b44          	L46_LF2:
 1030  00001b44  8fc10000	lw	r1,(r30)
 1031  00001b48  90220000	lbu	r2,(r1)
 1032  00001b4c  64410000	snei	r1,r2,#0
 1033  00001b50  1420000c	bnez	r1,L48_LF2
 1034  00001b54  54000000	nop; delay slot nop
 1035  00001b58  08000070	j	L47_LF2
 1036  00001b5c  54000000	nop; delay slot nop
 1037  00001b60          	L48_LF2:
 1038  00001b60  8fc10004	lw	r1,4(r30)
 1039  00001b64  afc1fff4	sw	-12(r30),r1
 1040  00001b68          	L49_LF2:
 1041  00001b68  8fc1fff4	lw	r1,-12(r30)
 1042  00001b6c  90220000	lbu	r2,(r1)
 1043  00001b70  64410000	snei	r1,r2,#0
 1044  00001b74  1420000c	bnez	r1,L52_LF2
 1045  00001b78  54000000	nop; delay slot nop
 1046  00001b7c  08000044	j	L50_LF2
 1047  00001b80  54000000	nop; delay slot nop
 1048  00001b84          	L52_LF2:
 1049  00001b84  8fc10000	lw	r1,(r30)
 1050  00001b88  8fc2fff4	lw	r2,-12(r30)
 1051  00001b8c  90210000	lbu	r1,(r1)
 1052  00001b90  90420000	lbu	r2,(r2)
 1053  00001b94  00220828	seq	r1,r1,r2
 1054  00001b98  10200010	beqz	r1,L51_LF2
 1055  00001b9c  54000000	nop; delay slot nop
 1056  00001ba0  8fc10000	lw	r1,(r30)
 1057  00001ba4  08000030	j	L45_LF2
 1058  00001ba8  54000000	nop; delay slot nop
 1059  00001bac          	L53_LF2:
 1060  00001bac          	L51_LF2:
 1061  00001bac  8fc2fff4	lw	r2,-12(r30)
 1062  00001bb0  20410001	addi	r1,r2,#1
 1063  00001bb4  00011020	add	r2,r0,r1
 1064  00001bb8  afc2fff4	sw	-12(r30),r2
 1065  00001bbc  0bffffa8	j	L49_LF2
 1066  00001bc0  54000000	nop; delay slot nop
 1067  00001bc4          	L50_LF2:
 1068  00001bc4  0bffff7c	j	L46_LF2
 1069  00001bc8  54000000	nop; delay slot nop
 1070  00001bcc          	L47_LF2:
 1071  00001bcc  20010000	addi	r1,r0,#0
 1072  00001bd0  08000004	j	L45_LF2
 1073  00001bd4  54000000	nop; delay slot nop
 1074  00001bd8          	L45_LF2:
 1075  00001bd8  8fa20000	lw	r2,0(r29)
 1076  00001bdc  8fdffff8	lw	r31,-8(r30)
 1077  00001be0  001ee820	add	r29,r0,r30
 1078  00001be4  8fdefffc	lw	r30,-4(r30)
 1079  00001be8  4be00000	jr	r31
 1080  00001bec  54000000	nop
 1081  00001bf0          	.endproc _dmindex
 1082  00001bf0          	.align 2
 1083  00001bf0          	.proc _dindex
 1084  00001bf0          	.global _dindex
 1085  00001bf0          	_dindex:
 1086                      ;  Function 'dindex'; 0 bytes of locals, 1 regs to save.
 1087  00001bf0  afbefffc	sw	-4(r29),r30; push fp
 1088  00001bf4  001df020	add	r30,r0,r29; fp = sp
 1089  00001bf8  afbffff8	sw	-8(r29),r31; push ret addr
 1090  00001bfc  2fbd0010	subui	r29,r29,#16; alloc local storage
 1091  00001c00  afa20000	sw	0(r29),r2
 1092  00001c04  54000000	nop
 1093  00001c08          	L55_LF2:
 1094  00001c08  8fc10000	lw	r1,(r30)
 1095  00001c0c  90220000	lbu	r2,(r1)
 1096  00001c10  64410000	snei	r1,r2,#0
 1097  00001c14  1420000c	bnez	r1,L57_LF2
 1098  00001c18  54000000	nop; delay slot nop
 1099  00001c1c  08000040	j	L56_LF2
 1100  00001c20  54000000	nop; delay slot nop
 1101  00001c24          	L57_LF2:
 1102  00001c24  8fc10000	lw	r1,(r30)
 1103  00001c28  90220000	lbu	r2,(r1)
 1104  00001c2c  8fc10004	lw	r1,4(r30)
 1105  00001c30  00411028	seq	r2,r2,r1
 1106  00001c34  10400010	beqz	r2,L58_LF2
 1107  00001c38  54000000	nop; delay slot nop
 1108  00001c3c  8fc10000	lw	r1,(r30)
 1109  00001c40  08000028	j	L54_LF2
 1110  00001c44  54000000	nop; delay slot nop
 1111  00001c48          	L58_LF2:
 1112  00001c48  8fc20000	lw	r2,(r30)
 1113  00001c4c  20410001	addi	r1,r2,#1
 1114  00001c50  00011020	add	r2,r0,r1
 1115  00001c54  afc20000	sw	(r30),r2
 1116  00001c58  0bffffac	j	L55_LF2
 1117  00001c5c  54000000	nop; delay slot nop
 1118  00001c60          	L56_LF2:
 1119  00001c60  20010000	addi	r1,r0,#0
 1120  00001c64  08000004	j	L54_LF2
 1121  00001c68  54000000	nop; delay slot nop
 1122  00001c6c          	L54_LF2:
 1123  00001c6c  8fa20000	lw	r2,0(r29)
 1124  00001c70  8fdffff8	lw	r31,-8(r30)
 1125  00001c74  001ee820	add	r29,r0,r30
 1126  00001c78  8fdefffc	lw	r30,-4(r30)
 1127  00001c7c  4be00000	jr	r31
 1128  00001c80  54000000	nop
 1129  00001c84          	.endproc _dindex
 1130  00001c84          	.align 2
 1131  00001c84          	.proc _ditoa
 1132  00001c84          	.global _ditoa
 1133  00001c84          	_ditoa:
 1134                      ;  Function 'ditoa'; 8 bytes of locals, 2 regs to save.
 1135  00001c84  afbefffc	sw	-4(r29),r30; push fp
 1136  00001c88  001df020	add	r30,r0,r29; fp = sp
 1137  00001c8c  afbffff8	sw	-8(r29),r31; push ret addr
 1138  00001c90  2fbd0018	subui	r29,r29,#24; alloc local storage
 1139  00001c94  afa20000	sw	0(r29),r2
 1140  00001c98  afa30004	sw	4(r29),r3
 1141  00001c9c  8fc10000	lw	r1,(r30)
 1142  00001ca0  68220000	slti	r2,r1,#0
 1143  00001ca4  1040002c	beqz	r2,L60_LF2
 1144  00001ca8  54000000	nop; delay slot nop
 1145  00001cac  8fc10004	lw	r1,4(r30)
 1146  00001cb0  20220001	addi	r2,r1,#1
 1147  00001cb4  afc20004	sw	4(r30),r2
 1148  00001cb8  2002002d	addi	r2,r0,(#0x2d)&0xff
 1149  00001cbc  a0220000	sb	(r1),r2
 1150  00001cc0  8fc10000	lw	r1,(r30)
 1151  00001cc4  00011022	sub	r2,r0,r1
 1152  00001cc8  afc20000	sw	(r30),r2
 1153  00001ccc  08000118	j	L61_LF2
 1154  00001cd0  54000000	nop; delay slot nop
 1155  00001cd4          	L60_LF2:
 1156  00001cd4  8fc10000	lw	r1,(r30)
 1157  00001cd8  64220000	snei	r2,r1,#0
 1158  00001cdc  14400020	bnez	r2,L62_LF2
 1159  00001ce0  54000000	nop; delay slot nop
 1160  00001ce4  8fc10004	lw	r1,4(r30)
 1161  00001ce8  20220001	addi	r2,r1,#1
 1162  00001cec  afc20004	sw	4(r30),r2
 1163  00001cf0  20020030	addi	r2,r0,(#0x30)&0xff
 1164  00001cf4  a0220000	sb	(r1),r2
 1165  00001cf8  080000ec	j	L61_LF2
 1166  00001cfc  54000000	nop; delay slot nop
 1167  00001d00          	L62_LF2:
 1168  00001d00  20010001	addi	r1,r0,#1
 1169  00001d04  afc1fff4	sw	-12(r30),r1
 1170  00001d08          	L64_LF2:
 1171  00001d08  8fc1fff4	lw	r1,-12(r30)
 1172  00001d0c  8fc20000	lw	r2,(r30)
 1173  00001d10  0022082c	sle	r1,r1,r2
 1174  00001d14  1420000c	bnez	r1,L66_LF2
 1175  00001d18  54000000	nop; delay slot nop
 1176  00001d1c  08000024	j	L65_LF2
 1177  00001d20  54000000	nop; delay slot nop
 1178  00001d24          	L67_LF2:
 1179  00001d24          	L66_LF2:
 1180  00001d24  8fc1fff4	lw	r1,-12(r30)
 1181  00001d28  00011820	add	r3,r0,r1
 1182  00001d2c  50620002	slli	r2,r3,#0x2
 1183  00001d30  00411020	add	r2,r2,r1
 1184  00001d34  50410001	slli	r1,r2,#0x1
 1185  00001d38  afc1fff4	sw	-12(r30),r1
 1186  00001d3c  0bffffc8	j	L64_LF2
 1187  00001d40  54000000	nop; delay slot nop
 1188  00001d44          	L65_LF2:
 1189  00001d44  54000000	nop
 1190  00001d48          	L68_LF2:
 1191  00001d48  8fc1fff4	lw	r1,-12(r30)
 1192  00001d4c  2002000a	addi	r2,r0,#10
 1193  00001d50  00200035	movi2fp	f0,r1
 1194  00001d54  00400835	movi2fp	f1,r2
 1195  00001d58  0401000f	div	f0,f0,f1
 1196  00001d5c  00000834	movfp2i	r1,f0
 1197  00001d60  afc1fff4	sw	-12(r30),r1
 1198  00001d64  8fc10004	lw	r1,4(r30)
 1199  00001d68  20220001	addi	r2,r1,#1
 1200  00001d6c  afc20004	sw	4(r30),r2
 1201  00001d70  8fc20000	lw	r2,(r30)
 1202  00001d74  8fc3fff4	lw	r3,-12(r30)
 1203  00001d78  00400035	movi2fp	f0,r2
 1204  00001d7c  00600835	movi2fp	f1,r3
 1205  00001d80  0401000f	div	f0,f0,f1
 1206  00001d84  00001034	movfp2i	r2,f0
 1207  00001d88  00021820	add	r3,r0,r2
 1208  00001d8c  20620030	addi	r2,r3,#48
 1209  00001d90  a0220000	sb	(r1),r2
 1210  00001d94  8fc10000	lw	r1,(r30)
 1211  00001d98  8fc3fff4	lw	r3,-12(r30)
 1212  00001d9c  00200035	movi2fp	f0,r1
 1213  00001da0  00600835	movi2fp	f1,r3
 1214  00001da4  0401000f	div	f0,f0,f1
 1215  00001da8  00001034	movfp2i	r2,f0
 1216  00001dac  8fc3fff4	lw	r3,-12(r30)
 1217  00001db0  00400035	movi2fp	f0,r2
 1218  00001db4  00600835	movi2fp	f1,r3
 1219  00001db8  0401000e	mult	f0,f0,f1
 1220  00001dbc  00001034	movfp2i	r2,f0
 1221  00001dc0  00220822	sub	r1,r1,r2
 1222  00001dc4  afc10000	sw	(r30),r1
 1223  00001dc8          	L70_LF2:
 1224  00001dc8  8fc1fff4	lw	r1,-12(r30)
 1225  00001dcc  6c220001	sgti	r2,r1,#1
 1226  00001dd0  1440000c	bnez	r2,L71_LF2
 1227  00001dd4  54000000	nop; delay slot nop
 1228  00001dd8  0800000c	j	L61_LF2
 1229  00001ddc  54000000	nop; delay slot nop
 1230  00001de0          	L71_LF2:
 1231  00001de0  0bffff64	j	L68_LF2
 1232  00001de4  54000000	nop; delay slot nop
 1233  00001de8          	L69_LF2:
 1234  00001de8          	L63_LF2:
 1235  00001de8          	L61_LF2:
 1236  00001de8  8fc10004	lw	r1,4(r30)
 1237  00001dec  20020000	addi	r2,r0,(#0x0)&0xff
 1238  00001df0  a0220000	sb	(r1),r2
 1239  00001df4          	L59_LF2:
 1240  00001df4  8fa20000	lw	r2,0(r29)
 1241  00001df8  8fa30004	lw	r3,4(r29)
 1242  00001dfc  8fdffff8	lw	r31,-8(r30)
 1243  00001e00  001ee820	add	r29,r0,r30
 1244  00001e04  8fdefffc	lw	r30,-4(r30)
 1245  00001e08  4be00000	jr	r31
 1246  00001e0c  54000000	nop
 1247  00001e10          	.endproc _ditoa
 1248  00001e10          	.align 2
 1249  00001e10          	.proc _dstrtol
 1250  00001e10          	.global _dstrtol
 1251  00001e10          	_dstrtol:
 1252                      ;  Function 'dstrtol'; 16 bytes of locals, 1 regs to save.
 1253  00001e10  afbefffc	sw	-4(r29),r30; push fp
 1254  00001e14  001df020	add	r30,r0,r29; fp = sp
 1255  00001e18  afbffff8	sw	-8(r29),r31; push ret addr
 1256  00001e1c  2fbd0020	subui	r29,r29,#32; alloc local storage
 1257  00001e20  afa20000	sw	0(r29),r2
 1258  00001e24  20010000	addi	r1,r0,#0
 1259  00001e28  afc1fff4	sw	-12(r30),r1
 1260  00001e2c          	L73_LF2:
 1261  00001e2c  8fc10000	lw	r1,(r30)
 1262  00001e30  90220000	lbu	r2,(r1)
 1263  00001e34  60410020	seqi	r1,r2,#32
 1264  00001e38  14200034	bnez	r1,L75_LF2
 1265  00001e3c  54000000	nop; delay slot nop
 1266  00001e40  8fc10000	lw	r1,(r30)
 1267  00001e44  90220000	lbu	r2,(r1)
 1268  00001e48  60410009	seqi	r1,r2,#9
 1269  00001e4c  14200020	bnez	r1,L75_LF2
 1270  00001e50  54000000	nop; delay slot nop
 1271  00001e54  8fc10000	lw	r1,(r30)
 1272  00001e58  90220000	lbu	r2,(r1)
 1273  00001e5c  6041000a	seqi	r1,r2,#10
 1274  00001e60  1420000c	bnez	r1,L75_LF2
 1275  00001e64  54000000	nop; delay slot nop
 1276  00001e68  0800001c	j	L74_LF2
 1277  00001e6c  54000000	nop; delay slot nop
 1278  00001e70          	L75_LF2:
 1279  00001e70  8fc20000	lw	r2,(r30)
 1280  00001e74  20410001	addi	r1,r2,#1
 1281  00001e78  00011020	add	r2,r0,r1
 1282  00001e7c  afc20000	sw	(r30),r2
 1283  00001e80  0bffffa8	j	L73_LF2
 1284  00001e84  54000000	nop; delay slot nop
 1285  00001e88          	L74_LF2:
 1286  00001e88  8fc10004	lw	r1,4(r30)
 1287  00001e8c  64220000	snei	r2,r1,#0
 1288  00001e90  10400010	beqz	r2,L76_LF2
 1289  00001e94  54000000	nop; delay slot nop
 1290  00001e98  8fc10004	lw	r1,4(r30)
 1291  00001e9c  8fc20000	lw	r2,(r30)
 1292  00001ea0  ac220000	sw	(r1),r2
 1293  00001ea4          	L76_LF2:
 1294  00001ea4  8fc10000	lw	r1,(r30)
 1295  00001ea8  90220000	lbu	r2,(r1)
 1296  00001eac  64410000	snei	r1,r2,#0
 1297  00001eb0  14200010	bnez	r1,L77_LF2
 1298  00001eb4  54000000	nop; delay slot nop
 1299  00001eb8  8fc1fff4	lw	r1,-12(r30)
 1300  00001ebc  08000294	j	L72_LF2
 1301  00001ec0  54000000	nop; delay slot nop
 1302  00001ec4          	L77_LF2:
 1303  00001ec4  8fc10000	lw	r1,(r30)
 1304  00001ec8  90220000	lbu	r2,(r1)
 1305  00001ecc  6041002d	seqi	r1,r2,#45
 1306  00001ed0  10200024	beqz	r1,L78_LF2
 1307  00001ed4  54000000	nop; delay slot nop
 1308  00001ed8  2001ffff	addi	r1,r0,#-1
 1309  00001edc  afc1ffec	sw	-20(r30),r1
 1310  00001ee0  8fc20000	lw	r2,(r30)
 1311  00001ee4  20410001	addi	r1,r2,#1
 1312  00001ee8  00011020	add	r2,r0,r1
 1313  00001eec  afc20000	sw	(r30),r2
 1314  00001ef0  0800000c	j	L79_LF2
 1315  00001ef4  54000000	nop; delay slot nop
 1316  00001ef8          	L78_LF2:
 1317  00001ef8  20010001	addi	r1,r0,#1
 1318  00001efc  afc1ffec	sw	-20(r30),r1
 1319  00001f00          	L79_LF2:
 1320  00001f00  8fc10008	lw	r1,8(r30)
 1321  00001f04  64220000	snei	r2,r1,#0
 1322  00001f08  14400090	bnez	r2,L80_LF2
 1323  00001f0c  54000000	nop; delay slot nop
 1324  00001f10  8fc10000	lw	r1,(r30)
 1325  00001f14  90220000	lbu	r2,(r1)
 1326  00001f18  60410030	seqi	r1,r2,#48
 1327  00001f1c  10200074	beqz	r1,L81_LF2
 1328  00001f20  54000000	nop; delay slot nop
 1329  00001f24  8fc20000	lw	r2,(r30)
 1330  00001f28  20410001	addi	r1,r2,#1
 1331  00001f2c  00011020	add	r2,r0,r1
 1332  00001f30  afc20000	sw	(r30),r2
 1333  00001f34  8fc10000	lw	r1,(r30)
 1334  00001f38  90220000	lbu	r2,(r1)
 1335  00001f3c  60410078	seqi	r1,r2,#120
 1336  00001f40  14200020	bnez	r1,L83_LF2
 1337  00001f44  54000000	nop; delay slot nop
 1338  00001f48  8fc10000	lw	r1,(r30)
 1339  00001f4c  90220000	lbu	r2,(r1)
 1340  00001f50  60410058	seqi	r1,r2,#88
 1341  00001f54  1420000c	bnez	r1,L83_LF2
 1342  00001f58  54000000	nop; delay slot nop
 1343  00001f5c  08000024	j	L82_LF2
 1344  00001f60  54000000	nop; delay slot nop
 1345  00001f64          	L83_LF2:
 1346  00001f64  20010010	addi	r1,r0,#16
 1347  00001f68  afc10008	sw	8(r30),r1
 1348  00001f6c  8fc20000	lw	r2,(r30)
 1349  00001f70  20410001	addi	r1,r2,#1
 1350  00001f74  00011020	add	r2,r0,r1
 1351  00001f78  afc20000	sw	(r30),r2
 1352  00001f7c  0800000c	j	L84_LF2
 1353  00001f80  54000000	nop; delay slot nop
 1354  00001f84          	L82_LF2:
 1355  00001f84  20010008	addi	r1,r0,#8
 1356  00001f88  afc10008	sw	8(r30),r1
 1357  00001f8c          	L84_LF2:
 1358  00001f8c  0800000c	j	L80_LF2
 1359  00001f90  54000000	nop; delay slot nop
 1360  00001f94          	L81_LF2:
 1361  00001f94  2001000a	addi	r1,r0,#10
 1362  00001f98  afc10008	sw	8(r30),r1
 1363  00001f9c          	L85_LF2:
 1364  00001f9c          	L80_LF2:
 1365  00001f9c  8fc10008	lw	r1,8(r30)
 1366  00001fa0  70220000	slei	r2,r1,#0
 1367  00001fa4  1440001c	bnez	r2,L87_LF2
 1368  00001fa8  54000000	nop; delay slot nop
 1369  00001fac  8fc10008	lw	r1,8(r30)
 1370  00001fb0  6c220010	sgti	r2,r1,#16
 1371  00001fb4  1440000c	bnez	r2,L87_LF2
 1372  00001fb8  54000000	nop; delay slot nop
 1373  00001fbc  08000010	j	L86_LF2
 1374  00001fc0  54000000	nop; delay slot nop
 1375  00001fc4          	L87_LF2:
 1376  00001fc4  8fc1fff4	lw	r1,-12(r30)
 1377  00001fc8  08000188	j	L72_LF2
 1378  00001fcc  54000000	nop; delay slot nop
 1379  00001fd0          	L86_LF2:
 1380  00001fd0  54000000	nop
 1381  00001fd4          	L88_LF2:
 1382  00001fd4  8fc10000	lw	r1,(r30)
 1383  00001fd8  90220000	lbu	r2,(r1)
 1384  00001fdc  6c41002f	sgtui	r1,r2,#47
 1385  00001fe0  10200030	beqz	r1,L91_LF2
 1386  00001fe4  54000000	nop; delay slot nop
 1387  00001fe8  8fc10000	lw	r1,(r30)
 1388  00001fec  90220000	lbu	r2,(r1)
 1389  00001ff0  70410039	sleui	r1,r2,#57
 1390  00001ff4  1020001c	beqz	r1,L91_LF2
 1391  00001ff8  54000000	nop; delay slot nop
 1392  00001ffc  8fc10000	lw	r1,(r30)
 1393  00002000  90220000	lbu	r2,(r1)
 1394  00002004  2041ffd0	addi	r1,r2,#-48
 1395  00002008  afc1fff0	sw	-16(r30),r1
 1396  0000200c  0800008c	j	L92_LF2
 1397  00002010  54000000	nop; delay slot nop
 1398  00002014          	L91_LF2:
 1399  00002014  8fc10000	lw	r1,(r30)
 1400  00002018  90220000	lbu	r2,(r1)
 1401  0000201c  6c410060	sgtui	r1,r2,#96
 1402  00002020  10200030	beqz	r1,L93_LF2
 1403  00002024  54000000	nop; delay slot nop
 1404  00002028  8fc10000	lw	r1,(r30)
 1405  0000202c  90220000	lbu	r2,(r1)
 1406  00002030  7041007a	sleui	r1,r2,#122
 1407  00002034  1020001c	beqz	r1,L93_LF2
 1408  00002038  54000000	nop; delay slot nop
 1409  0000203c  8fc10000	lw	r1,(r30)
 1410  00002040  90220000	lbu	r2,(r1)
 1411  00002044  2041ffa9	addi	r1,r2,#-87
 1412  00002048  afc1fff0	sw	-16(r30),r1
 1413  0000204c  0800004c	j	L92_LF2
 1414  00002050  54000000	nop; delay slot nop
 1415  00002054          	L93_LF2:
 1416  00002054  8fc10000	lw	r1,(r30)
 1417  00002058  90220000	lbu	r2,(r1)
 1418  0000205c  6c410040	sgtui	r1,r2,#64
 1419  00002060  10200030	beqz	r1,L95_LF2
 1420  00002064  54000000	nop; delay slot nop
 1421  00002068  8fc10000	lw	r1,(r30)
 1422  0000206c  90220000	lbu	r2,(r1)
 1423  00002070  7041005a	sleui	r1,r2,#90
 1424  00002074  1020001c	beqz	r1,L95_LF2
 1425  00002078  54000000	nop; delay slot nop
 1426  0000207c  8fc10000	lw	r1,(r30)
 1427  00002080  90220000	lbu	r2,(r1)
 1428  00002084  2041ffc9	addi	r1,r2,#-55
 1429  00002088  afc1fff0	sw	-16(r30),r1
 1430  0000208c  0800000c	j	L92_LF2
 1431  00002090  54000000	nop; delay slot nop
 1432  00002094          	L95_LF2:
 1433  00002094  200103e8	addi	r1,r0,#1000
 1434  00002098  afc1fff0	sw	-16(r30),r1
 1435  0000209c          	L96_LF2:
 1436  0000209c          	L94_LF2:
 1437  0000209c          	L92_LF2:
 1438  0000209c  8fc1fff0	lw	r1,-16(r30)
 1439  000020a0  8fc20008	lw	r2,8(r30)
 1440  000020a4  0022082a	slt	r1,r1,r2
 1441  000020a8  10200040	beqz	r1,L90_LF2
 1442  000020ac  54000000	nop; delay slot nop
 1443  000020b0  8fc1fff4	lw	r1,-12(r30)
 1444  000020b4  8fc20008	lw	r2,8(r30)
 1445  000020b8  00200035	movi2fp	f0,r1
 1446  000020bc  00400835	movi2fp	f1,r2
 1447  000020c0  0401000e	mult	f0,f0,f1
 1448  000020c4  00000834	movfp2i	r1,f0
 1449  000020c8  afc1fff4	sw	-12(r30),r1
 1450  000020cc  8fc1fff4	lw	r1,-12(r30)
 1451  000020d0  8fc2fff0	lw	r2,-16(r30)
 1452  000020d4  00220820	add	r1,r1,r2
 1453  000020d8  afc1fff4	sw	-12(r30),r1
 1454  000020dc  8fc20000	lw	r2,(r30)
 1455  000020e0  20410001	addi	r1,r2,#1
 1456  000020e4  00011020	add	r2,r0,r1
 1457  000020e8  afc20000	sw	(r30),r2
 1458  000020ec          	L97_LF2:
 1459  000020ec          	L90_LF2:
 1460  000020ec  8fc1fff0	lw	r1,-16(r30)
 1461  000020f0  8fc20008	lw	r2,8(r30)
 1462  000020f4  0022082a	slt	r1,r1,r2
 1463  000020f8  1420000c	bnez	r1,L98_LF2
 1464  000020fc  54000000	nop; delay slot nop
 1465  00002100  0800000c	j	L89_LF2
 1466  00002104  54000000	nop; delay slot nop
 1467  00002108          	L98_LF2:
 1468  00002108  0bfffec8	j	L88_LF2
 1469  0000210c  54000000	nop; delay slot nop
 1470  00002110          	L89_LF2:
 1471  00002110  8fc10004	lw	r1,4(r30)
 1472  00002114  64220000	snei	r2,r1,#0
 1473  00002118  10400010	beqz	r2,L99_LF2
 1474  0000211c  54000000	nop; delay slot nop
 1475  00002120  8fc10004	lw	r1,4(r30)
 1476  00002124  8fc20000	lw	r2,(r30)
 1477  00002128  ac220000	sw	(r1),r2
 1478  0000212c          	L99_LF2:
 1479  0000212c  8fc1fff4	lw	r1,-12(r30)
 1480  00002130  8fc2ffec	lw	r2,-20(r30)
 1481  00002134  00200035	movi2fp	f0,r1
 1482  00002138  00400835	movi2fp	f1,r2
 1483  0000213c  0401000e	mult	f0,f0,f1
 1484  00002140  00000834	movfp2i	r1,f0
 1485  00002144  afc1fff4	sw	-12(r30),r1
 1486  00002148  8fc1fff4	lw	r1,-12(r30)
 1487  0000214c  08000004	j	L72_LF2
 1488  00002150  54000000	nop; delay slot nop
 1489  00002154          	L72_LF2:
 1490  00002154  8fa20000	lw	r2,0(r29)
 1491  00002158  8fdffff8	lw	r31,-8(r30)
 1492  0000215c  001ee820	add	r29,r0,r30
 1493  00002160  8fdefffc	lw	r30,-4(r30)
 1494  00002164  4be00000	jr	r31
 1495  00002168  54000000	nop
 1496  0000216c          	.endproc _dstrtol
 1497  0000216c          	.align 2
 1498  0000216c          	.proc _bcopy
 1499  0000216c          	.global _bcopy
 1500  0000216c          	_bcopy:
 1501                      ;  Function 'bcopy'; 0 bytes of locals, 2 regs to save.
 1502  0000216c  afbefffc	sw	-4(r29),r30; push fp
 1503  00002170  001df020	add	r30,r0,r29; fp = sp
 1504  00002174  afbffff8	sw	-8(r29),r31; push ret addr
 1505  00002178  2fbd0010	subui	r29,r29,#16; alloc local storage
 1506  0000217c  afa20000	sw	0(r29),r2
 1507  00002180  afa30004	sw	4(r29),r3
 1508  00002184  54000000	nop
 1509  00002188          	L101_LF2:
 1510  00002188  8fc10008	lw	r1,8(r30)
 1511  0000218c  2022ffff	addi	r2,r1,#-1
 1512  00002190  afc20008	sw	8(r30),r2
 1513  00002194  6c210000	sgti	r1,r1,#0
 1514  00002198  1420000c	bnez	r1,L103_LF2
 1515  0000219c  54000000	nop; delay slot nop
 1516  000021a0  0800002c	j	L102_LF2
 1517  000021a4  54000000	nop; delay slot nop
 1518  000021a8          	L103_LF2:
 1519  000021a8  8fc10004	lw	r1,4(r30)
 1520  000021ac  20220001	addi	r2,r1,#1
 1521  000021b0  afc20004	sw	4(r30),r2
 1522  000021b4  8fc20000	lw	r2,(r30)
 1523  000021b8  20430001	addi	r3,r2,#1
 1524  000021bc  afc30000	sw	(r30),r3
 1525  000021c0  80420000	lb	r2,(r2)
 1526  000021c4  a0220000	sb	(r1),r2
 1527  000021c8  0bffffbc	j	L101_LF2
 1528  000021cc  54000000	nop; delay slot nop
 1529  000021d0          	L102_LF2:
 1530  000021d0          	L100_LF2:
 1531  000021d0  8fa20000	lw	r2,0(r29)
 1532  000021d4  8fa30004	lw	r3,4(r29)
 1533  000021d8  8fdffff8	lw	r31,-8(r30)
 1534  000021dc  001ee820	add	r29,r0,r30
 1535  000021e0  8fdefffc	lw	r30,-4(r30)
 1536  000021e4  4be00000	jr	r31
 1537  000021e8  54000000	nop
 1538  000021ec          	.endproc _bcopy
 1539  000021ec          	.align 2
 1540  000021ec          	.proc _bzero
 1541  000021ec          	.global _bzero
 1542  000021ec          	_bzero:
 1543                      ;  Function 'bzero'; 0 bytes of locals, 1 regs to save.
 1544  000021ec  afbefffc	sw	-4(r29),r30; push fp
 1545  000021f0  001df020	add	r30,r0,r29; fp = sp
 1546  000021f4  afbffff8	sw	-8(r29),r31; push ret addr
 1547  000021f8  2fbd0010	subui	r29,r29,#16; alloc local storage
 1548  000021fc  afa20000	sw	0(r29),r2
 1549  00002200  54000000	nop
 1550  00002204          	L105_LF2:
 1551  00002204  8fc10004	lw	r1,4(r30)
 1552  00002208  2022ffff	addi	r2,r1,#-1
 1553  0000220c  afc20004	sw	4(r30),r2
 1554  00002210  6c210000	sgti	r1,r1,#0
 1555  00002214  1420000c	bnez	r1,L107_LF2
 1556  00002218  54000000	nop; delay slot nop
 1557  0000221c  08000020	j	L106_LF2
 1558  00002220  54000000	nop; delay slot nop
 1559  00002224          	L107_LF2:
 1560  00002224  8fc10000	lw	r1,(r30)
 1561  00002228  20220001	addi	r2,r1,#1
 1562  0000222c  afc20000	sw	(r30),r2
 1563  00002230  20020000	addi	r2,r0,(#0x0)&0xff
 1564  00002234  a0220000	sb	(r1),r2
 1565  00002238  0bffffc8	j	L105_LF2
 1566  0000223c  54000000	nop; delay slot nop
 1567  00002240          	L106_LF2:
 1568  00002240          	L104_LF2:
 1569  00002240  8fa20000	lw	r2,0(r29)
 1570  00002244  8fdffff8	lw	r31,-8(r30)
 1571  00002248  001ee820	add	r29,r0,r30
 1572  0000224c  8fdefffc	lw	r30,-4(r30)
 1573  00002250  4be00000	jr	r31
 1574  00002254  54000000	nop
 1575  00002258          	.endproc _bzero
 1576  00002258          	.align 2
 1577  00002258          	.proc _min
 1578  00002258          	.global _min
 1579  00002258          	_min:
 1580                      ;  Function 'min'; 0 bytes of locals, 2 regs to save.
 1581  00002258  afbefffc	sw	-4(r29),r30; push fp
 1582  0000225c  001df020	add	r30,r0,r29; fp = sp
 1583  00002260  afbffff8	sw	-8(r29),r31; push ret addr
 1584  00002264  2fbd0010	subui	r29,r29,#16; alloc local storage
 1585  00002268  afa20000	sw	0(r29),r2
 1586  0000226c  afa30004	sw	4(r29),r3
 1587  00002270  8fc10000	lw	r1,(r30)
 1588  00002274  8fc20004	lw	r2,4(r30)
 1589  00002278  0022182c	sle	r3,r1,r2
 1590  0000227c  14600008	bnez	r3,L109_LF2
 1591  00002280  54000000	nop; delay slot nop
 1592  00002284  8fc10004	lw	r1,4(r30)
 1593  00002288          	L109_LF2:
 1594  00002288  08000004	j	L108_LF2
 1595  0000228c  54000000	nop; delay slot nop
 1596  00002290          	L108_LF2:
 1597  00002290  8fa20000	lw	r2,0(r29)
 1598  00002294  8fa30004	lw	r3,4(r29)
 1599  00002298  8fdffff8	lw	r31,-8(r30)
 1600  0000229c  001ee820	add	r29,r0,r30
 1601  000022a0  8fdefffc	lw	r30,-4(r30)
 1602  000022a4  4be00000	jr	r31
 1603  000022a8  54000000	nop
 1604  000022ac          	.endproc _min
 1605                      ;;; Ethan L. Miller, 1999.  Released to the public domain
 1606                      ;;;
 1607                      ;;; Most of the traps are called in files from libtraps.
 1610  000022ac          	.align 2
 1611  000022ac          	.proc _exit
 1612  000022ac          	.global _exit
 1613  000022ac          	_exit:
 1614  000022ac  44000300	trap	#0x300
 1615  000022b0  4be00000	jr	r31
 1616  000022b4  54000000	nop
 1617  000022b8          	.endproc _exit
 1619                      ; for the benefit of gcc.
 1620  000022b8          	.proc ___main
 1621  000022b8          	.global ___main
 1622  000022b8          	___main:
 1623  000022b8  4be00000	jr	r31
 1624  000022bc  54000000	nop
 1625  000022c0          	.endproc ___main
 1626  000022c0          	.text
 1627  000022c0          	.global _etext
 1628  000022c0          	_etext:
 1629  000022c0          	.align 3
 1630  000022c0          	.data
 1631  00003172          	.global _edata
 1632  00003172          	_edata:
