 line   address	contents
    1                      ; Linked by DLX-LD.
    2                      ; MemSize 24576
    3                      ; Data size: 390
    4                      ; Text size: 4732
    5                      ; Stack size: 8192
    6  00000000          	.text 0x1000
    7  00001000          	.data 0x3000
    8                      ; Compiled by GCC
    9  00003000          	.text
   10  00001000          	.align 2
   11  00001000          	.proc _isspace
   12  00001000          	.global _isspace
   13  00001000          	_isspace:
   14                      ;  Function 'isspace'; 0 bytes of locals, 1 regs to save.
   15  00001000  afbefffc	sw	-4(r29),r30; push fp
   16  00001004  001df020	add	r30,r0,r29; fp = sp
   17  00001008  afbffff8	sw	-8(r29),r31; push ret addr
   18  0000100c  2fbd0010	subui	r29,r29,#16; alloc local storage
   19  00001010  afa20000	sw	0(r29),r2
   20  00001014  83c20003	lb	r2,3(r30)
   21  00001018  201f0000	addi	r31,r0,#0
   22  0000101c  304100ff	andi	r1,r2,#0x00ff
   23  00001020  60210020	seqi	r1,r1,#32
   24  00001024  14200018	bnez	r1,L6_LF0
   25  00001028  54000000	nop; not filled.
   26  0000102c  2041fff7	addi	r1,r2,#-9
   27  00001030  302100ff	andi	r1,r1,#0x00ff
   28  00001034  70210001	sleui	r1,r1,#1
   29  00001038  10200008	beqz	r1,L5_LF0
   30  0000103c  54000000	nop; not filled.
   31  00001040          	L6_LF0:
   32  00001040  201f0001	addi	r31,r0,#1
   33  00001044          	L5_LF0:
   34  00001044  001f0820	add	r1,r0,r31
   35  00001048  8fa20000	lw	r2,0(r29)
   36  0000104c  8fdffff8	lw	r31,-8(r30)
   37  00001050  001ee820	add	r29,r0,r30
   38  00001054  8fdefffc	lw	r30,-4(r30)
   39  00001058  4be00000	jr	r31
   40  0000105c  54000000	nop
   41  00001060          	.endproc _isspace
   42  00001060          	.align 2
   43  00001060          	.proc _isxdigit
   44  00001060          	.global _isxdigit
   45  00001060          	_isxdigit:
   46                      ;  Function 'isxdigit'; 0 bytes of locals, 1 regs to save.
   47  00001060  afbefffc	sw	-4(r29),r30; push fp
   48  00001064  001df020	add	r30,r0,r29; fp = sp
   49  00001068  afbffff8	sw	-8(r29),r31; push ret addr
   50  0000106c  2fbd0010	subui	r29,r29,#16; alloc local storage
   51  00001070  afa20000	sw	0(r29),r2
   52  00001074  83df0003	lb	r31,3(r30)
   53  00001078  20020000	addi	r2,r0,#0
   54  0000107c  23e1ffd0	addi	r1,r31,#-48
   55  00001080  302100ff	andi	r1,r1,#0x00ff
   56  00001084  70210009	sleui	r1,r1,#9
   57  00001088  14200028	bnez	r1,L12_LF0
   58  0000108c  54000000	nop; not filled.
   59  00001090  23e1ff9f	addi	r1,r31,#-97
   60  00001094  302100ff	andi	r1,r1,#0x00ff
   61  00001098  70210005	sleui	r1,r1,#5
   62  0000109c  14200014	bnez	r1,L12_LF0
   63  000010a0  54000000	nop; not filled.
   64  000010a4  33e100ff	andi	r1,r31,#0x00ff
   65  000010a8  64210041	snei	r1,r1,#65
   66  000010ac  14200008	bnez	r1,L11_LF0
   67  000010b0  54000000	nop; not filled.
   68  000010b4          	L12_LF0:
   69  000010b4  20020001	addi	r2,r0,#1
   70  000010b8          	L11_LF0:
   71  000010b8  00020820	add	r1,r0,r2
   72  000010bc  8fa20000	lw	r2,0(r29)
   73  000010c0  8fdffff8	lw	r31,-8(r30)
   74  000010c4  001ee820	add	r29,r0,r30
   75  000010c8  8fdefffc	lw	r30,-4(r30)
   76  000010cc  4be00000	jr	r31
   77  000010d0  54000000	nop
   78  000010d4          	.endproc _isxdigit
   79  000010d4          	.data
   80  00003000          	.align 2
   81  00003000          	LC0_LF0:
   82  00003000  55736167	.ascii "Usage: \000"
   82  00003004  653a2000	
   83  00003008          	.align 2
   84  00003008          	LC1_LF0:
   85  00003008  203c6e75	.ascii " <number of processes to create>\n\000"
   85  0000300c  6d626572	
   85  00003010  206f6620	
   85  00003014  70726f63	
   85  00003018  65737365	
   85  0000301c  7320746f	
   85  00003020  20637265	
   85  00003024  6174653e	
   85  00003028  0a00    	
   86  0000302a          	.align 2
   87  0000302c          	LC2_LF0:
   88  0000302c  43726561	.ascii "Creating %d processes\n\000"
   88  00003030  74696e67	
   88  00003034  20256420	
   88  00003038  70726f63	
   88  0000303c  65737365	
   88  00003040  730a00  	
   89  00003043          	.align 2
   90  00003044          	LC3_LF0:
   91  00003044  4552524f	.ascii "ERROR: could not allocate shared memory page in \000"
   91  00003048  523a2063	
   91  0000304c  6f756c64	
   91  00003050  206e6f74	
   91  00003054  20616c6c	
   91  00003058  6f636174	
   91  0000305c  65207368	
   91  00003060  61726564	
   91  00003064  206d656d	
   91  00003068  6f727920	
   91  0000306c  70616765	
   91  00003070  20696e20	
   91  00003074  00      	
   92  00003075          	.align 2
   93  00003078          	LC4_LF0:
   94  00003078  2c206578	.ascii ", exiting...\n\000"
   94  0000307c  6974696e	
   94  00003080  672e2e2e	
   94  00003084  0a00    	
   95  00003086          	.align 2
   96  00003088          	LC5_LF0:
   97  00003088  436f756c	.ascii "Could not map the shared page to virtual address in \000"
   97  0000308c  64206e6f	
   97  00003090  74206d61	
   97  00003094  70207468	
   97  00003098  65207368	
   97  0000309c  61726564	
   97  000030a0  20706167	
   97  000030a4  6520746f	
   97  000030a8  20766972	
   97  000030ac  7475616c	
   97  000030b0  20616464	
   97  000030b4  72657373	
   97  000030b8  20696e20	
   97  000030bc  00      	
   98  000030bd          	.align 2
   99  000030c0          	LC6_LF0:
  100  000030c0  2c206578	.ascii ", exiting..\n\000"
  100  000030c4  6974696e	
  100  000030c8  672e2e0a	
  100  000030cc  00      	
  101  000030cd          	.align 2
  102  000030d0          	LC7_LF0:
  103  000030d0  42616420	.ascii "Bad sem_create in \000"
  103  000030d4  73656d5f	
  103  000030d8  63726561	
  103  000030dc  74652069	
  103  000030e0  6e2000  	
  104  000030e3          	.align 2
  105  000030e4          	LC8_LF0:
  106  000030e4  0a00    	.ascii "\n\000"
  107  000030e6          	.align 2
  108  000030e8          	LC9_LF0:
  109  000030e8  70726f64	.ascii "producer.dlx.obj\000"
  109  000030ec  75636572	
  109  000030f0  2e646c78	
  109  000030f4  2e6f626a	
  109  000030f8  00      	
  110  000030f9          	.align 2
  111  000030fc          	LC10_LF0:
  112  000030fc  636f6e73	.ascii "consumer.dlx.obj\000"
  112  00003100  756d6572	
  112  00003104  2e646c78	
  112  00003108  2e6f626a	
  112  0000310c  00      	
  113  0000310d          	.align 2
  114  00003110          	LC11_LF0:
  115  00003110  50726f63	.ascii "Process %d created\n\000"
  115  00003114  65737320	
  115  00003118  25642063	
  115  0000311c  72656174	
  115  00003120  65640a00	
  116  00003124          	.align 2
  117  00003124          	LC12_LF0:
  118  00003124  42616420	.ascii "Bad semaphore s_procs_completed (%d) in \000"
  118  00003128  73656d61	
  118  0000312c  70686f72	
  118  00003130  6520735f	
  118  00003134  70726f63	
  118  00003138  735f636f	
  118  0000313c  6d706c65	
  118  00003140  74656420	
  118  00003144  28256429	
  118  00003148  20696e20	
  118  0000314c  00      	
  119  0000314d          	.align 2
  120  00003150          	LC13_LF0:
  121  00003150  416c6c20	.ascii "All other processes completed, exiting main process.\n\000"
  121  00003154  6f746865	
  121  00003158  72207072	
  121  0000315c  6f636573	
  121  00003160  73657320	
  121  00003164  636f6d70	
  121  00003168  6c657465	
  121  0000316c  642c2065	
  121  00003170  78697469	
  121  00003174  6e67206d	
  121  00003178  61696e20	
  121  0000317c  70726f63	
  121  00003180  6573732e	
  121  00003184  0a00    	
  122  00003186          	.text
  123  000010d4          	.align 2
  124  000010d4          	.proc _main
  125  000010d4          	.global _main
  126  000010d4          	_main:
  127                      ;  Function 'main'; 32 bytes of locals, 0 regs to save.
  128  000010d4  afbefffc	sw	-4(r29),r30; push fp
  129  000010d8  001df020	add	r30,r0,r29; fp = sp
  130  000010dc  afbffff8	sw	-8(r29),r31; push ret addr
  131  000010e0  2fbd0028	subui	r29,r29,#40; alloc local storage
  132  000010e4  8fc20000	lw	r2,(r30)
  133  000010e8  8fc80004	lw	r8,4(r30)
  134  000010ec  0c001184	jal	___main
  135  000010f0  54000000	nop; not filled.
  136  000010f4  64410002	snei	r1,r2,#2
  137  000010f8  1020004c	beqz	r1,L14_LF0
  138  000010fc  54000000	nop; not filled.
  139  00001100  23bdfff8	addi	r29,r29,#-8
  140  00001104  3c090000	lhi	r9,((LC0_LF0)>>16)&0xffff
  141  00001108  25293000	addui	r9,r9,(LC0_LF0)&0xffff
  142  0000110c  afa90000	sw	(r29),r9
  143  00001110  0c000358	jal	_Printf
  144  00001114  54000000	nop; not filled.
  145  00001118  8d090000	lw	r9,(r8)
  146  0000111c  afa90000	sw	(r29),r9
  147  00001120  0c000348	jal	_Printf
  148  00001124  54000000	nop; not filled.
  149  00001128  3c090000	lhi	r9,((LC1_LF0)>>16)&0xffff
  150  0000112c  25293008	addui	r9,r9,(LC1_LF0)&0xffff
  151  00001130  afa90000	sw	(r29),r9
  152  00001134  0c000334	jal	_Printf
  153  00001138  54000000	nop; not filled.
  154  0000113c  0c0003e0	jal	_Exit
  155  00001140  54000000	nop; not filled.
  156  00001144  23bd0008	addi	r29,r29,#8
  157  00001148          	L14_LF0:
  158  00001148  23bdfff0	addi	r29,r29,#-16
  159  0000114c  8d090004	lw	r9,4(r8)
  160  00001150  afa90000	sw	(r29),r9
  161  00001154  20090000	addi	r9,r0,#0
  162  00001158  afa90004	sw	4(r29),r9
  163  0000115c  2009000a	addi	r9,r0,#10
  164  00001160  afa90008	sw	8(r29),r9
  165  00001164  0c000c64	jal	_dstrtol
  166  00001168  54000000	nop; not filled.
  167  0000116c  00013820	add	r7,r0,r1
  168  00001170  3c090000	lhi	r9,((LC2_LF0)>>16)&0xffff
  169  00001174  2529302c	addui	r9,r9,(LC2_LF0)&0xffff
  170  00001178  afa90000	sw	(r29),r9
  171  0000117c  afa70004	sw	4(r29),r7
  172  00001180  0c0002e8	jal	_Printf
  173  00001184  54000000	nop; not filled.
  174  00001188  0c000304	jal	_shmget
  175  0000118c  54000000	nop; not filled.
  176  00001190  00011820	add	r3,r0,r1
  177  00001194  23bd0010	addi	r29,r29,#16
  178  00001198  64610000	snei	r1,r3,#0
  179  0000119c  1420004c	bnez	r1,L15_LF0
  180  000011a0  54000000	nop; not filled.
  181  000011a4  23bdfff8	addi	r29,r29,#-8
  182  000011a8  3c090000	lhi	r9,((LC3_LF0)>>16)&0xffff
  183  000011ac  25293044	addui	r9,r9,(LC3_LF0)&0xffff
  184  000011b0  afa90000	sw	(r29),r9
  185  000011b4  0c0002b4	jal	_Printf
  186  000011b8  54000000	nop; not filled.
  187  000011bc  8d090000	lw	r9,(r8)
  188  000011c0  afa90000	sw	(r29),r9
  189  000011c4  0c0002a4	jal	_Printf
  190  000011c8  54000000	nop; not filled.
  191  000011cc  3c090000	lhi	r9,((LC4_LF0)>>16)&0xffff
  192  000011d0  25293078	addui	r9,r9,(LC4_LF0)&0xffff
  193  000011d4  afa90000	sw	(r29),r9
  194  000011d8  0c000290	jal	_Printf
  195  000011dc  54000000	nop; not filled.
  196  000011e0  0c00033c	jal	_Exit
  197  000011e4  54000000	nop; not filled.
  198  000011e8  23bd0008	addi	r29,r29,#8
  199  000011ec          	L15_LF0:
  200  000011ec  23bdfff8	addi	r29,r29,#-8
  201  000011f0  afa30000	sw	(r29),r3
  202  000011f4  0c0002a4	jal	_shmat
  203  000011f8  54000000	nop; not filled.
  204  000011fc  00011020	add	r2,r0,r1
  205  00001200  23bd0008	addi	r29,r29,#8
  206  00001204  64410000	snei	r1,r2,#0
  207  00001208  1420004c	bnez	r1,L16_LF0
  208  0000120c  54000000	nop; not filled.
  209  00001210  23bdfff8	addi	r29,r29,#-8
  210  00001214  3c090000	lhi	r9,((LC5_LF0)>>16)&0xffff
  211  00001218  25293088	addui	r9,r9,(LC5_LF0)&0xffff
  212  0000121c  afa90000	sw	(r29),r9
  213  00001220  0c000248	jal	_Printf
  214  00001224  54000000	nop; not filled.
  215  00001228  8d090000	lw	r9,(r8)
  216  0000122c  afa90000	sw	(r29),r9
  217  00001230  0c000238	jal	_Printf
  218  00001234  54000000	nop; not filled.
  219  00001238  3c090000	lhi	r9,((LC6_LF0)>>16)&0xffff
  220  0000123c  252930c0	addui	r9,r9,(LC6_LF0)&0xffff
  221  00001240  afa90000	sw	(r29),r9
  222  00001244  0c000224	jal	_Printf
  223  00001248  54000000	nop; not filled.
  224  0000124c  0c0002d0	jal	_Exit
  225  00001250  54000000	nop; not filled.
  226  00001254  23bd0008	addi	r29,r29,#8
  227  00001258          	L16_LF0:
  228  00001258  20090000	addi	r9,r0,#0
  229  0000125c  ac490004	sw	4(r2),r9
  230  00001260  ac490000	sw	(r2),r9
  231  00001264  23bdfff8	addi	r29,r29,#-8
  232  00001268  20010001	addi	r1,r0,#1
  233  0000126c  00270822	sub	r1,r1,r7
  234  00001270  afa10000	sw	(r29),r1
  235  00001274  0c000230	jal	_sem_create
  236  00001278  54000000	nop; not filled.
  237  0000127c  00013020	add	r6,r0,r1
  238  00001280  23bd0008	addi	r29,r29,#8
  239  00001284  60c1ffff	seqi	r1,r6,#-1
  240  00001288  1020004c	beqz	r1,L17_LF0
  241  0000128c  54000000	nop; not filled.
  242  00001290  23bdfff8	addi	r29,r29,#-8
  243  00001294  3c090000	lhi	r9,((LC7_LF0)>>16)&0xffff
  244  00001298  252930d0	addui	r9,r9,(LC7_LF0)&0xffff
  245  0000129c  afa90000	sw	(r29),r9
  246  000012a0  0c0001c8	jal	_Printf
  247  000012a4  54000000	nop; not filled.
  248  000012a8  8d090000	lw	r9,(r8)
  249  000012ac  afa90000	sw	(r29),r9
  250  000012b0  0c0001b8	jal	_Printf
  251  000012b4  54000000	nop; not filled.
  252  000012b8  3c090000	lhi	r9,((LC8_LF0)>>16)&0xffff
  253  000012bc  252930e4	addui	r9,r9,(LC8_LF0)&0xffff
  254  000012c0  afa90000	sw	(r29),r9
  255  000012c4  0c0001a4	jal	_Printf
  256  000012c8  54000000	nop; not filled.
  257  000012cc  0c000250	jal	_Exit
  258  000012d0  54000000	nop; not filled.
  259  000012d4  23bd0008	addi	r29,r29,#8
  260  000012d8          	L17_LF0:
  261  000012d8  23bdfff8	addi	r29,r29,#-8
  262  000012dc  afa30000	sw	(r29),r3
  263  000012e0  23c4ffe8	addi	r4,r30,#-24
  264  000012e4  afa40004	sw	4(r29),r4
  265  000012e8  0c000954	jal	_ditoa
  266  000012ec  54000000	nop; not filled.
  267  000012f0  afa60000	sw	(r29),r6
  268  000012f4  23c3ffd8	addi	r3,r30,#-40
  269  000012f8  afa30004	sw	4(r29),r3
  270  000012fc  0c000940	jal	_ditoa
  271  00001300  54000000	nop; not filled.
  272  00001304  0c0001c4	jal	_lock_create
  273  00001308  54000000	nop; not filled.
  274  0000130c  00012820	add	r5,r0,r1
  275  00001310  20020000	addi	r2,r0,#0
  276  00001314  23bd0008	addi	r29,r29,#8
  277  00001318  0047082a	slt	r1,r2,r7
  278  0000131c  10200074	beqz	r1,L19_LF0
  279  00001320  54000000	nop; not filled.
  280  00001324          	L21_LF0:
  281  00001324  23bdfff0	addi	r29,r29,#-16
  282  00001328  3c090000	lhi	r9,((LC9_LF0)>>16)&0xffff
  283  0000132c  252930e8	addui	r9,r9,(LC9_LF0)&0xffff
  284  00001330  afa90000	sw	(r29),r9
  285  00001334  afa40004	sw	4(r29),r4
  286  00001338  afa30008	sw	8(r29),r3
  287  0000133c  afa5000c	sw	12(r29),r5
  288  00001340  0c000140	jal	_process_create
  289  00001344  54000000	nop; not filled.
  290  00001348  3c090000	lhi	r9,((LC10_LF0)>>16)&0xffff
  291  0000134c  252930fc	addui	r9,r9,(LC10_LF0)&0xffff
  292  00001350  afa90000	sw	(r29),r9
  293  00001354  afa40004	sw	4(r29),r4
  294  00001358  afa30008	sw	8(r29),r3
  295  0000135c  afa5000c	sw	12(r29),r5
  296  00001360  0c000120	jal	_process_create
  297  00001364  54000000	nop; not filled.
  298  00001368  3c090000	lhi	r9,((LC11_LF0)>>16)&0xffff
  299  0000136c  25293110	addui	r9,r9,(LC11_LF0)&0xffff
  300  00001370  afa90000	sw	(r29),r9
  301  00001374  afa20004	sw	4(r29),r2
  302  00001378  0c0000f0	jal	_Printf
  303  0000137c  54000000	nop; not filled.
  304  00001380  23bd0010	addi	r29,r29,#16
  305  00001384  20420001	addi	r2,r2,#1
  306  00001388  0047082a	slt	r1,r2,r7
  307  0000138c  1420ff94	bnez	r1,L21_LF0
  308  00001390  54000000	nop; not filled.
  309  00001394          	L19_LF0:
  310  00001394  23bdfff8	addi	r29,r29,#-8
  311  00001398  afa60000	sw	(r29),r6
  312  0000139c  0c000114	jal	_sem_wait
  313  000013a0  54000000	nop; not filled.
  314  000013a4  23bd0008	addi	r29,r29,#8
  315  000013a8  64210001	snei	r1,r1,#1
  316  000013ac  10200050	beqz	r1,L23_LF0
  317  000013b0  54000000	nop; not filled.
  318  000013b4  23bdfff8	addi	r29,r29,#-8
  319  000013b8  3c090000	lhi	r9,((LC12_LF0)>>16)&0xffff
  320  000013bc  25293124	addui	r9,r9,(LC12_LF0)&0xffff
  321  000013c0  afa90000	sw	(r29),r9
  322  000013c4  afa60004	sw	4(r29),r6
  323  000013c8  0c0000a0	jal	_Printf
  324  000013cc  54000000	nop; not filled.
  325  000013d0  8d080000	lw	r8,(r8)
  326  000013d4  afa80000	sw	(r29),r8
  327  000013d8  0c000090	jal	_Printf
  328  000013dc  54000000	nop; not filled.
  329  000013e0  3c090000	lhi	r9,((LC8_LF0)>>16)&0xffff
  330  000013e4  252930e4	addui	r9,r9,(LC8_LF0)&0xffff
  331  000013e8  afa90000	sw	(r29),r9
  332  000013ec  0c00007c	jal	_Printf
  333  000013f0  54000000	nop; not filled.
  334  000013f4  0c000128	jal	_Exit
  335  000013f8  54000000	nop; not filled.
  336  000013fc  23bd0008	addi	r29,r29,#8
  337  00001400          	L23_LF0:
  338  00001400  23bdfff8	addi	r29,r29,#-8
  339  00001404  3c090000	lhi	r9,((LC13_LF0)>>16)&0xffff
  340  00001408  25293150	addui	r9,r9,(LC13_LF0)&0xffff
  341  0000140c  afa90000	sw	(r29),r9
  342  00001410  0c000058	jal	_Printf
  343  00001414  54000000	nop; not filled.
  344  00001418  23bd0008	addi	r29,r29,#8
  345  0000141c  0c000e48	jal	_exit
  346  00001420  54000000	nop
  347  00001424          	.endproc _main
  348                      ;;;
  349                      ;;; Stub functions for DLX traps.
  350                      ;;;
  351                      ;;; Ethan L. Miller, 1999.  Released to the public domain.
  352                      ;;;
  353                      ;;; The traps such as Open and Close
  354                      ;;; (note the capital letters) are for use by user programs.  The traps
  355                      ;;; with names such as open and close (lower case) are for use by the OS.
  356                      ;;;
  359  00001424          	.align 2
  361                      ;;; The following are the traps to be used by user-level programs
  362                      ;;;
  364  00001424          	.align 2
  365  00001424          	.proc _Open
  366  00001424          	.global _Open
  367  00001424          	_Open:
  368                      ;;; Note that trap #0x213 actually causes a trap vector in the OS of
  369                      ;;; 0x1213.  The same is true for other user traps.  Thus, a user trap
  370                      ;;; with trap #0x240 will result in a trap vector of 0x1240 in the OS.
  371  00001424  44000213	trap	#0x213
  372  00001428  4be00000	jr	r31
  373  0000142c  54000000	nop
  374  00001430          	.endproc _Open
  376  00001430          	.proc _Close
  377  00001430          	.global _Close
  378  00001430          	_Close:
  379  00001430  44000214	trap	#0x214
  380  00001434  4be00000	jr	r31
  381  00001438  54000000	nop
  382  0000143c          	.endproc _Close
  384  0000143c          	.proc _Read
  385  0000143c          	.global _Read
  386  0000143c          	_Read:
  387  0000143c  44000210	trap	#0x210
  388  00001440  4be00000	jr	r31
  389  00001444  54000000	nop
  390  00001448          	.endproc _Read
  392  00001448          	.proc _Write
  393  00001448          	.global _Write
  394  00001448          	_Write:
  395  00001448  44000211	trap	#0x211
  396  0000144c  4be00000	jr	r31
  397  00001450  54000000	nop
  398  00001454          	.endproc _Write
  400  00001454          	.proc _Lseek
  401  00001454          	.global _Lseek
  402  00001454          	_Lseek:
  403  00001454  44000212	trap	#0x212
  404  00001458  4be00000	jr	r31
  405  0000145c  54000000	nop
  406  00001460          	.endproc _Lseek
  408  00001460          	.proc _Putchar
  409  00001460          	.global _Putchar
  410  00001460          	_Putchar:
  411  00001460  44000280	trap	#0x280
  412  00001464  4be00000	jr	r31
  413  00001468  54000000	nop
  414  0000146c          	.endproc _Putchar
  416  0000146c          	.proc _Printf
  417  0000146c          	.global _Printf
  418  0000146c          	_Printf:
  419  0000146c  44000201	trap	#0x201
  420  00001470  4be00000	jr	r31
  421  00001474  54000000	nop
  422  00001478          	.endproc _Printf
  424  00001478          	.proc _getpid
  425  00001478          	.global _getpid
  426  00001478          	_getpid:
  427  00001478  44000431	trap	#0x431
  428  0000147c  4be00000	jr	r31
  429  00001480  54000000	nop
  430  00001484          	.endproc _getpid
  432  00001484          	.proc _process_create
  433  00001484          	.global _process_create
  434  00001484          	_process_create:
  435  00001484  44000432	trap	#0x432
  436  00001488  4be00000	jr	r31
  437  0000148c  54000000	nop
  438  00001490          	.endproc _process_create
  440  00001490          	.proc _shmget
  441  00001490          	.global _shmget
  442  00001490          	_shmget:
  443  00001490  44000440	trap	#0x440
  444  00001494  4be00000	jr	r31
  445  00001498  54000000	nop
  446  0000149c          	.endproc _shmget
  448  0000149c          	.proc _shmat
  449  0000149c          	.global _shmat
  450  0000149c          	_shmat:
  451  0000149c  44000441	trap	#0x441
  452  000014a0  4be00000	jr	r31
  453  000014a4  54000000	nop
  454  000014a8          	.endproc _shmat
  456  000014a8          	.proc _sem_create
  457  000014a8          	.global _sem_create
  458  000014a8          	_sem_create:
  459  000014a8  44000450	trap	#0x450
  460  000014ac  4be00000	jr	r31
  461  000014b0  54000000	nop
  462  000014b4          	.endproc _sem_create
  464  000014b4          	.proc _sem_wait
  465  000014b4          	.global _sem_wait
  466  000014b4          	_sem_wait:
  467  000014b4  44000451	trap	#0x451
  468  000014b8  4be00000	jr	r31
  469  000014bc  54000000	nop
  470  000014c0          	.endproc _sem_wait
  472  000014c0          	.proc _sem_signal
  473  000014c0          	.global _sem_signal
  474  000014c0          	_sem_signal:
  475  000014c0  44000452	trap	#0x452
  476  000014c4  4be00000	jr	r31
  477  000014c8  54000000	nop
  478  000014cc          	.endproc _sem_signal
  480  000014cc          	.proc _lock_create
  481  000014cc          	.global _lock_create
  482  000014cc          	_lock_create:
  483  000014cc  44000453	trap	#0x453
  484  000014d0  4be00000	jr	r31
  485  000014d4  54000000	nop
  486  000014d8          	.endproc _lock_create
  488  000014d8          	.proc _lock_acquire
  489  000014d8          	.global _lock_acquire
  490  000014d8          	_lock_acquire:
  491  000014d8  44000454	trap	#0x454
  492  000014dc  4be00000	jr	r31
  493  000014e0  54000000	nop
  494  000014e4          	.endproc _lock_acquire
  496  000014e4          	.proc _lock_release
  497  000014e4          	.global _lock_release
  498  000014e4          	_lock_release:
  499  000014e4  44000455	trap	#0x455
  500  000014e8  4be00000	jr	r31
  501  000014ec  54000000	nop
  502  000014f0          	.endproc _lock_release
  504  000014f0          	.proc _cond_create
  505  000014f0          	.global _cond_create
  506  000014f0          	_cond_create:
  507  000014f0  44000456	trap	#0x456
  508  000014f4  4be00000	jr	r31
  509  000014f8  54000000	nop
  510  000014fc          	.endproc _cond_create
  512  000014fc          	.proc _cond_wait
  513  000014fc          	.global _cond_wait
  514  000014fc          	_cond_wait:
  515  000014fc  44000457	trap	#0x457
  516  00001500  4be00000	jr	r31
  517  00001504  54000000	nop
  518  00001508          	.endproc _cond_wait
  520  00001508          	.proc _cond_signal
  521  00001508          	.global _cond_signal
  522  00001508          	_cond_signal:
  523  00001508  44000458	trap	#0x458
  524  0000150c  4be00000	jr	r31
  525  00001510  54000000	nop
  526  00001514          	.endproc _cond_signal
  528  00001514          	.proc _cond_broadcast
  529  00001514          	.global _cond_broadcast
  530  00001514          	_cond_broadcast:
  531  00001514  44000459	trap	#0x459
  532  00001518  4be00000	jr	r31
  533  0000151c  54000000	nop
  534  00001520          	.endproc _cond_broadcast
  536  00001520          	.proc _Exit
  537  00001520          	.global _Exit
  538  00001520          	_Exit:
  539  00001520  44000500	trap	#0x500
  540  00001524  4be00000	jr	r31
  541  00001528  54000000	nop
  542  0000152c          	.endproc _Exit
  543                      ; Compiled by GCC
  545  0000152c          	.align 2
  546  0000152c          	.proc _isspace
  547  0000152c          	.global _isspace
  548  0000152c          	_isspace:
  549                      ;  Function 'isspace'; 0 bytes of locals, 3 regs to save.
  550  0000152c  afbefffc	sw	-4(r29),r30; push fp
  551  00001530  001df020	add	r30,r0,r29; fp = sp
  552  00001534  afbffff8	sw	-8(r29),r31; push ret addr
  553  00001538  2fbd0018	subui	r29,r29,#24; alloc local storage
  554  0000153c  afa20000	sw	0(r29),r2
  555  00001540  afa30004	sw	4(r29),r3
  556  00001544  afa40008	sw	8(r29),r4
  557  00001548  83c20003	lb	r2,3(r30)
  558  0000154c  20010000	addi	r1,r0,#0
  559  00001550  304300ff	andi	r3,r2,#0x00ff
  560  00001554  60640020	seqi	r4,r3,#32
  561  00001558  1480002c	bnez	r4,L3_LF2
  562  0000155c  54000000	nop; delay slot nop
  563  00001560  304300ff	andi	r3,r2,#0x00ff
  564  00001564  60640009	seqi	r4,r3,#9
  565  00001568  1480001c	bnez	r4,L3_LF2
  566  0000156c  54000000	nop; delay slot nop
  567  00001570  304300ff	andi	r3,r2,#0x00ff
  568  00001574  6064000a	seqi	r4,r3,#10
  569  00001578  1480000c	bnez	r4,L3_LF2
  570  0000157c  54000000	nop; delay slot nop
  571  00001580  08000008	j	L2_LF2
  572  00001584  54000000	nop; delay slot nop
  573  00001588          	L3_LF2:
  574  00001588  20010001	addi	r1,r0,#1
  575  0000158c          	L2_LF2:
  576  0000158c  08000004	j	L1_LF2
  577  00001590  54000000	nop; delay slot nop
  578  00001594          	L1_LF2:
  579  00001594  8fa20000	lw	r2,0(r29)
  580  00001598  8fa30004	lw	r3,4(r29)
  581  0000159c  8fa40008	lw	r4,8(r29)
  582  000015a0  8fdffff8	lw	r31,-8(r30)
  583  000015a4  001ee820	add	r29,r0,r30
  584  000015a8  8fdefffc	lw	r30,-4(r30)
  585  000015ac  4be00000	jr	r31
  586  000015b0  54000000	nop
  587  000015b4          	.endproc _isspace
  588  000015b4          	.align 2
  589  000015b4          	.proc _isxdigit
  590  000015b4          	.global _isxdigit
  591  000015b4          	_isxdigit:
  592                      ;  Function 'isxdigit'; 0 bytes of locals, 3 regs to save.
  593  000015b4  afbefffc	sw	-4(r29),r30; push fp
  594  000015b8  001df020	add	r30,r0,r29; fp = sp
  595  000015bc  afbffff8	sw	-8(r29),r31; push ret addr
  596  000015c0  2fbd0018	subui	r29,r29,#24; alloc local storage
  597  000015c4  afa20000	sw	0(r29),r2
  598  000015c8  afa30004	sw	4(r29),r3
  599  000015cc  afa40008	sw	8(r29),r4
  600  000015d0  83c20003	lb	r2,3(r30)
  601  000015d4  20010000	addi	r1,r0,#0
  602  000015d8  304300ff	andi	r3,r2,#0x00ff
  603  000015dc  6c64002f	sgtui	r4,r3,#47
  604  000015e0  1080001c	beqz	r4,L7_LF2
  605  000015e4  54000000	nop; delay slot nop
  606  000015e8  304300ff	andi	r3,r2,#0x00ff
  607  000015ec  70640039	sleui	r4,r3,#57
  608  000015f0  1480005c	bnez	r4,L6_LF2
  609  000015f4  54000000	nop; delay slot nop
  610  000015f8  08000004	j	L7_LF2
  611  000015fc  54000000	nop; delay slot nop
  612  00001600          	L7_LF2:
  613  00001600  304300ff	andi	r3,r2,#0x00ff
  614  00001604  6c640060	sgtui	r4,r3,#96
  615  00001608  1080001c	beqz	r4,L8_LF2
  616  0000160c  54000000	nop; delay slot nop
  617  00001610  304300ff	andi	r3,r2,#0x00ff
  618  00001614  70640066	sleui	r4,r3,#102
  619  00001618  14800034	bnez	r4,L6_LF2
  620  0000161c  54000000	nop; delay slot nop
  621  00001620  08000004	j	L8_LF2
  622  00001624  54000000	nop; delay slot nop
  623  00001628          	L8_LF2:
  624  00001628  304300ff	andi	r3,r2,#0x00ff
  625  0000162c  6c640040	sgtui	r4,r3,#64
  626  00001630  10800020	beqz	r4,L5_LF2
  627  00001634  54000000	nop; delay slot nop
  628  00001638  304300ff	andi	r3,r2,#0x00ff
  629  0000163c  70640041	sleui	r4,r3,#65
  630  00001640  1480000c	bnez	r4,L6_LF2
  631  00001644  54000000	nop; delay slot nop
  632  00001648  08000008	j	L5_LF2
  633  0000164c  54000000	nop; delay slot nop
  634  00001650          	L6_LF2:
  635  00001650  20010001	addi	r1,r0,#1
  636  00001654          	L5_LF2:
  637  00001654  08000004	j	L4_LF2
  638  00001658  54000000	nop; delay slot nop
  639  0000165c          	L4_LF2:
  640  0000165c  8fa20000	lw	r2,0(r29)
  641  00001660  8fa30004	lw	r3,4(r29)
  642  00001664  8fa40008	lw	r4,8(r29)
  643  00001668  8fdffff8	lw	r31,-8(r30)
  644  0000166c  001ee820	add	r29,r0,r30
  645  00001670  8fdefffc	lw	r30,-4(r30)
  646  00001674  4be00000	jr	r31
  647  00001678  54000000	nop
  648  0000167c          	.endproc _isxdigit
  649  0000167c          	.align 2
  650  0000167c          	.proc _dstrcpy
  651  0000167c          	.global _dstrcpy
  652  0000167c          	_dstrcpy:
  653                      ;  Function 'dstrcpy'; 8 bytes of locals, 2 regs to save.
  654  0000167c  afbefffc	sw	-4(r29),r30; push fp
  655  00001680  001df020	add	r30,r0,r29; fp = sp
  656  00001684  afbffff8	sw	-8(r29),r31; push ret addr
  657  00001688  2fbd0018	subui	r29,r29,#24; alloc local storage
  658  0000168c  afa20000	sw	0(r29),r2
  659  00001690  afa30004	sw	4(r29),r3
  660  00001694  8fc10000	lw	r1,(r30)
  661  00001698  afc1fff4	sw	-12(r30),r1
  662  0000169c          	L10_LF2:
  663  0000169c  8fc10000	lw	r1,(r30)
  664  000016a0  20220001	addi	r2,r1,#1
  665  000016a4  afc20000	sw	(r30),r2
  666  000016a8  8fc20004	lw	r2,4(r30)
  667  000016ac  20430001	addi	r3,r2,#1
  668  000016b0  afc30004	sw	4(r30),r3
  669  000016b4  80420000	lb	r2,(r2)
  670  000016b8  a0220000	sb	(r1),r2
  671  000016bc  a3c2fff3	sb	-13(r30),r2
  672  000016c0          	L12_LF2:
  673  000016c0  93c1fff3	lbu	r1,-13(r30)
  674  000016c4  64220000	snei	r2,r1,#0
  675  000016c8  1440000c	bnez	r2,L13_LF2
  676  000016cc  54000000	nop; delay slot nop
  677  000016d0  0800000c	j	L11_LF2
  678  000016d4  54000000	nop; delay slot nop
  679  000016d8          	L13_LF2:
  680  000016d8  0bffffc0	j	L10_LF2
  681  000016dc  54000000	nop; delay slot nop
  682  000016e0          	L11_LF2:
  683  000016e0  8fc1fff4	lw	r1,-12(r30)
  684  000016e4  08000004	j	L9_LF2
  685  000016e8  54000000	nop; delay slot nop
  686  000016ec          	L9_LF2:
  687  000016ec  8fa20000	lw	r2,0(r29)
  688  000016f0  8fa30004	lw	r3,4(r29)
  689  000016f4  8fdffff8	lw	r31,-8(r30)
  690  000016f8  001ee820	add	r29,r0,r30
  691  000016fc  8fdefffc	lw	r30,-4(r30)
  692  00001700  4be00000	jr	r31
  693  00001704  54000000	nop
  694  00001708          	.endproc _dstrcpy
  695  00001708          	.align 2
  696  00001708          	.proc _dstrncpy
  697  00001708          	.global _dstrncpy
  698  00001708          	_dstrncpy:
  699                      ;  Function 'dstrncpy'; 8 bytes of locals, 2 regs to save.
  700  00001708  afbefffc	sw	-4(r29),r30; push fp
  701  0000170c  001df020	add	r30,r0,r29; fp = sp
  702  00001710  afbffff8	sw	-8(r29),r31; push ret addr
  703  00001714  2fbd0018	subui	r29,r29,#24; alloc local storage
  704  00001718  afa20000	sw	0(r29),r2
  705  0000171c  afa30004	sw	4(r29),r3
  706  00001720  8fc10000	lw	r1,(r30)
  707  00001724  afc1fff4	sw	-12(r30),r1
  708  00001728          	L15_LF2:
  709  00001728  8fc10008	lw	r1,8(r30)
  710  0000172c  2022ffff	addi	r2,r1,#-1
  711  00001730  afc20008	sw	8(r30),r2
  712  00001734  70210000	slei	r1,r1,#0
  713  00001738  1020000c	beqz	r1,L18_LF2
  714  0000173c  54000000	nop; delay slot nop
  715  00001740  08000048	j	L16_LF2
  716  00001744  54000000	nop; delay slot nop
  717  00001748          	L18_LF2:
  718  00001748  8fc10000	lw	r1,(r30)
  719  0000174c  20220001	addi	r2,r1,#1
  720  00001750  afc20000	sw	(r30),r2
  721  00001754  8fc20004	lw	r2,4(r30)
  722  00001758  20430001	addi	r3,r2,#1
  723  0000175c  afc30004	sw	4(r30),r3
  724  00001760  80420000	lb	r2,(r2)
  725  00001764  a0220000	sb	(r1),r2
  726  00001768  a3c2fff3	sb	-13(r30),r2
  727  0000176c          	L17_LF2:
  728  0000176c  93c1fff3	lbu	r1,-13(r30)
  729  00001770  64220000	snei	r2,r1,#0
  730  00001774  1440000c	bnez	r2,L19_LF2
  731  00001778  54000000	nop; delay slot nop
  732  0000177c  0800000c	j	L16_LF2
  733  00001780  54000000	nop; delay slot nop
  734  00001784          	L19_LF2:
  735  00001784  0bffffa0	j	L15_LF2
  736  00001788  54000000	nop; delay slot nop
  737  0000178c          	L16_LF2:
  738  0000178c  8fc1fff4	lw	r1,-12(r30)
  739  00001790  08000004	j	L14_LF2
  740  00001794  54000000	nop; delay slot nop
  741  00001798          	L14_LF2:
  742  00001798  8fa20000	lw	r2,0(r29)
  743  0000179c  8fa30004	lw	r3,4(r29)
  744  000017a0  8fdffff8	lw	r31,-8(r30)
  745  000017a4  001ee820	add	r29,r0,r30
  746  000017a8  8fdefffc	lw	r30,-4(r30)
  747  000017ac  4be00000	jr	r31
  748  000017b0  54000000	nop
  749  000017b4          	.endproc _dstrncpy
  750  000017b4          	.align 2
  751  000017b4          	.proc _dstrcat
  752  000017b4          	.global _dstrcat
  753  000017b4          	_dstrcat:
  754                      ;  Function 'dstrcat'; 8 bytes of locals, 1 regs to save.
  755  000017b4  afbefffc	sw	-4(r29),r30; push fp
  756  000017b8  001df020	add	r30,r0,r29; fp = sp
  757  000017bc  afbffff8	sw	-8(r29),r31; push ret addr
  758  000017c0  2fbd0018	subui	r29,r29,#24; alloc local storage
  759  000017c4  afa20000	sw	0(r29),r2
  760  000017c8  8fc10000	lw	r1,(r30)
  761  000017cc  afc1fff4	sw	-12(r30),r1
  762  000017d0          	L21_LF2:
  763  000017d0  8fc10000	lw	r1,(r30)
  764  000017d4  90220000	lbu	r2,(r1)
  765  000017d8  64410000	snei	r1,r2,#0
  766  000017dc  1420000c	bnez	r1,L23_LF2
  767  000017e0  54000000	nop; delay slot nop
  768  000017e4  0800001c	j	L22_LF2
  769  000017e8  54000000	nop; delay slot nop
  770  000017ec          	L23_LF2:
  771  000017ec  8fc20000	lw	r2,(r30)
  772  000017f0  20410001	addi	r1,r2,#1
  773  000017f4  00011020	add	r2,r0,r1
  774  000017f8  afc20000	sw	(r30),r2
  775  000017fc  0bffffd0	j	L21_LF2
  776  00001800  54000000	nop; delay slot nop
  777  00001804          	L22_LF2:
  778  00001804  23bdfff8	addi	r29,r29,#-8
  779  00001808  001d0820	add	r1,r0,r29
  780  0000180c  8fc20000	lw	r2,(r30)
  781  00001810  ac220000	sw	(r1),r2
  782  00001814  8fc20004	lw	r2,4(r30)
  783  00001818  ac220004	sw	4(r1),r2
  784  0000181c  0ffffe5c	jal	_dstrcpy
  785  00001820  54000000	nop; delay slot nop
  786  00001824  23bd0008	addi	r29,r29,#8
  787  00001828  8fc1fff4	lw	r1,-12(r30)
  788  0000182c  08000004	j	L20_LF2
  789  00001830  54000000	nop; delay slot nop
  790  00001834          	L20_LF2:
  791  00001834  8fa20000	lw	r2,0(r29)
  792  00001838  8fdffff8	lw	r31,-8(r30)
  793  0000183c  001ee820	add	r29,r0,r30
  794  00001840  8fdefffc	lw	r30,-4(r30)
  795  00001844  4be00000	jr	r31
  796  00001848  54000000	nop
  797  0000184c          	.endproc _dstrcat
  798  0000184c          	.align 2
  799  0000184c          	.proc _dstrncmp
  800  0000184c          	.global _dstrncmp
  801  0000184c          	_dstrncmp:
  802                      ;  Function 'dstrncmp'; 8 bytes of locals, 2 regs to save.
  803  0000184c  afbefffc	sw	-4(r29),r30; push fp
  804  00001850  001df020	add	r30,r0,r29; fp = sp
  805  00001854  afbffff8	sw	-8(r29),r31; push ret addr
  806  00001858  2fbd0018	subui	r29,r29,#24; alloc local storage
  807  0000185c  afa20000	sw	0(r29),r2
  808  00001860  afa30004	sw	4(r29),r3
  809  00001864  54000000	nop
  810  00001868  20010000	addi	r1,r0,#0
  811  0000186c  afc1fff4	sw	-12(r30),r1
  812  00001870          	L25_LF2:
  813  00001870  8fc1fff4	lw	r1,-12(r30)
  814  00001874  8fc20008	lw	r2,8(r30)
  815  00001878  0022082a	slt	r1,r1,r2
  816  0000187c  1420000c	bnez	r1,L28_LF2
  817  00001880  54000000	nop; delay slot nop
  818  00001884  08000088	j	L26_LF2
  819  00001888  54000000	nop; delay slot nop
  820  0000188c          	L28_LF2:
  821  0000188c  8fc10004	lw	r1,4(r30)
  822  00001890  90220000	lbu	r2,(r1)
  823  00001894  64410000	snei	r1,r2,#0
  824  00001898  14200018	bnez	r1,L29_LF2
  825  0000189c  54000000	nop; delay slot nop
  826  000018a0  20010000	addi	r1,r0,#0
  827  000018a4  080000d8	j	L24_LF2
  828  000018a8  54000000	nop; delay slot nop
  829  000018ac  08000028	j	L30_LF2
  830  000018b0  54000000	nop; delay slot nop
  831  000018b4          	L29_LF2:
  832  000018b4  8fc10000	lw	r1,(r30)
  833  000018b8  8fc20004	lw	r2,4(r30)
  834  000018bc  90210000	lbu	r1,(r1)
  835  000018c0  90420000	lbu	r2,(r2)
  836  000018c4  00220829	sne	r1,r1,r2
  837  000018c8  1020000c	beqz	r1,L30_LF2
  838  000018cc  54000000	nop; delay slot nop
  839  000018d0  0800003c	j	L26_LF2
  840  000018d4  54000000	nop; delay slot nop
  841  000018d8          	L31_LF2:
  842  000018d8          	L30_LF2:
  843  000018d8  8fc20000	lw	r2,(r30)
  844  000018dc  20410001	addi	r1,r2,#1
  845  000018e0  00011020	add	r2,r0,r1
  846  000018e4  afc20000	sw	(r30),r2
  847  000018e8  8fc20004	lw	r2,4(r30)
  848  000018ec  20410001	addi	r1,r2,#1
  849  000018f0  00011020	add	r2,r0,r1
  850  000018f4  afc20004	sw	4(r30),r2
  851  000018f8          	L27_LF2:
  852  000018f8  8fc2fff4	lw	r2,-12(r30)
  853  000018fc  20410001	addi	r1,r2,#1
  854  00001900  00011020	add	r2,r0,r1
  855  00001904  afc2fff4	sw	-12(r30),r2
  856  00001908  0bffff64	j	L25_LF2
  857  0000190c  54000000	nop; delay slot nop
  858  00001910          	L26_LF2:
  859  00001910  8fc1fff4	lw	r1,-12(r30)
  860  00001914  8fc20008	lw	r2,8(r30)
  861  00001918  00220828	seq	r1,r1,r2
  862  0000191c  10200018	beqz	r1,L32_LF2
  863  00001920  54000000	nop; delay slot nop
  864  00001924  20010000	addi	r1,r0,#0
  865  00001928  08000054	j	L24_LF2
  866  0000192c  54000000	nop; delay slot nop
  867  00001930  0800004c	j	L33_LF2
  868  00001934  54000000	nop; delay slot nop
  869  00001938          	L32_LF2:
  870  00001938  8fc20000	lw	r2,(r30)
  871  0000193c  90410000	lbu	r1,(r2)
  872  00001940  8fc20004	lw	r2,4(r30)
  873  00001944  90430000	lbu	r3,(r2)
  874  00001948  00230822	sub	r1,r1,r3
  875  0000194c  74220000	sgei	r2,r1,#0
  876  00001950  10400020	beqz	r2,L34_LF2
  877  00001954  54000000	nop; delay slot nop
  878  00001958  8fc10000	lw	r1,(r30)
  879  0000195c  8fc20004	lw	r2,4(r30)
  880  00001960  90210000	lbu	r1,(r1)
  881  00001964  90420000	lbu	r2,(r2)
  882  00001968  00220829	sne	r1,r1,r2
  883  0000196c  08000008	j	L35_LF2
  884  00001970  54000000	nop; delay slot nop
  885  00001974          	L34_LF2:
  886  00001974  2001ffff	addi	r1,r0,#-1
  887  00001978          	L35_LF2:
  888  00001978  08000004	j	L24_LF2
  889  0000197c  54000000	nop; delay slot nop
  890  00001980          	L33_LF2:
  891  00001980          	L24_LF2:
  892  00001980  8fa20000	lw	r2,0(r29)
  893  00001984  8fa30004	lw	r3,4(r29)
  894  00001988  8fdffff8	lw	r31,-8(r30)
  895  0000198c  001ee820	add	r29,r0,r30
  896  00001990  8fdefffc	lw	r30,-4(r30)
  897  00001994  4be00000	jr	r31
  898  00001998  54000000	nop
  899  0000199c          	.endproc _dstrncmp
  900  0000199c          	.align 2
  901  0000199c          	.proc _dstrlen
  902  0000199c          	.global _dstrlen
  903  0000199c          	_dstrlen:
  904                      ;  Function 'dstrlen'; 8 bytes of locals, 1 regs to save.
  905  0000199c  afbefffc	sw	-4(r29),r30; push fp
  906  000019a0  001df020	add	r30,r0,r29; fp = sp
  907  000019a4  afbffff8	sw	-8(r29),r31; push ret addr
  908  000019a8  2fbd0018	subui	r29,r29,#24; alloc local storage
  909  000019ac  afa20000	sw	0(r29),r2
  910  000019b0  20010000	addi	r1,r0,#0
  911  000019b4  afc1fff4	sw	-12(r30),r1
  912  000019b8          	L37_LF2:
  913  000019b8  8fc10000	lw	r1,(r30)
  914  000019bc  20220001	addi	r2,r1,#1
  915  000019c0  afc20000	sw	(r30),r2
  916  000019c4  90210000	lbu	r1,(r1)
  917  000019c8  64220000	snei	r2,r1,#0
  918  000019cc  1440000c	bnez	r2,L39_LF2
  919  000019d0  54000000	nop; delay slot nop
  920  000019d4  0800001c	j	L38_LF2
  921  000019d8  54000000	nop; delay slot nop
  922  000019dc          	L39_LF2:
  923  000019dc  8fc2fff4	lw	r2,-12(r30)
  924  000019e0  20410001	addi	r1,r2,#1
  925  000019e4  00011020	add	r2,r0,r1
  926  000019e8  afc2fff4	sw	-12(r30),r2
  927  000019ec  0bffffc8	j	L37_LF2
  928  000019f0  54000000	nop; delay slot nop
  929  000019f4          	L38_LF2:
  930  000019f4  8fc1fff4	lw	r1,-12(r30)
  931  000019f8  08000004	j	L36_LF2
  932  000019fc  54000000	nop; delay slot nop
  933  00001a00          	L36_LF2:
  934  00001a00  8fa20000	lw	r2,0(r29)
  935  00001a04  8fdffff8	lw	r31,-8(r30)
  936  00001a08  001ee820	add	r29,r0,r30
  937  00001a0c  8fdefffc	lw	r30,-4(r30)
  938  00001a10  4be00000	jr	r31
  939  00001a14  54000000	nop
  940  00001a18          	.endproc _dstrlen
  941  00001a18          	.align 2
  942  00001a18          	.proc _dstrstr
  943  00001a18          	.global _dstrstr
  944  00001a18          	_dstrstr:
  945                      ;  Function 'dstrstr'; 8 bytes of locals, 1 regs to save.
  946  00001a18  afbefffc	sw	-4(r29),r30; push fp
  947  00001a1c  001df020	add	r30,r0,r29; fp = sp
  948  00001a20  afbffff8	sw	-8(r29),r31; push ret addr
  949  00001a24  2fbd0018	subui	r29,r29,#24; alloc local storage
  950  00001a28  afa20000	sw	0(r29),r2
  951  00001a2c  23bdfff8	addi	r29,r29,#-8
  952  00001a30  001d0820	add	r1,r0,r29
  953  00001a34  8fc20004	lw	r2,4(r30)
  954  00001a38  ac220000	sw	(r1),r2
  955  00001a3c  0fffff5c	jal	_dstrlen
  956  00001a40  54000000	nop; delay slot nop
  957  00001a44  23bd0008	addi	r29,r29,#8
  958  00001a48  afc1fff4	sw	-12(r30),r1
  959  00001a4c          	L41_LF2:
  960  00001a4c  8fc10000	lw	r1,(r30)
  961  00001a50  90220000	lbu	r2,(r1)
  962  00001a54  64410000	snei	r1,r2,#0
  963  00001a58  1420000c	bnez	r1,L43_LF2
  964  00001a5c  54000000	nop; delay slot nop
  965  00001a60  08000060	j	L42_LF2
  966  00001a64  54000000	nop; delay slot nop
  967  00001a68          	L43_LF2:
  968  00001a68  23bdfff0	addi	r29,r29,#-16
  969  00001a6c  001d0820	add	r1,r0,r29
  970  00001a70  8fc20000	lw	r2,(r30)
  971  00001a74  ac220000	sw	(r1),r2
  972  00001a78  8fc20004	lw	r2,4(r30)
  973  00001a7c  ac220004	sw	4(r1),r2
  974  00001a80  8fc2fff4	lw	r2,-12(r30)
  975  00001a84  ac220008	sw	8(r1),r2
  976  00001a88  0ffffdc0	jal	_dstrncmp
  977  00001a8c  54000000	nop; delay slot nop
  978  00001a90  23bd0010	addi	r29,r29,#16
  979  00001a94  64220000	snei	r2,r1,#0
  980  00001a98  14400010	bnez	r2,L44_LF2
  981  00001a9c  54000000	nop; delay slot nop
  982  00001aa0  8fc10000	lw	r1,(r30)
  983  00001aa4  08000028	j	L40_LF2
  984  00001aa8  54000000	nop; delay slot nop
  985  00001aac          	L44_LF2:
  986  00001aac  8fc20000	lw	r2,(r30)
  987  00001ab0  20410001	addi	r1,r2,#1
  988  00001ab4  00011020	add	r2,r0,r1
  989  00001ab8  afc20000	sw	(r30),r2
  990  00001abc  0bffff8c	j	L41_LF2
  991  00001ac0  54000000	nop; delay slot nop
  992  00001ac4          	L42_LF2:
  993  00001ac4  20010000	addi	r1,r0,#0
  994  00001ac8  08000004	j	L40_LF2
  995  00001acc  54000000	nop; delay slot nop
  996  00001ad0          	L40_LF2:
  997  00001ad0  8fa20000	lw	r2,0(r29)
  998  00001ad4  8fdffff8	lw	r31,-8(r30)
  999  00001ad8  001ee820	add	r29,r0,r30
 1000  00001adc  8fdefffc	lw	r30,-4(r30)
 1001  00001ae0  4be00000	jr	r31
 1002  00001ae4  54000000	nop
 1003  00001ae8          	.endproc _dstrstr
 1004  00001ae8          	.align 2
 1005  00001ae8          	.proc _dmindex
 1006  00001ae8          	.global _dmindex
 1007  00001ae8          	_dmindex:
 1008                      ;  Function 'dmindex'; 8 bytes of locals, 1 regs to save.
 1009  00001ae8  afbefffc	sw	-4(r29),r30; push fp
 1010  00001aec  001df020	add	r30,r0,r29; fp = sp
 1011  00001af0  afbffff8	sw	-8(r29),r31; push ret addr
 1012  00001af4  2fbd0018	subui	r29,r29,#24; alloc local storage
 1013  00001af8  afa20000	sw	0(r29),r2
 1014  00001afc  54000000	nop
 1015  00001b00          	L46_LF2:
 1016  00001b00  8fc10000	lw	r1,(r30)
 1017  00001b04  90220000	lbu	r2,(r1)
 1018  00001b08  64410000	snei	r1,r2,#0
 1019  00001b0c  1420000c	bnez	r1,L48_LF2
 1020  00001b10  54000000	nop; delay slot nop
 1021  00001b14  08000070	j	L47_LF2
 1022  00001b18  54000000	nop; delay slot nop
 1023  00001b1c          	L48_LF2:
 1024  00001b1c  8fc10004	lw	r1,4(r30)
 1025  00001b20  afc1fff4	sw	-12(r30),r1
 1026  00001b24          	L49_LF2:
 1027  00001b24  8fc1fff4	lw	r1,-12(r30)
 1028  00001b28  90220000	lbu	r2,(r1)
 1029  00001b2c  64410000	snei	r1,r2,#0
 1030  00001b30  1420000c	bnez	r1,L52_LF2
 1031  00001b34  54000000	nop; delay slot nop
 1032  00001b38  08000044	j	L50_LF2
 1033  00001b3c  54000000	nop; delay slot nop
 1034  00001b40          	L52_LF2:
 1035  00001b40  8fc10000	lw	r1,(r30)
 1036  00001b44  8fc2fff4	lw	r2,-12(r30)
 1037  00001b48  90210000	lbu	r1,(r1)
 1038  00001b4c  90420000	lbu	r2,(r2)
 1039  00001b50  00220828	seq	r1,r1,r2
 1040  00001b54  10200010	beqz	r1,L51_LF2
 1041  00001b58  54000000	nop; delay slot nop
 1042  00001b5c  8fc10000	lw	r1,(r30)
 1043  00001b60  08000030	j	L45_LF2
 1044  00001b64  54000000	nop; delay slot nop
 1045  00001b68          	L53_LF2:
 1046  00001b68          	L51_LF2:
 1047  00001b68  8fc2fff4	lw	r2,-12(r30)
 1048  00001b6c  20410001	addi	r1,r2,#1
 1049  00001b70  00011020	add	r2,r0,r1
 1050  00001b74  afc2fff4	sw	-12(r30),r2
 1051  00001b78  0bffffa8	j	L49_LF2
 1052  00001b7c  54000000	nop; delay slot nop
 1053  00001b80          	L50_LF2:
 1054  00001b80  0bffff7c	j	L46_LF2
 1055  00001b84  54000000	nop; delay slot nop
 1056  00001b88          	L47_LF2:
 1057  00001b88  20010000	addi	r1,r0,#0
 1058  00001b8c  08000004	j	L45_LF2
 1059  00001b90  54000000	nop; delay slot nop
 1060  00001b94          	L45_LF2:
 1061  00001b94  8fa20000	lw	r2,0(r29)
 1062  00001b98  8fdffff8	lw	r31,-8(r30)
 1063  00001b9c  001ee820	add	r29,r0,r30
 1064  00001ba0  8fdefffc	lw	r30,-4(r30)
 1065  00001ba4  4be00000	jr	r31
 1066  00001ba8  54000000	nop
 1067  00001bac          	.endproc _dmindex
 1068  00001bac          	.align 2
 1069  00001bac          	.proc _dindex
 1070  00001bac          	.global _dindex
 1071  00001bac          	_dindex:
 1072                      ;  Function 'dindex'; 0 bytes of locals, 1 regs to save.
 1073  00001bac  afbefffc	sw	-4(r29),r30; push fp
 1074  00001bb0  001df020	add	r30,r0,r29; fp = sp
 1075  00001bb4  afbffff8	sw	-8(r29),r31; push ret addr
 1076  00001bb8  2fbd0010	subui	r29,r29,#16; alloc local storage
 1077  00001bbc  afa20000	sw	0(r29),r2
 1078  00001bc0  54000000	nop
 1079  00001bc4          	L55_LF2:
 1080  00001bc4  8fc10000	lw	r1,(r30)
 1081  00001bc8  90220000	lbu	r2,(r1)
 1082  00001bcc  64410000	snei	r1,r2,#0
 1083  00001bd0  1420000c	bnez	r1,L57_LF2
 1084  00001bd4  54000000	nop; delay slot nop
 1085  00001bd8  08000040	j	L56_LF2
 1086  00001bdc  54000000	nop; delay slot nop
 1087  00001be0          	L57_LF2:
 1088  00001be0  8fc10000	lw	r1,(r30)
 1089  00001be4  90220000	lbu	r2,(r1)
 1090  00001be8  8fc10004	lw	r1,4(r30)
 1091  00001bec  00411028	seq	r2,r2,r1
 1092  00001bf0  10400010	beqz	r2,L58_LF2
 1093  00001bf4  54000000	nop; delay slot nop
 1094  00001bf8  8fc10000	lw	r1,(r30)
 1095  00001bfc  08000028	j	L54_LF2
 1096  00001c00  54000000	nop; delay slot nop
 1097  00001c04          	L58_LF2:
 1098  00001c04  8fc20000	lw	r2,(r30)
 1099  00001c08  20410001	addi	r1,r2,#1
 1100  00001c0c  00011020	add	r2,r0,r1
 1101  00001c10  afc20000	sw	(r30),r2
 1102  00001c14  0bffffac	j	L55_LF2
 1103  00001c18  54000000	nop; delay slot nop
 1104  00001c1c          	L56_LF2:
 1105  00001c1c  20010000	addi	r1,r0,#0
 1106  00001c20  08000004	j	L54_LF2
 1107  00001c24  54000000	nop; delay slot nop
 1108  00001c28          	L54_LF2:
 1109  00001c28  8fa20000	lw	r2,0(r29)
 1110  00001c2c  8fdffff8	lw	r31,-8(r30)
 1111  00001c30  001ee820	add	r29,r0,r30
 1112  00001c34  8fdefffc	lw	r30,-4(r30)
 1113  00001c38  4be00000	jr	r31
 1114  00001c3c  54000000	nop
 1115  00001c40          	.endproc _dindex
 1116  00001c40          	.align 2
 1117  00001c40          	.proc _ditoa
 1118  00001c40          	.global _ditoa
 1119  00001c40          	_ditoa:
 1120                      ;  Function 'ditoa'; 8 bytes of locals, 2 regs to save.
 1121  00001c40  afbefffc	sw	-4(r29),r30; push fp
 1122  00001c44  001df020	add	r30,r0,r29; fp = sp
 1123  00001c48  afbffff8	sw	-8(r29),r31; push ret addr
 1124  00001c4c  2fbd0018	subui	r29,r29,#24; alloc local storage
 1125  00001c50  afa20000	sw	0(r29),r2
 1126  00001c54  afa30004	sw	4(r29),r3
 1127  00001c58  8fc10000	lw	r1,(r30)
 1128  00001c5c  68220000	slti	r2,r1,#0
 1129  00001c60  1040002c	beqz	r2,L60_LF2
 1130  00001c64  54000000	nop; delay slot nop
 1131  00001c68  8fc10004	lw	r1,4(r30)
 1132  00001c6c  20220001	addi	r2,r1,#1
 1133  00001c70  afc20004	sw	4(r30),r2
 1134  00001c74  2002002d	addi	r2,r0,(#0x2d)&0xff
 1135  00001c78  a0220000	sb	(r1),r2
 1136  00001c7c  8fc10000	lw	r1,(r30)
 1137  00001c80  00011022	sub	r2,r0,r1
 1138  00001c84  afc20000	sw	(r30),r2
 1139  00001c88  08000118	j	L61_LF2
 1140  00001c8c  54000000	nop; delay slot nop
 1141  00001c90          	L60_LF2:
 1142  00001c90  8fc10000	lw	r1,(r30)
 1143  00001c94  64220000	snei	r2,r1,#0
 1144  00001c98  14400020	bnez	r2,L62_LF2
 1145  00001c9c  54000000	nop; delay slot nop
 1146  00001ca0  8fc10004	lw	r1,4(r30)
 1147  00001ca4  20220001	addi	r2,r1,#1
 1148  00001ca8  afc20004	sw	4(r30),r2
 1149  00001cac  20020030	addi	r2,r0,(#0x30)&0xff
 1150  00001cb0  a0220000	sb	(r1),r2
 1151  00001cb4  080000ec	j	L61_LF2
 1152  00001cb8  54000000	nop; delay slot nop
 1153  00001cbc          	L62_LF2:
 1154  00001cbc  20010001	addi	r1,r0,#1
 1155  00001cc0  afc1fff4	sw	-12(r30),r1
 1156  00001cc4          	L64_LF2:
 1157  00001cc4  8fc1fff4	lw	r1,-12(r30)
 1158  00001cc8  8fc20000	lw	r2,(r30)
 1159  00001ccc  0022082c	sle	r1,r1,r2
 1160  00001cd0  1420000c	bnez	r1,L66_LF2
 1161  00001cd4  54000000	nop; delay slot nop
 1162  00001cd8  08000024	j	L65_LF2
 1163  00001cdc  54000000	nop; delay slot nop
 1164  00001ce0          	L67_LF2:
 1165  00001ce0          	L66_LF2:
 1166  00001ce0  8fc1fff4	lw	r1,-12(r30)
 1167  00001ce4  00011820	add	r3,r0,r1
 1168  00001ce8  50620002	slli	r2,r3,#0x2
 1169  00001cec  00411020	add	r2,r2,r1
 1170  00001cf0  50410001	slli	r1,r2,#0x1
 1171  00001cf4  afc1fff4	sw	-12(r30),r1
 1172  00001cf8  0bffffc8	j	L64_LF2
 1173  00001cfc  54000000	nop; delay slot nop
 1174  00001d00          	L65_LF2:
 1175  00001d00  54000000	nop
 1176  00001d04          	L68_LF2:
 1177  00001d04  8fc1fff4	lw	r1,-12(r30)
 1178  00001d08  2002000a	addi	r2,r0,#10
 1179  00001d0c  00200035	movi2fp	f0,r1
 1180  00001d10  00400835	movi2fp	f1,r2
 1181  00001d14  0401000f	div	f0,f0,f1
 1182  00001d18  00000834	movfp2i	r1,f0
 1183  00001d1c  afc1fff4	sw	-12(r30),r1
 1184  00001d20  8fc10004	lw	r1,4(r30)
 1185  00001d24  20220001	addi	r2,r1,#1
 1186  00001d28  afc20004	sw	4(r30),r2
 1187  00001d2c  8fc20000	lw	r2,(r30)
 1188  00001d30  8fc3fff4	lw	r3,-12(r30)
 1189  00001d34  00400035	movi2fp	f0,r2
 1190  00001d38  00600835	movi2fp	f1,r3
 1191  00001d3c  0401000f	div	f0,f0,f1
 1192  00001d40  00001034	movfp2i	r2,f0
 1193  00001d44  00021820	add	r3,r0,r2
 1194  00001d48  20620030	addi	r2,r3,#48
 1195  00001d4c  a0220000	sb	(r1),r2
 1196  00001d50  8fc10000	lw	r1,(r30)
 1197  00001d54  8fc3fff4	lw	r3,-12(r30)
 1198  00001d58  00200035	movi2fp	f0,r1
 1199  00001d5c  00600835	movi2fp	f1,r3
 1200  00001d60  0401000f	div	f0,f0,f1
 1201  00001d64  00001034	movfp2i	r2,f0
 1202  00001d68  8fc3fff4	lw	r3,-12(r30)
 1203  00001d6c  00400035	movi2fp	f0,r2
 1204  00001d70  00600835	movi2fp	f1,r3
 1205  00001d74  0401000e	mult	f0,f0,f1
 1206  00001d78  00001034	movfp2i	r2,f0
 1207  00001d7c  00220822	sub	r1,r1,r2
 1208  00001d80  afc10000	sw	(r30),r1
 1209  00001d84          	L70_LF2:
 1210  00001d84  8fc1fff4	lw	r1,-12(r30)
 1211  00001d88  6c220001	sgti	r2,r1,#1
 1212  00001d8c  1440000c	bnez	r2,L71_LF2
 1213  00001d90  54000000	nop; delay slot nop
 1214  00001d94  0800000c	j	L61_LF2
 1215  00001d98  54000000	nop; delay slot nop
 1216  00001d9c          	L71_LF2:
 1217  00001d9c  0bffff64	j	L68_LF2
 1218  00001da0  54000000	nop; delay slot nop
 1219  00001da4          	L69_LF2:
 1220  00001da4          	L63_LF2:
 1221  00001da4          	L61_LF2:
 1222  00001da4  8fc10004	lw	r1,4(r30)
 1223  00001da8  20020000	addi	r2,r0,(#0x0)&0xff
 1224  00001dac  a0220000	sb	(r1),r2
 1225  00001db0          	L59_LF2:
 1226  00001db0  8fa20000	lw	r2,0(r29)
 1227  00001db4  8fa30004	lw	r3,4(r29)
 1228  00001db8  8fdffff8	lw	r31,-8(r30)
 1229  00001dbc  001ee820	add	r29,r0,r30
 1230  00001dc0  8fdefffc	lw	r30,-4(r30)
 1231  00001dc4  4be00000	jr	r31
 1232  00001dc8  54000000	nop
 1233  00001dcc          	.endproc _ditoa
 1234  00001dcc          	.align 2
 1235  00001dcc          	.proc _dstrtol
 1236  00001dcc          	.global _dstrtol
 1237  00001dcc          	_dstrtol:
 1238                      ;  Function 'dstrtol'; 16 bytes of locals, 1 regs to save.
 1239  00001dcc  afbefffc	sw	-4(r29),r30; push fp
 1240  00001dd0  001df020	add	r30,r0,r29; fp = sp
 1241  00001dd4  afbffff8	sw	-8(r29),r31; push ret addr
 1242  00001dd8  2fbd0020	subui	r29,r29,#32; alloc local storage
 1243  00001ddc  afa20000	sw	0(r29),r2
 1244  00001de0  20010000	addi	r1,r0,#0
 1245  00001de4  afc1fff4	sw	-12(r30),r1
 1246  00001de8          	L73_LF2:
 1247  00001de8  8fc10000	lw	r1,(r30)
 1248  00001dec  90220000	lbu	r2,(r1)
 1249  00001df0  60410020	seqi	r1,r2,#32
 1250  00001df4  14200034	bnez	r1,L75_LF2
 1251  00001df8  54000000	nop; delay slot nop
 1252  00001dfc  8fc10000	lw	r1,(r30)
 1253  00001e00  90220000	lbu	r2,(r1)
 1254  00001e04  60410009	seqi	r1,r2,#9
 1255  00001e08  14200020	bnez	r1,L75_LF2
 1256  00001e0c  54000000	nop; delay slot nop
 1257  00001e10  8fc10000	lw	r1,(r30)
 1258  00001e14  90220000	lbu	r2,(r1)
 1259  00001e18  6041000a	seqi	r1,r2,#10
 1260  00001e1c  1420000c	bnez	r1,L75_LF2
 1261  00001e20  54000000	nop; delay slot nop
 1262  00001e24  0800001c	j	L74_LF2
 1263  00001e28  54000000	nop; delay slot nop
 1264  00001e2c          	L75_LF2:
 1265  00001e2c  8fc20000	lw	r2,(r30)
 1266  00001e30  20410001	addi	r1,r2,#1
 1267  00001e34  00011020	add	r2,r0,r1
 1268  00001e38  afc20000	sw	(r30),r2
 1269  00001e3c  0bffffa8	j	L73_LF2
 1270  00001e40  54000000	nop; delay slot nop
 1271  00001e44          	L74_LF2:
 1272  00001e44  8fc10004	lw	r1,4(r30)
 1273  00001e48  64220000	snei	r2,r1,#0
 1274  00001e4c  10400010	beqz	r2,L76_LF2
 1275  00001e50  54000000	nop; delay slot nop
 1276  00001e54  8fc10004	lw	r1,4(r30)
 1277  00001e58  8fc20000	lw	r2,(r30)
 1278  00001e5c  ac220000	sw	(r1),r2
 1279  00001e60          	L76_LF2:
 1280  00001e60  8fc10000	lw	r1,(r30)
 1281  00001e64  90220000	lbu	r2,(r1)
 1282  00001e68  64410000	snei	r1,r2,#0
 1283  00001e6c  14200010	bnez	r1,L77_LF2
 1284  00001e70  54000000	nop; delay slot nop
 1285  00001e74  8fc1fff4	lw	r1,-12(r30)
 1286  00001e78  08000294	j	L72_LF2
 1287  00001e7c  54000000	nop; delay slot nop
 1288  00001e80          	L77_LF2:
 1289  00001e80  8fc10000	lw	r1,(r30)
 1290  00001e84  90220000	lbu	r2,(r1)
 1291  00001e88  6041002d	seqi	r1,r2,#45
 1292  00001e8c  10200024	beqz	r1,L78_LF2
 1293  00001e90  54000000	nop; delay slot nop
 1294  00001e94  2001ffff	addi	r1,r0,#-1
 1295  00001e98  afc1ffec	sw	-20(r30),r1
 1296  00001e9c  8fc20000	lw	r2,(r30)
 1297  00001ea0  20410001	addi	r1,r2,#1
 1298  00001ea4  00011020	add	r2,r0,r1
 1299  00001ea8  afc20000	sw	(r30),r2
 1300  00001eac  0800000c	j	L79_LF2
 1301  00001eb0  54000000	nop; delay slot nop
 1302  00001eb4          	L78_LF2:
 1303  00001eb4  20010001	addi	r1,r0,#1
 1304  00001eb8  afc1ffec	sw	-20(r30),r1
 1305  00001ebc          	L79_LF2:
 1306  00001ebc  8fc10008	lw	r1,8(r30)
 1307  00001ec0  64220000	snei	r2,r1,#0
 1308  00001ec4  14400090	bnez	r2,L80_LF2
 1309  00001ec8  54000000	nop; delay slot nop
 1310  00001ecc  8fc10000	lw	r1,(r30)
 1311  00001ed0  90220000	lbu	r2,(r1)
 1312  00001ed4  60410030	seqi	r1,r2,#48
 1313  00001ed8  10200074	beqz	r1,L81_LF2
 1314  00001edc  54000000	nop; delay slot nop
 1315  00001ee0  8fc20000	lw	r2,(r30)
 1316  00001ee4  20410001	addi	r1,r2,#1
 1317  00001ee8  00011020	add	r2,r0,r1
 1318  00001eec  afc20000	sw	(r30),r2
 1319  00001ef0  8fc10000	lw	r1,(r30)
 1320  00001ef4  90220000	lbu	r2,(r1)
 1321  00001ef8  60410078	seqi	r1,r2,#120
 1322  00001efc  14200020	bnez	r1,L83_LF2
 1323  00001f00  54000000	nop; delay slot nop
 1324  00001f04  8fc10000	lw	r1,(r30)
 1325  00001f08  90220000	lbu	r2,(r1)
 1326  00001f0c  60410058	seqi	r1,r2,#88
 1327  00001f10  1420000c	bnez	r1,L83_LF2
 1328  00001f14  54000000	nop; delay slot nop
 1329  00001f18  08000024	j	L82_LF2
 1330  00001f1c  54000000	nop; delay slot nop
 1331  00001f20          	L83_LF2:
 1332  00001f20  20010010	addi	r1,r0,#16
 1333  00001f24  afc10008	sw	8(r30),r1
 1334  00001f28  8fc20000	lw	r2,(r30)
 1335  00001f2c  20410001	addi	r1,r2,#1
 1336  00001f30  00011020	add	r2,r0,r1
 1337  00001f34  afc20000	sw	(r30),r2
 1338  00001f38  0800000c	j	L84_LF2
 1339  00001f3c  54000000	nop; delay slot nop
 1340  00001f40          	L82_LF2:
 1341  00001f40  20010008	addi	r1,r0,#8
 1342  00001f44  afc10008	sw	8(r30),r1
 1343  00001f48          	L84_LF2:
 1344  00001f48  0800000c	j	L80_LF2
 1345  00001f4c  54000000	nop; delay slot nop
 1346  00001f50          	L81_LF2:
 1347  00001f50  2001000a	addi	r1,r0,#10
 1348  00001f54  afc10008	sw	8(r30),r1
 1349  00001f58          	L85_LF2:
 1350  00001f58          	L80_LF2:
 1351  00001f58  8fc10008	lw	r1,8(r30)
 1352  00001f5c  70220000	slei	r2,r1,#0
 1353  00001f60  1440001c	bnez	r2,L87_LF2
 1354  00001f64  54000000	nop; delay slot nop
 1355  00001f68  8fc10008	lw	r1,8(r30)
 1356  00001f6c  6c220010	sgti	r2,r1,#16
 1357  00001f70  1440000c	bnez	r2,L87_LF2
 1358  00001f74  54000000	nop; delay slot nop
 1359  00001f78  08000010	j	L86_LF2
 1360  00001f7c  54000000	nop; delay slot nop
 1361  00001f80          	L87_LF2:
 1362  00001f80  8fc1fff4	lw	r1,-12(r30)
 1363  00001f84  08000188	j	L72_LF2
 1364  00001f88  54000000	nop; delay slot nop
 1365  00001f8c          	L86_LF2:
 1366  00001f8c  54000000	nop
 1367  00001f90          	L88_LF2:
 1368  00001f90  8fc10000	lw	r1,(r30)
 1369  00001f94  90220000	lbu	r2,(r1)
 1370  00001f98  6c41002f	sgtui	r1,r2,#47
 1371  00001f9c  10200030	beqz	r1,L91_LF2
 1372  00001fa0  54000000	nop; delay slot nop
 1373  00001fa4  8fc10000	lw	r1,(r30)
 1374  00001fa8  90220000	lbu	r2,(r1)
 1375  00001fac  70410039	sleui	r1,r2,#57
 1376  00001fb0  1020001c	beqz	r1,L91_LF2
 1377  00001fb4  54000000	nop; delay slot nop
 1378  00001fb8  8fc10000	lw	r1,(r30)
 1379  00001fbc  90220000	lbu	r2,(r1)
 1380  00001fc0  2041ffd0	addi	r1,r2,#-48
 1381  00001fc4  afc1fff0	sw	-16(r30),r1
 1382  00001fc8  0800008c	j	L92_LF2
 1383  00001fcc  54000000	nop; delay slot nop
 1384  00001fd0          	L91_LF2:
 1385  00001fd0  8fc10000	lw	r1,(r30)
 1386  00001fd4  90220000	lbu	r2,(r1)
 1387  00001fd8  6c410060	sgtui	r1,r2,#96
 1388  00001fdc  10200030	beqz	r1,L93_LF2
 1389  00001fe0  54000000	nop; delay slot nop
 1390  00001fe4  8fc10000	lw	r1,(r30)
 1391  00001fe8  90220000	lbu	r2,(r1)
 1392  00001fec  7041007a	sleui	r1,r2,#122
 1393  00001ff0  1020001c	beqz	r1,L93_LF2
 1394  00001ff4  54000000	nop; delay slot nop
 1395  00001ff8  8fc10000	lw	r1,(r30)
 1396  00001ffc  90220000	lbu	r2,(r1)
 1397  00002000  2041ffa9	addi	r1,r2,#-87
 1398  00002004  afc1fff0	sw	-16(r30),r1
 1399  00002008  0800004c	j	L92_LF2
 1400  0000200c  54000000	nop; delay slot nop
 1401  00002010          	L93_LF2:
 1402  00002010  8fc10000	lw	r1,(r30)
 1403  00002014  90220000	lbu	r2,(r1)
 1404  00002018  6c410040	sgtui	r1,r2,#64
 1405  0000201c  10200030	beqz	r1,L95_LF2
 1406  00002020  54000000	nop; delay slot nop
 1407  00002024  8fc10000	lw	r1,(r30)
 1408  00002028  90220000	lbu	r2,(r1)
 1409  0000202c  7041005a	sleui	r1,r2,#90
 1410  00002030  1020001c	beqz	r1,L95_LF2
 1411  00002034  54000000	nop; delay slot nop
 1412  00002038  8fc10000	lw	r1,(r30)
 1413  0000203c  90220000	lbu	r2,(r1)
 1414  00002040  2041ffc9	addi	r1,r2,#-55
 1415  00002044  afc1fff0	sw	-16(r30),r1
 1416  00002048  0800000c	j	L92_LF2
 1417  0000204c  54000000	nop; delay slot nop
 1418  00002050          	L95_LF2:
 1419  00002050  200103e8	addi	r1,r0,#1000
 1420  00002054  afc1fff0	sw	-16(r30),r1
 1421  00002058          	L96_LF2:
 1422  00002058          	L94_LF2:
 1423  00002058          	L92_LF2:
 1424  00002058  8fc1fff0	lw	r1,-16(r30)
 1425  0000205c  8fc20008	lw	r2,8(r30)
 1426  00002060  0022082a	slt	r1,r1,r2
 1427  00002064  10200040	beqz	r1,L90_LF2
 1428  00002068  54000000	nop; delay slot nop
 1429  0000206c  8fc1fff4	lw	r1,-12(r30)
 1430  00002070  8fc20008	lw	r2,8(r30)
 1431  00002074  00200035	movi2fp	f0,r1
 1432  00002078  00400835	movi2fp	f1,r2
 1433  0000207c  0401000e	mult	f0,f0,f1
 1434  00002080  00000834	movfp2i	r1,f0
 1435  00002084  afc1fff4	sw	-12(r30),r1
 1436  00002088  8fc1fff4	lw	r1,-12(r30)
 1437  0000208c  8fc2fff0	lw	r2,-16(r30)
 1438  00002090  00220820	add	r1,r1,r2
 1439  00002094  afc1fff4	sw	-12(r30),r1
 1440  00002098  8fc20000	lw	r2,(r30)
 1441  0000209c  20410001	addi	r1,r2,#1
 1442  000020a0  00011020	add	r2,r0,r1
 1443  000020a4  afc20000	sw	(r30),r2
 1444  000020a8          	L97_LF2:
 1445  000020a8          	L90_LF2:
 1446  000020a8  8fc1fff0	lw	r1,-16(r30)
 1447  000020ac  8fc20008	lw	r2,8(r30)
 1448  000020b0  0022082a	slt	r1,r1,r2
 1449  000020b4  1420000c	bnez	r1,L98_LF2
 1450  000020b8  54000000	nop; delay slot nop
 1451  000020bc  0800000c	j	L89_LF2
 1452  000020c0  54000000	nop; delay slot nop
 1453  000020c4          	L98_LF2:
 1454  000020c4  0bfffec8	j	L88_LF2
 1455  000020c8  54000000	nop; delay slot nop
 1456  000020cc          	L89_LF2:
 1457  000020cc  8fc10004	lw	r1,4(r30)
 1458  000020d0  64220000	snei	r2,r1,#0
 1459  000020d4  10400010	beqz	r2,L99_LF2
 1460  000020d8  54000000	nop; delay slot nop
 1461  000020dc  8fc10004	lw	r1,4(r30)
 1462  000020e0  8fc20000	lw	r2,(r30)
 1463  000020e4  ac220000	sw	(r1),r2
 1464  000020e8          	L99_LF2:
 1465  000020e8  8fc1fff4	lw	r1,-12(r30)
 1466  000020ec  8fc2ffec	lw	r2,-20(r30)
 1467  000020f0  00200035	movi2fp	f0,r1
 1468  000020f4  00400835	movi2fp	f1,r2
 1469  000020f8  0401000e	mult	f0,f0,f1
 1470  000020fc  00000834	movfp2i	r1,f0
 1471  00002100  afc1fff4	sw	-12(r30),r1
 1472  00002104  8fc1fff4	lw	r1,-12(r30)
 1473  00002108  08000004	j	L72_LF2
 1474  0000210c  54000000	nop; delay slot nop
 1475  00002110          	L72_LF2:
 1476  00002110  8fa20000	lw	r2,0(r29)
 1477  00002114  8fdffff8	lw	r31,-8(r30)
 1478  00002118  001ee820	add	r29,r0,r30
 1479  0000211c  8fdefffc	lw	r30,-4(r30)
 1480  00002120  4be00000	jr	r31
 1481  00002124  54000000	nop
 1482  00002128          	.endproc _dstrtol
 1483  00002128          	.align 2
 1484  00002128          	.proc _bcopy
 1485  00002128          	.global _bcopy
 1486  00002128          	_bcopy:
 1487                      ;  Function 'bcopy'; 0 bytes of locals, 2 regs to save.
 1488  00002128  afbefffc	sw	-4(r29),r30; push fp
 1489  0000212c  001df020	add	r30,r0,r29; fp = sp
 1490  00002130  afbffff8	sw	-8(r29),r31; push ret addr
 1491  00002134  2fbd0010	subui	r29,r29,#16; alloc local storage
 1492  00002138  afa20000	sw	0(r29),r2
 1493  0000213c  afa30004	sw	4(r29),r3
 1494  00002140  54000000	nop
 1495  00002144          	L101_LF2:
 1496  00002144  8fc10008	lw	r1,8(r30)
 1497  00002148  2022ffff	addi	r2,r1,#-1
 1498  0000214c  afc20008	sw	8(r30),r2
 1499  00002150  6c210000	sgti	r1,r1,#0
 1500  00002154  1420000c	bnez	r1,L103_LF2
 1501  00002158  54000000	nop; delay slot nop
 1502  0000215c  0800002c	j	L102_LF2
 1503  00002160  54000000	nop; delay slot nop
 1504  00002164          	L103_LF2:
 1505  00002164  8fc10004	lw	r1,4(r30)
 1506  00002168  20220001	addi	r2,r1,#1
 1507  0000216c  afc20004	sw	4(r30),r2
 1508  00002170  8fc20000	lw	r2,(r30)
 1509  00002174  20430001	addi	r3,r2,#1
 1510  00002178  afc30000	sw	(r30),r3
 1511  0000217c  80420000	lb	r2,(r2)
 1512  00002180  a0220000	sb	(r1),r2
 1513  00002184  0bffffbc	j	L101_LF2
 1514  00002188  54000000	nop; delay slot nop
 1515  0000218c          	L102_LF2:
 1516  0000218c          	L100_LF2:
 1517  0000218c  8fa20000	lw	r2,0(r29)
 1518  00002190  8fa30004	lw	r3,4(r29)
 1519  00002194  8fdffff8	lw	r31,-8(r30)
 1520  00002198  001ee820	add	r29,r0,r30
 1521  0000219c  8fdefffc	lw	r30,-4(r30)
 1522  000021a0  4be00000	jr	r31
 1523  000021a4  54000000	nop
 1524  000021a8          	.endproc _bcopy
 1525  000021a8          	.align 2
 1526  000021a8          	.proc _bzero
 1527  000021a8          	.global _bzero
 1528  000021a8          	_bzero:
 1529                      ;  Function 'bzero'; 0 bytes of locals, 1 regs to save.
 1530  000021a8  afbefffc	sw	-4(r29),r30; push fp
 1531  000021ac  001df020	add	r30,r0,r29; fp = sp
 1532  000021b0  afbffff8	sw	-8(r29),r31; push ret addr
 1533  000021b4  2fbd0010	subui	r29,r29,#16; alloc local storage
 1534  000021b8  afa20000	sw	0(r29),r2
 1535  000021bc  54000000	nop
 1536  000021c0          	L105_LF2:
 1537  000021c0  8fc10004	lw	r1,4(r30)
 1538  000021c4  2022ffff	addi	r2,r1,#-1
 1539  000021c8  afc20004	sw	4(r30),r2
 1540  000021cc  6c210000	sgti	r1,r1,#0
 1541  000021d0  1420000c	bnez	r1,L107_LF2
 1542  000021d4  54000000	nop; delay slot nop
 1543  000021d8  08000020	j	L106_LF2
 1544  000021dc  54000000	nop; delay slot nop
 1545  000021e0          	L107_LF2:
 1546  000021e0  8fc10000	lw	r1,(r30)
 1547  000021e4  20220001	addi	r2,r1,#1
 1548  000021e8  afc20000	sw	(r30),r2
 1549  000021ec  20020000	addi	r2,r0,(#0x0)&0xff
 1550  000021f0  a0220000	sb	(r1),r2
 1551  000021f4  0bffffc8	j	L105_LF2
 1552  000021f8  54000000	nop; delay slot nop
 1553  000021fc          	L106_LF2:
 1554  000021fc          	L104_LF2:
 1555  000021fc  8fa20000	lw	r2,0(r29)
 1556  00002200  8fdffff8	lw	r31,-8(r30)
 1557  00002204  001ee820	add	r29,r0,r30
 1558  00002208  8fdefffc	lw	r30,-4(r30)
 1559  0000220c  4be00000	jr	r31
 1560  00002210  54000000	nop
 1561  00002214          	.endproc _bzero
 1562  00002214          	.align 2
 1563  00002214          	.proc _min
 1564  00002214          	.global _min
 1565  00002214          	_min:
 1566                      ;  Function 'min'; 0 bytes of locals, 2 regs to save.
 1567  00002214  afbefffc	sw	-4(r29),r30; push fp
 1568  00002218  001df020	add	r30,r0,r29; fp = sp
 1569  0000221c  afbffff8	sw	-8(r29),r31; push ret addr
 1570  00002220  2fbd0010	subui	r29,r29,#16; alloc local storage
 1571  00002224  afa20000	sw	0(r29),r2
 1572  00002228  afa30004	sw	4(r29),r3
 1573  0000222c  8fc10000	lw	r1,(r30)
 1574  00002230  8fc20004	lw	r2,4(r30)
 1575  00002234  0022182c	sle	r3,r1,r2
 1576  00002238  14600008	bnez	r3,L109_LF2
 1577  0000223c  54000000	nop; delay slot nop
 1578  00002240  8fc10004	lw	r1,4(r30)
 1579  00002244          	L109_LF2:
 1580  00002244  08000004	j	L108_LF2
 1581  00002248  54000000	nop; delay slot nop
 1582  0000224c          	L108_LF2:
 1583  0000224c  8fa20000	lw	r2,0(r29)
 1584  00002250  8fa30004	lw	r3,4(r29)
 1585  00002254  8fdffff8	lw	r31,-8(r30)
 1586  00002258  001ee820	add	r29,r0,r30
 1587  0000225c  8fdefffc	lw	r30,-4(r30)
 1588  00002260  4be00000	jr	r31
 1589  00002264  54000000	nop
 1590  00002268          	.endproc _min
 1591                      ;;; Ethan L. Miller, 1999.  Released to the public domain
 1592                      ;;;
 1593                      ;;; Most of the traps are called in files from libtraps.
 1596  00002268          	.align 2
 1597  00002268          	.proc _exit
 1598  00002268          	.global _exit
 1599  00002268          	_exit:
 1600  00002268  44000300	trap	#0x300
 1601  0000226c  4be00000	jr	r31
 1602  00002270  54000000	nop
 1603  00002274          	.endproc _exit
 1605                      ; for the benefit of gcc.
 1606  00002274          	.proc ___main
 1607  00002274          	.global ___main
 1608  00002274          	___main:
 1609  00002274  4be00000	jr	r31
 1610  00002278  54000000	nop
 1611  0000227c          	.endproc ___main
 1612  0000227c          	.text
 1613  0000227c          	.global _etext
 1614  0000227c          	_etext:
 1615  0000227c          	.align 3
 1616  00002280          	.data
 1617  00003186          	.global _edata
 1618  00003186          	_edata:
