 line   address	contents
    1                      ; Linked by DLX-LD.
    2                      ; MemSize 24576
    3                      ; Data size: 182
    4                      ; Text size: 4412
    5                      ; Stack size: 8192
    6  00000000          	.text 0x1000
    7  00001000          	.data 0x3000
    8                      ; Compiled by GCC
    9  00003000          	.text
   10  00001000          	.align 2
   11  00001000          	.proc _isspace
   12  00001000          	.global _isspace
   13  00001000          	_isspace:
   14                      ;  Function 'isspace'; 0 bytes of locals, 1 regs to save.
   15  00001000  afbefffc	sw	-4(r29),r30; push fp
   16  00001004  001df020	add	r30,r0,r29; fp = sp
   17  00001008  afbffff8	sw	-8(r29),r31; push ret addr
   18  0000100c  2fbd0010	subui	r29,r29,#16; alloc local storage
   19  00001010  afa20000	sw	0(r29),r2
   20  00001014  83c20003	lb	r2,3(r30)
   21  00001018  201f0000	addi	r31,r0,#0
   22  0000101c  304100ff	andi	r1,r2,#0x00ff
   23  00001020  60210020	seqi	r1,r1,#32
   24  00001024  14200018	bnez	r1,L6_LF0
   25  00001028  54000000	nop; not filled.
   26  0000102c  2041fff7	addi	r1,r2,#-9
   27  00001030  302100ff	andi	r1,r1,#0x00ff
   28  00001034  70210001	sleui	r1,r1,#1
   29  00001038  10200008	beqz	r1,L5_LF0
   30  0000103c  54000000	nop; not filled.
   31  00001040          	L6_LF0:
   32  00001040  201f0001	addi	r31,r0,#1
   33  00001044          	L5_LF0:
   34  00001044  001f0820	add	r1,r0,r31
   35  00001048  8fa20000	lw	r2,0(r29)
   36  0000104c  8fdffff8	lw	r31,-8(r30)
   37  00001050  001ee820	add	r29,r0,r30
   38  00001054  8fdefffc	lw	r30,-4(r30)
   39  00001058  4be00000	jr	r31
   40  0000105c  54000000	nop
   41  00001060          	.endproc _isspace
   42  00001060          	.align 2
   43  00001060          	.proc _isxdigit
   44  00001060          	.global _isxdigit
   45  00001060          	_isxdigit:
   46                      ;  Function 'isxdigit'; 0 bytes of locals, 1 regs to save.
   47  00001060  afbefffc	sw	-4(r29),r30; push fp
   48  00001064  001df020	add	r30,r0,r29; fp = sp
   49  00001068  afbffff8	sw	-8(r29),r31; push ret addr
   50  0000106c  2fbd0010	subui	r29,r29,#16; alloc local storage
   51  00001070  afa20000	sw	0(r29),r2
   52  00001074  83df0003	lb	r31,3(r30)
   53  00001078  20020000	addi	r2,r0,#0
   54  0000107c  23e1ffd0	addi	r1,r31,#-48
   55  00001080  302100ff	andi	r1,r1,#0x00ff
   56  00001084  70210009	sleui	r1,r1,#9
   57  00001088  14200028	bnez	r1,L12_LF0
   58  0000108c  54000000	nop; not filled.
   59  00001090  23e1ff9f	addi	r1,r31,#-97
   60  00001094  302100ff	andi	r1,r1,#0x00ff
   61  00001098  70210005	sleui	r1,r1,#5
   62  0000109c  14200014	bnez	r1,L12_LF0
   63  000010a0  54000000	nop; not filled.
   64  000010a4  33e100ff	andi	r1,r31,#0x00ff
   65  000010a8  64210041	snei	r1,r1,#65
   66  000010ac  14200008	bnez	r1,L11_LF0
   67  000010b0  54000000	nop; not filled.
   68  000010b4          	L12_LF0:
   69  000010b4  20020001	addi	r2,r0,#1
   70  000010b8          	L11_LF0:
   71  000010b8  00020820	add	r1,r0,r2
   72  000010bc  8fa20000	lw	r2,0(r29)
   73  000010c0  8fdffff8	lw	r31,-8(r30)
   74  000010c4  001ee820	add	r29,r0,r30
   75  000010c8  8fdefffc	lw	r30,-4(r30)
   76  000010cc  4be00000	jr	r31
   77  000010d0  54000000	nop
   78  000010d4          	.endproc _isxdigit
   79  000010d4          	.data
   80  00003000          	.align 2
   81  00003000          	LC0_LF0:
   82  00003000  55736167	.ascii "Usage: \000"
   82  00003004  653a2000	
   83  00003008          	.align 2
   84  00003008          	LC1_LF0:
   85  00003008  203c6861	.ascii " <handle_to_shared_memory_page> <handle_to_page_mapped_semaphore>\n\000"
   85  0000300c  6e646c65	
   85  00003010  5f746f5f	
   85  00003014  73686172	
   85  00003018  65645f6d	
   85  0000301c  656d6f72	
   85  00003020  795f7061	
   85  00003024  67653e20	
   85  00003028  3c68616e	
   85  0000302c  646c655f	
   85  00003030  746f5f70	
   85  00003034  6167655f	
   85  00003038  6d617070	
   85  0000303c  65645f73	
   85  00003040  656d6170	
   85  00003044  686f7265	
   85  00003048  3e0a00  	
   86  0000304b          	.align 2
   87  0000304c          	LC2_LF0:
   88  0000304c  28256429	.ascii "(%d) H2 + O2 + SO2 -> H2SO4 reacted, PID: %d \n\000"
   88  00003050  20483220	
   88  00003054  2b204f32	
   88  00003058  202b2053	
   88  0000305c  4f32202d	
   88  00003060  3e204832	
   88  00003064  534f3420	
   88  00003068  72656163	
   88  0000306c  7465642c	
   88  00003070  20504944	
   88  00003074  3a202564	
   88  00003078  200a00  	
   89  0000307b          	.align 2
   90  0000307c          	LC3_LF0:
   91  0000307c  42616420	.ascii "Bad semaphore s_procs_completed (%d) in \000"
   91  00003080  73656d61	
   91  00003084  70686f72	
   91  00003088  6520735f	
   91  0000308c  70726f63	
   91  00003090  735f636f	
   91  00003094  6d706c65	
   91  00003098  74656420	
   91  0000309c  28256429	
   91  000030a0  20696e20	
   91  000030a4  00      	
   92  000030a5          	.align 2
   93  000030a8          	LC4_LF0:
   94  000030a8  2c206578	.ascii ", exiting...\n\000"
   94  000030ac  6974696e	
   94  000030b0  672e2e2e	
   94  000030b4  0a00    	
   95  000030b6          	.text
   96  000010d4          	.align 2
   97  000010d4          	.proc _main
   98  000010d4          	.global _main
   99  000010d4          	_main:
  100                      ;  Function 'main'; 0 bytes of locals, 0 regs to save.
  101  000010d4  afbefffc	sw	-4(r29),r30; push fp
  102  000010d8  001df020	add	r30,r0,r29; fp = sp
  103  000010dc  afbffff8	sw	-8(r29),r31; push ret addr
  104  000010e0  2fbd0008	subui	r29,r29,#8; alloc local storage
  105  000010e4  8fc20000	lw	r2,(r30)
  106  000010e8  8fc40004	lw	r4,4(r30)
  107  000010ec  0c001044	jal	___main
  108  000010f0  54000000	nop; not filled.
  109  000010f4  64410006	snei	r1,r2,#6
  110  000010f8  1020004c	beqz	r1,L14_LF0
  111  000010fc  54000000	nop; not filled.
  112  00001100  23bdfff8	addi	r29,r29,#-8
  113  00001104  3c090000	lhi	r9,((LC0_LF0)>>16)&0xffff
  114  00001108  25293000	addui	r9,r9,(LC0_LF0)&0xffff
  115  0000110c  afa90000	sw	(r29),r9
  116  00001110  0c000218	jal	_Printf
  117  00001114  54000000	nop; not filled.
  118  00001118  8c890000	lw	r9,(r4)
  119  0000111c  afa90000	sw	(r29),r9
  120  00001120  0c000208	jal	_Printf
  121  00001124  54000000	nop; not filled.
  122  00001128  3c090000	lhi	r9,((LC1_LF0)>>16)&0xffff
  123  0000112c  25293008	addui	r9,r9,(LC1_LF0)&0xffff
  124  00001130  afa90000	sw	(r29),r9
  125  00001134  0c0001f4	jal	_Printf
  126  00001138  54000000	nop; not filled.
  127  0000113c  0c0002a0	jal	_Exit
  128  00001140  54000000	nop; not filled.
  129  00001144  23bd0008	addi	r29,r29,#8
  130  00001148          	L14_LF0:
  131  00001148  23bdfff0	addi	r29,r29,#-16
  132  0000114c  8c890004	lw	r9,4(r4)
  133  00001150  afa90000	sw	(r29),r9
  134  00001154  20090000	addi	r9,r0,#0
  135  00001158  afa90004	sw	4(r29),r9
  136  0000115c  2009000a	addi	r9,r0,#10
  137  00001160  afa90008	sw	8(r29),r9
  138  00001164  0c000b24	jal	_dstrtol
  139  00001168  54000000	nop; not filled.
  140  0000116c  00014020	add	r8,r0,r1
  141  00001170  8c890008	lw	r9,8(r4)
  142  00001174  afa90000	sw	(r29),r9
  143  00001178  20090000	addi	r9,r0,#0
  144  0000117c  afa90004	sw	4(r29),r9
  145  00001180  2009000a	addi	r9,r0,#10
  146  00001184  afa90008	sw	8(r29),r9
  147  00001188  0c000b00	jal	_dstrtol
  148  0000118c  54000000	nop; not filled.
  149  00001190  00011820	add	r3,r0,r1
  150  00001194  8c89000c	lw	r9,12(r4)
  151  00001198  afa90000	sw	(r29),r9
  152  0000119c  20090000	addi	r9,r0,#0
  153  000011a0  afa90004	sw	4(r29),r9
  154  000011a4  2009000a	addi	r9,r0,#10
  155  000011a8  afa90008	sw	8(r29),r9
  156  000011ac  0c000adc	jal	_dstrtol
  157  000011b0  54000000	nop; not filled.
  158  000011b4  00013820	add	r7,r0,r1
  159  000011b8  8c890010	lw	r9,16(r4)
  160  000011bc  afa90000	sw	(r29),r9
  161  000011c0  20090000	addi	r9,r0,#0
  162  000011c4  afa90004	sw	4(r29),r9
  163  000011c8  2009000a	addi	r9,r0,#10
  164  000011cc  afa90008	sw	8(r29),r9
  165  000011d0  0c000ab8	jal	_dstrtol
  166  000011d4  54000000	nop; not filled.
  167  000011d8  00013020	add	r6,r0,r1
  168  000011dc  8c890014	lw	r9,20(r4)
  169  000011e0  afa90000	sw	(r29),r9
  170  000011e4  20090000	addi	r9,r0,#0
  171  000011e8  afa90004	sw	4(r29),r9
  172  000011ec  2009000a	addi	r9,r0,#10
  173  000011f0  afa90008	sw	8(r29),r9
  174  000011f4  0c000a94	jal	_dstrtol
  175  000011f8  54000000	nop; not filled.
  176  000011fc  00012820	add	r5,r0,r1
  177  00001200  20020000	addi	r2,r0,#0
  178  00001204  08000058	j	L21_LF0
  179  00001208  54000000	nop; not filled.
  180  0000120c          	L18_LF0:
  181  0000120c  23bdfff8	addi	r29,r29,#-8
  182  00001210  afa70000	sw	(r29),r7
  183  00001214  0c00015c	jal	_sem_wait
  184  00001218  54000000	nop; not filled.
  185  0000121c  afa60000	sw	(r29),r6
  186  00001220  0c000150	jal	_sem_wait
  187  00001224  54000000	nop; not filled.
  188  00001228  afa50000	sw	(r29),r5
  189  0000122c  0c000144	jal	_sem_wait
  190  00001230  54000000	nop; not filled.
  191  00001234  0c000100	jal	_getpid
  192  00001238  54000000	nop; not filled.
  193  0000123c  23bdfff8	addi	r29,r29,#-8
  194  00001240  3c090000	lhi	r9,((LC2_LF0)>>16)&0xffff
  195  00001244  2529304c	addui	r9,r9,(LC2_LF0)&0xffff
  196  00001248  afa90000	sw	(r29),r9
  197  0000124c  20420001	addi	r2,r2,#1
  198  00001250  afa20004	sw	4(r29),r2
  199  00001254  afa10008	sw	8(r29),r1
  200  00001258  0c0000d0	jal	_Printf
  201  0000125c  54000000	nop; not filled.
  202  00001260          	L21_LF0:
  203  00001260  23bd0010	addi	r29,r29,#16
  204  00001264  0043082a	slt	r1,r2,r3
  205  00001268  1420ffa0	bnez	r1,L18_LF0
  206  0000126c  54000000	nop; not filled.
  207  00001270  23bdfff8	addi	r29,r29,#-8
  208  00001274  afa80000	sw	(r29),r8
  209  00001278  0c000104	jal	_sem_signal
  210  0000127c  54000000	nop; not filled.
  211  00001280  23bd0008	addi	r29,r29,#8
  212  00001284  64210001	snei	r1,r1,#1
  213  00001288  10200050	beqz	r1,L20_LF0
  214  0000128c  54000000	nop; not filled.
  215  00001290  23bdfff8	addi	r29,r29,#-8
  216  00001294  3c090000	lhi	r9,((LC3_LF0)>>16)&0xffff
  217  00001298  2529307c	addui	r9,r9,(LC3_LF0)&0xffff
  218  0000129c  afa90000	sw	(r29),r9
  219  000012a0  afa80004	sw	4(r29),r8
  220  000012a4  0c000084	jal	_Printf
  221  000012a8  54000000	nop; not filled.
  222  000012ac  8c840000	lw	r4,(r4)
  223  000012b0  afa40000	sw	(r29),r4
  224  000012b4  0c000074	jal	_Printf
  225  000012b8  54000000	nop; not filled.
  226  000012bc  3c090000	lhi	r9,((LC4_LF0)>>16)&0xffff
  227  000012c0  252930a8	addui	r9,r9,(LC4_LF0)&0xffff
  228  000012c4  afa90000	sw	(r29),r9
  229  000012c8  0c000060	jal	_Printf
  230  000012cc  54000000	nop; not filled.
  231  000012d0  0c00010c	jal	_Exit
  232  000012d4  54000000	nop; not filled.
  233  000012d8  23bd0008	addi	r29,r29,#8
  234  000012dc          	L20_LF0:
  235  000012dc  0c000e48	jal	_exit
  236  000012e0  54000000	nop
  237  000012e4          	.endproc _main
  238                      ;;;
  239                      ;;; Stub functions for DLX traps.
  240                      ;;;
  241                      ;;; Ethan L. Miller, 1999.  Released to the public domain.
  242                      ;;;
  243                      ;;; The traps such as Open and Close
  244                      ;;; (note the capital letters) are for use by user programs.  The traps
  245                      ;;; with names such as open and close (lower case) are for use by the OS.
  246                      ;;;
  249  000012e4          	.align 2
  251                      ;;; The following are the traps to be used by user-level programs
  252                      ;;;
  254  000012e4          	.align 2
  255  000012e4          	.proc _Open
  256  000012e4          	.global _Open
  257  000012e4          	_Open:
  258                      ;;; Note that trap #0x213 actually causes a trap vector in the OS of
  259                      ;;; 0x1213.  The same is true for other user traps.  Thus, a user trap
  260                      ;;; with trap #0x240 will result in a trap vector of 0x1240 in the OS.
  261  000012e4  44000213	trap	#0x213
  262  000012e8  4be00000	jr	r31
  263  000012ec  54000000	nop
  264  000012f0          	.endproc _Open
  266  000012f0          	.proc _Close
  267  000012f0          	.global _Close
  268  000012f0          	_Close:
  269  000012f0  44000214	trap	#0x214
  270  000012f4  4be00000	jr	r31
  271  000012f8  54000000	nop
  272  000012fc          	.endproc _Close
  274  000012fc          	.proc _Read
  275  000012fc          	.global _Read
  276  000012fc          	_Read:
  277  000012fc  44000210	trap	#0x210
  278  00001300  4be00000	jr	r31
  279  00001304  54000000	nop
  280  00001308          	.endproc _Read
  282  00001308          	.proc _Write
  283  00001308          	.global _Write
  284  00001308          	_Write:
  285  00001308  44000211	trap	#0x211
  286  0000130c  4be00000	jr	r31
  287  00001310  54000000	nop
  288  00001314          	.endproc _Write
  290  00001314          	.proc _Lseek
  291  00001314          	.global _Lseek
  292  00001314          	_Lseek:
  293  00001314  44000212	trap	#0x212
  294  00001318  4be00000	jr	r31
  295  0000131c  54000000	nop
  296  00001320          	.endproc _Lseek
  298  00001320          	.proc _Putchar
  299  00001320          	.global _Putchar
  300  00001320          	_Putchar:
  301  00001320  44000280	trap	#0x280
  302  00001324  4be00000	jr	r31
  303  00001328  54000000	nop
  304  0000132c          	.endproc _Putchar
  306  0000132c          	.proc _Printf
  307  0000132c          	.global _Printf
  308  0000132c          	_Printf:
  309  0000132c  44000201	trap	#0x201
  310  00001330  4be00000	jr	r31
  311  00001334  54000000	nop
  312  00001338          	.endproc _Printf
  314  00001338          	.proc _getpid
  315  00001338          	.global _getpid
  316  00001338          	_getpid:
  317  00001338  44000431	trap	#0x431
  318  0000133c  4be00000	jr	r31
  319  00001340  54000000	nop
  320  00001344          	.endproc _getpid
  322  00001344          	.proc _process_create
  323  00001344          	.global _process_create
  324  00001344          	_process_create:
  325  00001344  44000432	trap	#0x432
  326  00001348  4be00000	jr	r31
  327  0000134c  54000000	nop
  328  00001350          	.endproc _process_create
  330  00001350          	.proc _shmget
  331  00001350          	.global _shmget
  332  00001350          	_shmget:
  333  00001350  44000440	trap	#0x440
  334  00001354  4be00000	jr	r31
  335  00001358  54000000	nop
  336  0000135c          	.endproc _shmget
  338  0000135c          	.proc _shmat
  339  0000135c          	.global _shmat
  340  0000135c          	_shmat:
  341  0000135c  44000441	trap	#0x441
  342  00001360  4be00000	jr	r31
  343  00001364  54000000	nop
  344  00001368          	.endproc _shmat
  346  00001368          	.proc _sem_create
  347  00001368          	.global _sem_create
  348  00001368          	_sem_create:
  349  00001368  44000450	trap	#0x450
  350  0000136c  4be00000	jr	r31
  351  00001370  54000000	nop
  352  00001374          	.endproc _sem_create
  354  00001374          	.proc _sem_wait
  355  00001374          	.global _sem_wait
  356  00001374          	_sem_wait:
  357  00001374  44000451	trap	#0x451
  358  00001378  4be00000	jr	r31
  359  0000137c  54000000	nop
  360  00001380          	.endproc _sem_wait
  362  00001380          	.proc _sem_signal
  363  00001380          	.global _sem_signal
  364  00001380          	_sem_signal:
  365  00001380  44000452	trap	#0x452
  366  00001384  4be00000	jr	r31
  367  00001388  54000000	nop
  368  0000138c          	.endproc _sem_signal
  370  0000138c          	.proc _lock_create
  371  0000138c          	.global _lock_create
  372  0000138c          	_lock_create:
  373  0000138c  44000453	trap	#0x453
  374  00001390  4be00000	jr	r31
  375  00001394  54000000	nop
  376  00001398          	.endproc _lock_create
  378  00001398          	.proc _lock_acquire
  379  00001398          	.global _lock_acquire
  380  00001398          	_lock_acquire:
  381  00001398  44000454	trap	#0x454
  382  0000139c  4be00000	jr	r31
  383  000013a0  54000000	nop
  384  000013a4          	.endproc _lock_acquire
  386  000013a4          	.proc _lock_release
  387  000013a4          	.global _lock_release
  388  000013a4          	_lock_release:
  389  000013a4  44000455	trap	#0x455
  390  000013a8  4be00000	jr	r31
  391  000013ac  54000000	nop
  392  000013b0          	.endproc _lock_release
  394  000013b0          	.proc _cond_create
  395  000013b0          	.global _cond_create
  396  000013b0          	_cond_create:
  397  000013b0  44000456	trap	#0x456
  398  000013b4  4be00000	jr	r31
  399  000013b8  54000000	nop
  400  000013bc          	.endproc _cond_create
  402  000013bc          	.proc _cond_wait
  403  000013bc          	.global _cond_wait
  404  000013bc          	_cond_wait:
  405  000013bc  44000457	trap	#0x457
  406  000013c0  4be00000	jr	r31
  407  000013c4  54000000	nop
  408  000013c8          	.endproc _cond_wait
  410  000013c8          	.proc _cond_signal
  411  000013c8          	.global _cond_signal
  412  000013c8          	_cond_signal:
  413  000013c8  44000458	trap	#0x458
  414  000013cc  4be00000	jr	r31
  415  000013d0  54000000	nop
  416  000013d4          	.endproc _cond_signal
  418  000013d4          	.proc _cond_broadcast
  419  000013d4          	.global _cond_broadcast
  420  000013d4          	_cond_broadcast:
  421  000013d4  44000459	trap	#0x459
  422  000013d8  4be00000	jr	r31
  423  000013dc  54000000	nop
  424  000013e0          	.endproc _cond_broadcast
  426  000013e0          	.proc _Exit
  427  000013e0          	.global _Exit
  428  000013e0          	_Exit:
  429  000013e0  44000500	trap	#0x500
  430  000013e4  4be00000	jr	r31
  431  000013e8  54000000	nop
  432  000013ec          	.endproc _Exit
  433                      ; Compiled by GCC
  435  000013ec          	.align 2
  436  000013ec          	.proc _isspace
  437  000013ec          	.global _isspace
  438  000013ec          	_isspace:
  439                      ;  Function 'isspace'; 0 bytes of locals, 3 regs to save.
  440  000013ec  afbefffc	sw	-4(r29),r30; push fp
  441  000013f0  001df020	add	r30,r0,r29; fp = sp
  442  000013f4  afbffff8	sw	-8(r29),r31; push ret addr
  443  000013f8  2fbd0018	subui	r29,r29,#24; alloc local storage
  444  000013fc  afa20000	sw	0(r29),r2
  445  00001400  afa30004	sw	4(r29),r3
  446  00001404  afa40008	sw	8(r29),r4
  447  00001408  83c20003	lb	r2,3(r30)
  448  0000140c  20010000	addi	r1,r0,#0
  449  00001410  304300ff	andi	r3,r2,#0x00ff
  450  00001414  60640020	seqi	r4,r3,#32
  451  00001418  1480002c	bnez	r4,L3_LF2
  452  0000141c  54000000	nop; delay slot nop
  453  00001420  304300ff	andi	r3,r2,#0x00ff
  454  00001424  60640009	seqi	r4,r3,#9
  455  00001428  1480001c	bnez	r4,L3_LF2
  456  0000142c  54000000	nop; delay slot nop
  457  00001430  304300ff	andi	r3,r2,#0x00ff
  458  00001434  6064000a	seqi	r4,r3,#10
  459  00001438  1480000c	bnez	r4,L3_LF2
  460  0000143c  54000000	nop; delay slot nop
  461  00001440  08000008	j	L2_LF2
  462  00001444  54000000	nop; delay slot nop
  463  00001448          	L3_LF2:
  464  00001448  20010001	addi	r1,r0,#1
  465  0000144c          	L2_LF2:
  466  0000144c  08000004	j	L1_LF2
  467  00001450  54000000	nop; delay slot nop
  468  00001454          	L1_LF2:
  469  00001454  8fa20000	lw	r2,0(r29)
  470  00001458  8fa30004	lw	r3,4(r29)
  471  0000145c  8fa40008	lw	r4,8(r29)
  472  00001460  8fdffff8	lw	r31,-8(r30)
  473  00001464  001ee820	add	r29,r0,r30
  474  00001468  8fdefffc	lw	r30,-4(r30)
  475  0000146c  4be00000	jr	r31
  476  00001470  54000000	nop
  477  00001474          	.endproc _isspace
  478  00001474          	.align 2
  479  00001474          	.proc _isxdigit
  480  00001474          	.global _isxdigit
  481  00001474          	_isxdigit:
  482                      ;  Function 'isxdigit'; 0 bytes of locals, 3 regs to save.
  483  00001474  afbefffc	sw	-4(r29),r30; push fp
  484  00001478  001df020	add	r30,r0,r29; fp = sp
  485  0000147c  afbffff8	sw	-8(r29),r31; push ret addr
  486  00001480  2fbd0018	subui	r29,r29,#24; alloc local storage
  487  00001484  afa20000	sw	0(r29),r2
  488  00001488  afa30004	sw	4(r29),r3
  489  0000148c  afa40008	sw	8(r29),r4
  490  00001490  83c20003	lb	r2,3(r30)
  491  00001494  20010000	addi	r1,r0,#0
  492  00001498  304300ff	andi	r3,r2,#0x00ff
  493  0000149c  6c64002f	sgtui	r4,r3,#47
  494  000014a0  1080001c	beqz	r4,L7_LF2
  495  000014a4  54000000	nop; delay slot nop
  496  000014a8  304300ff	andi	r3,r2,#0x00ff
  497  000014ac  70640039	sleui	r4,r3,#57
  498  000014b0  1480005c	bnez	r4,L6_LF2
  499  000014b4  54000000	nop; delay slot nop
  500  000014b8  08000004	j	L7_LF2
  501  000014bc  54000000	nop; delay slot nop
  502  000014c0          	L7_LF2:
  503  000014c0  304300ff	andi	r3,r2,#0x00ff
  504  000014c4  6c640060	sgtui	r4,r3,#96
  505  000014c8  1080001c	beqz	r4,L8_LF2
  506  000014cc  54000000	nop; delay slot nop
  507  000014d0  304300ff	andi	r3,r2,#0x00ff
  508  000014d4  70640066	sleui	r4,r3,#102
  509  000014d8  14800034	bnez	r4,L6_LF2
  510  000014dc  54000000	nop; delay slot nop
  511  000014e0  08000004	j	L8_LF2
  512  000014e4  54000000	nop; delay slot nop
  513  000014e8          	L8_LF2:
  514  000014e8  304300ff	andi	r3,r2,#0x00ff
  515  000014ec  6c640040	sgtui	r4,r3,#64
  516  000014f0  10800020	beqz	r4,L5_LF2
  517  000014f4  54000000	nop; delay slot nop
  518  000014f8  304300ff	andi	r3,r2,#0x00ff
  519  000014fc  70640041	sleui	r4,r3,#65
  520  00001500  1480000c	bnez	r4,L6_LF2
  521  00001504  54000000	nop; delay slot nop
  522  00001508  08000008	j	L5_LF2
  523  0000150c  54000000	nop; delay slot nop
  524  00001510          	L6_LF2:
  525  00001510  20010001	addi	r1,r0,#1
  526  00001514          	L5_LF2:
  527  00001514  08000004	j	L4_LF2
  528  00001518  54000000	nop; delay slot nop
  529  0000151c          	L4_LF2:
  530  0000151c  8fa20000	lw	r2,0(r29)
  531  00001520  8fa30004	lw	r3,4(r29)
  532  00001524  8fa40008	lw	r4,8(r29)
  533  00001528  8fdffff8	lw	r31,-8(r30)
  534  0000152c  001ee820	add	r29,r0,r30
  535  00001530  8fdefffc	lw	r30,-4(r30)
  536  00001534  4be00000	jr	r31
  537  00001538  54000000	nop
  538  0000153c          	.endproc _isxdigit
  539  0000153c          	.align 2
  540  0000153c          	.proc _dstrcpy
  541  0000153c          	.global _dstrcpy
  542  0000153c          	_dstrcpy:
  543                      ;  Function 'dstrcpy'; 8 bytes of locals, 2 regs to save.
  544  0000153c  afbefffc	sw	-4(r29),r30; push fp
  545  00001540  001df020	add	r30,r0,r29; fp = sp
  546  00001544  afbffff8	sw	-8(r29),r31; push ret addr
  547  00001548  2fbd0018	subui	r29,r29,#24; alloc local storage
  548  0000154c  afa20000	sw	0(r29),r2
  549  00001550  afa30004	sw	4(r29),r3
  550  00001554  8fc10000	lw	r1,(r30)
  551  00001558  afc1fff4	sw	-12(r30),r1
  552  0000155c          	L10_LF2:
  553  0000155c  8fc10000	lw	r1,(r30)
  554  00001560  20220001	addi	r2,r1,#1
  555  00001564  afc20000	sw	(r30),r2
  556  00001568  8fc20004	lw	r2,4(r30)
  557  0000156c  20430001	addi	r3,r2,#1
  558  00001570  afc30004	sw	4(r30),r3
  559  00001574  80420000	lb	r2,(r2)
  560  00001578  a0220000	sb	(r1),r2
  561  0000157c  a3c2fff3	sb	-13(r30),r2
  562  00001580          	L12_LF2:
  563  00001580  93c1fff3	lbu	r1,-13(r30)
  564  00001584  64220000	snei	r2,r1,#0
  565  00001588  1440000c	bnez	r2,L13_LF2
  566  0000158c  54000000	nop; delay slot nop
  567  00001590  0800000c	j	L11_LF2
  568  00001594  54000000	nop; delay slot nop
  569  00001598          	L13_LF2:
  570  00001598  0bffffc0	j	L10_LF2
  571  0000159c  54000000	nop; delay slot nop
  572  000015a0          	L11_LF2:
  573  000015a0  8fc1fff4	lw	r1,-12(r30)
  574  000015a4  08000004	j	L9_LF2
  575  000015a8  54000000	nop; delay slot nop
  576  000015ac          	L9_LF2:
  577  000015ac  8fa20000	lw	r2,0(r29)
  578  000015b0  8fa30004	lw	r3,4(r29)
  579  000015b4  8fdffff8	lw	r31,-8(r30)
  580  000015b8  001ee820	add	r29,r0,r30
  581  000015bc  8fdefffc	lw	r30,-4(r30)
  582  000015c0  4be00000	jr	r31
  583  000015c4  54000000	nop
  584  000015c8          	.endproc _dstrcpy
  585  000015c8          	.align 2
  586  000015c8          	.proc _dstrncpy
  587  000015c8          	.global _dstrncpy
  588  000015c8          	_dstrncpy:
  589                      ;  Function 'dstrncpy'; 8 bytes of locals, 2 regs to save.
  590  000015c8  afbefffc	sw	-4(r29),r30; push fp
  591  000015cc  001df020	add	r30,r0,r29; fp = sp
  592  000015d0  afbffff8	sw	-8(r29),r31; push ret addr
  593  000015d4  2fbd0018	subui	r29,r29,#24; alloc local storage
  594  000015d8  afa20000	sw	0(r29),r2
  595  000015dc  afa30004	sw	4(r29),r3
  596  000015e0  8fc10000	lw	r1,(r30)
  597  000015e4  afc1fff4	sw	-12(r30),r1
  598  000015e8          	L15_LF2:
  599  000015e8  8fc10008	lw	r1,8(r30)
  600  000015ec  2022ffff	addi	r2,r1,#-1
  601  000015f0  afc20008	sw	8(r30),r2
  602  000015f4  70210000	slei	r1,r1,#0
  603  000015f8  1020000c	beqz	r1,L18_LF2
  604  000015fc  54000000	nop; delay slot nop
  605  00001600  08000048	j	L16_LF2
  606  00001604  54000000	nop; delay slot nop
  607  00001608          	L18_LF2:
  608  00001608  8fc10000	lw	r1,(r30)
  609  0000160c  20220001	addi	r2,r1,#1
  610  00001610  afc20000	sw	(r30),r2
  611  00001614  8fc20004	lw	r2,4(r30)
  612  00001618  20430001	addi	r3,r2,#1
  613  0000161c  afc30004	sw	4(r30),r3
  614  00001620  80420000	lb	r2,(r2)
  615  00001624  a0220000	sb	(r1),r2
  616  00001628  a3c2fff3	sb	-13(r30),r2
  617  0000162c          	L17_LF2:
  618  0000162c  93c1fff3	lbu	r1,-13(r30)
  619  00001630  64220000	snei	r2,r1,#0
  620  00001634  1440000c	bnez	r2,L19_LF2
  621  00001638  54000000	nop; delay slot nop
  622  0000163c  0800000c	j	L16_LF2
  623  00001640  54000000	nop; delay slot nop
  624  00001644          	L19_LF2:
  625  00001644  0bffffa0	j	L15_LF2
  626  00001648  54000000	nop; delay slot nop
  627  0000164c          	L16_LF2:
  628  0000164c  8fc1fff4	lw	r1,-12(r30)
  629  00001650  08000004	j	L14_LF2
  630  00001654  54000000	nop; delay slot nop
  631  00001658          	L14_LF2:
  632  00001658  8fa20000	lw	r2,0(r29)
  633  0000165c  8fa30004	lw	r3,4(r29)
  634  00001660  8fdffff8	lw	r31,-8(r30)
  635  00001664  001ee820	add	r29,r0,r30
  636  00001668  8fdefffc	lw	r30,-4(r30)
  637  0000166c  4be00000	jr	r31
  638  00001670  54000000	nop
  639  00001674          	.endproc _dstrncpy
  640  00001674          	.align 2
  641  00001674          	.proc _dstrcat
  642  00001674          	.global _dstrcat
  643  00001674          	_dstrcat:
  644                      ;  Function 'dstrcat'; 8 bytes of locals, 1 regs to save.
  645  00001674  afbefffc	sw	-4(r29),r30; push fp
  646  00001678  001df020	add	r30,r0,r29; fp = sp
  647  0000167c  afbffff8	sw	-8(r29),r31; push ret addr
  648  00001680  2fbd0018	subui	r29,r29,#24; alloc local storage
  649  00001684  afa20000	sw	0(r29),r2
  650  00001688  8fc10000	lw	r1,(r30)
  651  0000168c  afc1fff4	sw	-12(r30),r1
  652  00001690          	L21_LF2:
  653  00001690  8fc10000	lw	r1,(r30)
  654  00001694  90220000	lbu	r2,(r1)
  655  00001698  64410000	snei	r1,r2,#0
  656  0000169c  1420000c	bnez	r1,L23_LF2
  657  000016a0  54000000	nop; delay slot nop
  658  000016a4  0800001c	j	L22_LF2
  659  000016a8  54000000	nop; delay slot nop
  660  000016ac          	L23_LF2:
  661  000016ac  8fc20000	lw	r2,(r30)
  662  000016b0  20410001	addi	r1,r2,#1
  663  000016b4  00011020	add	r2,r0,r1
  664  000016b8  afc20000	sw	(r30),r2
  665  000016bc  0bffffd0	j	L21_LF2
  666  000016c0  54000000	nop; delay slot nop
  667  000016c4          	L22_LF2:
  668  000016c4  23bdfff8	addi	r29,r29,#-8
  669  000016c8  001d0820	add	r1,r0,r29
  670  000016cc  8fc20000	lw	r2,(r30)
  671  000016d0  ac220000	sw	(r1),r2
  672  000016d4  8fc20004	lw	r2,4(r30)
  673  000016d8  ac220004	sw	4(r1),r2
  674  000016dc  0ffffe5c	jal	_dstrcpy
  675  000016e0  54000000	nop; delay slot nop
  676  000016e4  23bd0008	addi	r29,r29,#8
  677  000016e8  8fc1fff4	lw	r1,-12(r30)
  678  000016ec  08000004	j	L20_LF2
  679  000016f0  54000000	nop; delay slot nop
  680  000016f4          	L20_LF2:
  681  000016f4  8fa20000	lw	r2,0(r29)
  682  000016f8  8fdffff8	lw	r31,-8(r30)
  683  000016fc  001ee820	add	r29,r0,r30
  684  00001700  8fdefffc	lw	r30,-4(r30)
  685  00001704  4be00000	jr	r31
  686  00001708  54000000	nop
  687  0000170c          	.endproc _dstrcat
  688  0000170c          	.align 2
  689  0000170c          	.proc _dstrncmp
  690  0000170c          	.global _dstrncmp
  691  0000170c          	_dstrncmp:
  692                      ;  Function 'dstrncmp'; 8 bytes of locals, 2 regs to save.
  693  0000170c  afbefffc	sw	-4(r29),r30; push fp
  694  00001710  001df020	add	r30,r0,r29; fp = sp
  695  00001714  afbffff8	sw	-8(r29),r31; push ret addr
  696  00001718  2fbd0018	subui	r29,r29,#24; alloc local storage
  697  0000171c  afa20000	sw	0(r29),r2
  698  00001720  afa30004	sw	4(r29),r3
  699  00001724  54000000	nop
  700  00001728  20010000	addi	r1,r0,#0
  701  0000172c  afc1fff4	sw	-12(r30),r1
  702  00001730          	L25_LF2:
  703  00001730  8fc1fff4	lw	r1,-12(r30)
  704  00001734  8fc20008	lw	r2,8(r30)
  705  00001738  0022082a	slt	r1,r1,r2
  706  0000173c  1420000c	bnez	r1,L28_LF2
  707  00001740  54000000	nop; delay slot nop
  708  00001744  08000088	j	L26_LF2
  709  00001748  54000000	nop; delay slot nop
  710  0000174c          	L28_LF2:
  711  0000174c  8fc10004	lw	r1,4(r30)
  712  00001750  90220000	lbu	r2,(r1)
  713  00001754  64410000	snei	r1,r2,#0
  714  00001758  14200018	bnez	r1,L29_LF2
  715  0000175c  54000000	nop; delay slot nop
  716  00001760  20010000	addi	r1,r0,#0
  717  00001764  080000d8	j	L24_LF2
  718  00001768  54000000	nop; delay slot nop
  719  0000176c  08000028	j	L30_LF2
  720  00001770  54000000	nop; delay slot nop
  721  00001774          	L29_LF2:
  722  00001774  8fc10000	lw	r1,(r30)
  723  00001778  8fc20004	lw	r2,4(r30)
  724  0000177c  90210000	lbu	r1,(r1)
  725  00001780  90420000	lbu	r2,(r2)
  726  00001784  00220829	sne	r1,r1,r2
  727  00001788  1020000c	beqz	r1,L30_LF2
  728  0000178c  54000000	nop; delay slot nop
  729  00001790  0800003c	j	L26_LF2
  730  00001794  54000000	nop; delay slot nop
  731  00001798          	L31_LF2:
  732  00001798          	L30_LF2:
  733  00001798  8fc20000	lw	r2,(r30)
  734  0000179c  20410001	addi	r1,r2,#1
  735  000017a0  00011020	add	r2,r0,r1
  736  000017a4  afc20000	sw	(r30),r2
  737  000017a8  8fc20004	lw	r2,4(r30)
  738  000017ac  20410001	addi	r1,r2,#1
  739  000017b0  00011020	add	r2,r0,r1
  740  000017b4  afc20004	sw	4(r30),r2
  741  000017b8          	L27_LF2:
  742  000017b8  8fc2fff4	lw	r2,-12(r30)
  743  000017bc  20410001	addi	r1,r2,#1
  744  000017c0  00011020	add	r2,r0,r1
  745  000017c4  afc2fff4	sw	-12(r30),r2
  746  000017c8  0bffff64	j	L25_LF2
  747  000017cc  54000000	nop; delay slot nop
  748  000017d0          	L26_LF2:
  749  000017d0  8fc1fff4	lw	r1,-12(r30)
  750  000017d4  8fc20008	lw	r2,8(r30)
  751  000017d8  00220828	seq	r1,r1,r2
  752  000017dc  10200018	beqz	r1,L32_LF2
  753  000017e0  54000000	nop; delay slot nop
  754  000017e4  20010000	addi	r1,r0,#0
  755  000017e8  08000054	j	L24_LF2
  756  000017ec  54000000	nop; delay slot nop
  757  000017f0  0800004c	j	L33_LF2
  758  000017f4  54000000	nop; delay slot nop
  759  000017f8          	L32_LF2:
  760  000017f8  8fc20000	lw	r2,(r30)
  761  000017fc  90410000	lbu	r1,(r2)
  762  00001800  8fc20004	lw	r2,4(r30)
  763  00001804  90430000	lbu	r3,(r2)
  764  00001808  00230822	sub	r1,r1,r3
  765  0000180c  74220000	sgei	r2,r1,#0
  766  00001810  10400020	beqz	r2,L34_LF2
  767  00001814  54000000	nop; delay slot nop
  768  00001818  8fc10000	lw	r1,(r30)
  769  0000181c  8fc20004	lw	r2,4(r30)
  770  00001820  90210000	lbu	r1,(r1)
  771  00001824  90420000	lbu	r2,(r2)
  772  00001828  00220829	sne	r1,r1,r2
  773  0000182c  08000008	j	L35_LF2
  774  00001830  54000000	nop; delay slot nop
  775  00001834          	L34_LF2:
  776  00001834  2001ffff	addi	r1,r0,#-1
  777  00001838          	L35_LF2:
  778  00001838  08000004	j	L24_LF2
  779  0000183c  54000000	nop; delay slot nop
  780  00001840          	L33_LF2:
  781  00001840          	L24_LF2:
  782  00001840  8fa20000	lw	r2,0(r29)
  783  00001844  8fa30004	lw	r3,4(r29)
  784  00001848  8fdffff8	lw	r31,-8(r30)
  785  0000184c  001ee820	add	r29,r0,r30
  786  00001850  8fdefffc	lw	r30,-4(r30)
  787  00001854  4be00000	jr	r31
  788  00001858  54000000	nop
  789  0000185c          	.endproc _dstrncmp
  790  0000185c          	.align 2
  791  0000185c          	.proc _dstrlen
  792  0000185c          	.global _dstrlen
  793  0000185c          	_dstrlen:
  794                      ;  Function 'dstrlen'; 8 bytes of locals, 1 regs to save.
  795  0000185c  afbefffc	sw	-4(r29),r30; push fp
  796  00001860  001df020	add	r30,r0,r29; fp = sp
  797  00001864  afbffff8	sw	-8(r29),r31; push ret addr
  798  00001868  2fbd0018	subui	r29,r29,#24; alloc local storage
  799  0000186c  afa20000	sw	0(r29),r2
  800  00001870  20010000	addi	r1,r0,#0
  801  00001874  afc1fff4	sw	-12(r30),r1
  802  00001878          	L37_LF2:
  803  00001878  8fc10000	lw	r1,(r30)
  804  0000187c  20220001	addi	r2,r1,#1
  805  00001880  afc20000	sw	(r30),r2
  806  00001884  90210000	lbu	r1,(r1)
  807  00001888  64220000	snei	r2,r1,#0
  808  0000188c  1440000c	bnez	r2,L39_LF2
  809  00001890  54000000	nop; delay slot nop
  810  00001894  0800001c	j	L38_LF2
  811  00001898  54000000	nop; delay slot nop
  812  0000189c          	L39_LF2:
  813  0000189c  8fc2fff4	lw	r2,-12(r30)
  814  000018a0  20410001	addi	r1,r2,#1
  815  000018a4  00011020	add	r2,r0,r1
  816  000018a8  afc2fff4	sw	-12(r30),r2
  817  000018ac  0bffffc8	j	L37_LF2
  818  000018b0  54000000	nop; delay slot nop
  819  000018b4          	L38_LF2:
  820  000018b4  8fc1fff4	lw	r1,-12(r30)
  821  000018b8  08000004	j	L36_LF2
  822  000018bc  54000000	nop; delay slot nop
  823  000018c0          	L36_LF2:
  824  000018c0  8fa20000	lw	r2,0(r29)
  825  000018c4  8fdffff8	lw	r31,-8(r30)
  826  000018c8  001ee820	add	r29,r0,r30
  827  000018cc  8fdefffc	lw	r30,-4(r30)
  828  000018d0  4be00000	jr	r31
  829  000018d4  54000000	nop
  830  000018d8          	.endproc _dstrlen
  831  000018d8          	.align 2
  832  000018d8          	.proc _dstrstr
  833  000018d8          	.global _dstrstr
  834  000018d8          	_dstrstr:
  835                      ;  Function 'dstrstr'; 8 bytes of locals, 1 regs to save.
  836  000018d8  afbefffc	sw	-4(r29),r30; push fp
  837  000018dc  001df020	add	r30,r0,r29; fp = sp
  838  000018e0  afbffff8	sw	-8(r29),r31; push ret addr
  839  000018e4  2fbd0018	subui	r29,r29,#24; alloc local storage
  840  000018e8  afa20000	sw	0(r29),r2
  841  000018ec  23bdfff8	addi	r29,r29,#-8
  842  000018f0  001d0820	add	r1,r0,r29
  843  000018f4  8fc20004	lw	r2,4(r30)
  844  000018f8  ac220000	sw	(r1),r2
  845  000018fc  0fffff5c	jal	_dstrlen
  846  00001900  54000000	nop; delay slot nop
  847  00001904  23bd0008	addi	r29,r29,#8
  848  00001908  afc1fff4	sw	-12(r30),r1
  849  0000190c          	L41_LF2:
  850  0000190c  8fc10000	lw	r1,(r30)
  851  00001910  90220000	lbu	r2,(r1)
  852  00001914  64410000	snei	r1,r2,#0
  853  00001918  1420000c	bnez	r1,L43_LF2
  854  0000191c  54000000	nop; delay slot nop
  855  00001920  08000060	j	L42_LF2
  856  00001924  54000000	nop; delay slot nop
  857  00001928          	L43_LF2:
  858  00001928  23bdfff0	addi	r29,r29,#-16
  859  0000192c  001d0820	add	r1,r0,r29
  860  00001930  8fc20000	lw	r2,(r30)
  861  00001934  ac220000	sw	(r1),r2
  862  00001938  8fc20004	lw	r2,4(r30)
  863  0000193c  ac220004	sw	4(r1),r2
  864  00001940  8fc2fff4	lw	r2,-12(r30)
  865  00001944  ac220008	sw	8(r1),r2
  866  00001948  0ffffdc0	jal	_dstrncmp
  867  0000194c  54000000	nop; delay slot nop
  868  00001950  23bd0010	addi	r29,r29,#16
  869  00001954  64220000	snei	r2,r1,#0
  870  00001958  14400010	bnez	r2,L44_LF2
  871  0000195c  54000000	nop; delay slot nop
  872  00001960  8fc10000	lw	r1,(r30)
  873  00001964  08000028	j	L40_LF2
  874  00001968  54000000	nop; delay slot nop
  875  0000196c          	L44_LF2:
  876  0000196c  8fc20000	lw	r2,(r30)
  877  00001970  20410001	addi	r1,r2,#1
  878  00001974  00011020	add	r2,r0,r1
  879  00001978  afc20000	sw	(r30),r2
  880  0000197c  0bffff8c	j	L41_LF2
  881  00001980  54000000	nop; delay slot nop
  882  00001984          	L42_LF2:
  883  00001984  20010000	addi	r1,r0,#0
  884  00001988  08000004	j	L40_LF2
  885  0000198c  54000000	nop; delay slot nop
  886  00001990          	L40_LF2:
  887  00001990  8fa20000	lw	r2,0(r29)
  888  00001994  8fdffff8	lw	r31,-8(r30)
  889  00001998  001ee820	add	r29,r0,r30
  890  0000199c  8fdefffc	lw	r30,-4(r30)
  891  000019a0  4be00000	jr	r31
  892  000019a4  54000000	nop
  893  000019a8          	.endproc _dstrstr
  894  000019a8          	.align 2
  895  000019a8          	.proc _dmindex
  896  000019a8          	.global _dmindex
  897  000019a8          	_dmindex:
  898                      ;  Function 'dmindex'; 8 bytes of locals, 1 regs to save.
  899  000019a8  afbefffc	sw	-4(r29),r30; push fp
  900  000019ac  001df020	add	r30,r0,r29; fp = sp
  901  000019b0  afbffff8	sw	-8(r29),r31; push ret addr
  902  000019b4  2fbd0018	subui	r29,r29,#24; alloc local storage
  903  000019b8  afa20000	sw	0(r29),r2
  904  000019bc  54000000	nop
  905  000019c0          	L46_LF2:
  906  000019c0  8fc10000	lw	r1,(r30)
  907  000019c4  90220000	lbu	r2,(r1)
  908  000019c8  64410000	snei	r1,r2,#0
  909  000019cc  1420000c	bnez	r1,L48_LF2
  910  000019d0  54000000	nop; delay slot nop
  911  000019d4  08000070	j	L47_LF2
  912  000019d8  54000000	nop; delay slot nop
  913  000019dc          	L48_LF2:
  914  000019dc  8fc10004	lw	r1,4(r30)
  915  000019e0  afc1fff4	sw	-12(r30),r1
  916  000019e4          	L49_LF2:
  917  000019e4  8fc1fff4	lw	r1,-12(r30)
  918  000019e8  90220000	lbu	r2,(r1)
  919  000019ec  64410000	snei	r1,r2,#0
  920  000019f0  1420000c	bnez	r1,L52_LF2
  921  000019f4  54000000	nop; delay slot nop
  922  000019f8  08000044	j	L50_LF2
  923  000019fc  54000000	nop; delay slot nop
  924  00001a00          	L52_LF2:
  925  00001a00  8fc10000	lw	r1,(r30)
  926  00001a04  8fc2fff4	lw	r2,-12(r30)
  927  00001a08  90210000	lbu	r1,(r1)
  928  00001a0c  90420000	lbu	r2,(r2)
  929  00001a10  00220828	seq	r1,r1,r2
  930  00001a14  10200010	beqz	r1,L51_LF2
  931  00001a18  54000000	nop; delay slot nop
  932  00001a1c  8fc10000	lw	r1,(r30)
  933  00001a20  08000030	j	L45_LF2
  934  00001a24  54000000	nop; delay slot nop
  935  00001a28          	L53_LF2:
  936  00001a28          	L51_LF2:
  937  00001a28  8fc2fff4	lw	r2,-12(r30)
  938  00001a2c  20410001	addi	r1,r2,#1
  939  00001a30  00011020	add	r2,r0,r1
  940  00001a34  afc2fff4	sw	-12(r30),r2
  941  00001a38  0bffffa8	j	L49_LF2
  942  00001a3c  54000000	nop; delay slot nop
  943  00001a40          	L50_LF2:
  944  00001a40  0bffff7c	j	L46_LF2
  945  00001a44  54000000	nop; delay slot nop
  946  00001a48          	L47_LF2:
  947  00001a48  20010000	addi	r1,r0,#0
  948  00001a4c  08000004	j	L45_LF2
  949  00001a50  54000000	nop; delay slot nop
  950  00001a54          	L45_LF2:
  951  00001a54  8fa20000	lw	r2,0(r29)
  952  00001a58  8fdffff8	lw	r31,-8(r30)
  953  00001a5c  001ee820	add	r29,r0,r30
  954  00001a60  8fdefffc	lw	r30,-4(r30)
  955  00001a64  4be00000	jr	r31
  956  00001a68  54000000	nop
  957  00001a6c          	.endproc _dmindex
  958  00001a6c          	.align 2
  959  00001a6c          	.proc _dindex
  960  00001a6c          	.global _dindex
  961  00001a6c          	_dindex:
  962                      ;  Function 'dindex'; 0 bytes of locals, 1 regs to save.
  963  00001a6c  afbefffc	sw	-4(r29),r30; push fp
  964  00001a70  001df020	add	r30,r0,r29; fp = sp
  965  00001a74  afbffff8	sw	-8(r29),r31; push ret addr
  966  00001a78  2fbd0010	subui	r29,r29,#16; alloc local storage
  967  00001a7c  afa20000	sw	0(r29),r2
  968  00001a80  54000000	nop
  969  00001a84          	L55_LF2:
  970  00001a84  8fc10000	lw	r1,(r30)
  971  00001a88  90220000	lbu	r2,(r1)
  972  00001a8c  64410000	snei	r1,r2,#0
  973  00001a90  1420000c	bnez	r1,L57_LF2
  974  00001a94  54000000	nop; delay slot nop
  975  00001a98  08000040	j	L56_LF2
  976  00001a9c  54000000	nop; delay slot nop
  977  00001aa0          	L57_LF2:
  978  00001aa0  8fc10000	lw	r1,(r30)
  979  00001aa4  90220000	lbu	r2,(r1)
  980  00001aa8  8fc10004	lw	r1,4(r30)
  981  00001aac  00411028	seq	r2,r2,r1
  982  00001ab0  10400010	beqz	r2,L58_LF2
  983  00001ab4  54000000	nop; delay slot nop
  984  00001ab8  8fc10000	lw	r1,(r30)
  985  00001abc  08000028	j	L54_LF2
  986  00001ac0  54000000	nop; delay slot nop
  987  00001ac4          	L58_LF2:
  988  00001ac4  8fc20000	lw	r2,(r30)
  989  00001ac8  20410001	addi	r1,r2,#1
  990  00001acc  00011020	add	r2,r0,r1
  991  00001ad0  afc20000	sw	(r30),r2
  992  00001ad4  0bffffac	j	L55_LF2
  993  00001ad8  54000000	nop; delay slot nop
  994  00001adc          	L56_LF2:
  995  00001adc  20010000	addi	r1,r0,#0
  996  00001ae0  08000004	j	L54_LF2
  997  00001ae4  54000000	nop; delay slot nop
  998  00001ae8          	L54_LF2:
  999  00001ae8  8fa20000	lw	r2,0(r29)
 1000  00001aec  8fdffff8	lw	r31,-8(r30)
 1001  00001af0  001ee820	add	r29,r0,r30
 1002  00001af4  8fdefffc	lw	r30,-4(r30)
 1003  00001af8  4be00000	jr	r31
 1004  00001afc  54000000	nop
 1005  00001b00          	.endproc _dindex
 1006  00001b00          	.align 2
 1007  00001b00          	.proc _ditoa
 1008  00001b00          	.global _ditoa
 1009  00001b00          	_ditoa:
 1010                      ;  Function 'ditoa'; 8 bytes of locals, 2 regs to save.
 1011  00001b00  afbefffc	sw	-4(r29),r30; push fp
 1012  00001b04  001df020	add	r30,r0,r29; fp = sp
 1013  00001b08  afbffff8	sw	-8(r29),r31; push ret addr
 1014  00001b0c  2fbd0018	subui	r29,r29,#24; alloc local storage
 1015  00001b10  afa20000	sw	0(r29),r2
 1016  00001b14  afa30004	sw	4(r29),r3
 1017  00001b18  8fc10000	lw	r1,(r30)
 1018  00001b1c  68220000	slti	r2,r1,#0
 1019  00001b20  1040002c	beqz	r2,L60_LF2
 1020  00001b24  54000000	nop; delay slot nop
 1021  00001b28  8fc10004	lw	r1,4(r30)
 1022  00001b2c  20220001	addi	r2,r1,#1
 1023  00001b30  afc20004	sw	4(r30),r2
 1024  00001b34  2002002d	addi	r2,r0,(#0x2d)&0xff
 1025  00001b38  a0220000	sb	(r1),r2
 1026  00001b3c  8fc10000	lw	r1,(r30)
 1027  00001b40  00011022	sub	r2,r0,r1
 1028  00001b44  afc20000	sw	(r30),r2
 1029  00001b48  08000118	j	L61_LF2
 1030  00001b4c  54000000	nop; delay slot nop
 1031  00001b50          	L60_LF2:
 1032  00001b50  8fc10000	lw	r1,(r30)
 1033  00001b54  64220000	snei	r2,r1,#0
 1034  00001b58  14400020	bnez	r2,L62_LF2
 1035  00001b5c  54000000	nop; delay slot nop
 1036  00001b60  8fc10004	lw	r1,4(r30)
 1037  00001b64  20220001	addi	r2,r1,#1
 1038  00001b68  afc20004	sw	4(r30),r2
 1039  00001b6c  20020030	addi	r2,r0,(#0x30)&0xff
 1040  00001b70  a0220000	sb	(r1),r2
 1041  00001b74  080000ec	j	L61_LF2
 1042  00001b78  54000000	nop; delay slot nop
 1043  00001b7c          	L62_LF2:
 1044  00001b7c  20010001	addi	r1,r0,#1
 1045  00001b80  afc1fff4	sw	-12(r30),r1
 1046  00001b84          	L64_LF2:
 1047  00001b84  8fc1fff4	lw	r1,-12(r30)
 1048  00001b88  8fc20000	lw	r2,(r30)
 1049  00001b8c  0022082c	sle	r1,r1,r2
 1050  00001b90  1420000c	bnez	r1,L66_LF2
 1051  00001b94  54000000	nop; delay slot nop
 1052  00001b98  08000024	j	L65_LF2
 1053  00001b9c  54000000	nop; delay slot nop
 1054  00001ba0          	L67_LF2:
 1055  00001ba0          	L66_LF2:
 1056  00001ba0  8fc1fff4	lw	r1,-12(r30)
 1057  00001ba4  00011820	add	r3,r0,r1
 1058  00001ba8  50620002	slli	r2,r3,#0x2
 1059  00001bac  00411020	add	r2,r2,r1
 1060  00001bb0  50410001	slli	r1,r2,#0x1
 1061  00001bb4  afc1fff4	sw	-12(r30),r1
 1062  00001bb8  0bffffc8	j	L64_LF2
 1063  00001bbc  54000000	nop; delay slot nop
 1064  00001bc0          	L65_LF2:
 1065  00001bc0  54000000	nop
 1066  00001bc4          	L68_LF2:
 1067  00001bc4  8fc1fff4	lw	r1,-12(r30)
 1068  00001bc8  2002000a	addi	r2,r0,#10
 1069  00001bcc  00200035	movi2fp	f0,r1
 1070  00001bd0  00400835	movi2fp	f1,r2
 1071  00001bd4  0401000f	div	f0,f0,f1
 1072  00001bd8  00000834	movfp2i	r1,f0
 1073  00001bdc  afc1fff4	sw	-12(r30),r1
 1074  00001be0  8fc10004	lw	r1,4(r30)
 1075  00001be4  20220001	addi	r2,r1,#1
 1076  00001be8  afc20004	sw	4(r30),r2
 1077  00001bec  8fc20000	lw	r2,(r30)
 1078  00001bf0  8fc3fff4	lw	r3,-12(r30)
 1079  00001bf4  00400035	movi2fp	f0,r2
 1080  00001bf8  00600835	movi2fp	f1,r3
 1081  00001bfc  0401000f	div	f0,f0,f1
 1082  00001c00  00001034	movfp2i	r2,f0
 1083  00001c04  00021820	add	r3,r0,r2
 1084  00001c08  20620030	addi	r2,r3,#48
 1085  00001c0c  a0220000	sb	(r1),r2
 1086  00001c10  8fc10000	lw	r1,(r30)
 1087  00001c14  8fc3fff4	lw	r3,-12(r30)
 1088  00001c18  00200035	movi2fp	f0,r1
 1089  00001c1c  00600835	movi2fp	f1,r3
 1090  00001c20  0401000f	div	f0,f0,f1
 1091  00001c24  00001034	movfp2i	r2,f0
 1092  00001c28  8fc3fff4	lw	r3,-12(r30)
 1093  00001c2c  00400035	movi2fp	f0,r2
 1094  00001c30  00600835	movi2fp	f1,r3
 1095  00001c34  0401000e	mult	f0,f0,f1
 1096  00001c38  00001034	movfp2i	r2,f0
 1097  00001c3c  00220822	sub	r1,r1,r2
 1098  00001c40  afc10000	sw	(r30),r1
 1099  00001c44          	L70_LF2:
 1100  00001c44  8fc1fff4	lw	r1,-12(r30)
 1101  00001c48  6c220001	sgti	r2,r1,#1
 1102  00001c4c  1440000c	bnez	r2,L71_LF2
 1103  00001c50  54000000	nop; delay slot nop
 1104  00001c54  0800000c	j	L61_LF2
 1105  00001c58  54000000	nop; delay slot nop
 1106  00001c5c          	L71_LF2:
 1107  00001c5c  0bffff64	j	L68_LF2
 1108  00001c60  54000000	nop; delay slot nop
 1109  00001c64          	L69_LF2:
 1110  00001c64          	L63_LF2:
 1111  00001c64          	L61_LF2:
 1112  00001c64  8fc10004	lw	r1,4(r30)
 1113  00001c68  20020000	addi	r2,r0,(#0x0)&0xff
 1114  00001c6c  a0220000	sb	(r1),r2
 1115  00001c70          	L59_LF2:
 1116  00001c70  8fa20000	lw	r2,0(r29)
 1117  00001c74  8fa30004	lw	r3,4(r29)
 1118  00001c78  8fdffff8	lw	r31,-8(r30)
 1119  00001c7c  001ee820	add	r29,r0,r30
 1120  00001c80  8fdefffc	lw	r30,-4(r30)
 1121  00001c84  4be00000	jr	r31
 1122  00001c88  54000000	nop
 1123  00001c8c          	.endproc _ditoa
 1124  00001c8c          	.align 2
 1125  00001c8c          	.proc _dstrtol
 1126  00001c8c          	.global _dstrtol
 1127  00001c8c          	_dstrtol:
 1128                      ;  Function 'dstrtol'; 16 bytes of locals, 1 regs to save.
 1129  00001c8c  afbefffc	sw	-4(r29),r30; push fp
 1130  00001c90  001df020	add	r30,r0,r29; fp = sp
 1131  00001c94  afbffff8	sw	-8(r29),r31; push ret addr
 1132  00001c98  2fbd0020	subui	r29,r29,#32; alloc local storage
 1133  00001c9c  afa20000	sw	0(r29),r2
 1134  00001ca0  20010000	addi	r1,r0,#0
 1135  00001ca4  afc1fff4	sw	-12(r30),r1
 1136  00001ca8          	L73_LF2:
 1137  00001ca8  8fc10000	lw	r1,(r30)
 1138  00001cac  90220000	lbu	r2,(r1)
 1139  00001cb0  60410020	seqi	r1,r2,#32
 1140  00001cb4  14200034	bnez	r1,L75_LF2
 1141  00001cb8  54000000	nop; delay slot nop
 1142  00001cbc  8fc10000	lw	r1,(r30)
 1143  00001cc0  90220000	lbu	r2,(r1)
 1144  00001cc4  60410009	seqi	r1,r2,#9
 1145  00001cc8  14200020	bnez	r1,L75_LF2
 1146  00001ccc  54000000	nop; delay slot nop
 1147  00001cd0  8fc10000	lw	r1,(r30)
 1148  00001cd4  90220000	lbu	r2,(r1)
 1149  00001cd8  6041000a	seqi	r1,r2,#10
 1150  00001cdc  1420000c	bnez	r1,L75_LF2
 1151  00001ce0  54000000	nop; delay slot nop
 1152  00001ce4  0800001c	j	L74_LF2
 1153  00001ce8  54000000	nop; delay slot nop
 1154  00001cec          	L75_LF2:
 1155  00001cec  8fc20000	lw	r2,(r30)
 1156  00001cf0  20410001	addi	r1,r2,#1
 1157  00001cf4  00011020	add	r2,r0,r1
 1158  00001cf8  afc20000	sw	(r30),r2
 1159  00001cfc  0bffffa8	j	L73_LF2
 1160  00001d00  54000000	nop; delay slot nop
 1161  00001d04          	L74_LF2:
 1162  00001d04  8fc10004	lw	r1,4(r30)
 1163  00001d08  64220000	snei	r2,r1,#0
 1164  00001d0c  10400010	beqz	r2,L76_LF2
 1165  00001d10  54000000	nop; delay slot nop
 1166  00001d14  8fc10004	lw	r1,4(r30)
 1167  00001d18  8fc20000	lw	r2,(r30)
 1168  00001d1c  ac220000	sw	(r1),r2
 1169  00001d20          	L76_LF2:
 1170  00001d20  8fc10000	lw	r1,(r30)
 1171  00001d24  90220000	lbu	r2,(r1)
 1172  00001d28  64410000	snei	r1,r2,#0
 1173  00001d2c  14200010	bnez	r1,L77_LF2
 1174  00001d30  54000000	nop; delay slot nop
 1175  00001d34  8fc1fff4	lw	r1,-12(r30)
 1176  00001d38  08000294	j	L72_LF2
 1177  00001d3c  54000000	nop; delay slot nop
 1178  00001d40          	L77_LF2:
 1179  00001d40  8fc10000	lw	r1,(r30)
 1180  00001d44  90220000	lbu	r2,(r1)
 1181  00001d48  6041002d	seqi	r1,r2,#45
 1182  00001d4c  10200024	beqz	r1,L78_LF2
 1183  00001d50  54000000	nop; delay slot nop
 1184  00001d54  2001ffff	addi	r1,r0,#-1
 1185  00001d58  afc1ffec	sw	-20(r30),r1
 1186  00001d5c  8fc20000	lw	r2,(r30)
 1187  00001d60  20410001	addi	r1,r2,#1
 1188  00001d64  00011020	add	r2,r0,r1
 1189  00001d68  afc20000	sw	(r30),r2
 1190  00001d6c  0800000c	j	L79_LF2
 1191  00001d70  54000000	nop; delay slot nop
 1192  00001d74          	L78_LF2:
 1193  00001d74  20010001	addi	r1,r0,#1
 1194  00001d78  afc1ffec	sw	-20(r30),r1
 1195  00001d7c          	L79_LF2:
 1196  00001d7c  8fc10008	lw	r1,8(r30)
 1197  00001d80  64220000	snei	r2,r1,#0
 1198  00001d84  14400090	bnez	r2,L80_LF2
 1199  00001d88  54000000	nop; delay slot nop
 1200  00001d8c  8fc10000	lw	r1,(r30)
 1201  00001d90  90220000	lbu	r2,(r1)
 1202  00001d94  60410030	seqi	r1,r2,#48
 1203  00001d98  10200074	beqz	r1,L81_LF2
 1204  00001d9c  54000000	nop; delay slot nop
 1205  00001da0  8fc20000	lw	r2,(r30)
 1206  00001da4  20410001	addi	r1,r2,#1
 1207  00001da8  00011020	add	r2,r0,r1
 1208  00001dac  afc20000	sw	(r30),r2
 1209  00001db0  8fc10000	lw	r1,(r30)
 1210  00001db4  90220000	lbu	r2,(r1)
 1211  00001db8  60410078	seqi	r1,r2,#120
 1212  00001dbc  14200020	bnez	r1,L83_LF2
 1213  00001dc0  54000000	nop; delay slot nop
 1214  00001dc4  8fc10000	lw	r1,(r30)
 1215  00001dc8  90220000	lbu	r2,(r1)
 1216  00001dcc  60410058	seqi	r1,r2,#88
 1217  00001dd0  1420000c	bnez	r1,L83_LF2
 1218  00001dd4  54000000	nop; delay slot nop
 1219  00001dd8  08000024	j	L82_LF2
 1220  00001ddc  54000000	nop; delay slot nop
 1221  00001de0          	L83_LF2:
 1222  00001de0  20010010	addi	r1,r0,#16
 1223  00001de4  afc10008	sw	8(r30),r1
 1224  00001de8  8fc20000	lw	r2,(r30)
 1225  00001dec  20410001	addi	r1,r2,#1
 1226  00001df0  00011020	add	r2,r0,r1
 1227  00001df4  afc20000	sw	(r30),r2
 1228  00001df8  0800000c	j	L84_LF2
 1229  00001dfc  54000000	nop; delay slot nop
 1230  00001e00          	L82_LF2:
 1231  00001e00  20010008	addi	r1,r0,#8
 1232  00001e04  afc10008	sw	8(r30),r1
 1233  00001e08          	L84_LF2:
 1234  00001e08  0800000c	j	L80_LF2
 1235  00001e0c  54000000	nop; delay slot nop
 1236  00001e10          	L81_LF2:
 1237  00001e10  2001000a	addi	r1,r0,#10
 1238  00001e14  afc10008	sw	8(r30),r1
 1239  00001e18          	L85_LF2:
 1240  00001e18          	L80_LF2:
 1241  00001e18  8fc10008	lw	r1,8(r30)
 1242  00001e1c  70220000	slei	r2,r1,#0
 1243  00001e20  1440001c	bnez	r2,L87_LF2
 1244  00001e24  54000000	nop; delay slot nop
 1245  00001e28  8fc10008	lw	r1,8(r30)
 1246  00001e2c  6c220010	sgti	r2,r1,#16
 1247  00001e30  1440000c	bnez	r2,L87_LF2
 1248  00001e34  54000000	nop; delay slot nop
 1249  00001e38  08000010	j	L86_LF2
 1250  00001e3c  54000000	nop; delay slot nop
 1251  00001e40          	L87_LF2:
 1252  00001e40  8fc1fff4	lw	r1,-12(r30)
 1253  00001e44  08000188	j	L72_LF2
 1254  00001e48  54000000	nop; delay slot nop
 1255  00001e4c          	L86_LF2:
 1256  00001e4c  54000000	nop
 1257  00001e50          	L88_LF2:
 1258  00001e50  8fc10000	lw	r1,(r30)
 1259  00001e54  90220000	lbu	r2,(r1)
 1260  00001e58  6c41002f	sgtui	r1,r2,#47
 1261  00001e5c  10200030	beqz	r1,L91_LF2
 1262  00001e60  54000000	nop; delay slot nop
 1263  00001e64  8fc10000	lw	r1,(r30)
 1264  00001e68  90220000	lbu	r2,(r1)
 1265  00001e6c  70410039	sleui	r1,r2,#57
 1266  00001e70  1020001c	beqz	r1,L91_LF2
 1267  00001e74  54000000	nop; delay slot nop
 1268  00001e78  8fc10000	lw	r1,(r30)
 1269  00001e7c  90220000	lbu	r2,(r1)
 1270  00001e80  2041ffd0	addi	r1,r2,#-48
 1271  00001e84  afc1fff0	sw	-16(r30),r1
 1272  00001e88  0800008c	j	L92_LF2
 1273  00001e8c  54000000	nop; delay slot nop
 1274  00001e90          	L91_LF2:
 1275  00001e90  8fc10000	lw	r1,(r30)
 1276  00001e94  90220000	lbu	r2,(r1)
 1277  00001e98  6c410060	sgtui	r1,r2,#96
 1278  00001e9c  10200030	beqz	r1,L93_LF2
 1279  00001ea0  54000000	nop; delay slot nop
 1280  00001ea4  8fc10000	lw	r1,(r30)
 1281  00001ea8  90220000	lbu	r2,(r1)
 1282  00001eac  7041007a	sleui	r1,r2,#122
 1283  00001eb0  1020001c	beqz	r1,L93_LF2
 1284  00001eb4  54000000	nop; delay slot nop
 1285  00001eb8  8fc10000	lw	r1,(r30)
 1286  00001ebc  90220000	lbu	r2,(r1)
 1287  00001ec0  2041ffa9	addi	r1,r2,#-87
 1288  00001ec4  afc1fff0	sw	-16(r30),r1
 1289  00001ec8  0800004c	j	L92_LF2
 1290  00001ecc  54000000	nop; delay slot nop
 1291  00001ed0          	L93_LF2:
 1292  00001ed0  8fc10000	lw	r1,(r30)
 1293  00001ed4  90220000	lbu	r2,(r1)
 1294  00001ed8  6c410040	sgtui	r1,r2,#64
 1295  00001edc  10200030	beqz	r1,L95_LF2
 1296  00001ee0  54000000	nop; delay slot nop
 1297  00001ee4  8fc10000	lw	r1,(r30)
 1298  00001ee8  90220000	lbu	r2,(r1)
 1299  00001eec  7041005a	sleui	r1,r2,#90
 1300  00001ef0  1020001c	beqz	r1,L95_LF2
 1301  00001ef4  54000000	nop; delay slot nop
 1302  00001ef8  8fc10000	lw	r1,(r30)
 1303  00001efc  90220000	lbu	r2,(r1)
 1304  00001f00  2041ffc9	addi	r1,r2,#-55
 1305  00001f04  afc1fff0	sw	-16(r30),r1
 1306  00001f08  0800000c	j	L92_LF2
 1307  00001f0c  54000000	nop; delay slot nop
 1308  00001f10          	L95_LF2:
 1309  00001f10  200103e8	addi	r1,r0,#1000
 1310  00001f14  afc1fff0	sw	-16(r30),r1
 1311  00001f18          	L96_LF2:
 1312  00001f18          	L94_LF2:
 1313  00001f18          	L92_LF2:
 1314  00001f18  8fc1fff0	lw	r1,-16(r30)
 1315  00001f1c  8fc20008	lw	r2,8(r30)
 1316  00001f20  0022082a	slt	r1,r1,r2
 1317  00001f24  10200040	beqz	r1,L90_LF2
 1318  00001f28  54000000	nop; delay slot nop
 1319  00001f2c  8fc1fff4	lw	r1,-12(r30)
 1320  00001f30  8fc20008	lw	r2,8(r30)
 1321  00001f34  00200035	movi2fp	f0,r1
 1322  00001f38  00400835	movi2fp	f1,r2
 1323  00001f3c  0401000e	mult	f0,f0,f1
 1324  00001f40  00000834	movfp2i	r1,f0
 1325  00001f44  afc1fff4	sw	-12(r30),r1
 1326  00001f48  8fc1fff4	lw	r1,-12(r30)
 1327  00001f4c  8fc2fff0	lw	r2,-16(r30)
 1328  00001f50  00220820	add	r1,r1,r2
 1329  00001f54  afc1fff4	sw	-12(r30),r1
 1330  00001f58  8fc20000	lw	r2,(r30)
 1331  00001f5c  20410001	addi	r1,r2,#1
 1332  00001f60  00011020	add	r2,r0,r1
 1333  00001f64  afc20000	sw	(r30),r2
 1334  00001f68          	L97_LF2:
 1335  00001f68          	L90_LF2:
 1336  00001f68  8fc1fff0	lw	r1,-16(r30)
 1337  00001f6c  8fc20008	lw	r2,8(r30)
 1338  00001f70  0022082a	slt	r1,r1,r2
 1339  00001f74  1420000c	bnez	r1,L98_LF2
 1340  00001f78  54000000	nop; delay slot nop
 1341  00001f7c  0800000c	j	L89_LF2
 1342  00001f80  54000000	nop; delay slot nop
 1343  00001f84          	L98_LF2:
 1344  00001f84  0bfffec8	j	L88_LF2
 1345  00001f88  54000000	nop; delay slot nop
 1346  00001f8c          	L89_LF2:
 1347  00001f8c  8fc10004	lw	r1,4(r30)
 1348  00001f90  64220000	snei	r2,r1,#0
 1349  00001f94  10400010	beqz	r2,L99_LF2
 1350  00001f98  54000000	nop; delay slot nop
 1351  00001f9c  8fc10004	lw	r1,4(r30)
 1352  00001fa0  8fc20000	lw	r2,(r30)
 1353  00001fa4  ac220000	sw	(r1),r2
 1354  00001fa8          	L99_LF2:
 1355  00001fa8  8fc1fff4	lw	r1,-12(r30)
 1356  00001fac  8fc2ffec	lw	r2,-20(r30)
 1357  00001fb0  00200035	movi2fp	f0,r1
 1358  00001fb4  00400835	movi2fp	f1,r2
 1359  00001fb8  0401000e	mult	f0,f0,f1
 1360  00001fbc  00000834	movfp2i	r1,f0
 1361  00001fc0  afc1fff4	sw	-12(r30),r1
 1362  00001fc4  8fc1fff4	lw	r1,-12(r30)
 1363  00001fc8  08000004	j	L72_LF2
 1364  00001fcc  54000000	nop; delay slot nop
 1365  00001fd0          	L72_LF2:
 1366  00001fd0  8fa20000	lw	r2,0(r29)
 1367  00001fd4  8fdffff8	lw	r31,-8(r30)
 1368  00001fd8  001ee820	add	r29,r0,r30
 1369  00001fdc  8fdefffc	lw	r30,-4(r30)
 1370  00001fe0  4be00000	jr	r31
 1371  00001fe4  54000000	nop
 1372  00001fe8          	.endproc _dstrtol
 1373  00001fe8          	.align 2
 1374  00001fe8          	.proc _bcopy
 1375  00001fe8          	.global _bcopy
 1376  00001fe8          	_bcopy:
 1377                      ;  Function 'bcopy'; 0 bytes of locals, 2 regs to save.
 1378  00001fe8  afbefffc	sw	-4(r29),r30; push fp
 1379  00001fec  001df020	add	r30,r0,r29; fp = sp
 1380  00001ff0  afbffff8	sw	-8(r29),r31; push ret addr
 1381  00001ff4  2fbd0010	subui	r29,r29,#16; alloc local storage
 1382  00001ff8  afa20000	sw	0(r29),r2
 1383  00001ffc  afa30004	sw	4(r29),r3
 1384  00002000  54000000	nop
 1385  00002004          	L101_LF2:
 1386  00002004  8fc10008	lw	r1,8(r30)
 1387  00002008  2022ffff	addi	r2,r1,#-1
 1388  0000200c  afc20008	sw	8(r30),r2
 1389  00002010  6c210000	sgti	r1,r1,#0
 1390  00002014  1420000c	bnez	r1,L103_LF2
 1391  00002018  54000000	nop; delay slot nop
 1392  0000201c  0800002c	j	L102_LF2
 1393  00002020  54000000	nop; delay slot nop
 1394  00002024          	L103_LF2:
 1395  00002024  8fc10004	lw	r1,4(r30)
 1396  00002028  20220001	addi	r2,r1,#1
 1397  0000202c  afc20004	sw	4(r30),r2
 1398  00002030  8fc20000	lw	r2,(r30)
 1399  00002034  20430001	addi	r3,r2,#1
 1400  00002038  afc30000	sw	(r30),r3
 1401  0000203c  80420000	lb	r2,(r2)
 1402  00002040  a0220000	sb	(r1),r2
 1403  00002044  0bffffbc	j	L101_LF2
 1404  00002048  54000000	nop; delay slot nop
 1405  0000204c          	L102_LF2:
 1406  0000204c          	L100_LF2:
 1407  0000204c  8fa20000	lw	r2,0(r29)
 1408  00002050  8fa30004	lw	r3,4(r29)
 1409  00002054  8fdffff8	lw	r31,-8(r30)
 1410  00002058  001ee820	add	r29,r0,r30
 1411  0000205c  8fdefffc	lw	r30,-4(r30)
 1412  00002060  4be00000	jr	r31
 1413  00002064  54000000	nop
 1414  00002068          	.endproc _bcopy
 1415  00002068          	.align 2
 1416  00002068          	.proc _bzero
 1417  00002068          	.global _bzero
 1418  00002068          	_bzero:
 1419                      ;  Function 'bzero'; 0 bytes of locals, 1 regs to save.
 1420  00002068  afbefffc	sw	-4(r29),r30; push fp
 1421  0000206c  001df020	add	r30,r0,r29; fp = sp
 1422  00002070  afbffff8	sw	-8(r29),r31; push ret addr
 1423  00002074  2fbd0010	subui	r29,r29,#16; alloc local storage
 1424  00002078  afa20000	sw	0(r29),r2
 1425  0000207c  54000000	nop
 1426  00002080          	L105_LF2:
 1427  00002080  8fc10004	lw	r1,4(r30)
 1428  00002084  2022ffff	addi	r2,r1,#-1
 1429  00002088  afc20004	sw	4(r30),r2
 1430  0000208c  6c210000	sgti	r1,r1,#0
 1431  00002090  1420000c	bnez	r1,L107_LF2
 1432  00002094  54000000	nop; delay slot nop
 1433  00002098  08000020	j	L106_LF2
 1434  0000209c  54000000	nop; delay slot nop
 1435  000020a0          	L107_LF2:
 1436  000020a0  8fc10000	lw	r1,(r30)
 1437  000020a4  20220001	addi	r2,r1,#1
 1438  000020a8  afc20000	sw	(r30),r2
 1439  000020ac  20020000	addi	r2,r0,(#0x0)&0xff
 1440  000020b0  a0220000	sb	(r1),r2
 1441  000020b4  0bffffc8	j	L105_LF2
 1442  000020b8  54000000	nop; delay slot nop
 1443  000020bc          	L106_LF2:
 1444  000020bc          	L104_LF2:
 1445  000020bc  8fa20000	lw	r2,0(r29)
 1446  000020c0  8fdffff8	lw	r31,-8(r30)
 1447  000020c4  001ee820	add	r29,r0,r30
 1448  000020c8  8fdefffc	lw	r30,-4(r30)
 1449  000020cc  4be00000	jr	r31
 1450  000020d0  54000000	nop
 1451  000020d4          	.endproc _bzero
 1452  000020d4          	.align 2
 1453  000020d4          	.proc _min
 1454  000020d4          	.global _min
 1455  000020d4          	_min:
 1456                      ;  Function 'min'; 0 bytes of locals, 2 regs to save.
 1457  000020d4  afbefffc	sw	-4(r29),r30; push fp
 1458  000020d8  001df020	add	r30,r0,r29; fp = sp
 1459  000020dc  afbffff8	sw	-8(r29),r31; push ret addr
 1460  000020e0  2fbd0010	subui	r29,r29,#16; alloc local storage
 1461  000020e4  afa20000	sw	0(r29),r2
 1462  000020e8  afa30004	sw	4(r29),r3
 1463  000020ec  8fc10000	lw	r1,(r30)
 1464  000020f0  8fc20004	lw	r2,4(r30)
 1465  000020f4  0022182c	sle	r3,r1,r2
 1466  000020f8  14600008	bnez	r3,L109_LF2
 1467  000020fc  54000000	nop; delay slot nop
 1468  00002100  8fc10004	lw	r1,4(r30)
 1469  00002104          	L109_LF2:
 1470  00002104  08000004	j	L108_LF2
 1471  00002108  54000000	nop; delay slot nop
 1472  0000210c          	L108_LF2:
 1473  0000210c  8fa20000	lw	r2,0(r29)
 1474  00002110  8fa30004	lw	r3,4(r29)
 1475  00002114  8fdffff8	lw	r31,-8(r30)
 1476  00002118  001ee820	add	r29,r0,r30
 1477  0000211c  8fdefffc	lw	r30,-4(r30)
 1478  00002120  4be00000	jr	r31
 1479  00002124  54000000	nop
 1480  00002128          	.endproc _min
 1481                      ;;; Ethan L. Miller, 1999.  Released to the public domain
 1482                      ;;;
 1483                      ;;; Most of the traps are called in files from libtraps.
 1486  00002128          	.align 2
 1487  00002128          	.proc _exit
 1488  00002128          	.global _exit
 1489  00002128          	_exit:
 1490  00002128  44000300	trap	#0x300
 1491  0000212c  4be00000	jr	r31
 1492  00002130  54000000	nop
 1493  00002134          	.endproc _exit
 1495                      ; for the benefit of gcc.
 1496  00002134          	.proc ___main
 1497  00002134          	.global ___main
 1498  00002134          	___main:
 1499  00002134  4be00000	jr	r31
 1500  00002138  54000000	nop
 1501  0000213c          	.endproc ___main
 1502  0000213c          	.text
 1503  0000213c          	.global _etext
 1504  0000213c          	_etext:
 1505  0000213c          	.align 3
 1506  00002140          	.data
 1507  000030b6          	.global _edata
 1508  000030b6          	_edata:
